<Event xmlns='http://schemas.microsoft.com/win/2004/08/events/event'><System><Provider Name='Microsoft-Windows-Kernel-General' Guid='{a68ca8b7-004f-d7b6-a698-07e2de0f1f5d}'/><EventID>16</EventID><Version>0</Version><Level>4</Level><Task>0</Task><Opcode>0</Opcode><Keywords>0x8000000000000000</Keywords><TimeCreated SystemTime='2020-06-27T00:28:38.176319900Z'/><EventRecordID>3860</EventRecordID><Correlation/><Execution ProcessID='4' ThreadID='2040'/><Channel>System</Channel><Computer>DESKTOP-577B38M</Computer><Security UserID='S-1-5-18'/></System><EventData><Data Name='HiveNameLength'>35</Data><Data Name='HiveName'>\SystemRoot\System32\config\DRIVERS</Data><Data Name='KeysUpdated'>1115</Data><Data Name='DirtyPages'>106</Data></EventData><RenderingInfo Culture='en-US'><Message>The access history in hive \SystemRoot\System32\config\DRIVERS was cleared updating 1115 keys and creating 106 modified pages.</Message><Level>Information</Level><Task></Task><Opcode>Info</Opcode><Channel>System</Channel><Provider>Microsoft-Windows-Kernel-General</Provider><Keywords></Keywords></RenderingInfo></Event><Event xmlns='http://schemas.microsoft.com/win/2004/08/events/event'><System><Provider Name='Microsoft-Windows-Kernel-General' Guid='{a68ca8b7-004f-d7b6-a698-07e2de0f1f5d}'/><EventID>1</EventID><Version>2</Version><Level>4</Level><Task>5</Task><Opcode>0</Opcode><Keywords>0x8000000000000010</Keywords><TimeCreated SystemTime='2020-06-27T00:04:50.583139100Z'/><EventRecordID>3859</EventRecordID><Correlation/><Execution ProcessID='11360' ThreadID='7896'/><Channel>System</Channel><Computer>DESKTOP-577B38M</Computer><Security UserID='S-1-5-19'/></System><EventData><Data Name='NewTime'>2020-06-27T00:04:50.582734200Z</Data><Data Name='OldTime'>2020-06-27T00:04:50.580820900Z</Data><Data Name='Reason'>1</Data><Data Name='ProcessName'>\Device\HarddiskVolume5\Windows\System32\svchost.exe</Data><Data Name='ProcessID'>11360</Data></EventData><RenderingInfo Culture='en-US'><Message>The system time has changed to ‎2020‎-‎06‎-‎27T00:04:50.582734200Z from ‎2020‎-‎06‎-‎27T00:04:50.580820900Z.

Change Reason: An application or system component changed the time.
Process: '\Device\HarddiskVolume5\Windows\System32\svchost.exe' (PID 11360).</Message><Level>Information</Level><Task></Task><Opcode>Info</Opcode><Channel>System</Channel><Provider>Microsoft-Windows-Kernel-General</Provider><Keywords><Keyword>Time</Keyword></Keywords></RenderingInfo></Event><Event xmlns='http://schemas.microsoft.com/win/2004/08/events/event'><System><Provider Name='Microsoft-Windows-Kernel-General' Guid='{a68ca8b7-004f-d7b6-a698-07e2de0f1f5d}'/><EventID>1</EventID><Version>2</Version><Level>4</Level><Task>5</Task><Opcode>0</Opcode><Keywords>0x8000000000000010</Keywords><TimeCreated SystemTime='2020-06-27T00:04:50.581208800Z'/><EventRecordID>3858</EventRecordID><Correlation/><Execution ProcessID='11360' ThreadID='7896'/><Channel>System</Channel><Computer>DESKTOP-577B38M</Computer><Security UserID='S-1-5-19'/></System><EventData><Data Name='NewTime'>2020-06-27T00:04:50.580820900Z</Data><Data Name='OldTime'>2020-06-27T00:04:50.578708800Z</Data><Data Name='Reason'>1</Data><Data Name='ProcessName'>\Device\HarddiskVolume5\Windows\System32\svchost.exe</Data><Data Name='ProcessID'>11360</Data></EventData><RenderingInfo Culture='en-US'><Message>The system time has changed to ‎2020‎-‎06‎-‎27T00:04:50.580820900Z from ‎2020‎-‎06‎-‎27T00:04:50.578708800Z.

Change Reason: An application or system component changed the time.
Process: '\Device\HarddiskVolume5\Windows\System32\svchost.exe' (PID 11360).</Message><Level>Information</Level><Task></Task><Opcode>Info</Opcode><Channel>System</Channel><Provider>Microsoft-Windows-Kernel-General</Provider><Keywords><Keyword>Time</Keyword></Keywords></RenderingInfo></Event><Event xmlns='http://schemas.microsoft.com/win/2004/08/events/event'><System><Provider Name='Microsoft-Windows-Time-Service' Guid='{06edcfeb-0fd0-4e53-acca-a6f8bbf81bcb}'/><EventID>35</EventID><Version>0</Version><Level>4</Level><Task>0</Task><Opcode>0</Opcode><Keywords>0x8000000000000000</Keywords><TimeCreated SystemTime='2020-06-27T00:04:50.580563300Z'/><EventRecordID>3857</EventRecordID><Correlation/><Execution ProcessID='11360' ThreadID='5600'/><Channel>System</Channel><Computer>DESKTOP-577B38M</Computer><Security UserID='S-1-5-19'/></System><EventData Name='TMP_EVENT_TIME_SOURCE_CHOSEN'><Data Name='TimeSource'>time.windows.com,0x9 (ntp.m|0x9|0.0.0.0:123-&gt;20.189.79.72:123)</Data><Data Name='TimeSourceRefId'>1213185300</Data><Data Name='CurrentStratumNumber'>4</Data></EventData><RenderingInfo Culture='en-US'><Message>The time service is now synchronizing the system time with the time source time.windows.com,0x9 (ntp.m|0x9|0.0.0.0:123-&gt;20.189.79.72:123) with reference id 1213185300. Current local stratum number is 4.</Message><Level>Information</Level><Task></Task><Opcode>Info</Opcode><Channel>System</Channel><Provider>Microsoft-Windows-Time-Service</Provider><Keywords></Keywords></RenderingInfo></Event><Event xmlns='http://schemas.microsoft.com/win/2004/08/events/event'><System><Provider Name='Microsoft-Windows-Kernel-General' Guid='{a68ca8b7-004f-d7b6-a698-07e2de0f1f5d}'/><EventID>1</EventID><Version>2</Version><Level>4</Level><Task>5</Task><Opcode>0</Opcode><Keywords>0x8000000000000010</Keywords><TimeCreated SystemTime='2020-06-27T00:04:50.579094400Z'/><EventRecordID>3856</EventRecordID><Correlation/><Execution ProcessID='11360' ThreadID='7896'/><Channel>System</Channel><Computer>DESKTOP-577B38M</Computer><Security UserID='S-1-5-19'/></System><EventData><Data Name='NewTime'>2020-06-27T00:04:50.578708800Z</Data><Data Name='OldTime'>2020-06-27T00:04:51.692233400Z</Data><Data Name='Reason'>1</Data><Data Name='ProcessName'>\Device\HarddiskVolume5\Windows\System32\svchost.exe</Data><Data Name='ProcessID'>11360</Data></EventData><RenderingInfo Culture='en-US'><Message>The system time has changed to ‎2020‎-‎06‎-‎27T00:04:50.578708800Z from ‎2020‎-‎06‎-‎27T00:04:51.692233400Z.

Change Reason: An application or system component changed the time.
Process: '\Device\HarddiskVolume5\Windows\System32\svchost.exe' (PID 11360).</Message><Level>Information</Level><Task></Task><Opcode>Info</Opcode><Channel>System</Channel><Provider>Microsoft-Windows-Kernel-General</Provider><Keywords><Keyword>Time</Keyword></Keywords></RenderingInfo></Event><Event xmlns='http://schemas.microsoft.com/win/2004/08/events/event'><System><Provider Name='Microsoft-Windows-Time-Service' Guid='{06edcfeb-0fd0-4e53-acca-a6f8bbf81bcb}'/><EventID>37</EventID><Version>0</Version><Level>4</Level><Task>0</Task><Opcode>0</Opcode><Keywords>0x8000000000000000</Keywords><TimeCreated SystemTime='2020-06-27T00:04:37.388795000Z'/><EventRecordID>3855</EventRecordID><Correlation/><Execution ProcessID='11360' ThreadID='10140'/><Channel>System</Channel><Computer>DESKTOP-577B38M</Computer><Security UserID='S-1-5-19'/></System><EventData Name='TMP_EVENT_TIME_SOURCE_REACHABLE'><Data Name='TimeSource'>time.windows.com,0x9 (ntp.m|0x9|0.0.0.0:123-&gt;20.189.79.72:123)</Data></EventData><RenderingInfo Culture='en-US'><Message>The time provider NtpClient is currently receiving valid time data from time.windows.com,0x9 (ntp.m|0x9|0.0.0.0:123-&gt;20.189.79.72:123).</Message><Level>Information</Level><Task></Task><Opcode>Info</Opcode><Channel>System</Channel><Provider>Microsoft-Windows-Time-Service</Provider><Keywords></Keywords></RenderingInfo></Event><Event xmlns='http://schemas.microsoft.com/win/2004/08/events/event'><System><Provider Name='Microsoft-Windows-Time-Service' Guid='{06edcfeb-0fd0-4e53-acca-a6f8bbf81bcb}'/><EventID>158</EventID><Version>0</Version><Level>4</Level><Task>0</Task><Opcode>0</Opcode><Keywords>0x8000000000000000</Keywords><TimeCreated SystemTime='2020-06-27T00:04:35.647159300Z'/><EventRecordID>3854</EventRecordID><Correlation/><Execution ProcessID='11360' ThreadID='3404'/><Channel>System</Channel><Computer>DESKTOP-577B38M</Computer><Security UserID='S-1-5-19'/></System><EventData Name='TMP_EVENT_TIMEPROV_INDICATED_UNSUPPORTED'><Data Name='TimeProvider'>VMICTimeProvider</Data></EventData><RenderingInfo Culture='en-US'><Message>The time provider 'VMICTimeProvider' has indicated that the current hardware and operating environment is not supported and has stopped. This behavior is expected for VMICTimeProvider on non-HyperV-guest environments. This may be the expected behavior for the current provider in the current operating environment as well.</Message><Level>Information</Level><Task></Task><Opcode>Info</Opcode><Channel>System</Channel><Provider>Microsoft-Windows-Time-Service</Provider><Keywords></Keywords></RenderingInfo></Event><Event xmlns='http://schemas.microsoft.com/win/2004/08/events/event'><System><Provider Name='Service Control Manager' Guid='{555908d1-a6d7-4695-8e1e-26931d2012f4}' EventSourceName='Service Control Manager'/><EventID Qualifiers='16384'>7040</EventID><Version>0</Version><Level>4</Level><Task>0</Task><Opcode>0</Opcode><Keywords>0x8080000000000000</Keywords><TimeCreated SystemTime='2020-06-26T22:54:31.979164300Z'/><EventRecordID>3853</EventRecordID><Correlation/><Execution ProcessID='716' ThreadID='10376'/><Channel>System</Channel><Computer>DESKTOP-577B38M</Computer><Security UserID='S-1-5-18'/></System><EventData><Data Name='param1'>Background Intelligent Transfer Service</Data><Data Name='param2'>auto start</Data><Data Name='param3'>demand start</Data><Data Name='param4'>BITS</Data></EventData><RenderingInfo Culture='en-US'><Message>The start type of the Background Intelligent Transfer Service service was changed from auto start to demand start.</Message><Level>Information</Level><Task></Task><Opcode></Opcode><Channel></Channel><Provider>Microsoft-Windows-Service Control Manager</Provider><Keywords><Keyword>Classic</Keyword></Keywords></RenderingInfo></Event><Event xmlns='http://schemas.microsoft.com/win/2004/08/events/event'><System><Provider Name='Service Control Manager' Guid='{555908d1-a6d7-4695-8e1e-26931d2012f4}' EventSourceName='Service Control Manager'/><EventID Qualifiers='16384'>7040</EventID><Version>0</Version><Level>4</Level><Task>0</Task><Opcode>0</Opcode><Keywords>0x8080000000000000</Keywords><TimeCreated SystemTime='2020-06-26T22:52:27.601043500Z'/><EventRecordID>3852</EventRecordID><Correlation/><Execution ProcessID='716' ThreadID='10376'/><Channel>System</Channel><Computer>DESKTOP-577B38M</Computer><Security UserID='S-1-5-18'/></System><EventData><Data Name='param1'>Background Intelligent Transfer Service</Data><Data Name='param2'>demand start</Data><Data Name='param3'>auto start</Data><Data Name='param4'>BITS</Data></EventData><RenderingInfo Culture='en-US'><Message>The start type of the Background Intelligent Transfer Service service was changed from demand start to auto start.</Message><Level>Information</Level><Task></Task><Opcode></Opcode><Channel></Channel><Provider>Microsoft-Windows-Service Control Manager</Provider><Keywords><Keyword>Classic</Keyword></Keywords></RenderingInfo></Event><Event xmlns='http://schemas.microsoft.com/win/2004/08/events/event'><System><Provider Name='Service Control Manager' Guid='{555908d1-a6d7-4695-8e1e-26931d2012f4}' EventSourceName='Service Control Manager'/><EventID Qualifiers='16384'>7040</EventID><Version>0</Version><Level>4</Level><Task>0</Task><Opcode>0</Opcode><Keywords>0x8080000000000000</Keywords><TimeCreated SystemTime='2020-06-26T22:36:32.457407600Z'/><EventRecordID>3851</EventRecordID><Correlation/><Execution ProcessID='716' ThreadID='9780'/><Channel>System</Channel><Computer>DESKTOP-577B38M</Computer><Security UserID='S-1-5-18'/></System><EventData><Data Name='param1'>Background Intelligent Transfer Service</Data><Data Name='param2'>auto start</Data><Data Name='param3'>demand start</Data><Data Name='param4'>BITS</Data></EventData><RenderingInfo Culture='en-US'><Message>The start type of the Background Intelligent Transfer Service service was changed from auto start to demand start.</Message><Level>Information</Level><Task></Task><Opcode></Opcode><Channel></Channel><Provider>Microsoft-Windows-Service Control Manager</Provider><Keywords><Keyword>Classic</Keyword></Keywords></RenderingInfo></Event><Event xmlns='http://schemas.microsoft.com/win/2004/08/events/event'><System><Provider Name='Service Control Manager' Guid='{555908d1-a6d7-4695-8e1e-26931d2012f4}' EventSourceName='Service Control Manager'/><EventID Qualifiers='16384'>7040</EventID><Version>0</Version><Level>4</Level><Task>0</Task><Opcode>0</Opcode><Keywords>0x8080000000000000</Keywords><TimeCreated SystemTime='2020-06-26T22:34:26.596807100Z'/><EventRecordID>3850</EventRecordID><Correlation/><Execution ProcessID='716' ThreadID='9780'/><Channel>System</Channel><Computer>DESKTOP-577B38M</Computer><Security UserID='S-1-5-18'/></System><EventData><Data Name='param1'>Background Intelligent Transfer Service</Data><Data Name='param2'>demand start</Data><Data Name='param3'>auto start</Data><Data Name='param4'>BITS</Data></EventData><RenderingInfo Culture='en-US'><Message>The start type of the Background Intelligent Transfer Service service was changed from demand start to auto start.</Message><Level>Information</Level><Task></Task><Opcode></Opcode><Channel></Channel><Provider>Microsoft-Windows-Service Control Manager</Provider><Keywords><Keyword>Classic</Keyword></Keywords></RenderingInfo></Event><Event xmlns='http://schemas.microsoft.com/win/2004/08/events/event'><System><Provider Name='Microsoft-Windows-WindowsUpdateClient' Guid='{945a8954-c147-4acd-923f-40c45405a658}'/><EventID>19</EventID><Version>1</Version><Level>4</Level><Task>1</Task><Opcode>13</Opcode><Keywords>0x8000000000000018</Keywords><TimeCreated SystemTime='2020-06-26T22:15:15.319711600Z'/><EventRecordID>3849</EventRecordID><Correlation/><Execution ProcessID='8004' ThreadID='4068'/><Channel>System</Channel><Computer>DESKTOP-577B38M</Computer><Security UserID='S-1-5-18'/></System><EventData><Data Name='updateTitle'>Security Intelligence Update for Microsoft Defender Antivirus - KB2267602 (Version 1.319.267.0)</Data><Data Name='updateGuid'>{b4eecaff-b7d1-444a-be37-ccd0e52c79cf}</Data><Data Name='updateRevisionNumber'>200</Data><Data Name='serviceGuid'>{9482f4b4-e343-43b6-b170-9a65bc822c77}</Data></EventData><RenderingInfo Culture='en-US'><Message>Installation Successful: Windows successfully installed the following update: Security Intelligence Update for Microsoft Defender Antivirus - KB2267602 (Version 1.319.267.0)</Message><Level>Information</Level><Task>Windows Update Agent</Task><Opcode>Installation</Opcode><Channel>System</Channel><Provider>Microsoft-Windows-WindowsUpdateClient</Provider><Keywords><Keyword>Installation</Keyword><Keyword>Success</Keyword></Keywords></RenderingInfo></Event><Event xmlns='http://schemas.microsoft.com/win/2004/08/events/event'><System><Provider Name='Microsoft-Windows-WindowsUpdateClient' Guid='{945a8954-c147-4acd-923f-40c45405a658}'/><EventID>43</EventID><Version>1</Version><Level>4</Level><Task>1</Task><Opcode>13</Opcode><Keywords>0x8000000000002008</Keywords><TimeCreated SystemTime='2020-06-26T22:15:01.262257400Z'/><EventRecordID>3848</EventRecordID><Correlation/><Execution ProcessID='8004' ThreadID='4068'/><Channel>System</Channel><Computer>DESKTOP-577B38M</Computer><Security UserID='S-1-5-18'/></System><EventData><Data Name='updateTitle'>Security Intelligence Update for Microsoft Defender Antivirus - KB2267602 (Version 1.319.267.0)</Data><Data Name='updateGuid'>{b4eecaff-b7d1-444a-be37-ccd0e52c79cf}</Data><Data Name='updateRevisionNumber'>200</Data></EventData><RenderingInfo Culture='en-US'><Message>Installation Started: Windows has started installing the following update: Security Intelligence Update for Microsoft Defender Antivirus - KB2267602 (Version 1.319.267.0)</Message><Level>Information</Level><Task>Windows Update Agent</Task><Opcode>Installation</Opcode><Channel>System</Channel><Provider>Microsoft-Windows-WindowsUpdateClient</Provider><Keywords><Keyword>Installation</Keyword><Keyword>Started</Keyword></Keywords></RenderingInfo></Event><Event xmlns='http://schemas.microsoft.com/win/2004/08/events/event'><System><Provider Name='Microsoft-Windows-WindowsUpdateClient' Guid='{945a8954-c147-4acd-923f-40c45405a658}'/><EventID>44</EventID><Version>1</Version><Level>4</Level><Task>1</Task><Opcode>12</Opcode><Keywords>0x8000000000002004</Keywords><TimeCreated SystemTime='2020-06-26T22:15:01.262244300Z'/><EventRecordID>3847</EventRecordID><Correlation/><Execution ProcessID='8004' ThreadID='4068'/><Channel>System</Channel><Computer>DESKTOP-577B38M</Computer><Security UserID='S-1-5-18'/></System><EventData><Data Name='updateTitle'>Security Intelligence Update for Microsoft Defender Antivirus - KB2267602 (Version 1.319.267.0)</Data><Data Name='updateGuid'>{b4eecaff-b7d1-444a-be37-ccd0e52c79cf}</Data><Data Name='updateRevisionNumber'>200</Data></EventData><RenderingInfo Culture='en-US'><Message>Windows Update started downloading an update.</Message><Level>Information</Level><Task>Windows Update Agent</Task><Opcode>Download</Opcode><Channel>System</Channel><Provider>Microsoft-Windows-WindowsUpdateClient</Provider><Keywords><Keyword>Download</Keyword><Keyword>Started</Keyword></Keywords></RenderingInfo></Event><Event xmlns='http://schemas.microsoft.com/win/2004/08/events/event'><System><Provider Name='Microsoft-Windows-Kernel-Processor-Power' Guid='{0f67e49f-fe51-4e9f-b490-6f2948cc6027}'/><EventID>37</EventID><Version>0</Version><Level>3</Level><Task>7</Task><Opcode>0</Opcode><Keywords>0x8000000000000000</Keywords><TimeCreated SystemTime='2020-06-26T22:05:22.106043500Z'/><EventRecordID>3846</EventRecordID><Correlation/><Execution ProcessID='4' ThreadID='216'/><Channel>System</Channel><Computer>DESKTOP-577B38M</Computer><Security UserID='S-1-5-18'/></System><EventData><Data Name='Group'>0</Data><Data Name='Number'>3</Data><Data Name='CapDurationInSeconds'>86398</Data><Data Name='PpcChanges'>0</Data><Data Name='TpcChanges'>0</Data><Data Name='PccChanges'>0</Data></EventData><RenderingInfo Culture='en-US'><Message>The speed of processor 3 in group 0 is being limited by system firmware. The processor has been in this reduced performance state for 86398 seconds since the last report.</Message><Level>Warning</Level><Task></Task><Opcode>Info</Opcode><Channel>System</Channel><Provider>Microsoft-Windows-Kernel-Processor-Power</Provider><Keywords></Keywords></RenderingInfo></Event><Event xmlns='http://schemas.microsoft.com/win/2004/08/events/event'><System><Provider Name='Microsoft-Windows-Kernel-Processor-Power' Guid='{0f67e49f-fe51-4e9f-b490-6f2948cc6027}'/><EventID>37</EventID><Version>0</Version><Level>3</Level><Task>7</Task><Opcode>0</Opcode><Keywords>0x8000000000000000</Keywords><TimeCreated SystemTime='2020-06-26T22:05:22.011422900Z'/><EventRecordID>3845</EventRecordID><Correlation/><Execution ProcessID='4' ThreadID='216'/><Channel>System</Channel><Computer>DESKTOP-577B38M</Computer><Security UserID='S-1-5-18'/></System><EventData><Data Name='Group'>0</Data><Data Name='Number'>2</Data><Data Name='CapDurationInSeconds'>86398</Data><Data Name='PpcChanges'>0</Data><Data Name='TpcChanges'>0</Data><Data Name='PccChanges'>0</Data></EventData><RenderingInfo Culture='en-US'><Message>The speed of processor 2 in group 0 is being limited by system firmware. The processor has been in this reduced performance state for 86398 seconds since the last report.</Message><Level>Warning</Level><Task></Task><Opcode>Info</Opcode><Channel>System</Channel><Provider>Microsoft-Windows-Kernel-Processor-Power</Provider><Keywords></Keywords></RenderingInfo></Event><Event xmlns='http://schemas.microsoft.com/win/2004/08/events/event'><System><Provider Name='Microsoft-Windows-Kernel-Processor-Power' Guid='{0f67e49f-fe51-4e9f-b490-6f2948cc6027}'/><EventID>37</EventID><Version>0</Version><Level>3</Level><Task>7</Task><Opcode>0</Opcode><Keywords>0x8000000000000000</Keywords><TimeCreated SystemTime='2020-06-26T22:05:21.902077600Z'/><EventRecordID>3844</EventRecordID><Correlation/><Execution ProcessID='4' ThreadID='216'/><Channel>System</Channel><Computer>DESKTOP-577B38M</Computer><Security UserID='S-1-5-18'/></System><EventData><Data Name='Group'>0</Data><Data Name='Number'>1</Data><Data Name='CapDurationInSeconds'>86398</Data><Data Name='PpcChanges'>0</Data><Data Name='TpcChanges'>0</Data><Data Name='PccChanges'>0</Data></EventData><RenderingInfo Culture='en-US'><Message>The speed of processor 1 in group 0 is being limited by system firmware. The processor has been in this reduced performance state for 86398 seconds since the last report.</Message><Level>Warning</Level><Task></Task><Opcode>Info</Opcode><Channel>System</Channel><Provider>Microsoft-Windows-Kernel-Processor-Power</Provider><Keywords></Keywords></RenderingInfo></Event><Event xmlns='http://schemas.microsoft.com/win/2004/08/events/event'><System><Provider Name='Microsoft-Windows-Kernel-Processor-Power' Guid='{0f67e49f-fe51-4e9f-b490-6f2948cc6027}'/><EventID>37</EventID><Version>0</Version><Level>3</Level><Task>7</Task><Opcode>0</Opcode><Keywords>0x8000000000000000</Keywords><TimeCreated SystemTime='2020-06-26T22:05:21.808314100Z'/><EventRecordID>3843</EventRecordID><Correlation/><Execution ProcessID='4' ThreadID='216'/><Channel>System</Channel><Computer>DESKTOP-577B38M</Computer><Security UserID='S-1-5-18'/></System><EventData><Data Name='Group'>0</Data><Data Name='Number'>0</Data><Data Name='CapDurationInSeconds'>86398</Data><Data Name='PpcChanges'>0</Data><Data Name='TpcChanges'>0</Data><Data Name='PccChanges'>0</Data></EventData><RenderingInfo Culture='en-US'><Message>The speed of processor 0 in group 0 is being limited by system firmware. The processor has been in this reduced performance state for 86398 seconds since the last report.</Message><Level>Warning</Level><Task></Task><Opcode>Info</Opcode><Channel>System</Channel><Provider>Microsoft-Windows-Kernel-Processor-Power</Provider><Keywords></Keywords></RenderingInfo></Event><Event xmlns='http://schemas.microsoft.com/win/2004/08/events/event'><System><Provider Name='Service Control Manager' Guid='{555908d1-a6d7-4695-8e1e-26931d2012f4}' EventSourceName='Service Control Manager'/><EventID Qualifiers='16384'>7040</EventID><Version>0</Version><Level>4</Level><Task>0</Task><Opcode>0</Opcode><Keywords>0x8080000000000000</Keywords><TimeCreated SystemTime='2020-06-26T20:36:27.861649700Z'/><EventRecordID>3842</EventRecordID><Correlation/><Execution ProcessID='716' ThreadID='4212'/><Channel>System</Channel><Computer>DESKTOP-577B38M</Computer><Security UserID='S-1-5-18'/></System><EventData><Data Name='param1'>Background Intelligent Transfer Service</Data><Data Name='param2'>auto start</Data><Data Name='param3'>demand start</Data><Data Name='param4'>BITS</Data></EventData><RenderingInfo Culture='en-US'><Message>The start type of the Background Intelligent Transfer Service service was changed from auto start to demand start.</Message><Level>Information</Level><Task></Task><Opcode></Opcode><Channel></Channel><Provider>Microsoft-Windows-Service Control Manager</Provider><Keywords><Keyword>Classic</Keyword></Keywords></RenderingInfo></Event><Event xmlns='http://schemas.microsoft.com/win/2004/08/events/event'><System><Provider Name='Service Control Manager' Guid='{555908d1-a6d7-4695-8e1e-26931d2012f4}' EventSourceName='Service Control Manager'/><EventID Qualifiers='16384'>7040</EventID><Version>0</Version><Level>4</Level><Task>0</Task><Opcode>0</Opcode><Keywords>0x8080000000000000</Keywords><TimeCreated SystemTime='2020-06-26T20:34:15.632844100Z'/><EventRecordID>3841</EventRecordID><Correlation/><Execution ProcessID='716' ThreadID='4212'/><Channel>System</Channel><Computer>DESKTOP-577B38M</Computer><Security UserID='S-1-5-18'/></System><EventData><Data Name='param1'>Background Intelligent Transfer Service</Data><Data Name='param2'>demand start</Data><Data Name='param3'>auto start</Data><Data Name='param4'>BITS</Data></EventData><RenderingInfo Culture='en-US'><Message>The start type of the Background Intelligent Transfer Service service was changed from demand start to auto start.</Message><Level>Information</Level><Task></Task><Opcode></Opcode><Channel></Channel><Provider>Microsoft-Windows-Service Control Manager</Provider><Keywords><Keyword>Classic</Keyword></Keywords></RenderingInfo></Event><Event xmlns='http://schemas.microsoft.com/win/2004/08/events/event'><System><Provider Name='Microsoft-Windows-DistributedCOM' Guid='{1B562E86-B7AA-4131-BADC-B6F3A001407E}' EventSourceName='DCOM'/><EventID Qualifiers='0'>10016</EventID><Version>0</Version><Level>3</Level><Task>0</Task><Opcode>0</Opcode><Keywords>0x8080000000000000</Keywords><TimeCreated SystemTime='2020-06-26T20:33:15.085475700Z'/><EventRecordID>3840</EventRecordID><Correlation ActivityID='{f1ba7267-5e35-4c1a-83f6-47e997680463}'/><Execution ProcessID='1008' ThreadID='8012'/><Channel>System</Channel><Computer>DESKTOP-577B38M</Computer><Security UserID='S-1-5-21-839496821-663164669-2267191325-1002'/></System><EventData><Data Name='param1'>application-specific</Data><Data Name='param2'>Local</Data><Data Name='param3'>Activation</Data><Data Name='param4'>{2593F8B9-4EAF-457C-B68A-50F6B8EA6B54}</Data><Data Name='param5'>{15C20B67-12E7-4BB6-92BB-7AFF07997402}</Data><Data Name='param6'>DESKTOP-577B38M</Data><Data Name='param7'>PC</Data><Data Name='param8'>S-1-5-21-839496821-663164669-2267191325-1002</Data><Data Name='param9'>LocalHost (Using LRPC)</Data><Data Name='param10'>Unavailable</Data><Data Name='param11'>Unavailable</Data></EventData><RenderingInfo Culture='en-US'><Message>The application-specific permission settings do not grant Local Activation permission for the COM Server application with CLSID 
{2593F8B9-4EAF-457C-B68A-50F6B8EA6B54}
 and APPID 
{15C20B67-12E7-4BB6-92BB-7AFF07997402}
 to the user DESKTOP-577B38M\PC SID (S-1-5-21-839496821-663164669-2267191325-1002) from address LocalHost (Using LRPC) running in the application container Unavailable SID (Unavailable). This security permission can be modified using the Component Services administrative tool.</Message><Level>Warning</Level><Task></Task><Opcode>Info</Opcode><Channel></Channel><Provider>Microsoft-Windows-DistributedCOM</Provider><Keywords><Keyword>Classic</Keyword></Keywords></RenderingInfo></Event><Event xmlns='http://schemas.microsoft.com/win/2004/08/events/event'><System><Provider Name='Microsoft-Windows-Kernel-General' Guid='{a68ca8b7-004f-d7b6-a698-07e2de0f1f5d}'/><EventID>16</EventID><Version>0</Version><Level>4</Level><Task>0</Task><Opcode>0</Opcode><Keywords>0x8000000000000000</Keywords><TimeCreated SystemTime='2020-06-26T20:12:00.951580400Z'/><EventRecordID>3839</EventRecordID><Correlation/><Execution ProcessID='8412' ThreadID='8388'/><Channel>System</Channel><Computer>DESKTOP-577B38M</Computer><Security UserID='S-1-5-18'/></System><EventData><Data Name='HiveNameLength'>99</Data><Data Name='HiveName'>\??\C:\Users\PC\AppData\Local\Packages\Microsoft.Windows.Photos_8wekyb3d8bbwe\Settings\settings.dat</Data><Data Name='KeysUpdated'>45</Data><Data Name='DirtyPages'>9</Data></EventData><RenderingInfo Culture='en-US'><Message>The access history in hive \??\C:\Users\PC\AppData\Local\Packages\Microsoft.Windows.Photos_8wekyb3d8bbwe\Settings\settings.dat was cleared updating 45 keys and creating 9 modified pages.</Message><Level>Information</Level><Task></Task><Opcode>Info</Opcode><Channel>System</Channel><Provider>Microsoft-Windows-Kernel-General</Provider><Keywords></Keywords></RenderingInfo></Event><Event xmlns='http://schemas.microsoft.com/win/2004/08/events/event'><System><Provider Name='Service Control Manager' Guid='{555908d1-a6d7-4695-8e1e-26931d2012f4}' EventSourceName='Service Control Manager'/><EventID Qualifiers='16384'>7040</EventID><Version>0</Version><Level>4</Level><Task>0</Task><Opcode>0</Opcode><Keywords>0x8080000000000000</Keywords><TimeCreated SystemTime='2020-06-26T20:01:29.893882800Z'/><EventRecordID>3838</EventRecordID><Correlation/><Execution ProcessID='716' ThreadID='9476'/><Channel>System</Channel><Computer>DESKTOP-577B38M</Computer><Security UserID='S-1-5-18'/></System><EventData><Data Name='param1'>Background Intelligent Transfer Service</Data><Data Name='param2'>auto start</Data><Data Name='param3'>demand start</Data><Data Name='param4'>BITS</Data></EventData><RenderingInfo Culture='en-US'><Message>The start type of the Background Intelligent Transfer Service service was changed from auto start to demand start.</Message><Level>Information</Level><Task></Task><Opcode></Opcode><Channel></Channel><Provider>Microsoft-Windows-Service Control Manager</Provider><Keywords><Keyword>Classic</Keyword></Keywords></RenderingInfo></Event><Event xmlns='http://schemas.microsoft.com/win/2004/08/events/event'><System><Provider Name='Microsoft-Windows-DistributedCOM' Guid='{1B562E86-B7AA-4131-BADC-B6F3A001407E}' EventSourceName='DCOM'/><EventID Qualifiers='0'>10016</EventID><Version>0</Version><Level>3</Level><Task>0</Task><Opcode>0</Opcode><Keywords>0x8080000000000000</Keywords><TimeCreated SystemTime='2020-06-26T19:58:14.268427400Z'/><EventRecordID>3837</EventRecordID><Correlation ActivityID='{09290e45-325c-4f75-ba02-590aba1ff049}'/><Execution ProcessID='1008' ThreadID='12180'/><Channel>System</Channel><Computer>DESKTOP-577B38M</Computer><Security UserID='S-1-5-21-839496821-663164669-2267191325-1002'/></System><EventData><Data Name='param1'>machine-default</Data><Data Name='param2'>Local</Data><Data Name='param3'>Activation</Data><Data Name='param4'>{C2F03A33-21F5-47FA-B4BB-156362A2F239}</Data><Data Name='param5'>{316CDED5-E4AE-4B15-9113-7055D84DCC97}</Data><Data Name='param6'>DESKTOP-577B38M</Data><Data Name='param7'>PC</Data><Data Name='param8'>S-1-5-21-839496821-663164669-2267191325-1002</Data><Data Name='param9'>LocalHost (Using LRPC)</Data><Data Name='param10'>Microsoft.Windows.ShellExperienceHost_10.0.18362.449_neutral_neutral_cw5n1h2txyewy</Data><Data Name='param11'>S-1-15-2-155514346-2573954481-755741238-1654018636-1233331829-3075935687-2861478708</Data></EventData><RenderingInfo Culture='en-US'><Message>The machine-default permission settings do not grant Local Activation permission for the COM Server application with CLSID 
{C2F03A33-21F5-47FA-B4BB-156362A2F239}
 and APPID 
{316CDED5-E4AE-4B15-9113-7055D84DCC97}
 to the user DESKTOP-577B38M\PC SID (S-1-5-21-839496821-663164669-2267191325-1002) from address LocalHost (Using LRPC) running in the application container Microsoft.Windows.ShellExperienceHost_10.0.18362.449_neutral_neutral_cw5n1h2txyewy SID (S-1-15-2-155514346-2573954481-755741238-1654018636-1233331829-3075935687-2861478708). This security permission can be modified using the Component Services administrative tool.</Message><Level>Warning</Level><Task></Task><Opcode>Info</Opcode><Channel></Channel><Provider>Microsoft-Windows-DistributedCOM</Provider><Keywords><Keyword>Classic</Keyword></Keywords></RenderingInfo></Event><Event xmlns='http://schemas.microsoft.com/win/2004/08/events/event'><System><Provider Name='Microsoft-Windows-DistributedCOM' Guid='{1B562E86-B7AA-4131-BADC-B6F3A001407E}' EventSourceName='DCOM'/><EventID Qualifiers='0'>10016</EventID><Version>0</Version><Level>3</Level><Task>0</Task><Opcode>0</Opcode><Keywords>0x8080000000000000</Keywords><TimeCreated SystemTime='2020-06-26T19:58:03.780505200Z'/><EventRecordID>3836</EventRecordID><Correlation ActivityID='{2deddd49-9abf-4f05-96a2-994563cfc772}'/><Execution ProcessID='1008' ThreadID='6756'/><Channel>System</Channel><Computer>DESKTOP-577B38M</Computer><Security UserID='S-1-5-21-839496821-663164669-2267191325-1002'/></System><EventData><Data Name='param1'>application-specific</Data><Data Name='param2'>Local</Data><Data Name='param3'>Activation</Data><Data Name='param4'>{2593F8B9-4EAF-457C-B68A-50F6B8EA6B54}</Data><Data Name='param5'>{15C20B67-12E7-4BB6-92BB-7AFF07997402}</Data><Data Name='param6'>DESKTOP-577B38M</Data><Data Name='param7'>PC</Data><Data Name='param8'>S-1-5-21-839496821-663164669-2267191325-1002</Data><Data Name='param9'>LocalHost (Using LRPC)</Data><Data Name='param10'>Unavailable</Data><Data Name='param11'>Unavailable</Data></EventData><RenderingInfo Culture='en-US'><Message>The application-specific permission settings do not grant Local Activation permission for the COM Server application with CLSID 
{2593F8B9-4EAF-457C-B68A-50F6B8EA6B54}
 and APPID 
{15C20B67-12E7-4BB6-92BB-7AFF07997402}
 to the user DESKTOP-577B38M\PC SID (S-1-5-21-839496821-663164669-2267191325-1002) from address LocalHost (Using LRPC) running in the application container Unavailable SID (Unavailable). This security permission can be modified using the Component Services administrative tool.</Message><Level>Warning</Level><Task></Task><Opcode>Info</Opcode><Channel></Channel><Provider>Microsoft-Windows-DistributedCOM</Provider><Keywords><Keyword>Classic</Keyword></Keywords></RenderingInfo></Event><Event xmlns='http://schemas.microsoft.com/win/2004/08/events/event'><System><Provider Name='Service Control Manager' Guid='{555908d1-a6d7-4695-8e1e-26931d2012f4}' EventSourceName='Service Control Manager'/><EventID Qualifiers='16384'>7040</EventID><Version>0</Version><Level>4</Level><Task>0</Task><Opcode>0</Opcode><Keywords>0x8080000000000000</Keywords><TimeCreated SystemTime='2020-06-26T19:57:50.093938400Z'/><EventRecordID>3835</EventRecordID><Correlation/><Execution ProcessID='716' ThreadID='4212'/><Channel>System</Channel><Computer>DESKTOP-577B38M</Computer><Security UserID='S-1-5-18'/></System><EventData><Data Name='param1'>Background Intelligent Transfer Service</Data><Data Name='param2'>demand start</Data><Data Name='param3'>auto start</Data><Data Name='param4'>BITS</Data></EventData><RenderingInfo Culture='en-US'><Message>The start type of the Background Intelligent Transfer Service service was changed from demand start to auto start.</Message><Level>Information</Level><Task></Task><Opcode></Opcode><Channel></Channel><Provider>Microsoft-Windows-Service Control Manager</Provider><Keywords><Keyword>Classic</Keyword></Keywords></RenderingInfo></Event><Event xmlns='http://schemas.microsoft.com/win/2004/08/events/event'><System><Provider Name='Microsoft-Windows-Kernel-General' Guid='{a68ca8b7-004f-d7b6-a698-07e2de0f1f5d}'/><EventID>16</EventID><Version>0</Version><Level>4</Level><Task>0</Task><Opcode>0</Opcode><Keywords>0x8000000000000000</Keywords><TimeCreated SystemTime='2020-06-26T19:57:47.242538800Z'/><EventRecordID>3834</EventRecordID><Correlation/><Execution ProcessID='10224' ThreadID='4816'/><Channel>System</Channel><Computer>DESKTOP-577B38M</Computer><Security UserID='S-1-5-18'/></System><EventData><Data Name='HiveNameLength'>110</Data><Data Name='HiveName'>\??\C:\Users\PC\AppData\Local\Packages\microsoft.windowscommunicationsapps_8wekyb3d8bbwe\Settings\settings.dat</Data><Data Name='KeysUpdated'>30</Data><Data Name='DirtyPages'>3</Data></EventData><RenderingInfo Culture='en-US'><Message>The access history in hive \??\C:\Users\PC\AppData\Local\Packages\microsoft.windowscommunicationsapps_8wekyb3d8bbwe\Settings\settings.dat was cleared updating 30 keys and creating 3 modified pages.</Message><Level>Information</Level><Task></Task><Opcode>Info</Opcode><Channel>System</Channel><Provider>Microsoft-Windows-Kernel-General</Provider><Keywords></Keywords></RenderingInfo></Event><Event xmlns='http://schemas.microsoft.com/win/2004/08/events/event'><System><Provider Name='Microsoft-Windows-DistributedCOM' Guid='{1B562E86-B7AA-4131-BADC-B6F3A001407E}' EventSourceName='DCOM'/><EventID Qualifiers='0'>10016</EventID><Version>0</Version><Level>3</Level><Task>0</Task><Opcode>0</Opcode><Keywords>0x8080000000000000</Keywords><TimeCreated SystemTime='2020-06-26T16:46:00.126902500Z'/><EventRecordID>3833</EventRecordID><Correlation ActivityID='{8588d18b-6f8a-411f-a36f-703766087c46}'/><Execution ProcessID='1008' ThreadID='6752'/><Channel>System</Channel><Computer>DESKTOP-577B38M</Computer><Security UserID='S-1-5-21-839496821-663164669-2267191325-1002'/></System><EventData><Data Name='param1'>machine-default</Data><Data Name='param2'>Local</Data><Data Name='param3'>Activation</Data><Data Name='param4'>{C2F03A33-21F5-47FA-B4BB-156362A2F239}</Data><Data Name='param5'>{316CDED5-E4AE-4B15-9113-7055D84DCC97}</Data><Data Name='param6'>DESKTOP-577B38M</Data><Data Name='param7'>PC</Data><Data Name='param8'>S-1-5-21-839496821-663164669-2267191325-1002</Data><Data Name='param9'>LocalHost (Using LRPC)</Data><Data Name='param10'>Microsoft.Windows.ShellExperienceHost_10.0.18362.449_neutral_neutral_cw5n1h2txyewy</Data><Data Name='param11'>S-1-15-2-155514346-2573954481-755741238-1654018636-1233331829-3075935687-2861478708</Data></EventData><RenderingInfo Culture='en-US'><Message>The machine-default permission settings do not grant Local Activation permission for the COM Server application with CLSID 
{C2F03A33-21F5-47FA-B4BB-156362A2F239}
 and APPID 
{316CDED5-E4AE-4B15-9113-7055D84DCC97}
 to the user DESKTOP-577B38M\PC SID (S-1-5-21-839496821-663164669-2267191325-1002) from address LocalHost (Using LRPC) running in the application container Microsoft.Windows.ShellExperienceHost_10.0.18362.449_neutral_neutral_cw5n1h2txyewy SID (S-1-15-2-155514346-2573954481-755741238-1654018636-1233331829-3075935687-2861478708). This security permission can be modified using the Component Services administrative tool.</Message><Level>Warning</Level><Task></Task><Opcode>Info</Opcode><Channel></Channel><Provider>Microsoft-Windows-DistributedCOM</Provider><Keywords><Keyword>Classic</Keyword></Keywords></RenderingInfo></Event><Event xmlns='http://schemas.microsoft.com/win/2004/08/events/event'><System><Provider Name='Microsoft-Windows-Kernel-General' Guid='{a68ca8b7-004f-d7b6-a698-07e2de0f1f5d}'/><EventID>16</EventID><Version>0</Version><Level>4</Level><Task>0</Task><Opcode>0</Opcode><Keywords>0x8000000000000000</Keywords><TimeCreated SystemTime='2020-06-26T16:45:57.131011900Z'/><EventRecordID>3832</EventRecordID><Correlation/><Execution ProcessID='2468' ThreadID='3368'/><Channel>System</Channel><Computer>DESKTOP-577B38M</Computer><Security UserID='S-1-5-18'/></System><EventData><Data Name='HiveNameLength'>115</Data><Data Name='HiveName'>\??\C:\Users\PC\AppData\Local\Packages\Microsoft.Windows.ContentDeliveryManager_cw5n1h2txyewy\Settings\settings.dat</Data><Data Name='KeysUpdated'>460</Data><Data Name='DirtyPages'>39</Data></EventData><RenderingInfo Culture='en-US'><Message>The access history in hive \??\C:\Users\PC\AppData\Local\Packages\Microsoft.Windows.ContentDeliveryManager_cw5n1h2txyewy\Settings\settings.dat was cleared updating 460 keys and creating 39 modified pages.</Message><Level>Information</Level><Task></Task><Opcode>Info</Opcode><Channel>System</Channel><Provider>Microsoft-Windows-Kernel-General</Provider><Keywords></Keywords></RenderingInfo></Event><Event xmlns='http://schemas.microsoft.com/win/2004/08/events/event'><System><Provider Name='Microsoft-Windows-DNS-Client' Guid='{1c95126e-7eea-49a9-a3fe-a378b03ddb4d}'/><EventID>1014</EventID><Version>0</Version><Level>3</Level><Task>1014</Task><Opcode>0</Opcode><Keywords>0x4000000010000000</Keywords><TimeCreated SystemTime='2020-06-26T16:20:39.436995500Z'/><EventRecordID>3831</EventRecordID><Correlation/><Execution ProcessID='2448' ThreadID='6336'/><Channel>System</Channel><Computer>DESKTOP-577B38M</Computer><Security UserID='S-1-5-20'/></System><EventData><Data Name='QueryName'>www.intel.com</Data><Data Name='AddressLength'>16</Data><Data Name='Address'>02000035C0A808010000000000000000</Data></EventData><RenderingInfo Culture='en-US'><Message>Name resolution for the name www.intel.com timed out after none of the configured DNS servers responded.</Message><Level>Warning</Level><Task></Task><Opcode>Info</Opcode><Channel>System</Channel><Provider>Microsoft-Windows-DNS Client Events</Provider><Keywords></Keywords></RenderingInfo></Event><Event xmlns='http://schemas.microsoft.com/win/2004/08/events/event'><System><Provider Name='Microsoft-Windows-DNS-Client' Guid='{1c95126e-7eea-49a9-a3fe-a378b03ddb4d}'/><EventID>1014</EventID><Version>0</Version><Level>3</Level><Task>1014</Task><Opcode>0</Opcode><Keywords>0x4000000010000000</Keywords><TimeCreated SystemTime='2020-06-26T15:50:46.616630400Z'/><EventRecordID>3830</EventRecordID><Correlation/><Execution ProcessID='2448' ThreadID='8324'/><Channel>System</Channel><Computer>DESKTOP-577B38M</Computer><Security UserID='S-1-5-20'/></System><EventData><Data Name='QueryName'>www.intel.com</Data><Data Name='AddressLength'>128</Data><Data Name='Address'>1700000000000000FE800000000000002254FAFFFE3550AD0B00000000000000000000000000000000000000000000000000000000000000000000000000000000000000000000000000000000000000000000000000000000000000000000000000000000000000000000000000000000000000000000000000000000000000</Data></EventData><RenderingInfo Culture='en-US'><Message>Name resolution for the name www.intel.com timed out after none of the configured DNS servers responded.</Message><Level>Warning</Level><Task></Task><Opcode>Info</Opcode><Channel>System</Channel><Provider>Microsoft-Windows-DNS Client Events</Provider><Keywords></Keywords></RenderingInfo></Event><Event xmlns='http://schemas.microsoft.com/win/2004/08/events/event'><System><Provider Name='Microsoft-Windows-DNS-Client' Guid='{1c95126e-7eea-49a9-a3fe-a378b03ddb4d}'/><EventID>1014</EventID><Version>0</Version><Level>3</Level><Task>1014</Task><Opcode>0</Opcode><Keywords>0x4000000010000000</Keywords><TimeCreated SystemTime='2020-06-26T15:20:39.886011600Z'/><EventRecordID>3829</EventRecordID><Correlation/><Execution ProcessID='2448' ThreadID='9776'/><Channel>System</Channel><Computer>DESKTOP-577B38M</Computer><Security UserID='S-1-5-20'/></System><EventData><Data Name='QueryName'>www.intel.com</Data><Data Name='AddressLength'>16</Data><Data Name='Address'>02000035C0A808010000000000000000</Data></EventData><RenderingInfo Culture='en-US'><Message>Name resolution for the name www.intel.com timed out after none of the configured DNS servers responded.</Message><Level>Warning</Level><Task></Task><Opcode>Info</Opcode><Channel>System</Channel><Provider>Microsoft-Windows-DNS Client Events</Provider><Keywords></Keywords></RenderingInfo></Event><Event xmlns='http://schemas.microsoft.com/win/2004/08/events/event'><System><Provider Name='Microsoft-Windows-DNS-Client' Guid='{1c95126e-7eea-49a9-a3fe-a378b03ddb4d}'/><EventID>1014</EventID><Version>0</Version><Level>3</Level><Task>1014</Task><Opcode>0</Opcode><Keywords>0x4000000010000000</Keywords><TimeCreated SystemTime='2020-06-26T14:50:46.867192100Z'/><EventRecordID>3828</EventRecordID><Correlation/><Execution ProcessID='2448' ThreadID='8560'/><Channel>System</Channel><Computer>DESKTOP-577B38M</Computer><Security UserID='S-1-5-20'/></System><EventData><Data Name='QueryName'>www.intel.com</Data><Data Name='AddressLength'>128</Data><Data Name='Address'>1700000000000000FE800000000000002254FAFFFE3550AD0B00000000000000000000000000000000000000000000000000000000000000000000000000000000000000000000000000000000000000000000000000000000000000000000000000000000000000000000000000000000000000000000000000000000000000</Data></EventData><RenderingInfo Culture='en-US'><Message>Name resolution for the name www.intel.com timed out after none of the configured DNS servers responded.</Message><Level>Warning</Level><Task></Task><Opcode>Info</Opcode><Channel>System</Channel><Provider>Microsoft-Windows-DNS Client Events</Provider><Keywords></Keywords></RenderingInfo></Event><Event xmlns='http://schemas.microsoft.com/win/2004/08/events/event'><System><Provider Name='Microsoft-Windows-DNS-Client' Guid='{1c95126e-7eea-49a9-a3fe-a378b03ddb4d}'/><EventID>1014</EventID><Version>0</Version><Level>3</Level><Task>1014</Task><Opcode>0</Opcode><Keywords>0x4000000010000000</Keywords><TimeCreated SystemTime='2020-06-26T14:20:41.238052500Z'/><EventRecordID>3827</EventRecordID><Correlation/><Execution ProcessID='2448' ThreadID='9776'/><Channel>System</Channel><Computer>DESKTOP-577B38M</Computer><Security UserID='S-1-5-20'/></System><EventData><Data Name='QueryName'>www.intel.com</Data><Data Name='AddressLength'>128</Data><Data Name='Address'>1700000000000000FE800000000000002254FAFFFE3550AD0B00000000000000000000000000000000000000000000000000000000000000000000000000000000000000000000000000000000000000000000000000000000000000000000000000000000000000000000000000000000000000000000000000000000000000</Data></EventData><RenderingInfo Culture='en-US'><Message>Name resolution for the name www.intel.com timed out after none of the configured DNS servers responded.</Message><Level>Warning</Level><Task></Task><Opcode>Info</Opcode><Channel>System</Channel><Provider>Microsoft-Windows-DNS Client Events</Provider><Keywords></Keywords></RenderingInfo></Event><Event xmlns='http://schemas.microsoft.com/win/2004/08/events/event'><System><Provider Name='Microsoft-Windows-DNS-Client' Guid='{1c95126e-7eea-49a9-a3fe-a378b03ddb4d}'/><EventID>1014</EventID><Version>0</Version><Level>3</Level><Task>1014</Task><Opcode>0</Opcode><Keywords>0x4000000010000000</Keywords><TimeCreated SystemTime='2020-06-26T14:20:30.173452100Z'/><EventRecordID>3826</EventRecordID><Correlation/><Execution ProcessID='2448' ThreadID='3948'/><Channel>System</Channel><Computer>DESKTOP-577B38M</Computer><Security UserID='S-1-5-20'/></System><EventData><Data Name='QueryName'>www.intel.com</Data><Data Name='AddressLength'>16</Data><Data Name='Address'>02000035C0A808010000000000000000</Data></EventData><RenderingInfo Culture='en-US'><Message>Name resolution for the name www.intel.com timed out after none of the configured DNS servers responded.</Message><Level>Warning</Level><Task></Task><Opcode>Info</Opcode><Channel>System</Channel><Provider>Microsoft-Windows-DNS Client Events</Provider><Keywords></Keywords></RenderingInfo></Event><Event xmlns='http://schemas.microsoft.com/win/2004/08/events/event'><System><Provider Name='Microsoft-Windows-DNS-Client' Guid='{1c95126e-7eea-49a9-a3fe-a378b03ddb4d}'/><EventID>1014</EventID><Version>0</Version><Level>3</Level><Task>1014</Task><Opcode>0</Opcode><Keywords>0x4000000010000000</Keywords><TimeCreated SystemTime='2020-06-26T14:19:00.704463600Z'/><EventRecordID>3825</EventRecordID><Correlation/><Execution ProcessID='2448' ThreadID='8560'/><Channel>System</Channel><Computer>DESKTOP-577B38M</Computer><Security UserID='S-1-5-20'/></System><EventData><Data Name='QueryName'>www.intel.com</Data><Data Name='AddressLength'>128</Data><Data Name='Address'>1700000000000000FE800000000000002254FAFFFE3550AD0B00000000000000000000000000000000000000000000000000000000000000000000000000000000000000000000000000000000000000000000000000000000000000000000000000000000000000000000000000000000000000000000000000000000000000</Data></EventData><RenderingInfo Culture='en-US'><Message>Name resolution for the name www.intel.com timed out after none of the configured DNS servers responded.</Message><Level>Warning</Level><Task></Task><Opcode>Info</Opcode><Channel>System</Channel><Provider>Microsoft-Windows-DNS Client Events</Provider><Keywords></Keywords></RenderingInfo></Event><Event xmlns='http://schemas.microsoft.com/win/2004/08/events/event'><System><Provider Name='Microsoft-Windows-DNS-Client' Guid='{1c95126e-7eea-49a9-a3fe-a378b03ddb4d}'/><EventID>1014</EventID><Version>0</Version><Level>3</Level><Task>1014</Task><Opcode>0</Opcode><Keywords>0x4000000010000000</Keywords><TimeCreated SystemTime='2020-06-26T14:18:49.642314600Z'/><EventRecordID>3824</EventRecordID><Correlation/><Execution ProcessID='2448' ThreadID='8560'/><Channel>System</Channel><Computer>DESKTOP-577B38M</Computer><Security UserID='S-1-5-20'/></System><EventData><Data Name='QueryName'>www.intel.com</Data><Data Name='AddressLength'>16</Data><Data Name='Address'>02000035C0A808010000000000000000</Data></EventData><RenderingInfo Culture='en-US'><Message>Name resolution for the name www.intel.com timed out after none of the configured DNS servers responded.</Message><Level>Warning</Level><Task></Task><Opcode>Info</Opcode><Channel>System</Channel><Provider>Microsoft-Windows-DNS Client Events</Provider><Keywords></Keywords></RenderingInfo></Event><Event xmlns='http://schemas.microsoft.com/win/2004/08/events/event'><System><Provider Name='Microsoft-Windows-DNS-Client' Guid='{1c95126e-7eea-49a9-a3fe-a378b03ddb4d}'/><EventID>1014</EventID><Version>0</Version><Level>3</Level><Task>1014</Task><Opcode>0</Opcode><Keywords>0x4000000010000000</Keywords><TimeCreated SystemTime='2020-06-26T13:50:47.221912100Z'/><EventRecordID>3823</EventRecordID><Correlation/><Execution ProcessID='2448' ThreadID='3740'/><Channel>System</Channel><Computer>DESKTOP-577B38M</Computer><Security UserID='S-1-5-20'/></System><EventData><Data Name='QueryName'>www.intel.com</Data><Data Name='AddressLength'>128</Data><Data Name='Address'>1700000000000000FE800000000000002254FAFFFE3550AD0B00000000000000000000000000000000000000000000000000000000000000000000000000000000000000000000000000000000000000000000000000000000000000000000000000000000000000000000000000000000000000000000000000000000000000</Data></EventData><RenderingInfo Culture='en-US'><Message>Name resolution for the name www.intel.com timed out after none of the configured DNS servers responded.</Message><Level>Warning</Level><Task></Task><Opcode>Info</Opcode><Channel>System</Channel><Provider>Microsoft-Windows-DNS Client Events</Provider><Keywords></Keywords></RenderingInfo></Event>