<?xml version="1.0" encoding="utf-8" standalone="yes"?>
<Events><Event xmlns='http://schemas.microsoft.com/win/2004/08/events/event'><System><Provider Name='Service Control Manager' Guid='{555908d1-a6d7-4695-8e1e-26931d2012f4}' EventSourceName='Service Control Manager'/><EventID Qualifiers='16384'>7040</EventID><Version>0</Version><Level>4</Level><Task>0</Task><Opcode>0</Opcode><Keywords>0x8080000000000000</Keywords><TimeCreated SystemTime='2020-07-02T16:41:13.156033300Z'/><EventRecordID>4297</EventRecordID><Correlation/><Execution ProcessID='716' ThreadID='6276'/><Channel>System</Channel><Computer>DESKTOP-577B38M</Computer><Security UserID='S-1-5-18'/></System><EventData><Data Name='param1'>Background Intelligent Transfer Service</Data><Data Name='param2'>auto start</Data><Data Name='param3'>demand start</Data><Data Name='param4'>BITS</Data></EventData><RenderingInfo Culture='en-US'><Message>The start type of the Background Intelligent Transfer Service service was changed from auto start to demand start.</Message><Level>Information</Level><Task></Task><Opcode></Opcode><Channel></Channel><Provider>Microsoft-Windows-Service Control Manager</Provider><Keywords><Keyword>Classic</Keyword></Keywords></RenderingInfo></Event><Event xmlns='http://schemas.microsoft.com/win/2004/08/events/event'><System><Provider Name='Service Control Manager' Guid='{555908d1-a6d7-4695-8e1e-26931d2012f4}' EventSourceName='Service Control Manager'/><EventID Qualifiers='16384'>7040</EventID><Version>0</Version><Level>4</Level><Task>0</Task><Opcode>0</Opcode><Keywords>0x8080000000000000</Keywords><TimeCreated SystemTime='2020-07-02T16:39:00.979984300Z'/><EventRecordID>4296</EventRecordID><Correlation/><Execution ProcessID='716' ThreadID='6276'/><Channel>System</Channel><Computer>DESKTOP-577B38M</Computer><Security UserID='S-1-5-18'/></System><EventData><Data Name='param1'>Background Intelligent Transfer Service</Data><Data Name='param2'>demand start</Data><Data Name='param3'>auto start</Data><Data Name='param4'>BITS</Data></EventData><RenderingInfo Culture='en-US'><Message>The start type of the Background Intelligent Transfer Service service was changed from demand start to auto start.</Message><Level>Information</Level><Task></Task><Opcode></Opcode><Channel></Channel><Provider>Microsoft-Windows-Service Control Manager</Provider><Keywords><Keyword>Classic</Keyword></Keywords></RenderingInfo></Event><Event xmlns='http://schemas.microsoft.com/win/2004/08/events/event'><System><Provider Name='Service Control Manager' Guid='{555908d1-a6d7-4695-8e1e-26931d2012f4}' EventSourceName='Service Control Manager'/><EventID Qualifiers='16384'>7040</EventID><Version>0</Version><Level>4</Level><Task>0</Task><Opcode>0</Opcode><Keywords>0x8080000000000000</Keywords><TimeCreated SystemTime='2020-07-02T11:41:21.449758200Z'/><EventRecordID>4295</EventRecordID><Correlation/><Execution ProcessID='716' ThreadID='5780'/><Channel>System</Channel><Computer>DESKTOP-577B38M</Computer><Security UserID='S-1-5-18'/></System><EventData><Data Name='param1'>Background Intelligent Transfer Service</Data><Data Name='param2'>auto start</Data><Data Name='param3'>demand start</Data><Data Name='param4'>BITS</Data></EventData><RenderingInfo Culture='en-US'><Message>The start type of the Background Intelligent Transfer Service service was changed from auto start to demand start.</Message><Level>Information</Level><Task></Task><Opcode></Opcode><Channel></Channel><Provider>Microsoft-Windows-Service Control Manager</Provider><Keywords><Keyword>Classic</Keyword></Keywords></RenderingInfo></Event><Event xmlns='http://schemas.microsoft.com/win/2004/08/events/event'><System><Provider Name='Service Control Manager' Guid='{555908d1-a6d7-4695-8e1e-26931d2012f4}' EventSourceName='Service Control Manager'/><EventID Qualifiers='16384'>7040</EventID><Version>0</Version><Level>4</Level><Task>0</Task><Opcode>0</Opcode><Keywords>0x8080000000000000</Keywords><TimeCreated SystemTime='2020-07-02T11:39:00.933273100Z'/><EventRecordID>4294</EventRecordID><Correlation/><Execution ProcessID='716' ThreadID='5780'/><Channel>System</Channel><Computer>DESKTOP-577B38M</Computer><Security UserID='S-1-5-18'/></System><EventData><Data Name='param1'>Background Intelligent Transfer Service</Data><Data Name='param2'>demand start</Data><Data Name='param3'>auto start</Data><Data Name='param4'>BITS</Data></EventData><RenderingInfo Culture='en-US'><Message>The start type of the Background Intelligent Transfer Service service was changed from demand start to auto start.</Message><Level>Information</Level><Task></Task><Opcode></Opcode><Channel></Channel><Provider>Microsoft-Windows-Service Control Manager</Provider><Keywords><Keyword>Classic</Keyword></Keywords></RenderingInfo></Event><Event xmlns='http://schemas.microsoft.com/win/2004/08/events/event'><System><Provider Name='EventLog'/><EventID Qualifiers='32768'>6013</EventID><Level>4</Level><Task>0</Task><Keywords>0x80000000000000</Keywords><TimeCreated SystemTime='2020-07-02T09:00:00.128854400Z'/><EventRecordID>4293</EventRecordID><Channel>System</Channel><Computer>DESKTOP-577B38M</Computer><Security/></System><EventData><Data></Data><Data></Data><Data></Data><Data></Data><Data>44723</Data><Data>60</Data><Data>-120 FLE Standard Time</Data><Binary>31002E003100000030000000570069006E0064006F00770073002000310030002000500072006F000000310030002E0030002E003100380033003600330020004200750069006C0064002000310038003300360033002000200000004D0075006C0074006900700072006F0063006500730073006F007200200046007200650065000000310038003300360032002E0031003900680031005F00720065006C0065006100730065002E003100390030003300310038002D00310032003000320000003500650063003700660032006500370000004E006F007400200041007600610069006C00610062006C00650000004E006F007400200041007600610069006C00610062006C006500000039000000340000003600300034003100000034003000390000004400450053004B0054004F0050002D003500370037004200330038004D0000000000</Binary></EventData><RenderingInfo Culture='en-US'><Message>The system uptime is 44723 seconds.</Message><Level>Information</Level><Task></Task><Opcode></Opcode><Channel></Channel><Provider></Provider><Keywords><Keyword>Classic</Keyword></Keywords></RenderingInfo></Event><Event xmlns='http://schemas.microsoft.com/win/2004/08/events/event'><System><Provider Name='Service Control Manager' Guid='{555908d1-a6d7-4695-8e1e-26931d2012f4}' EventSourceName='Service Control Manager'/><EventID Qualifiers='16384'>7040</EventID><Version>0</Version><Level>4</Level><Task>0</Task><Opcode>0</Opcode><Keywords>0x8080000000000000</Keywords><TimeCreated SystemTime='2020-07-02T08:16:25.574387500Z'/><EventRecordID>4292</EventRecordID><Correlation/><Execution ProcessID='716' ThreadID='11068'/><Channel>System</Channel><Computer>DESKTOP-577B38M</Computer><Security UserID='S-1-5-18'/></System><EventData><Data Name='param1'>Background Intelligent Transfer Service</Data><Data Name='param2'>auto start</Data><Data Name='param3'>demand start</Data><Data Name='param4'>BITS</Data></EventData><RenderingInfo Culture='en-US'><Message>The start type of the Background Intelligent Transfer Service service was changed from auto start to demand start.</Message><Level>Information</Level><Task></Task><Opcode></Opcode><Channel></Channel><Provider>Microsoft-Windows-Service Control Manager</Provider><Keywords><Keyword>Classic</Keyword></Keywords></RenderingInfo></Event><Event xmlns='http://schemas.microsoft.com/win/2004/08/events/event'><System><Provider Name='Microsoft-Windows-Kernel-General' Guid='{a68ca8b7-004f-d7b6-a698-07e2de0f1f5d}'/><EventID>1</EventID><Version>2</Version><Level>4</Level><Task>5</Task><Opcode>0</Opcode><Keywords>0x8000000000000010</Keywords><TimeCreated SystemTime='2020-07-02T08:14:37.125050100Z'/><EventRecordID>4291</EventRecordID><Correlation/><Execution ProcessID='10244' ThreadID='12156'/><Channel>System</Channel><Computer>DESKTOP-577B38M</Computer><Security UserID='S-1-5-19'/></System><EventData><Data Name='NewTime'>2020-07-02T08:14:37.124755300Z</Data><Data Name='OldTime'>2020-07-02T08:14:37.124636500Z</Data><Data Name='Reason'>1</Data><Data Name='ProcessName'>\Device\HarddiskVolume5\Windows\System32\svchost.exe</Data><Data Name='ProcessID'>10244</Data></EventData><RenderingInfo Culture='en-US'><Message>The system time has changed to ‎2020‎-‎07‎-‎02T08:14:37.124755300Z from ‎2020‎-‎07‎-‎02T08:14:37.124636500Z.

Change Reason: An application or system component changed the time.
Process: '\Device\HarddiskVolume5\Windows\System32\svchost.exe' (PID 10244).</Message><Level>Information</Level><Task></Task><Opcode>Info</Opcode><Channel>System</Channel><Provider>Microsoft-Windows-Kernel-General</Provider><Keywords><Keyword>Time</Keyword></Keywords></RenderingInfo></Event><Event xmlns='http://schemas.microsoft.com/win/2004/08/events/event'><System><Provider Name='Microsoft-Windows-Kernel-General' Guid='{a68ca8b7-004f-d7b6-a698-07e2de0f1f5d}'/><EventID>1</EventID><Version>2</Version><Level>4</Level><Task>5</Task><Opcode>0</Opcode><Keywords>0x8000000000000010</Keywords><TimeCreated SystemTime='2020-07-02T08:14:37.123521800Z'/><EventRecordID>4290</EventRecordID><Correlation/><Execution ProcessID='10244' ThreadID='12156'/><Channel>System</Channel><Computer>DESKTOP-577B38M</Computer><Security UserID='S-1-5-19'/></System><EventData><Data Name='NewTime'>2020-07-02T08:14:37.123194100Z</Data><Data Name='OldTime'>2020-07-02T08:14:37.122650100Z</Data><Data Name='Reason'>1</Data><Data Name='ProcessName'>\Device\HarddiskVolume5\Windows\System32\svchost.exe</Data><Data Name='ProcessID'>10244</Data></EventData><RenderingInfo Culture='en-US'><Message>The system time has changed to ‎2020‎-‎07‎-‎02T08:14:37.123194100Z from ‎2020‎-‎07‎-‎02T08:14:37.122650100Z.

Change Reason: An application or system component changed the time.
Process: '\Device\HarddiskVolume5\Windows\System32\svchost.exe' (PID 10244).</Message><Level>Information</Level><Task></Task><Opcode>Info</Opcode><Channel>System</Channel><Provider>Microsoft-Windows-Kernel-General</Provider><Keywords><Keyword>Time</Keyword></Keywords></RenderingInfo></Event><Event xmlns='http://schemas.microsoft.com/win/2004/08/events/event'><System><Provider Name='Microsoft-Windows-Time-Service' Guid='{06edcfeb-0fd0-4e53-acca-a6f8bbf81bcb}'/><EventID>35</EventID><Version>0</Version><Level>4</Level><Task>0</Task><Opcode>0</Opcode><Keywords>0x8000000000000000</Keywords><TimeCreated SystemTime='2020-07-02T08:14:37.123042200Z'/><EventRecordID>4289</EventRecordID><Correlation/><Execution ProcessID='10244' ThreadID='10500'/><Channel>System</Channel><Computer>DESKTOP-577B38M</Computer><Security UserID='S-1-5-19'/></System><EventData Name='TMP_EVENT_TIME_SOURCE_CHOSEN'><Data Name='TimeSource'>time.windows.com,0x9 (ntp.m|0x9|0.0.0.0:123-&gt;52.231.114.183:123)</Data><Data Name='TimeSourceRefId'>3077760820</Data><Data Name='CurrentStratumNumber'>4</Data></EventData><RenderingInfo Culture='en-US'><Message>The time service is now synchronizing the system time with the time source time.windows.com,0x9 (ntp.m|0x9|0.0.0.0:123-&gt;52.231.114.183:123) with reference id 3077760820. Current local stratum number is 4.</Message><Level>Information</Level><Task></Task><Opcode>Info</Opcode><Channel>System</Channel><Provider>Microsoft-Windows-Time-Service</Provider><Keywords></Keywords></RenderingInfo></Event><Event xmlns='http://schemas.microsoft.com/win/2004/08/events/event'><System><Provider Name='Microsoft-Windows-Kernel-General' Guid='{a68ca8b7-004f-d7b6-a698-07e2de0f1f5d}'/><EventID>1</EventID><Version>2</Version><Level>4</Level><Task>5</Task><Opcode>0</Opcode><Keywords>0x8000000000000010</Keywords><TimeCreated SystemTime='2020-07-02T08:14:37.122258900Z'/><EventRecordID>4288</EventRecordID><Correlation/><Execution ProcessID='10244' ThreadID='12156'/><Channel>System</Channel><Computer>DESKTOP-577B38M</Computer><Security UserID='S-1-5-19'/></System><EventData><Data Name='NewTime'>2020-07-02T08:14:37.121952200Z</Data><Data Name='OldTime'>2020-07-02T08:14:38.363073400Z</Data><Data Name='Reason'>1</Data><Data Name='ProcessName'>\Device\HarddiskVolume5\Windows\System32\svchost.exe</Data><Data Name='ProcessID'>10244</Data></EventData><RenderingInfo Culture='en-US'><Message>The system time has changed to ‎2020‎-‎07‎-‎02T08:14:37.121952200Z from ‎2020‎-‎07‎-‎02T08:14:38.363073400Z.

Change Reason: An application or system component changed the time.
Process: '\Device\HarddiskVolume5\Windows\System32\svchost.exe' (PID 10244).</Message><Level>Information</Level><Task></Task><Opcode>Info</Opcode><Channel>System</Channel><Provider>Microsoft-Windows-Kernel-General</Provider><Keywords><Keyword>Time</Keyword></Keywords></RenderingInfo></Event><Event xmlns='http://schemas.microsoft.com/win/2004/08/events/event'><System><Provider Name='Microsoft-Windows-Time-Service' Guid='{06edcfeb-0fd0-4e53-acca-a6f8bbf81bcb}'/><EventID>37</EventID><Version>0</Version><Level>4</Level><Task>0</Task><Opcode>0</Opcode><Keywords>0x8000000000000000</Keywords><TimeCreated SystemTime='2020-07-02T08:14:24.101095900Z'/><EventRecordID>4287</EventRecordID><Correlation/><Execution ProcessID='10244' ThreadID='10500'/><Channel>System</Channel><Computer>DESKTOP-577B38M</Computer><Security UserID='S-1-5-19'/></System><EventData Name='TMP_EVENT_TIME_SOURCE_REACHABLE'><Data Name='TimeSource'>time.windows.com,0x9 (ntp.m|0x9|0.0.0.0:123-&gt;52.231.114.183:123)</Data></EventData><RenderingInfo Culture='en-US'><Message>The time provider NtpClient is currently receiving valid time data from time.windows.com,0x9 (ntp.m|0x9|0.0.0.0:123-&gt;52.231.114.183:123).</Message><Level>Information</Level><Task></Task><Opcode>Info</Opcode><Channel>System</Channel><Provider>Microsoft-Windows-Time-Service</Provider><Keywords></Keywords></RenderingInfo></Event><Event xmlns='http://schemas.microsoft.com/win/2004/08/events/event'><System><Provider Name='Microsoft-Windows-Time-Service' Guid='{06edcfeb-0fd0-4e53-acca-a6f8bbf81bcb}'/><EventID>158</EventID><Version>0</Version><Level>4</Level><Task>0</Task><Opcode>0</Opcode><Keywords>0x8000000000000000</Keywords><TimeCreated SystemTime='2020-07-02T08:14:22.337824600Z'/><EventRecordID>4286</EventRecordID><Correlation/><Execution ProcessID='10244' ThreadID='4892'/><Channel>System</Channel><Computer>DESKTOP-577B38M</Computer><Security UserID='S-1-5-19'/></System><EventData Name='TMP_EVENT_TIMEPROV_INDICATED_UNSUPPORTED'><Data Name='TimeProvider'>VMICTimeProvider</Data></EventData><RenderingInfo Culture='en-US'><Message>The time provider 'VMICTimeProvider' has indicated that the current hardware and operating environment is not supported and has stopped. This behavior is expected for VMICTimeProvider on non-HyperV-guest environments. This may be the expected behavior for the current provider in the current operating environment as well.</Message><Level>Information</Level><Task></Task><Opcode>Info</Opcode><Channel>System</Channel><Provider>Microsoft-Windows-Time-Service</Provider><Keywords></Keywords></RenderingInfo></Event><Event xmlns='http://schemas.microsoft.com/win/2004/08/events/event'><System><Provider Name='Service Control Manager' Guid='{555908d1-a6d7-4695-8e1e-26931d2012f4}' EventSourceName='Service Control Manager'/><EventID Qualifiers='16384'>7040</EventID><Version>0</Version><Level>4</Level><Task>0</Task><Opcode>0</Opcode><Keywords>0x8080000000000000</Keywords><TimeCreated SystemTime='2020-07-02T08:14:21.003765000Z'/><EventRecordID>4285</EventRecordID><Correlation/><Execution ProcessID='716' ThreadID='1992'/><Channel>System</Channel><Computer>DESKTOP-577B38M</Computer><Security UserID='S-1-5-18'/></System><EventData><Data Name='param1'>Background Intelligent Transfer Service</Data><Data Name='param2'>demand start</Data><Data Name='param3'>auto start</Data><Data Name='param4'>BITS</Data></EventData><RenderingInfo Culture='en-US'><Message>The start type of the Background Intelligent Transfer Service service was changed from demand start to auto start.</Message><Level>Information</Level><Task></Task><Opcode></Opcode><Channel></Channel><Provider>Microsoft-Windows-Service Control Manager</Provider><Keywords><Keyword>Classic</Keyword></Keywords></RenderingInfo></Event><Event xmlns='http://schemas.microsoft.com/win/2004/08/events/event'><System><Provider Name='Service Control Manager' Guid='{555908d1-a6d7-4695-8e1e-26931d2012f4}' EventSourceName='Service Control Manager'/><EventID Qualifiers='16384'>7040</EventID><Version>0</Version><Level>4</Level><Task>0</Task><Opcode>0</Opcode><Keywords>0x8080000000000000</Keywords><TimeCreated SystemTime='2020-07-02T06:41:18.356683000Z'/><EventRecordID>4284</EventRecordID><Correlation/><Execution ProcessID='716' ThreadID='1992'/><Channel>System</Channel><Computer>DESKTOP-577B38M</Computer><Security UserID='S-1-5-18'/></System><EventData><Data Name='param1'>Background Intelligent Transfer Service</Data><Data Name='param2'>auto start</Data><Data Name='param3'>demand start</Data><Data Name='param4'>BITS</Data></EventData><RenderingInfo Culture='en-US'><Message>The start type of the Background Intelligent Transfer Service service was changed from auto start to demand start.</Message><Level>Information</Level><Task></Task><Opcode></Opcode><Channel></Channel><Provider>Microsoft-Windows-Service Control Manager</Provider><Keywords><Keyword>Classic</Keyword></Keywords></RenderingInfo></Event><Event xmlns='http://schemas.microsoft.com/win/2004/08/events/event'><System><Provider Name='Service Control Manager' Guid='{555908d1-a6d7-4695-8e1e-26931d2012f4}' EventSourceName='Service Control Manager'/><EventID Qualifiers='16384'>7040</EventID><Version>0</Version><Level>4</Level><Task>0</Task><Opcode>0</Opcode><Keywords>0x8080000000000000</Keywords><TimeCreated SystemTime='2020-07-02T06:39:02.148416900Z'/><EventRecordID>4283</EventRecordID><Correlation/><Execution ProcessID='716' ThreadID='11028'/><Channel>System</Channel><Computer>DESKTOP-577B38M</Computer><Security UserID='S-1-5-18'/></System><EventData><Data Name='param1'>Background Intelligent Transfer Service</Data><Data Name='param2'>demand start</Data><Data Name='param3'>auto start</Data><Data Name='param4'>BITS</Data></EventData><RenderingInfo Culture='en-US'><Message>The start type of the Background Intelligent Transfer Service service was changed from demand start to auto start.</Message><Level>Information</Level><Task></Task><Opcode></Opcode><Channel></Channel><Provider>Microsoft-Windows-Service Control Manager</Provider><Keywords><Keyword>Classic</Keyword></Keywords></RenderingInfo></Event><Event xmlns='http://schemas.microsoft.com/win/2004/08/events/event'><System><Provider Name='Service Control Manager' Guid='{555908d1-a6d7-4695-8e1e-26931d2012f4}' EventSourceName='Service Control Manager'/><EventID Qualifiers='16384'>7040</EventID><Version>0</Version><Level>4</Level><Task>0</Task><Opcode>0</Opcode><Keywords>0x8080000000000000</Keywords><TimeCreated SystemTime='2020-07-02T01:41:18.403796600Z'/><EventRecordID>4282</EventRecordID><Correlation/><Execution ProcessID='716' ThreadID='12260'/><Channel>System</Channel><Computer>DESKTOP-577B38M</Computer><Security UserID='S-1-5-18'/></System><EventData><Data Name='param1'>Background Intelligent Transfer Service</Data><Data Name='param2'>auto start</Data><Data Name='param3'>demand start</Data><Data Name='param4'>BITS</Data></EventData><RenderingInfo Culture='en-US'><Message>The start type of the Background Intelligent Transfer Service service was changed from auto start to demand start.</Message><Level>Information</Level><Task></Task><Opcode></Opcode><Channel></Channel><Provider>Microsoft-Windows-Service Control Manager</Provider><Keywords><Keyword>Classic</Keyword></Keywords></RenderingInfo></Event><Event xmlns='http://schemas.microsoft.com/win/2004/08/events/event'><System><Provider Name='Service Control Manager' Guid='{555908d1-a6d7-4695-8e1e-26931d2012f4}' EventSourceName='Service Control Manager'/><EventID Qualifiers='16384'>7040</EventID><Version>0</Version><Level>4</Level><Task>0</Task><Opcode>0</Opcode><Keywords>0x8080000000000000</Keywords><TimeCreated SystemTime='2020-07-02T01:39:02.205992400Z'/><EventRecordID>4281</EventRecordID><Correlation/><Execution ProcessID='716' ThreadID='12260'/><Channel>System</Channel><Computer>DESKTOP-577B38M</Computer><Security UserID='S-1-5-18'/></System><EventData><Data Name='param1'>Background Intelligent Transfer Service</Data><Data Name='param2'>demand start</Data><Data Name='param3'>auto start</Data><Data Name='param4'>BITS</Data></EventData><RenderingInfo Culture='en-US'><Message>The start type of the Background Intelligent Transfer Service service was changed from demand start to auto start.</Message><Level>Information</Level><Task></Task><Opcode></Opcode><Channel></Channel><Provider>Microsoft-Windows-Service Control Manager</Provider><Keywords><Keyword>Classic</Keyword></Keywords></RenderingInfo></Event><Event xmlns='http://schemas.microsoft.com/win/2004/08/events/event'><System><Provider Name='Tcpip'/><EventID Qualifiers='49152'>4199</EventID><Level>2</Level><Task>0</Task><Keywords>0x80000000000000</Keywords><TimeCreated SystemTime='2020-07-02T01:03:43.087734500Z'/><EventRecordID>4280</EventRecordID><Channel>System</Channel><Computer>DESKTOP-577B38M</Computer><Security/></System><EventData><Data></Data><Data>2a03:ec00:b192:3f89:2054:fa35:50ad:2</Data><Data>00-CD-FE-91-1C-15</Data><Binary>0000000003002C0000000000671000C0020000000000000000000000000000000000000000000000</Binary></EventData><RenderingInfo Culture='en-US'><Message>The system detected an address conflict for IP address 2a03:ec00:b192:3f89:2054:fa35:50ad:2 with the system having network hardware address 00-CD-FE-91-1C-15. Network operations on this system may be disrupted as a result.</Message><Level>Error</Level><Task></Task><Opcode></Opcode><Channel></Channel><Provider></Provider><Keywords><Keyword>Classic</Keyword></Keywords></RenderingInfo></Event><Event xmlns='http://schemas.microsoft.com/win/2004/08/events/event'><System><Provider Name='Microsoft-Windows-WindowsUpdateClient' Guid='{945a8954-c147-4acd-923f-40c45405a658}'/><EventID>19</EventID><Version>1</Version><Level>4</Level><Task>1</Task><Opcode>13</Opcode><Keywords>0x8000000000000018</Keywords><TimeCreated SystemTime='2020-07-02T00:21:17.442530800Z'/><EventRecordID>4279</EventRecordID><Correlation/><Execution ProcessID='11952' ThreadID='2424'/><Channel>System</Channel><Computer>DESKTOP-577B38M</Computer><Security UserID='S-1-5-18'/></System><EventData><Data Name='updateTitle'>9WZDNCRFHVN5-MICROSOFT.WINDOWSCALCULATOR</Data><Data Name='updateGuid'>{0589c756-972d-4ef8-978d-8225eeadf887}</Data><Data Name='updateRevisionNumber'>1</Data><Data Name='serviceGuid'>{855e8a7c-ecb4-4ca3-b045-1dfa50104289}</Data></EventData><RenderingInfo Culture='en-US'><Message>Installation Successful: Windows successfully installed the following update: 9WZDNCRFHVN5-MICROSOFT.WINDOWSCALCULATOR</Message><Level>Information</Level><Task>Windows Update Agent</Task><Opcode>Installation</Opcode><Channel>System</Channel><Provider>Microsoft-Windows-WindowsUpdateClient</Provider><Keywords><Keyword>Installation</Keyword><Keyword>Success</Keyword></Keywords></RenderingInfo></Event><Event xmlns='http://schemas.microsoft.com/win/2004/08/events/event'><System><Provider Name='Microsoft-Windows-WindowsUpdateClient' Guid='{945a8954-c147-4acd-923f-40c45405a658}'/><EventID>43</EventID><Version>1</Version><Level>4</Level><Task>1</Task><Opcode>13</Opcode><Keywords>0x8000000000002008</Keywords><TimeCreated SystemTime='2020-07-02T00:21:17.442528500Z'/><EventRecordID>4278</EventRecordID><Correlation/><Execution ProcessID='11952' ThreadID='2424'/><Channel>System</Channel><Computer>DESKTOP-577B38M</Computer><Security UserID='S-1-5-18'/></System><EventData><Data Name='updateTitle'>9WZDNCRFHVN5-MICROSOFT.WINDOWSCALCULATOR</Data><Data Name='updateGuid'>{0589c756-972d-4ef8-978d-8225eeadf887}</Data><Data Name='updateRevisionNumber'>1</Data></EventData><RenderingInfo Culture='en-US'><Message>Installation Started: Windows has started installing the following update: 9WZDNCRFHVN5-MICROSOFT.WINDOWSCALCULATOR</Message><Level>Information</Level><Task>Windows Update Agent</Task><Opcode>Installation</Opcode><Channel>System</Channel><Provider>Microsoft-Windows-WindowsUpdateClient</Provider><Keywords><Keyword>Installation</Keyword><Keyword>Started</Keyword></Keywords></RenderingInfo></Event><Event xmlns='http://schemas.microsoft.com/win/2004/08/events/event'><System><Provider Name='Microsoft-Windows-Kernel-General' Guid='{a68ca8b7-004f-d7b6-a698-07e2de0f1f5d}'/><EventID>16</EventID><Version>0</Version><Level>4</Level><Task>0</Task><Opcode>0</Opcode><Keywords>0x8000000000000000</Keywords><TimeCreated SystemTime='2020-07-02T00:21:13.900627600Z'/><EventRecordID>4277</EventRecordID><Correlation/><Execution ProcessID='8548' ThreadID='4376'/><Channel>System</Channel><Computer>DESKTOP-577B38M</Computer><Security UserID='S-1-5-21-839496821-663164669-2267191325-1002'/></System><EventData><Data Name='HiveNameLength'>102</Data><Data Name='HiveName'>\??\C:\Users\PC\AppData\Local\Packages\Microsoft.WindowsCalculator_8wekyb3d8bbwe\Settings\settings.dat</Data><Data Name='KeysUpdated'>2</Data><Data Name='DirtyPages'>1</Data></EventData><RenderingInfo Culture='en-US'><Message>The access history in hive \??\C:\Users\PC\AppData\Local\Packages\Microsoft.WindowsCalculator_8wekyb3d8bbwe\Settings\settings.dat was cleared updating 2 keys and creating 1 modified pages.</Message><Level>Information</Level><Task></Task><Opcode>Info</Opcode><Channel>System</Channel><Provider>Microsoft-Windows-Kernel-General</Provider><Keywords></Keywords></RenderingInfo></Event><Event xmlns='http://schemas.microsoft.com/win/2004/08/events/event'><System><Provider Name='Microsoft-Windows-Kernel-General' Guid='{a68ca8b7-004f-d7b6-a698-07e2de0f1f5d}'/><EventID>16</EventID><Version>0</Version><Level>4</Level><Task>0</Task><Opcode>0</Opcode><Keywords>0x8000000000000000</Keywords><TimeCreated SystemTime='2020-07-02T00:21:11.895083600Z'/><EventRecordID>4276</EventRecordID><Correlation/><Execution ProcessID='8548' ThreadID='4376'/><Channel>System</Channel><Computer>DESKTOP-577B38M</Computer><Security UserID='S-1-5-18'/></System><EventData><Data Name='HiveNameLength'>139</Data><Data Name='HiveName'>\??\C:\ProgramData\Microsoft\Windows\AppRepository\Packages\Microsoft.WindowsCalculator_10.2005.23.0_x64__8wekyb3d8bbwe\ActivationStore.dat</Data><Data Name='KeysUpdated'>0</Data><Data Name='DirtyPages'>0</Data></EventData><RenderingInfo Culture='en-US'><Message>The access history in hive \??\C:\ProgramData\Microsoft\Windows\AppRepository\Packages\Microsoft.WindowsCalculator_10.2005.23.0_x64__8wekyb3d8bbwe\ActivationStore.dat was cleared updating 0 keys and creating 0 modified pages.</Message><Level>Information</Level><Task></Task><Opcode>Info</Opcode><Channel>System</Channel><Provider>Microsoft-Windows-Kernel-General</Provider><Keywords></Keywords></RenderingInfo></Event><Event xmlns='http://schemas.microsoft.com/win/2004/08/events/event'><System><Provider Name='Microsoft-Windows-WindowsUpdateClient' Guid='{945a8954-c147-4acd-923f-40c45405a658}'/><EventID>44</EventID><Version>1</Version><Level>4</Level><Task>1</Task><Opcode>12</Opcode><Keywords>0x8000000000002004</Keywords><TimeCreated SystemTime='2020-07-02T00:21:05.741909400Z'/><EventRecordID>4275</EventRecordID><Correlation/><Execution ProcessID='11952' ThreadID='2424'/><Channel>System</Channel><Computer>DESKTOP-577B38M</Computer><Security UserID='S-1-5-18'/></System><EventData><Data Name='updateTitle'>9WZDNCRFHVN5-MICROSOFT.WINDOWSCALCULATOR</Data><Data Name='updateGuid'>{0589c756-972d-4ef8-978d-8225eeadf887}</Data><Data Name='updateRevisionNumber'>1</Data></EventData><RenderingInfo Culture='en-US'><Message>Windows Update started downloading an update.</Message><Level>Information</Level><Task>Windows Update Agent</Task><Opcode>Download</Opcode><Channel>System</Channel><Provider>Microsoft-Windows-WindowsUpdateClient</Provider><Keywords><Keyword>Download</Keyword><Keyword>Started</Keyword></Keywords></RenderingInfo></Event><Event xmlns='http://schemas.microsoft.com/win/2004/08/events/event'><System><Provider Name='Microsoft-Windows-WindowsUpdateClient' Guid='{945a8954-c147-4acd-923f-40c45405a658}'/><EventID>19</EventID><Version>1</Version><Level>4</Level><Task>1</Task><Opcode>13</Opcode><Keywords>0x8000000000000018</Keywords><TimeCreated SystemTime='2020-07-01T22:41:00.058667100Z'/><EventRecordID>4274</EventRecordID><Correlation/><Execution ProcessID='7812' ThreadID='11224'/><Channel>System</Channel><Computer>DESKTOP-577B38M</Computer><Security UserID='S-1-5-18'/></System><EventData><Data Name='updateTitle'>Security Intelligence Update for Microsoft Defender Antivirus - KB2267602 (Version 1.319.603.0)</Data><Data Name='updateGuid'>{68ee28e4-c93a-4af5-8f93-f0d23d890bbd}</Data><Data Name='updateRevisionNumber'>200</Data><Data Name='serviceGuid'>{9482f4b4-e343-43b6-b170-9a65bc822c77}</Data></EventData><RenderingInfo Culture='en-US'><Message>Installation Successful: Windows successfully installed the following update: Security Intelligence Update for Microsoft Defender Antivirus - KB2267602 (Version 1.319.603.0)</Message><Level>Information</Level><Task>Windows Update Agent</Task><Opcode>Installation</Opcode><Channel>System</Channel><Provider>Microsoft-Windows-WindowsUpdateClient</Provider><Keywords><Keyword>Installation</Keyword><Keyword>Success</Keyword></Keywords></RenderingInfo></Event><Event xmlns='http://schemas.microsoft.com/win/2004/08/events/event'><System><Provider Name='Microsoft-Windows-WindowsUpdateClient' Guid='{945a8954-c147-4acd-923f-40c45405a658}'/><EventID>43</EventID><Version>1</Version><Level>4</Level><Task>1</Task><Opcode>13</Opcode><Keywords>0x8000000000002008</Keywords><TimeCreated SystemTime='2020-07-01T22:40:47.763248200Z'/><EventRecordID>4273</EventRecordID><Correlation/><Execution ProcessID='7812' ThreadID='11224'/><Channel>System</Channel><Computer>DESKTOP-577B38M</Computer><Security UserID='S-1-5-18'/></System><EventData><Data Name='updateTitle'>Security Intelligence Update for Microsoft Defender Antivirus - KB2267602 (Version 1.319.603.0)</Data><Data Name='updateGuid'>{68ee28e4-c93a-4af5-8f93-f0d23d890bbd}</Data><Data Name='updateRevisionNumber'>200</Data></EventData><RenderingInfo Culture='en-US'><Message>Installation Started: Windows has started installing the following update: Security Intelligence Update for Microsoft Defender Antivirus - KB2267602 (Version 1.319.603.0)</Message><Level>Information</Level><Task>Windows Update Agent</Task><Opcode>Installation</Opcode><Channel>System</Channel><Provider>Microsoft-Windows-WindowsUpdateClient</Provider><Keywords><Keyword>Installation</Keyword><Keyword>Started</Keyword></Keywords></RenderingInfo></Event><Event xmlns='http://schemas.microsoft.com/win/2004/08/events/event'><System><Provider Name='Microsoft-Windows-WindowsUpdateClient' Guid='{945a8954-c147-4acd-923f-40c45405a658}'/><EventID>19</EventID><Version>1</Version><Level>4</Level><Task>1</Task><Opcode>13</Opcode><Keywords>0x8000000000000018</Keywords><TimeCreated SystemTime='2020-07-01T22:40:47.763244400Z'/><EventRecordID>4272</EventRecordID><Correlation/><Execution ProcessID='7812' ThreadID='11224'/><Channel>System</Channel><Computer>DESKTOP-577B38M</Computer><Security UserID='S-1-5-18'/></System><EventData><Data Name='updateTitle'>Update for Microsoft Defender Antivirus antimalware platform - KB4052623 (Version 4.18.2006.10)</Data><Data Name='updateGuid'>{574c4e34-7a64-4d62-a90d-62818c403ae0}</Data><Data Name='updateRevisionNumber'>200</Data><Data Name='serviceGuid'>{9482f4b4-e343-43b6-b170-9a65bc822c77}</Data></EventData><RenderingInfo Culture='en-US'><Message>Installation Successful: Windows successfully installed the following update: Update for Microsoft Defender Antivirus antimalware platform - KB4052623 (Version 4.18.2006.10)</Message><Level>Information</Level><Task>Windows Update Agent</Task><Opcode>Installation</Opcode><Channel>System</Channel><Provider>Microsoft-Windows-WindowsUpdateClient</Provider><Keywords><Keyword>Installation</Keyword><Keyword>Success</Keyword></Keywords></RenderingInfo></Event><Event xmlns='http://schemas.microsoft.com/win/2004/08/events/event'><System><Provider Name='Microsoft-Windows-FilterManager' Guid='{f3c5e28e-63f6-49c7-a204-e48a1bc4b09d}'/><EventID>6</EventID><Version>0</Version><Level>4</Level><Task>0</Task><Opcode>0</Opcode><Keywords>0x8000000000000000</Keywords><TimeCreated SystemTime='2020-07-01T22:40:35.419330600Z'/><EventRecordID>4271</EventRecordID><Correlation/><Execution ProcessID='4' ThreadID='1688'/><Channel>System</Channel><Computer>DESKTOP-577B38M</Computer><Security UserID='S-1-5-18'/></System><EventData><Data Name='FinalStatus'>0x0</Data><Data Name='DeviceVersionMajor'>10</Data><Data Name='DeviceVersionMinor'>0</Data><Data Name='DeviceNameLength'>8</Data><Data Name='DeviceName'>WdFilter</Data><Data Name='DeviceTime'>2024-05-21T18:05:18.000000000Z</Data></EventData><RenderingInfo Culture='en-US'><Message>File System Filter 'WdFilter' (10.0, ‎2024‎-‎05‎-‎21T18:05:18.000000000Z) has successfully loaded and registered with Filter Manager.</Message><Level>Information</Level><Task></Task><Opcode>Info</Opcode><Channel>System</Channel><Provider>Microsoft-Windows-FilterManager</Provider><Keywords></Keywords></RenderingInfo></Event><Event xmlns='http://schemas.microsoft.com/win/2004/08/events/event'><System><Provider Name='Microsoft-Windows-FilterManager' Guid='{f3c5e28e-63f6-49c7-a204-e48a1bc4b09d}'/><EventID>1</EventID><Version>0</Version><Level>4</Level><Task>0</Task><Opcode>0</Opcode><Keywords>0x8000000000000000</Keywords><TimeCreated SystemTime='2020-07-01T22:40:30.594820200Z'/><EventRecordID>4270</EventRecordID><Correlation/><Execution ProcessID='4' ThreadID='5972'/><Channel>System</Channel><Computer>DESKTOP-577B38M</Computer><Security UserID='S-1-5-18'/></System><EventData><Data Name='FinalStatus'>0x0</Data><Data Name='DeviceVersionMajor'>10</Data><Data Name='DeviceVersionMinor'>0</Data><Data Name='DeviceNameLength'>8</Data><Data Name='DeviceName'>WdFilter</Data><Data Name='DeviceTime'>2035-03-13T00:12:34.000000000Z</Data></EventData><RenderingInfo Culture='en-US'><Message>File System Filter 'WdFilter' (Version 10.0, ‎2035‎-‎03‎-‎13T00:12:34.000000000Z) unloaded successfully.</Message><Level>Information</Level><Task></Task><Opcode>Info</Opcode><Channel>System</Channel><Provider>Microsoft-Windows-FilterManager</Provider><Keywords></Keywords></RenderingInfo></Event><Event xmlns='http://schemas.microsoft.com/win/2004/08/events/event'><System><Provider Name='Microsoft-Windows-WindowsUpdateClient' Guid='{945a8954-c147-4acd-923f-40c45405a658}'/><EventID>43</EventID><Version>1</Version><Level>4</Level><Task>1</Task><Opcode>13</Opcode><Keywords>0x8000000000002008</Keywords><TimeCreated SystemTime='2020-07-01T22:40:24.113853100Z'/><EventRecordID>4269</EventRecordID><Correlation/><Execution ProcessID='7812' ThreadID='11224'/><Channel>System</Channel><Computer>DESKTOP-577B38M</Computer><Security UserID='S-1-5-18'/></System><EventData><Data Name='updateTitle'>Update for Microsoft Defender Antivirus antimalware platform - KB4052623 (Version 4.18.2006.10)</Data><Data Name='updateGuid'>{574c4e34-7a64-4d62-a90d-62818c403ae0}</Data><Data Name='updateRevisionNumber'>200</Data></EventData><RenderingInfo Culture='en-US'><Message>Installation Started: Windows has started installing the following update: Update for Microsoft Defender Antivirus antimalware platform - KB4052623 (Version 4.18.2006.10)</Message><Level>Information</Level><Task>Windows Update Agent</Task><Opcode>Installation</Opcode><Channel>System</Channel><Provider>Microsoft-Windows-WindowsUpdateClient</Provider><Keywords><Keyword>Installation</Keyword><Keyword>Started</Keyword></Keywords></RenderingInfo></Event><Event xmlns='http://schemas.microsoft.com/win/2004/08/events/event'><System><Provider Name='Microsoft-Windows-WindowsUpdateClient' Guid='{945a8954-c147-4acd-923f-40c45405a658}'/><EventID>44</EventID><Version>1</Version><Level>4</Level><Task>1</Task><Opcode>12</Opcode><Keywords>0x8000000000002004</Keywords><TimeCreated SystemTime='2020-07-01T22:40:24.113848600Z'/><EventRecordID>4268</EventRecordID><Correlation/><Execution ProcessID='7812' ThreadID='11224'/><Channel>System</Channel><Computer>DESKTOP-577B38M</Computer><Security UserID='S-1-5-18'/></System><EventData><Data Name='updateTitle'>Security Intelligence Update for Microsoft Defender Antivirus - KB2267602 (Version 1.319.603.0)</Data><Data Name='updateGuid'>{68ee28e4-c93a-4af5-8f93-f0d23d890bbd}</Data><Data Name='updateRevisionNumber'>200</Data></EventData><RenderingInfo Culture='en-US'><Message>Windows Update started downloading an update.</Message><Level>Information</Level><Task>Windows Update Agent</Task><Opcode>Download</Opcode><Channel>System</Channel><Provider>Microsoft-Windows-WindowsUpdateClient</Provider><Keywords><Keyword>Download</Keyword><Keyword>Started</Keyword></Keywords></RenderingInfo></Event><Event xmlns='http://schemas.microsoft.com/win/2004/08/events/event'><System><Provider Name='Microsoft-Windows-WindowsUpdateClient' Guid='{945a8954-c147-4acd-923f-40c45405a658}'/><EventID>44</EventID><Version>1</Version><Level>4</Level><Task>1</Task><Opcode>12</Opcode><Keywords>0x8000000000002004</Keywords><TimeCreated SystemTime='2020-07-01T22:40:24.113846000Z'/><EventRecordID>4267</EventRecordID><Correlation/><Execution ProcessID='7812' ThreadID='11224'/><Channel>System</Channel><Computer>DESKTOP-577B38M</Computer><Security UserID='S-1-5-18'/></System><EventData><Data Name='updateTitle'>Update for Microsoft Defender Antivirus antimalware platform - KB4052623 (Version 4.18.2006.10)</Data><Data Name='updateGuid'>{574c4e34-7a64-4d62-a90d-62818c403ae0}</Data><Data Name='updateRevisionNumber'>200</Data></EventData><RenderingInfo Culture='en-US'><Message>Windows Update started downloading an update.</Message><Level>Information</Level><Task>Windows Update Agent</Task><Opcode>Download</Opcode><Channel>System</Channel><Provider>Microsoft-Windows-WindowsUpdateClient</Provider><Keywords><Keyword>Download</Keyword><Keyword>Started</Keyword></Keywords></RenderingInfo></Event><Event xmlns='http://schemas.microsoft.com/win/2004/08/events/event'><System><Provider Name='Microsoft-Windows-Kernel-General' Guid='{a68ca8b7-004f-d7b6-a698-07e2de0f1f5d}'/><EventID>16</EventID><Version>0</Version><Level>4</Level><Task>0</Task><Opcode>0</Opcode><Keywords>0x8000000000000000</Keywords><TimeCreated SystemTime='2020-07-01T21:32:42.407946500Z'/><EventRecordID>4266</EventRecordID><Correlation/><Execution ProcessID='7340' ThreadID='2980'/><Channel>System</Channel><Computer>DESKTOP-577B38M</Computer><Security UserID='S-1-5-18'/></System><EventData><Data Name='HiveNameLength'>94</Data><Data Name='HiveName'>\??\C:\Users\PC\AppData\Local\Packages\windows.printdialog_cw5n1h2txyewy\Settings\settings.dat</Data><Data Name='KeysUpdated'>2</Data><Data Name='DirtyPages'>1</Data></EventData><RenderingInfo Culture='en-US'><Message>The access history in hive \??\C:\Users\PC\AppData\Local\Packages\windows.printdialog_cw5n1h2txyewy\Settings\settings.dat was cleared updating 2 keys and creating 1 modified pages.</Message><Level>Information</Level><Task></Task><Opcode>Info</Opcode><Channel>System</Channel><Provider>Microsoft-Windows-Kernel-General</Provider><Keywords></Keywords></RenderingInfo></Event><Event xmlns='http://schemas.microsoft.com/win/2004/08/events/event'><System><Provider Name='Microsoft-Windows-Kernel-General' Guid='{a68ca8b7-004f-d7b6-a698-07e2de0f1f5d}'/><EventID>16</EventID><Version>0</Version><Level>4</Level><Task>0</Task><Opcode>0</Opcode><Keywords>0x8000000000000000</Keywords><TimeCreated SystemTime='2020-07-01T21:32:42.384204600Z'/><EventRecordID>4265</EventRecordID><Correlation/><Execution ProcessID='7340' ThreadID='2980'/><Channel>System</Channel><Computer>DESKTOP-577B38M</Computer><Security UserID='S-1-5-18'/></System><EventData><Data Name='HiveNameLength'>104</Data><Data Name='HiveName'>\??\C:\Users\PC\AppData\Local\Packages\windows.immersivecontrolpanel_cw5n1h2txyewy\Settings\settings.dat</Data><Data Name='KeysUpdated'>2</Data><Data Name='DirtyPages'>1</Data></EventData><RenderingInfo Culture='en-US'><Message>The access history in hive \??\C:\Users\PC\AppData\Local\Packages\windows.immersivecontrolpanel_cw5n1h2txyewy\Settings\settings.dat was cleared updating 2 keys and creating 1 modified pages.</Message><Level>Information</Level><Task></Task><Opcode>Info</Opcode><Channel>System</Channel><Provider>Microsoft-Windows-Kernel-General</Provider><Keywords></Keywords></RenderingInfo></Event><Event xmlns='http://schemas.microsoft.com/win/2004/08/events/event'><System><Provider Name='Microsoft-Windows-Kernel-General' Guid='{a68ca8b7-004f-d7b6-a698-07e2de0f1f5d}'/><EventID>16</EventID><Version>0</Version><Level>4</Level><Task>0</Task><Opcode>0</Opcode><Keywords>0x8000000000000000</Keywords><TimeCreated SystemTime='2020-07-01T21:32:42.359784300Z'/><EventRecordID>4264</EventRecordID><Correlation/><Execution ProcessID='7340' ThreadID='2980'/><Channel>System</Channel><Computer>DESKTOP-577B38M</Computer><Security UserID='S-1-5-18'/></System><EventData><Data Name='HiveNameLength'>93</Data><Data Name='HiveName'>\??\C:\Users\PC\AppData\Local\Packages\windows.cbspreview_cw5n1h2txyewy\Settings\settings.dat</Data><Data Name='KeysUpdated'>2</Data><Data Name='DirtyPages'>1</Data></EventData><RenderingInfo Culture='en-US'><Message>The access history in hive \??\C:\Users\PC\AppData\Local\Packages\windows.cbspreview_cw5n1h2txyewy\Settings\settings.dat was cleared updating 2 keys and creating 1 modified pages.</Message><Level>Information</Level><Task></Task><Opcode>Info</Opcode><Channel>System</Channel><Provider>Microsoft-Windows-Kernel-General</Provider><Keywords></Keywords></RenderingInfo></Event><Event xmlns='http://schemas.microsoft.com/win/2004/08/events/event'><System><Provider Name='Microsoft-Windows-Kernel-General' Guid='{a68ca8b7-004f-d7b6-a698-07e2de0f1f5d}'/><EventID>16</EventID><Version>0</Version><Level>4</Level><Task>0</Task><Opcode>0</Opcode><Keywords>0x8000000000000000</Keywords><TimeCreated SystemTime='2020-07-01T21:32:42.243908700Z'/><EventRecordID>4263</EventRecordID><Correlation/><Execution ProcessID='7340' ThreadID='2980'/><Channel>System</Channel><Computer>DESKTOP-577B38M</Computer><Security UserID='S-1-5-18'/></System><EventData><Data Name='HiveNameLength'>108</Data><Data Name='HiveName'>\??\C:\Users\PC\AppData\Local\Packages\microsoft.xboxspeechtotextoverlay_8wekyb3d8bbwe\Settings\settings.dat</Data><Data Name='KeysUpdated'>2</Data><Data Name='DirtyPages'>1</Data></EventData><RenderingInfo Culture='en-US'><Message>The access history in hive \??\C:\Users\PC\AppData\Local\Packages\microsoft.xboxspeechtotextoverlay_8wekyb3d8bbwe\Settings\settings.dat was cleared updating 2 keys and creating 1 modified pages.</Message><Level>Information</Level><Task></Task><Opcode>Info</Opcode><Channel>System</Channel><Provider>Microsoft-Windows-Kernel-General</Provider><Keywords></Keywords></RenderingInfo></Event><Event xmlns='http://schemas.microsoft.com/win/2004/08/events/event'><System><Provider Name='Microsoft-Windows-Kernel-General' Guid='{a68ca8b7-004f-d7b6-a698-07e2de0f1f5d}'/><EventID>16</EventID><Version>0</Version><Level>4</Level><Task>0</Task><Opcode>0</Opcode><Keywords>0x8000000000000000</Keywords><TimeCreated SystemTime='2020-07-01T21:32:42.157245500Z'/><EventRecordID>4262</EventRecordID><Correlation/><Execution ProcessID='7340' ThreadID='2980'/><Channel>System</Channel><Computer>DESKTOP-577B38M</Computer><Security UserID='S-1-5-18'/></System><EventData><Data Name='HiveNameLength'>100</Data><Data Name='HiveName'>\??\C:\Users\PC\AppData\Local\Packages\microsoft.xboxgameoverlay_8wekyb3d8bbwe\Settings\settings.dat</Data><Data Name='KeysUpdated'>2</Data><Data Name='DirtyPages'>1</Data></EventData><RenderingInfo Culture='en-US'><Message>The access history in hive \??\C:\Users\PC\AppData\Local\Packages\microsoft.xboxgameoverlay_8wekyb3d8bbwe\Settings\settings.dat was cleared updating 2 keys and creating 1 modified pages.</Message><Level>Information</Level><Task></Task><Opcode>Info</Opcode><Channel>System</Channel><Provider>Microsoft-Windows-Kernel-General</Provider><Keywords></Keywords></RenderingInfo></Event><Event xmlns='http://schemas.microsoft.com/win/2004/08/events/event'><System><Provider Name='Microsoft-Windows-Kernel-General' Guid='{a68ca8b7-004f-d7b6-a698-07e2de0f1f5d}'/><EventID>16</EventID><Version>0</Version><Level>4</Level><Task>0</Task><Opcode>0</Opcode><Keywords>0x8000000000000000</Keywords><TimeCreated SystemTime='2020-07-01T21:32:42.111895800Z'/><EventRecordID>4261</EventRecordID><Correlation/><Execution ProcessID='7340' ThreadID='2980'/><Channel>System</Channel><Computer>DESKTOP-577B38M</Computer><Security UserID='S-1-5-18'/></System><EventData><Data Name='HiveNameLength'>103</Data><Data Name='HiveName'>\??\C:\Users\PC\AppData\Local\Packages\microsoft.xboxgamecallableui_cw5n1h2txyewy\Settings\settings.dat</Data><Data Name='KeysUpdated'>2</Data><Data Name='DirtyPages'>1</Data></EventData><RenderingInfo Culture='en-US'><Message>The access history in hive \??\C:\Users\PC\AppData\Local\Packages\microsoft.xboxgamecallableui_cw5n1h2txyewy\Settings\settings.dat was cleared updating 2 keys and creating 1 modified pages.</Message><Level>Information</Level><Task></Task><Opcode>Info</Opcode><Channel>System</Channel><Provider>Microsoft-Windows-Kernel-General</Provider><Keywords></Keywords></RenderingInfo></Event><Event xmlns='http://schemas.microsoft.com/win/2004/08/events/event'><System><Provider Name='Microsoft-Windows-Kernel-General' Guid='{a68ca8b7-004f-d7b6-a698-07e2de0f1f5d}'/><EventID>16</EventID><Version>0</Version><Level>4</Level><Task>0</Task><Opcode>0</Opcode><Keywords>0x8000000000000000</Keywords><TimeCreated SystemTime='2020-07-01T21:32:41.915299300Z'/><EventRecordID>4260</EventRecordID><Correlation/><Execution ProcessID='7340' ThreadID='2980'/><Channel>System</Channel><Computer>DESKTOP-577B38M</Computer><Security UserID='S-1-5-18'/></System><EventData><Data Name='HiveNameLength'>108</Data><Data Name='HiveName'>\??\C:\Users\PC\AppData\Local\Packages\microsoft.windows.xgpuejectdialog_cw5n1h2txyewy\Settings\settings.dat</Data><Data Name='KeysUpdated'>2</Data><Data Name='DirtyPages'>1</Data></EventData><RenderingInfo Culture='en-US'><Message>The access history in hive \??\C:\Users\PC\AppData\Local\Packages\microsoft.windows.xgpuejectdialog_cw5n1h2txyewy\Settings\settings.dat was cleared updating 2 keys and creating 1 modified pages.</Message><Level>Information</Level><Task></Task><Opcode>Info</Opcode><Channel>System</Channel><Provider>Microsoft-Windows-Kernel-General</Provider><Keywords></Keywords></RenderingInfo></Event><Event xmlns='http://schemas.microsoft.com/win/2004/08/events/event'><System><Provider Name='Microsoft-Windows-Kernel-General' Guid='{a68ca8b7-004f-d7b6-a698-07e2de0f1f5d}'/><EventID>16</EventID><Version>0</Version><Level>4</Level><Task>0</Task><Opcode>0</Opcode><Keywords>0x8000000000000000</Keywords><TimeCreated SystemTime='2020-07-01T21:32:41.868664800Z'/><EventRecordID>4259</EventRecordID><Correlation/><Execution ProcessID='7340' ThreadID='2980'/><Channel>System</Channel><Computer>DESKTOP-577B38M</Computer><Security UserID='S-1-5-18'/></System><EventData><Data Name='HiveNameLength'>116</Data><Data Name='HiveName'>\??\C:\Users\PC\AppData\Local\Packages\microsoft.windows.secureassessmentbrowser_cw5n1h2txyewy\Settings\settings.dat</Data><Data Name='KeysUpdated'>2</Data><Data Name='DirtyPages'>1</Data></EventData><RenderingInfo Culture='en-US'><Message>The access history in hive \??\C:\Users\PC\AppData\Local\Packages\microsoft.windows.secureassessmentbrowser_cw5n1h2txyewy\Settings\settings.dat was cleared updating 2 keys and creating 1 modified pages.</Message><Level>Information</Level><Task></Task><Opcode>Info</Opcode><Channel>System</Channel><Provider>Microsoft-Windows-Kernel-General</Provider><Keywords></Keywords></RenderingInfo></Event><Event xmlns='http://schemas.microsoft.com/win/2004/08/events/event'><System><Provider Name='Microsoft-Windows-Kernel-General' Guid='{a68ca8b7-004f-d7b6-a698-07e2de0f1f5d}'/><EventID>16</EventID><Version>0</Version><Level>4</Level><Task>0</Task><Opcode>0</Opcode><Keywords>0x8000000000000000</Keywords><TimeCreated SystemTime='2020-07-01T21:32:41.843968900Z'/><EventRecordID>4258</EventRecordID><Correlation/><Execution ProcessID='7340' ThreadID='2980'/><Channel>System</Channel><Computer>DESKTOP-577B38M</Computer><Security UserID='S-1-5-18'/></System><EventData><Data Name='HiveNameLength'>104</Data><Data Name='HiveName'>\??\C:\Users\PC\AppData\Local\Packages\microsoft.windows.sechealthui_cw5n1h2txyewy\Settings\settings.dat</Data><Data Name='KeysUpdated'>2</Data><Data Name='DirtyPages'>1</Data></EventData><RenderingInfo Culture='en-US'><Message>The access history in hive \??\C:\Users\PC\AppData\Local\Packages\microsoft.windows.sechealthui_cw5n1h2txyewy\Settings\settings.dat was cleared updating 2 keys and creating 1 modified pages.</Message><Level>Information</Level><Task></Task><Opcode>Info</Opcode><Channel>System</Channel><Provider>Microsoft-Windows-Kernel-General</Provider><Keywords></Keywords></RenderingInfo></Event>