<Event xmlns='http://schemas.microsoft.com/win/2004/08/events/event'><System><Provider Name='Microsoft-Windows-DistributedCOM' Guid='{1B562E86-B7AA-4131-BADC-B6F3A001407E}' EventSourceName='DCOM'/><EventID Qualifiers='0'>10016</EventID><Version>0</Version><Level>3</Level><Task>0</Task><Opcode>0</Opcode><Keywords>0x8080000000000000</Keywords><TimeCreated SystemTime='2020-06-14T18:35:54.542327400Z'/><EventRecordID>3157</EventRecordID><Correlation ActivityID='{1b3875f7-bee0-4c87-aa6c-92eaa0eeafa5}'/><Execution ProcessID='1000' ThreadID='3408'/><Channel>System</Channel><Computer>DESKTOP-577B38M</Computer><Security UserID='S-1-5-21-839496821-663164669-2267191325-1002'/></System><EventData><Data Name='param1'>machine-default</Data><Data Name='param2'>Local</Data><Data Name='param3'>Activation</Data><Data Name='param4'>{C2F03A33-21F5-47FA-B4BB-156362A2F239}</Data><Data Name='param5'>{316CDED5-E4AE-4B15-9113-7055D84DCC97}</Data><Data Name='param6'>DESKTOP-577B38M</Data><Data Name='param7'>PC</Data><Data Name='param8'>S-1-5-21-839496821-663164669-2267191325-1002</Data><Data Name='param9'>LocalHost (Using LRPC)</Data><Data Name='param10'>Microsoft.Windows.ShellExperienceHost_10.0.18362.449_neutral_neutral_cw5n1h2txyewy</Data><Data Name='param11'>S-1-15-2-155514346-2573954481-755741238-1654018636-1233331829-3075935687-2861478708</Data></EventData><RenderingInfo Culture='en-US'><Message>The machine-default permission settings do not grant Local Activation permission for the COM Server application with CLSID 
{C2F03A33-21F5-47FA-B4BB-156362A2F239}
 and APPID 
{316CDED5-E4AE-4B15-9113-7055D84DCC97}
 to the user DESKTOP-577B38M\PC SID (S-1-5-21-839496821-663164669-2267191325-1002) from address LocalHost (Using LRPC) running in the application container Microsoft.Windows.ShellExperienceHost_10.0.18362.449_neutral_neutral_cw5n1h2txyewy SID (S-1-15-2-155514346-2573954481-755741238-1654018636-1233331829-3075935687-2861478708). This security permission can be modified using the Component Services administrative tool.</Message><Level>Warning</Level><Task></Task><Opcode>Info</Opcode><Channel></Channel><Provider>Microsoft-Windows-DistributedCOM</Provider><Keywords><Keyword>Classic</Keyword></Keywords></RenderingInfo></Event><Event xmlns='http://schemas.microsoft.com/win/2004/08/events/event'><System><Provider Name='Microsoft-Windows-DistributedCOM' Guid='{1B562E86-B7AA-4131-BADC-B6F3A001407E}' EventSourceName='DCOM'/><EventID Qualifiers='0'>10016</EventID><Version>0</Version><Level>3</Level><Task>0</Task><Opcode>0</Opcode><Keywords>0x8080000000000000</Keywords><TimeCreated SystemTime='2020-06-14T16:48:02.175391300Z'/><EventRecordID>3156</EventRecordID><Correlation ActivityID='{d20c634e-1ba0-4c84-b252-4649f86c515f}'/><Execution ProcessID='1000' ThreadID='1936'/><Channel>System</Channel><Computer>DESKTOP-577B38M</Computer><Security UserID='S-1-5-21-839496821-663164669-2267191325-1002'/></System><EventData><Data Name='param1'>machine-default</Data><Data Name='param2'>Local</Data><Data Name='param3'>Activation</Data><Data Name='param4'>{C2F03A33-21F5-47FA-B4BB-156362A2F239}</Data><Data Name='param5'>{316CDED5-E4AE-4B15-9113-7055D84DCC97}</Data><Data Name='param6'>DESKTOP-577B38M</Data><Data Name='param7'>PC</Data><Data Name='param8'>S-1-5-21-839496821-663164669-2267191325-1002</Data><Data Name='param9'>LocalHost (Using LRPC)</Data><Data Name='param10'>Microsoft.Windows.ShellExperienceHost_10.0.18362.449_neutral_neutral_cw5n1h2txyewy</Data><Data Name='param11'>S-1-15-2-155514346-2573954481-755741238-1654018636-1233331829-3075935687-2861478708</Data></EventData><RenderingInfo Culture='en-US'><Message>The machine-default permission settings do not grant Local Activation permission for the COM Server application with CLSID 
{C2F03A33-21F5-47FA-B4BB-156362A2F239}
 and APPID 
{316CDED5-E4AE-4B15-9113-7055D84DCC97}
 to the user DESKTOP-577B38M\PC SID (S-1-5-21-839496821-663164669-2267191325-1002) from address LocalHost (Using LRPC) running in the application container Microsoft.Windows.ShellExperienceHost_10.0.18362.449_neutral_neutral_cw5n1h2txyewy SID (S-1-15-2-155514346-2573954481-755741238-1654018636-1233331829-3075935687-2861478708). This security permission can be modified using the Component Services administrative tool.</Message><Level>Warning</Level><Task></Task><Opcode>Info</Opcode><Channel></Channel><Provider>Microsoft-Windows-DistributedCOM</Provider><Keywords><Keyword>Classic</Keyword></Keywords></RenderingInfo></Event><Event xmlns='http://schemas.microsoft.com/win/2004/08/events/event'><System><Provider Name='Service Control Manager' Guid='{555908d1-a6d7-4695-8e1e-26931d2012f4}' EventSourceName='Service Control Manager'/><EventID Qualifiers='16384'>7040</EventID><Version>0</Version><Level>4</Level><Task>0</Task><Opcode>0</Opcode><Keywords>0x8080000000000000</Keywords><TimeCreated SystemTime='2020-06-14T16:06:23.449200400Z'/><EventRecordID>3155</EventRecordID><Correlation/><Execution ProcessID='716' ThreadID='5704'/><Channel>System</Channel><Computer>DESKTOP-577B38M</Computer><Security UserID='S-1-5-18'/></System><EventData><Data Name='param1'>Background Intelligent Transfer Service</Data><Data Name='param2'>auto start</Data><Data Name='param3'>demand start</Data><Data Name='param4'>BITS</Data></EventData><RenderingInfo Culture='en-US'><Message>The start type of the Background Intelligent Transfer Service service was changed from auto start to demand start.</Message><Level>Information</Level><Task></Task><Opcode></Opcode><Channel></Channel><Provider>Microsoft-Windows-Service Control Manager</Provider><Keywords><Keyword>Classic</Keyword></Keywords></RenderingInfo></Event><Event xmlns='http://schemas.microsoft.com/win/2004/08/events/event'><System><Provider Name='Service Control Manager' Guid='{555908d1-a6d7-4695-8e1e-26931d2012f4}' EventSourceName='Service Control Manager'/><EventID Qualifiers='16384'>7040</EventID><Version>0</Version><Level>4</Level><Task>0</Task><Opcode>0</Opcode><Keywords>0x8080000000000000</Keywords><TimeCreated SystemTime='2020-06-14T16:04:06.935186800Z'/><EventRecordID>3154</EventRecordID><Correlation/><Execution ProcessID='716' ThreadID='7456'/><Channel>System</Channel><Computer>DESKTOP-577B38M</Computer><Security UserID='S-1-5-18'/></System><EventData><Data Name='param1'>Background Intelligent Transfer Service</Data><Data Name='param2'>demand start</Data><Data Name='param3'>auto start</Data><Data Name='param4'>BITS</Data></EventData><RenderingInfo Culture='en-US'><Message>The start type of the Background Intelligent Transfer Service service was changed from demand start to auto start.</Message><Level>Information</Level><Task></Task><Opcode></Opcode><Channel></Channel><Provider>Microsoft-Windows-Service Control Manager</Provider><Keywords><Keyword>Classic</Keyword></Keywords></RenderingInfo></Event><Event xmlns='http://schemas.microsoft.com/win/2004/08/events/event'><System><Provider Name='Microsoft-Windows-DistributedCOM' Guid='{1B562E86-B7AA-4131-BADC-B6F3A001407E}' EventSourceName='DCOM'/><EventID Qualifiers='0'>10016</EventID><Version>0</Version><Level>3</Level><Task>0</Task><Opcode>0</Opcode><Keywords>0x8080000000000000</Keywords><TimeCreated SystemTime='2020-06-14T16:03:06.435140800Z'/><EventRecordID>3153</EventRecordID><Correlation ActivityID='{b4eefe36-a7d1-42a1-8ecf-51dad14ac93e}'/><Execution ProcessID='1000' ThreadID='3460'/><Channel>System</Channel><Computer>DESKTOP-577B38M</Computer><Security UserID='S-1-5-21-839496821-663164669-2267191325-1002'/></System><EventData><Data Name='param1'>application-specific</Data><Data Name='param2'>Local</Data><Data Name='param3'>Activation</Data><Data Name='param4'>{2593F8B9-4EAF-457C-B68A-50F6B8EA6B54}</Data><Data Name='param5'>{15C20B67-12E7-4BB6-92BB-7AFF07997402}</Data><Data Name='param6'>DESKTOP-577B38M</Data><Data Name='param7'>PC</Data><Data Name='param8'>S-1-5-21-839496821-663164669-2267191325-1002</Data><Data Name='param9'>LocalHost (Using LRPC)</Data><Data Name='param10'>Unavailable</Data><Data Name='param11'>Unavailable</Data></EventData><RenderingInfo Culture='en-US'><Message>The application-specific permission settings do not grant Local Activation permission for the COM Server application with CLSID 
{2593F8B9-4EAF-457C-B68A-50F6B8EA6B54}
 and APPID 
{15C20B67-12E7-4BB6-92BB-7AFF07997402}
 to the user DESKTOP-577B38M\PC SID (S-1-5-21-839496821-663164669-2267191325-1002) from address LocalHost (Using LRPC) running in the application container Unavailable SID (Unavailable). This security permission can be modified using the Component Services administrative tool.</Message><Level>Warning</Level><Task></Task><Opcode>Info</Opcode><Channel></Channel><Provider>Microsoft-Windows-DistributedCOM</Provider><Keywords><Keyword>Classic</Keyword></Keywords></RenderingInfo></Event><Event xmlns='http://schemas.microsoft.com/win/2004/08/events/event'><System><Provider Name='Service Control Manager' Guid='{555908d1-a6d7-4695-8e1e-26931d2012f4}' EventSourceName='Service Control Manager'/><EventID Qualifiers='16384'>7040</EventID><Version>0</Version><Level>4</Level><Task>0</Task><Opcode>0</Opcode><Keywords>0x8080000000000000</Keywords><TimeCreated SystemTime='2020-06-14T15:32:26.621403200Z'/><EventRecordID>3152</EventRecordID><Correlation/><Execution ProcessID='716' ThreadID='9132'/><Channel>System</Channel><Computer>DESKTOP-577B38M</Computer><Security UserID='S-1-5-18'/></System><EventData><Data Name='param1'>Background Intelligent Transfer Service</Data><Data Name='param2'>auto start</Data><Data Name='param3'>demand start</Data><Data Name='param4'>BITS</Data></EventData><RenderingInfo Culture='en-US'><Message>The start type of the Background Intelligent Transfer Service service was changed from auto start to demand start.</Message><Level>Information</Level><Task></Task><Opcode></Opcode><Channel></Channel><Provider>Microsoft-Windows-Service Control Manager</Provider><Keywords><Keyword>Classic</Keyword></Keywords></RenderingInfo></Event><Event xmlns='http://schemas.microsoft.com/win/2004/08/events/event'><System><Provider Name='Tcpip'/><EventID Qualifiers='49152'>4199</EventID><Level>2</Level><Task>0</Task><Keywords>0x80000000000000</Keywords><TimeCreated SystemTime='2020-06-14T15:31:22.147648500Z'/><EventRecordID>3151</EventRecordID><Channel>System</Channel><Computer>DESKTOP-577B38M</Computer><Security/></System><EventData><Data></Data><Data>2a03:ec00:b193:1099:2054:fa35:50ad:4</Data><Data>78-0C-B8-49-41-D9</Data><Binary>0000000003002C0000000000671000C0020000000000000000000000000000000000000000000000</Binary></EventData><RenderingInfo Culture='en-US'><Message>The system detected an address conflict for IP address 2a03:ec00:b193:1099:2054:fa35:50ad:4 with the system having network hardware address 78-0C-B8-49-41-D9. Network operations on this system may be disrupted as a result.</Message><Level>Error</Level><Task></Task><Opcode></Opcode><Channel></Channel><Provider></Provider><Keywords><Keyword>Classic</Keyword></Keywords></RenderingInfo></Event><Event xmlns='http://schemas.microsoft.com/win/2004/08/events/event'><System><Provider Name='Service Control Manager' Guid='{555908d1-a6d7-4695-8e1e-26931d2012f4}' EventSourceName='Service Control Manager'/><EventID Qualifiers='16384'>7040</EventID><Version>0</Version><Level>4</Level><Task>0</Task><Opcode>0</Opcode><Keywords>0x8080000000000000</Keywords><TimeCreated SystemTime='2020-06-14T15:29:57.306123300Z'/><EventRecordID>3150</EventRecordID><Correlation/><Execution ProcessID='716' ThreadID='5704'/><Channel>System</Channel><Computer>DESKTOP-577B38M</Computer><Security UserID='S-1-5-18'/></System><EventData><Data Name='param1'>Background Intelligent Transfer Service</Data><Data Name='param2'>demand start</Data><Data Name='param3'>auto start</Data><Data Name='param4'>BITS</Data></EventData><RenderingInfo Culture='en-US'><Message>The start type of the Background Intelligent Transfer Service service was changed from demand start to auto start.</Message><Level>Information</Level><Task></Task><Opcode></Opcode><Channel></Channel><Provider>Microsoft-Windows-Service Control Manager</Provider><Keywords><Keyword>Classic</Keyword></Keywords></RenderingInfo></Event><Event xmlns='http://schemas.microsoft.com/win/2004/08/events/event'><System><Provider Name='Microsoft-Windows-DistributedCOM' Guid='{1B562E86-B7AA-4131-BADC-B6F3A001407E}' EventSourceName='DCOM'/><EventID Qualifiers='0'>10016</EventID><Version>0</Version><Level>3</Level><Task>0</Task><Opcode>0</Opcode><Keywords>0x8080000000000000</Keywords><TimeCreated SystemTime='2020-06-14T15:29:09.754393700Z'/><EventRecordID>3149</EventRecordID><Correlation ActivityID='{89f4d4ae-573a-4abe-8ddd-ddb4a0ebfdd8}'/><Execution ProcessID='1000' ThreadID='5428'/><Channel>System</Channel><Computer>DESKTOP-577B38M</Computer><Security UserID='S-1-5-21-839496821-663164669-2267191325-1002'/></System><EventData><Data Name='param1'>machine-default</Data><Data Name='param2'>Local</Data><Data Name='param3'>Activation</Data><Data Name='param4'>{C2F03A33-21F5-47FA-B4BB-156362A2F239}</Data><Data Name='param5'>{316CDED5-E4AE-4B15-9113-7055D84DCC97}</Data><Data Name='param6'>DESKTOP-577B38M</Data><Data Name='param7'>PC</Data><Data Name='param8'>S-1-5-21-839496821-663164669-2267191325-1002</Data><Data Name='param9'>LocalHost (Using LRPC)</Data><Data Name='param10'>Microsoft.Windows.ShellExperienceHost_10.0.18362.449_neutral_neutral_cw5n1h2txyewy</Data><Data Name='param11'>S-1-15-2-155514346-2573954481-755741238-1654018636-1233331829-3075935687-2861478708</Data></EventData><RenderingInfo Culture='en-US'><Message>The machine-default permission settings do not grant Local Activation permission for the COM Server application with CLSID 
{C2F03A33-21F5-47FA-B4BB-156362A2F239}
 and APPID 
{316CDED5-E4AE-4B15-9113-7055D84DCC97}
 to the user DESKTOP-577B38M\PC SID (S-1-5-21-839496821-663164669-2267191325-1002) from address LocalHost (Using LRPC) running in the application container Microsoft.Windows.ShellExperienceHost_10.0.18362.449_neutral_neutral_cw5n1h2txyewy SID (S-1-15-2-155514346-2573954481-755741238-1654018636-1233331829-3075935687-2861478708). This security permission can be modified using the Component Services administrative tool.</Message><Level>Warning</Level><Task></Task><Opcode>Info</Opcode><Channel></Channel><Provider>Microsoft-Windows-DistributedCOM</Provider><Keywords><Keyword>Classic</Keyword></Keywords></RenderingInfo></Event><Event xmlns='http://schemas.microsoft.com/win/2004/08/events/event'><System><Provider Name='Microsoft-Windows-DistributedCOM' Guid='{1B562E86-B7AA-4131-BADC-B6F3A001407E}' EventSourceName='DCOM'/><EventID Qualifiers='0'>10016</EventID><Version>0</Version><Level>3</Level><Task>0</Task><Opcode>0</Opcode><Keywords>0x8080000000000000</Keywords><TimeCreated SystemTime='2020-06-14T15:28:56.729466700Z'/><EventRecordID>3148</EventRecordID><Correlation ActivityID='{245d586f-b50d-4337-99aa-554571c75335}'/><Execution ProcessID='1000' ThreadID='5928'/><Channel>System</Channel><Computer>DESKTOP-577B38M</Computer><Security UserID='S-1-5-21-839496821-663164669-2267191325-1002'/></System><EventData><Data Name='param1'>application-specific</Data><Data Name='param2'>Local</Data><Data Name='param3'>Activation</Data><Data Name='param4'>{2593F8B9-4EAF-457C-B68A-50F6B8EA6B54}</Data><Data Name='param5'>{15C20B67-12E7-4BB6-92BB-7AFF07997402}</Data><Data Name='param6'>DESKTOP-577B38M</Data><Data Name='param7'>PC</Data><Data Name='param8'>S-1-5-21-839496821-663164669-2267191325-1002</Data><Data Name='param9'>LocalHost (Using LRPC)</Data><Data Name='param10'>Unavailable</Data><Data Name='param11'>Unavailable</Data></EventData><RenderingInfo Culture='en-US'><Message>The application-specific permission settings do not grant Local Activation permission for the COM Server application with CLSID 
{2593F8B9-4EAF-457C-B68A-50F6B8EA6B54}
 and APPID 
{15C20B67-12E7-4BB6-92BB-7AFF07997402}
 to the user DESKTOP-577B38M\PC SID (S-1-5-21-839496821-663164669-2267191325-1002) from address LocalHost (Using LRPC) running in the application container Unavailable SID (Unavailable). This security permission can be modified using the Component Services administrative tool.</Message><Level>Warning</Level><Task></Task><Opcode>Info</Opcode><Channel></Channel><Provider>Microsoft-Windows-DistributedCOM</Provider><Keywords><Keyword>Classic</Keyword></Keywords></RenderingInfo></Event><Event xmlns='http://schemas.microsoft.com/win/2004/08/events/event'><System><Provider Name='Microsoft-Windows-DistributedCOM' Guid='{1B562E86-B7AA-4131-BADC-B6F3A001407E}' EventSourceName='DCOM'/><EventID Qualifiers='0'>10016</EventID><Version>0</Version><Level>3</Level><Task>0</Task><Opcode>0</Opcode><Keywords>0x8080000000000000</Keywords><TimeCreated SystemTime='2020-06-14T14:31:52.185792700Z'/><EventRecordID>3147</EventRecordID><Correlation ActivityID='{871f4f4d-30e6-4f07-a390-8493653f33dc}'/><Execution ProcessID='1000' ThreadID='2264'/><Channel>System</Channel><Computer>DESKTOP-577B38M</Computer><Security UserID='S-1-5-21-839496821-663164669-2267191325-1002'/></System><EventData><Data Name='param1'>machine-default</Data><Data Name='param2'>Local</Data><Data Name='param3'>Activation</Data><Data Name='param4'>{C2F03A33-21F5-47FA-B4BB-156362A2F239}</Data><Data Name='param5'>{316CDED5-E4AE-4B15-9113-7055D84DCC97}</Data><Data Name='param6'>DESKTOP-577B38M</Data><Data Name='param7'>PC</Data><Data Name='param8'>S-1-5-21-839496821-663164669-2267191325-1002</Data><Data Name='param9'>LocalHost (Using LRPC)</Data><Data Name='param10'>Microsoft.Windows.ShellExperienceHost_10.0.18362.449_neutral_neutral_cw5n1h2txyewy</Data><Data Name='param11'>S-1-15-2-155514346-2573954481-755741238-1654018636-1233331829-3075935687-2861478708</Data></EventData><RenderingInfo Culture='en-US'><Message>The machine-default permission settings do not grant Local Activation permission for the COM Server application with CLSID 
{C2F03A33-21F5-47FA-B4BB-156362A2F239}
 and APPID 
{316CDED5-E4AE-4B15-9113-7055D84DCC97}
 to the user DESKTOP-577B38M\PC SID (S-1-5-21-839496821-663164669-2267191325-1002) from address LocalHost (Using LRPC) running in the application container Microsoft.Windows.ShellExperienceHost_10.0.18362.449_neutral_neutral_cw5n1h2txyewy SID (S-1-15-2-155514346-2573954481-755741238-1654018636-1233331829-3075935687-2861478708). This security permission can be modified using the Component Services administrative tool.</Message><Level>Warning</Level><Task></Task><Opcode>Info</Opcode><Channel></Channel><Provider>Microsoft-Windows-DistributedCOM</Provider><Keywords><Keyword>Classic</Keyword></Keywords></RenderingInfo></Event><Event xmlns='http://schemas.microsoft.com/win/2004/08/events/event'><System><Provider Name='Service Control Manager' Guid='{555908d1-a6d7-4695-8e1e-26931d2012f4}' EventSourceName='Service Control Manager'/><EventID Qualifiers='16384'>7040</EventID><Version>0</Version><Level>4</Level><Task>0</Task><Opcode>0</Opcode><Keywords>0x8080000000000000</Keywords><TimeCreated SystemTime='2020-06-14T14:26:52.333077400Z'/><EventRecordID>3146</EventRecordID><Correlation/><Execution ProcessID='716' ThreadID='6336'/><Channel>System</Channel><Computer>DESKTOP-577B38M</Computer><Security UserID='S-1-5-18'/></System><EventData><Data Name='param1'>Background Intelligent Transfer Service</Data><Data Name='param2'>auto start</Data><Data Name='param3'>demand start</Data><Data Name='param4'>BITS</Data></EventData><RenderingInfo Culture='en-US'><Message>The start type of the Background Intelligent Transfer Service service was changed from auto start to demand start.</Message><Level>Information</Level><Task></Task><Opcode></Opcode><Channel></Channel><Provider>Microsoft-Windows-Service Control Manager</Provider><Keywords><Keyword>Classic</Keyword></Keywords></RenderingInfo></Event><Event xmlns='http://schemas.microsoft.com/win/2004/08/events/event'><System><Provider Name='Microsoft-Windows-DistributedCOM' Guid='{1B562E86-B7AA-4131-BADC-B6F3A001407E}' EventSourceName='DCOM'/><EventID Qualifiers='0'>10016</EventID><Version>0</Version><Level>3</Level><Task>0</Task><Opcode>0</Opcode><Keywords>0x8080000000000000</Keywords><TimeCreated SystemTime='2020-06-14T14:26:15.270983100Z'/><EventRecordID>3145</EventRecordID><Correlation ActivityID='{6e68dcf2-9cb3-465d-8897-7ee5770f5316}'/><Execution ProcessID='1000' ThreadID='1960'/><Channel>System</Channel><Computer>DESKTOP-577B38M</Computer><Security UserID='S-1-5-21-839496821-663164669-2267191325-1002'/></System><EventData><Data Name='param1'>machine-default</Data><Data Name='param2'>Local</Data><Data Name='param3'>Activation</Data><Data Name='param4'>{C2F03A33-21F5-47FA-B4BB-156362A2F239}</Data><Data Name='param5'>{316CDED5-E4AE-4B15-9113-7055D84DCC97}</Data><Data Name='param6'>DESKTOP-577B38M</Data><Data Name='param7'>PC</Data><Data Name='param8'>S-1-5-21-839496821-663164669-2267191325-1002</Data><Data Name='param9'>LocalHost (Using LRPC)</Data><Data Name='param10'>Microsoft.Windows.ShellExperienceHost_10.0.18362.449_neutral_neutral_cw5n1h2txyewy</Data><Data Name='param11'>S-1-15-2-155514346-2573954481-755741238-1654018636-1233331829-3075935687-2861478708</Data></EventData><RenderingInfo Culture='en-US'><Message>The machine-default permission settings do not grant Local Activation permission for the COM Server application with CLSID 
{C2F03A33-21F5-47FA-B4BB-156362A2F239}
 and APPID 
{316CDED5-E4AE-4B15-9113-7055D84DCC97}
 to the user DESKTOP-577B38M\PC SID (S-1-5-21-839496821-663164669-2267191325-1002) from address LocalHost (Using LRPC) running in the application container Microsoft.Windows.ShellExperienceHost_10.0.18362.449_neutral_neutral_cw5n1h2txyewy SID (S-1-15-2-155514346-2573954481-755741238-1654018636-1233331829-3075935687-2861478708). This security permission can be modified using the Component Services administrative tool.</Message><Level>Warning</Level><Task></Task><Opcode>Info</Opcode><Channel></Channel><Provider>Microsoft-Windows-DistributedCOM</Provider><Keywords><Keyword>Classic</Keyword></Keywords></RenderingInfo></Event><Event xmlns='http://schemas.microsoft.com/win/2004/08/events/event'><System><Provider Name='Microsoft-Windows-DistributedCOM' Guid='{1B562E86-B7AA-4131-BADC-B6F3A001407E}' EventSourceName='DCOM'/><EventID Qualifiers='0'>10016</EventID><Version>0</Version><Level>3</Level><Task>0</Task><Opcode>0</Opcode><Keywords>0x8080000000000000</Keywords><TimeCreated SystemTime='2020-06-14T14:24:53.050783000Z'/><EventRecordID>3144</EventRecordID><Correlation ActivityID='{ad553f7b-0f6c-4139-9688-eebd9e4520a7}'/><Execution ProcessID='1000' ThreadID='6520'/><Channel>System</Channel><Computer>DESKTOP-577B38M</Computer><Security UserID='S-1-5-21-839496821-663164669-2267191325-1002'/></System><EventData><Data Name='param1'>machine-default</Data><Data Name='param2'>Local</Data><Data Name='param3'>Activation</Data><Data Name='param4'>{C2F03A33-21F5-47FA-B4BB-156362A2F239}</Data><Data Name='param5'>{316CDED5-E4AE-4B15-9113-7055D84DCC97}</Data><Data Name='param6'>DESKTOP-577B38M</Data><Data Name='param7'>PC</Data><Data Name='param8'>S-1-5-21-839496821-663164669-2267191325-1002</Data><Data Name='param9'>LocalHost (Using LRPC)</Data><Data Name='param10'>Microsoft.Windows.ShellExperienceHost_10.0.18362.449_neutral_neutral_cw5n1h2txyewy</Data><Data Name='param11'>S-1-15-2-155514346-2573954481-755741238-1654018636-1233331829-3075935687-2861478708</Data></EventData><RenderingInfo Culture='en-US'><Message>The machine-default permission settings do not grant Local Activation permission for the COM Server application with CLSID 
{C2F03A33-21F5-47FA-B4BB-156362A2F239}
 and APPID 
{316CDED5-E4AE-4B15-9113-7055D84DCC97}
 to the user DESKTOP-577B38M\PC SID (S-1-5-21-839496821-663164669-2267191325-1002) from address LocalHost (Using LRPC) running in the application container Microsoft.Windows.ShellExperienceHost_10.0.18362.449_neutral_neutral_cw5n1h2txyewy SID (S-1-15-2-155514346-2573954481-755741238-1654018636-1233331829-3075935687-2861478708). This security permission can be modified using the Component Services administrative tool.</Message><Level>Warning</Level><Task></Task><Opcode>Info</Opcode><Channel></Channel><Provider>Microsoft-Windows-DistributedCOM</Provider><Keywords><Keyword>Classic</Keyword></Keywords></RenderingInfo></Event><Event xmlns='http://schemas.microsoft.com/win/2004/08/events/event'><System><Provider Name='Microsoft-Windows-DistributedCOM' Guid='{1B562E86-B7AA-4131-BADC-B6F3A001407E}' EventSourceName='DCOM'/><EventID Qualifiers='0'>10016</EventID><Version>0</Version><Level>3</Level><Task>0</Task><Opcode>0</Opcode><Keywords>0x8080000000000000</Keywords><TimeCreated SystemTime='2020-06-14T14:24:43.683454500Z'/><EventRecordID>3143</EventRecordID><Correlation ActivityID='{fb8abc00-69c7-43de-a5bb-95a2c46c0cb7}'/><Execution ProcessID='1000' ThreadID='6520'/><Channel>System</Channel><Computer>DESKTOP-577B38M</Computer><Security UserID='S-1-5-21-839496821-663164669-2267191325-1002'/></System><EventData><Data Name='param1'>machine-default</Data><Data Name='param2'>Local</Data><Data Name='param3'>Activation</Data><Data Name='param4'>{C2F03A33-21F5-47FA-B4BB-156362A2F239}</Data><Data Name='param5'>{316CDED5-E4AE-4B15-9113-7055D84DCC97}</Data><Data Name='param6'>DESKTOP-577B38M</Data><Data Name='param7'>PC</Data><Data Name='param8'>S-1-5-21-839496821-663164669-2267191325-1002</Data><Data Name='param9'>LocalHost (Using LRPC)</Data><Data Name='param10'>Microsoft.Windows.ShellExperienceHost_10.0.18362.449_neutral_neutral_cw5n1h2txyewy</Data><Data Name='param11'>S-1-15-2-155514346-2573954481-755741238-1654018636-1233331829-3075935687-2861478708</Data></EventData><RenderingInfo Culture='en-US'><Message>The machine-default permission settings do not grant Local Activation permission for the COM Server application with CLSID 
{C2F03A33-21F5-47FA-B4BB-156362A2F239}
 and APPID 
{316CDED5-E4AE-4B15-9113-7055D84DCC97}
 to the user DESKTOP-577B38M\PC SID (S-1-5-21-839496821-663164669-2267191325-1002) from address LocalHost (Using LRPC) running in the application container Microsoft.Windows.ShellExperienceHost_10.0.18362.449_neutral_neutral_cw5n1h2txyewy SID (S-1-15-2-155514346-2573954481-755741238-1654018636-1233331829-3075935687-2861478708). This security permission can be modified using the Component Services administrative tool.</Message><Level>Warning</Level><Task></Task><Opcode>Info</Opcode><Channel></Channel><Provider>Microsoft-Windows-DistributedCOM</Provider><Keywords><Keyword>Classic</Keyword></Keywords></RenderingInfo></Event><Event xmlns='http://schemas.microsoft.com/win/2004/08/events/event'><System><Provider Name='Microsoft-Windows-WindowsUpdateClient' Guid='{945a8954-c147-4acd-923f-40c45405a658}'/><EventID>19</EventID><Version>1</Version><Level>4</Level><Task>1</Task><Opcode>13</Opcode><Keywords>0x8000000000000018</Keywords><TimeCreated SystemTime='2020-06-14T11:20:31.087985700Z'/><EventRecordID>3142</EventRecordID><Correlation/><Execution ProcessID='1960' ThreadID='10112'/><Channel>System</Channel><Computer>DESKTOP-577B38M</Computer><Security UserID='S-1-5-18'/></System><EventData><Data Name='updateTitle'>Security Intelligence Update for Microsoft Defender Antivirus - KB2267602 (Version 1.317.1348.0)</Data><Data Name='updateGuid'>{57556591-94da-4417-8ad9-89a052c19bd3}</Data><Data Name='updateRevisionNumber'>200</Data><Data Name='serviceGuid'>{9482f4b4-e343-43b6-b170-9a65bc822c77}</Data></EventData><RenderingInfo Culture='en-US'><Message>Installation Successful: Windows successfully installed the following update: Security Intelligence Update for Microsoft Defender Antivirus - KB2267602 (Version 1.317.1348.0)</Message><Level>Information</Level><Task>Windows Update Agent</Task><Opcode>Installation</Opcode><Channel>System</Channel><Provider>Microsoft-Windows-WindowsUpdateClient</Provider><Keywords><Keyword>Installation</Keyword><Keyword>Success</Keyword></Keywords></RenderingInfo></Event><Event xmlns='http://schemas.microsoft.com/win/2004/08/events/event'><System><Provider Name='Microsoft-Windows-WindowsUpdateClient' Guid='{945a8954-c147-4acd-923f-40c45405a658}'/><EventID>43</EventID><Version>1</Version><Level>4</Level><Task>1</Task><Opcode>13</Opcode><Keywords>0x8000000000002008</Keywords><TimeCreated SystemTime='2020-06-14T11:20:17.686126300Z'/><EventRecordID>3141</EventRecordID><Correlation/><Execution ProcessID='1960' ThreadID='10112'/><Channel>System</Channel><Computer>DESKTOP-577B38M</Computer><Security UserID='S-1-5-18'/></System><EventData><Data Name='updateTitle'>Security Intelligence Update for Microsoft Defender Antivirus - KB2267602 (Version 1.317.1348.0)</Data><Data Name='updateGuid'>{57556591-94da-4417-8ad9-89a052c19bd3}</Data><Data Name='updateRevisionNumber'>200</Data></EventData><RenderingInfo Culture='en-US'><Message>Installation Started: Windows has started installing the following update: Security Intelligence Update for Microsoft Defender Antivirus - KB2267602 (Version 1.317.1348.0)</Message><Level>Information</Level><Task>Windows Update Agent</Task><Opcode>Installation</Opcode><Channel>System</Channel><Provider>Microsoft-Windows-WindowsUpdateClient</Provider><Keywords><Keyword>Installation</Keyword><Keyword>Started</Keyword></Keywords></RenderingInfo></Event><Event xmlns='http://schemas.microsoft.com/win/2004/08/events/event'><System><Provider Name='Microsoft-Windows-WindowsUpdateClient' Guid='{945a8954-c147-4acd-923f-40c45405a658}'/><EventID>44</EventID><Version>1</Version><Level>4</Level><Task>1</Task><Opcode>12</Opcode><Keywords>0x8000000000002004</Keywords><TimeCreated SystemTime='2020-06-14T11:20:17.686117700Z'/><EventRecordID>3140</EventRecordID><Correlation/><Execution ProcessID='1960' ThreadID='10112'/><Channel>System</Channel><Computer>DESKTOP-577B38M</Computer><Security UserID='S-1-5-18'/></System><EventData><Data Name='updateTitle'>Security Intelligence Update for Microsoft Defender Antivirus - KB2267602 (Version 1.317.1348.0)</Data><Data Name='updateGuid'>{57556591-94da-4417-8ad9-89a052c19bd3}</Data><Data Name='updateRevisionNumber'>200</Data></EventData><RenderingInfo Culture='en-US'><Message>Windows Update started downloading an update.</Message><Level>Information</Level><Task>Windows Update Agent</Task><Opcode>Download</Opcode><Channel>System</Channel><Provider>Microsoft-Windows-WindowsUpdateClient</Provider><Keywords><Keyword>Download</Keyword><Keyword>Started</Keyword></Keywords></RenderingInfo></Event><Event xmlns='http://schemas.microsoft.com/win/2004/08/events/event'><System><Provider Name='Microsoft-Windows-Kernel-Processor-Power' Guid='{0f67e49f-fe51-4e9f-b490-6f2948cc6027}'/><EventID>37</EventID><Version>0</Version><Level>3</Level><Task>7</Task><Opcode>0</Opcode><Keywords>0x8000000000000000</Keywords><TimeCreated SystemTime='2020-06-14T11:14:20.009619600Z'/><EventRecordID>3139</EventRecordID><Correlation/><Execution ProcessID='4' ThreadID='9488'/><Channel>System</Channel><Computer>DESKTOP-577B38M</Computer><Security UserID='S-1-5-18'/></System><EventData><Data Name='Group'>0</Data><Data Name='Number'>3</Data><Data Name='CapDurationInSeconds'>86398</Data><Data Name='PpcChanges'>0</Data><Data Name='TpcChanges'>0</Data><Data Name='PccChanges'>0</Data></EventData><RenderingInfo Culture='en-US'><Message>The speed of processor 3 in group 0 is being limited by system firmware. The processor has been in this reduced performance state for 86398 seconds since the last report.</Message><Level>Warning</Level><Task></Task><Opcode>Info</Opcode><Channel>System</Channel><Provider>Microsoft-Windows-Kernel-Processor-Power</Provider><Keywords></Keywords></RenderingInfo></Event><Event xmlns='http://schemas.microsoft.com/win/2004/08/events/event'><System><Provider Name='Microsoft-Windows-Kernel-Processor-Power' Guid='{0f67e49f-fe51-4e9f-b490-6f2948cc6027}'/><EventID>37</EventID><Version>0</Version><Level>3</Level><Task>7</Task><Opcode>0</Opcode><Keywords>0x8000000000000000</Keywords><TimeCreated SystemTime='2020-06-14T11:14:19.912659800Z'/><EventRecordID>3138</EventRecordID><Correlation/><Execution ProcessID='4' ThreadID='9488'/><Channel>System</Channel><Computer>DESKTOP-577B38M</Computer><Security UserID='S-1-5-18'/></System><EventData><Data Name='Group'>0</Data><Data Name='Number'>2</Data><Data Name='CapDurationInSeconds'>86398</Data><Data Name='PpcChanges'>0</Data><Data Name='TpcChanges'>0</Data><Data Name='PccChanges'>0</Data></EventData><RenderingInfo Culture='en-US'><Message>The speed of processor 2 in group 0 is being limited by system firmware. The processor has been in this reduced performance state for 86398 seconds since the last report.</Message><Level>Warning</Level><Task></Task><Opcode>Info</Opcode><Channel>System</Channel><Provider>Microsoft-Windows-Kernel-Processor-Power</Provider><Keywords></Keywords></RenderingInfo></Event><Event xmlns='http://schemas.microsoft.com/win/2004/08/events/event'><System><Provider Name='Microsoft-Windows-Kernel-Processor-Power' Guid='{0f67e49f-fe51-4e9f-b490-6f2948cc6027}'/><EventID>37</EventID><Version>0</Version><Level>3</Level><Task>7</Task><Opcode>0</Opcode><Keywords>0x8000000000000000</Keywords><TimeCreated SystemTime='2020-06-14T11:14:19.802086100Z'/><EventRecordID>3137</EventRecordID><Correlation/><Execution ProcessID='4' ThreadID='9488'/><Channel>System</Channel><Computer>DESKTOP-577B38M</Computer><Security UserID='S-1-5-18'/></System><EventData><Data Name='Group'>0</Data><Data Name='Number'>1</Data><Data Name='CapDurationInSeconds'>86398</Data><Data Name='PpcChanges'>0</Data><Data Name='TpcChanges'>0</Data><Data Name='PccChanges'>0</Data></EventData><RenderingInfo Culture='en-US'><Message>The speed of processor 1 in group 0 is being limited by system firmware. The processor has been in this reduced performance state for 86398 seconds since the last report.</Message><Level>Warning</Level><Task></Task><Opcode>Info</Opcode><Channel>System</Channel><Provider>Microsoft-Windows-Kernel-Processor-Power</Provider><Keywords></Keywords></RenderingInfo></Event><Event xmlns='http://schemas.microsoft.com/win/2004/08/events/event'><System><Provider Name='Microsoft-Windows-Kernel-Processor-Power' Guid='{0f67e49f-fe51-4e9f-b490-6f2948cc6027}'/><EventID>37</EventID><Version>0</Version><Level>3</Level><Task>7</Task><Opcode>0</Opcode><Keywords>0x8000000000000000</Keywords><TimeCreated SystemTime='2020-06-14T11:14:19.714988500Z'/><EventRecordID>3136</EventRecordID><Correlation/><Execution ProcessID='4' ThreadID='9488'/><Channel>System</Channel><Computer>DESKTOP-577B38M</Computer><Security UserID='S-1-5-18'/></System><EventData><Data Name='Group'>0</Data><Data Name='Number'>0</Data><Data Name='CapDurationInSeconds'>86398</Data><Data Name='PpcChanges'>0</Data><Data Name='TpcChanges'>0</Data><Data Name='PccChanges'>0</Data></EventData><RenderingInfo Culture='en-US'><Message>The speed of processor 0 in group 0 is being limited by system firmware. The processor has been in this reduced performance state for 86398 seconds since the last report.</Message><Level>Warning</Level><Task></Task><Opcode>Info</Opcode><Channel>System</Channel><Provider>Microsoft-Windows-Kernel-Processor-Power</Provider><Keywords></Keywords></RenderingInfo></Event><Event xmlns='http://schemas.microsoft.com/win/2004/08/events/event'><System><Provider Name='Microsoft-Windows-Kernel-General' Guid='{a68ca8b7-004f-d7b6-a698-07e2de0f1f5d}'/><EventID>16</EventID><Version>0</Version><Level>4</Level><Task>0</Task><Opcode>0</Opcode><Keywords>0x8000000000000000</Keywords><TimeCreated SystemTime='2020-06-14T09:09:54.160628100Z'/><EventRecordID>3135</EventRecordID><Correlation/><Execution ProcessID='5436' ThreadID='4868'/><Channel>System</Channel><Computer>DESKTOP-577B38M</Computer><Security UserID='S-1-5-18'/></System><EventData><Data Name='HiveNameLength'>94</Data><Data Name='HiveName'>\??\C:\Users\PC\AppData\Local\Packages\windows.printdialog_cw5n1h2txyewy\Settings\settings.dat</Data><Data Name='KeysUpdated'>2</Data><Data Name='DirtyPages'>1</Data></EventData><RenderingInfo Culture='en-US'><Message>The access history in hive \??\C:\Users\PC\AppData\Local\Packages\windows.printdialog_cw5n1h2txyewy\Settings\settings.dat was cleared updating 2 keys and creating 1 modified pages.</Message><Level>Information</Level><Task></Task><Opcode>Info</Opcode><Channel>System</Channel><Provider>Microsoft-Windows-Kernel-General</Provider><Keywords></Keywords></RenderingInfo></Event><Event xmlns='http://schemas.microsoft.com/win/2004/08/events/event'><System><Provider Name='Microsoft-Windows-Kernel-General' Guid='{a68ca8b7-004f-d7b6-a698-07e2de0f1f5d}'/><EventID>16</EventID><Version>0</Version><Level>4</Level><Task>0</Task><Opcode>0</Opcode><Keywords>0x8000000000000000</Keywords><TimeCreated SystemTime='2020-06-14T09:09:54.146063500Z'/><EventRecordID>3134</EventRecordID><Correlation/><Execution ProcessID='5436' ThreadID='4868'/><Channel>System</Channel><Computer>DESKTOP-577B38M</Computer><Security UserID='S-1-5-18'/></System><EventData><Data Name='HiveNameLength'>104</Data><Data Name='HiveName'>\??\C:\Users\PC\AppData\Local\Packages\windows.immersivecontrolpanel_cw5n1h2txyewy\Settings\settings.dat</Data><Data Name='KeysUpdated'>2</Data><Data Name='DirtyPages'>1</Data></EventData><RenderingInfo Culture='en-US'><Message>The access history in hive \??\C:\Users\PC\AppData\Local\Packages\windows.immersivecontrolpanel_cw5n1h2txyewy\Settings\settings.dat was cleared updating 2 keys and creating 1 modified pages.</Message><Level>Information</Level><Task></Task><Opcode>Info</Opcode><Channel>System</Channel><Provider>Microsoft-Windows-Kernel-General</Provider><Keywords></Keywords></RenderingInfo></Event><Event xmlns='http://schemas.microsoft.com/win/2004/08/events/event'><System><Provider Name='Microsoft-Windows-Kernel-General' Guid='{a68ca8b7-004f-d7b6-a698-07e2de0f1f5d}'/><EventID>16</EventID><Version>0</Version><Level>4</Level><Task>0</Task><Opcode>0</Opcode><Keywords>0x8000000000000000</Keywords><TimeCreated SystemTime='2020-06-14T09:09:54.132378200Z'/><EventRecordID>3133</EventRecordID><Correlation/><Execution ProcessID='5436' ThreadID='4868'/><Channel>System</Channel><Computer>DESKTOP-577B38M</Computer><Security UserID='S-1-5-18'/></System><EventData><Data Name='HiveNameLength'>93</Data><Data Name='HiveName'>\??\C:\Users\PC\AppData\Local\Packages\windows.cbspreview_cw5n1h2txyewy\Settings\settings.dat</Data><Data Name='KeysUpdated'>2</Data><Data Name='DirtyPages'>1</Data></EventData><RenderingInfo Culture='en-US'><Message>The access history in hive \??\C:\Users\PC\AppData\Local\Packages\windows.cbspreview_cw5n1h2txyewy\Settings\settings.dat was cleared updating 2 keys and creating 1 modified pages.</Message><Level>Information</Level><Task></Task><Opcode>Info</Opcode><Channel>System</Channel><Provider>Microsoft-Windows-Kernel-General</Provider><Keywords></Keywords></RenderingInfo></Event><Event xmlns='http://schemas.microsoft.com/win/2004/08/events/event'><System><Provider Name='Microsoft-Windows-Kernel-General' Guid='{a68ca8b7-004f-d7b6-a698-07e2de0f1f5d}'/><EventID>16</EventID><Version>0</Version><Level>4</Level><Task>0</Task><Opcode>0</Opcode><Keywords>0x8000000000000000</Keywords><TimeCreated SystemTime='2020-06-14T09:09:54.068352600Z'/><EventRecordID>3132</EventRecordID><Correlation/><Execution ProcessID='5436' ThreadID='4868'/><Channel>System</Channel><Computer>DESKTOP-577B38M</Computer><Security UserID='S-1-5-18'/></System><EventData><Data Name='HiveNameLength'>108</Data><Data Name='HiveName'>\??\C:\Users\PC\AppData\Local\Packages\microsoft.xboxspeechtotextoverlay_8wekyb3d8bbwe\Settings\settings.dat</Data><Data Name='KeysUpdated'>2</Data><Data Name='DirtyPages'>1</Data></EventData><RenderingInfo Culture='en-US'><Message>The access history in hive \??\C:\Users\PC\AppData\Local\Packages\microsoft.xboxspeechtotextoverlay_8wekyb3d8bbwe\Settings\settings.dat was cleared updating 2 keys and creating 1 modified pages.</Message><Level>Information</Level><Task></Task><Opcode>Info</Opcode><Channel>System</Channel><Provider>Microsoft-Windows-Kernel-General</Provider><Keywords></Keywords></RenderingInfo></Event><Event xmlns='http://schemas.microsoft.com/win/2004/08/events/event'><System><Provider Name='Microsoft-Windows-Kernel-General' Guid='{a68ca8b7-004f-d7b6-a698-07e2de0f1f5d}'/><EventID>16</EventID><Version>0</Version><Level>4</Level><Task>0</Task><Opcode>0</Opcode><Keywords>0x8000000000000000</Keywords><TimeCreated SystemTime='2020-06-14T09:09:54.026322100Z'/><EventRecordID>3131</EventRecordID><Correlation/><Execution ProcessID='5436' ThreadID='4868'/><Channel>System</Channel><Computer>DESKTOP-577B38M</Computer><Security UserID='S-1-5-18'/></System><EventData><Data Name='HiveNameLength'>100</Data><Data Name='HiveName'>\??\C:\Users\PC\AppData\Local\Packages\microsoft.xboxgameoverlay_8wekyb3d8bbwe\Settings\settings.dat</Data><Data Name='KeysUpdated'>2</Data><Data Name='DirtyPages'>1</Data></EventData><RenderingInfo Culture='en-US'><Message>The access history in hive \??\C:\Users\PC\AppData\Local\Packages\microsoft.xboxgameoverlay_8wekyb3d8bbwe\Settings\settings.dat was cleared updating 2 keys and creating 1 modified pages.</Message><Level>Information</Level><Task></Task><Opcode>Info</Opcode><Channel>System</Channel><Provider>Microsoft-Windows-Kernel-General</Provider><Keywords></Keywords></RenderingInfo></Event><Event xmlns='http://schemas.microsoft.com/win/2004/08/events/event'><System><Provider Name='Microsoft-Windows-Kernel-General' Guid='{a68ca8b7-004f-d7b6-a698-07e2de0f1f5d}'/><EventID>16</EventID><Version>0</Version><Level>4</Level><Task>0</Task><Opcode>0</Opcode><Keywords>0x8000000000000000</Keywords><TimeCreated SystemTime='2020-06-14T09:09:54.005911100Z'/><EventRecordID>3130</EventRecordID><Correlation/><Execution ProcessID='5436' ThreadID='4868'/><Channel>System</Channel><Computer>DESKTOP-577B38M</Computer><Security UserID='S-1-5-18'/></System><EventData><Data Name='HiveNameLength'>103</Data><Data Name='HiveName'>\??\C:\Users\PC\AppData\Local\Packages\microsoft.xboxgamecallableui_cw5n1h2txyewy\Settings\settings.dat</Data><Data Name='KeysUpdated'>2</Data><Data Name='DirtyPages'>1</Data></EventData><RenderingInfo Culture='en-US'><Message>The access history in hive \??\C:\Users\PC\AppData\Local\Packages\microsoft.xboxgamecallableui_cw5n1h2txyewy\Settings\settings.dat was cleared updating 2 keys and creating 1 modified pages.</Message><Level>Information</Level><Task></Task><Opcode>Info</Opcode><Channel>System</Channel><Provider>Microsoft-Windows-Kernel-General</Provider><Keywords></Keywords></RenderingInfo></Event><Event xmlns='http://schemas.microsoft.com/win/2004/08/events/event'><System><Provider Name='Microsoft-Windows-Kernel-General' Guid='{a68ca8b7-004f-d7b6-a698-07e2de0f1f5d}'/><EventID>16</EventID><Version>0</Version><Level>4</Level><Task>0</Task><Opcode>0</Opcode><Keywords>0x8000000000000000</Keywords><TimeCreated SystemTime='2020-06-14T09:09:53.862951700Z'/><EventRecordID>3129</EventRecordID><Correlation/><Execution ProcessID='5436' ThreadID='4868'/><Channel>System</Channel><Computer>DESKTOP-577B38M</Computer><Security UserID='S-1-5-18'/></System><EventData><Data Name='HiveNameLength'>108</Data><Data Name='HiveName'>\??\C:\Users\PC\AppData\Local\Packages\microsoft.windows.xgpuejectdialog_cw5n1h2txyewy\Settings\settings.dat</Data><Data Name='KeysUpdated'>2</Data><Data Name='DirtyPages'>1</Data></EventData><RenderingInfo Culture='en-US'><Message>The access history in hive \??\C:\Users\PC\AppData\Local\Packages\microsoft.windows.xgpuejectdialog_cw5n1h2txyewy\Settings\settings.dat was cleared updating 2 keys and creating 1 modified pages.</Message><Level>Information</Level><Task></Task><Opcode>Info</Opcode><Channel>System</Channel><Provider>Microsoft-Windows-Kernel-General</Provider><Keywords></Keywords></RenderingInfo></Event><Event xmlns='http://schemas.microsoft.com/win/2004/08/events/event'><System><Provider Name='Microsoft-Windows-Kernel-General' Guid='{a68ca8b7-004f-d7b6-a698-07e2de0f1f5d}'/><EventID>16</EventID><Version>0</Version><Level>4</Level><Task>0</Task><Opcode>0</Opcode><Keywords>0x8000000000000000</Keywords><TimeCreated SystemTime='2020-06-14T09:09:53.827413000Z'/><EventRecordID>3128</EventRecordID><Correlation/><Execution ProcessID='5436' ThreadID='4868'/><Channel>System</Channel><Computer>DESKTOP-577B38M</Computer><Security UserID='S-1-5-18'/></System><EventData><Data Name='HiveNameLength'>116</Data><Data Name='HiveName'>\??\C:\Users\PC\AppData\Local\Packages\microsoft.windows.secureassessmentbrowser_cw5n1h2txyewy\Settings\settings.dat</Data><Data Name='KeysUpdated'>2</Data><Data Name='DirtyPages'>1</Data></EventData><RenderingInfo Culture='en-US'><Message>The access history in hive \??\C:\Users\PC\AppData\Local\Packages\microsoft.windows.secureassessmentbrowser_cw5n1h2txyewy\Settings\settings.dat was cleared updating 2 keys and creating 1 modified pages.</Message><Level>Information</Level><Task></Task><Opcode>Info</Opcode><Channel>System</Channel><Provider>Microsoft-Windows-Kernel-General</Provider><Keywords></Keywords></RenderingInfo></Event><Event xmlns='http://schemas.microsoft.com/win/2004/08/events/event'><System><Provider Name='Microsoft-Windows-Kernel-General' Guid='{a68ca8b7-004f-d7b6-a698-07e2de0f1f5d}'/><EventID>16</EventID><Version>0</Version><Level>4</Level><Task>0</Task><Opcode>0</Opcode><Keywords>0x8000000000000000</Keywords><TimeCreated SystemTime='2020-06-14T09:09:53.813760700Z'/><EventRecordID>3127</EventRecordID><Correlation/><Execution ProcessID='5436' ThreadID='4868'/><Channel>System</Channel><Computer>DESKTOP-577B38M</Computer><Security UserID='S-1-5-18'/></System><EventData><Data Name='HiveNameLength'>104</Data><Data Name='HiveName'>\??\C:\Users\PC\AppData\Local\Packages\microsoft.windows.sechealthui_cw5n1h2txyewy\Settings\settings.dat</Data><Data Name='KeysUpdated'>2</Data><Data Name='DirtyPages'>1</Data></EventData><RenderingInfo Culture='en-US'><Message>The access history in hive \??\C:\Users\PC\AppData\Local\Packages\microsoft.windows.sechealthui_cw5n1h2txyewy\Settings\settings.dat was cleared updating 2 keys and creating 1 modified pages.</Message><Level>Information</Level><Task></Task><Opcode>Info</Opcode><Channel>System</Channel><Provider>Microsoft-Windows-Kernel-General</Provider><Keywords></Keywords></RenderingInfo></Event><Event xmlns='http://schemas.microsoft.com/win/2004/08/events/event'><System><Provider Name='Microsoft-Windows-Kernel-General' Guid='{a68ca8b7-004f-d7b6-a698-07e2de0f1f5d}'/><EventID>16</EventID><Version>0</Version><Level>4</Level><Task>0</Task><Opcode>0</Opcode><Keywords>0x8000000000000000</Keywords><TimeCreated SystemTime='2020-06-14T09:09:53.790245600Z'/><EventRecordID>3126</EventRecordID><Correlation/><Execution ProcessID='5436' ThreadID='4868'/><Channel>System</Channel><Computer>DESKTOP-577B38M</Computer><Security UserID='S-1-5-18'/></System><EventData><Data Name='HiveNameLength'>118</Data><Data Name='HiveName'>\??\C:\Users\PC\AppData\Local\Packages\microsoft.windows.pinningconfirmationdialog_cw5n1h2txyewy\Settings\settings.dat</Data><Data Name='KeysUpdated'>2</Data><Data Name='DirtyPages'>1</Data></EventData><RenderingInfo Culture='en-US'><Message>The access history in hive \??\C:\Users\PC\AppData\Local\Packages\microsoft.windows.pinningconfirmationdialog_cw5n1h2txyewy\Settings\settings.dat was cleared updating 2 keys and creating 1 modified pages.</Message><Level>Information</Level><Task></Task><Opcode>Info</Opcode><Channel>System</Channel><Provider>Microsoft-Windows-Kernel-General</Provider><Keywords></Keywords></RenderingInfo></Event><Event xmlns='http://schemas.microsoft.com/win/2004/08/events/event'><System><Provider Name='Microsoft-Windows-Kernel-General' Guid='{a68ca8b7-004f-d7b6-a698-07e2de0f1f5d}'/><EventID>16</EventID><Version>0</Version><Level>4</Level><Task>0</Task><Opcode>0</Opcode><Keywords>0x8000000000000000</Keywords><TimeCreated SystemTime='2020-06-14T09:09:53.755463700Z'/><EventRecordID>3125</EventRecordID><Correlation/><Execution ProcessID='5436' ThreadID='4868'/><Channel>System</Channel><Computer>DESKTOP-577B38M</Computer><Security UserID='S-1-5-18'/></System><EventData><Data Name='HiveNameLength'>113</Data><Data Name='HiveName'>\??\C:\Users\PC\AppData\Local\Packages\microsoft.windows.peopleexperiencehost_cw5n1h2txyewy\Settings\settings.dat</Data><Data Name='KeysUpdated'>2</Data><Data Name='DirtyPages'>1</Data></EventData><RenderingInfo Culture='en-US'><Message>The access history in hive \??\C:\Users\PC\AppData\Local\Packages\microsoft.windows.peopleexperiencehost_cw5n1h2txyewy\Settings\settings.dat was cleared updating 2 keys and creating 1 modified pages.</Message><Level>Information</Level><Task></Task><Opcode>Info</Opcode><Channel>System</Channel><Provider>Microsoft-Windows-Kernel-General</Provider><Keywords></Keywords></RenderingInfo></Event>