<Event xmlns='http://schemas.microsoft.com/win/2004/08/events/event'><System><Provider Name='Service Control Manager' Guid='{555908d1-a6d7-4695-8e1e-26931d2012f4}' EventSourceName='Service Control Manager'/><EventID Qualifiers='16384'>7040</EventID><Version>0</Version><Level>4</Level><Task>0</Task><Opcode>0</Opcode><Keywords>0x8080000000000000</Keywords><TimeCreated SystemTime='2020-06-24T22:05:07.552536500Z'/><EventRecordID>3688</EventRecordID><Correlation/><Execution ProcessID='716' ThreadID='1100'/><Channel>System</Channel><Computer>DESKTOP-577B38M</Computer><Security UserID='S-1-5-18'/></System><EventData><Data Name='param1'>Background Intelligent Transfer Service</Data><Data Name='param2'>demand start</Data><Data Name='param3'>auto start</Data><Data Name='param4'>BITS</Data></EventData><RenderingInfo Culture='en-US'><Message>The start type of the Background Intelligent Transfer Service service was changed from demand start to auto start.</Message><Level>Information</Level><Task></Task><Opcode></Opcode><Channel></Channel><Provider>Microsoft-Windows-Service Control Manager</Provider><Keywords><Keyword>Classic</Keyword></Keywords></RenderingInfo></Event><Event xmlns='http://schemas.microsoft.com/win/2004/08/events/event'><System><Provider Name='Microsoft-Windows-Kernel-General' Guid='{a68ca8b7-004f-d7b6-a698-07e2de0f1f5d}'/><EventID>16</EventID><Version>0</Version><Level>4</Level><Task>0</Task><Opcode>0</Opcode><Keywords>0x8000000000000000</Keywords><TimeCreated SystemTime='2020-06-24T22:04:42.771044400Z'/><EventRecordID>3687</EventRecordID><Correlation/><Execution ProcessID='7044' ThreadID='7076'/><Channel>System</Channel><Computer>DESKTOP-577B38M</Computer><Security UserID='S-1-5-18'/></System><EventData><Data Name='HiveNameLength'>100</Data><Data Name='HiveName'>\??\C:\Users\PC\AppData\Local\Packages\Microsoft.Windows.Cortana_cw5n1h2txyewy\Settings\settings.dat</Data><Data Name='KeysUpdated'>36</Data><Data Name='DirtyPages'>8</Data></EventData><RenderingInfo Culture='en-US'><Message>The access history in hive \??\C:\Users\PC\AppData\Local\Packages\Microsoft.Windows.Cortana_cw5n1h2txyewy\Settings\settings.dat was cleared updating 36 keys and creating 8 modified pages.</Message><Level>Information</Level><Task></Task><Opcode>Info</Opcode><Channel>System</Channel><Provider>Microsoft-Windows-Kernel-General</Provider><Keywords></Keywords></RenderingInfo></Event><Event xmlns='http://schemas.microsoft.com/win/2004/08/events/event'><System><Provider Name='Microsoft-Windows-Kernel-General' Guid='{a68ca8b7-004f-d7b6-a698-07e2de0f1f5d}'/><EventID>16</EventID><Version>0</Version><Level>4</Level><Task>0</Task><Opcode>0</Opcode><Keywords>0x8000000000000000</Keywords><TimeCreated SystemTime='2020-06-24T22:04:40.444975400Z'/><EventRecordID>3686</EventRecordID><Correlation/><Execution ProcessID='6160' ThreadID='6216'/><Channel>System</Channel><Computer>DESKTOP-577B38M</Computer><Security UserID='S-1-5-18'/></System><EventData><Data Name='HiveNameLength'>116</Data><Data Name='HiveName'>\??\C:\Users\PC\AppData\Local\Packages\Microsoft.Windows.StartMenuExperienceHost_cw5n1h2txyewy\Settings\settings.dat</Data><Data Name='KeysUpdated'>4</Data><Data Name='DirtyPages'>1</Data></EventData><RenderingInfo Culture='en-US'><Message>The access history in hive \??\C:\Users\PC\AppData\Local\Packages\Microsoft.Windows.StartMenuExperienceHost_cw5n1h2txyewy\Settings\settings.dat was cleared updating 4 keys and creating 1 modified pages.</Message><Level>Information</Level><Task></Task><Opcode>Info</Opcode><Channel>System</Channel><Provider>Microsoft-Windows-Kernel-General</Provider><Keywords></Keywords></RenderingInfo></Event><Event xmlns='http://schemas.microsoft.com/win/2004/08/events/event'><System><Provider Name='Microsoft-Windows-Kernel-General' Guid='{a68ca8b7-004f-d7b6-a698-07e2de0f1f5d}'/><EventID>16</EventID><Version>0</Version><Level>4</Level><Task>0</Task><Opcode>0</Opcode><Keywords>0x8000000000000000</Keywords><TimeCreated SystemTime='2020-06-24T22:04:38.309659600Z'/><EventRecordID>3685</EventRecordID><Correlation/><Execution ProcessID='3276' ThreadID='4876'/><Channel>System</Channel><Computer>DESKTOP-577B38M</Computer><Security UserID='S-1-5-18'/></System><EventData><Data Name='HiveNameLength'>45</Data><Data Name='HiveName'>\??\C:\WINDOWS\AppCompat\Programs\Amcache.hve</Data><Data Name='KeysUpdated'>1294</Data><Data Name='DirtyPages'>524</Data></EventData><RenderingInfo Culture='en-US'><Message>The access history in hive \??\C:\WINDOWS\AppCompat\Programs\Amcache.hve was cleared updating 1294 keys and creating 524 modified pages.</Message><Level>Information</Level><Task></Task><Opcode>Info</Opcode><Channel>System</Channel><Provider>Microsoft-Windows-Kernel-General</Provider><Keywords></Keywords></RenderingInfo></Event><Event xmlns='http://schemas.microsoft.com/win/2004/08/events/event'><System><Provider Name='Microsoft-Windows-DistributedCOM' Guid='{1B562E86-B7AA-4131-BADC-B6F3A001407E}' EventSourceName='DCOM'/><EventID Qualifiers='0'>10016</EventID><Version>0</Version><Level>3</Level><Task>0</Task><Opcode>0</Opcode><Keywords>0x8080000000000000</Keywords><TimeCreated SystemTime='2020-06-24T22:04:34.186753100Z'/><EventRecordID>3684</EventRecordID><Correlation ActivityID='{d2900c99-0932-4aeb-b63c-efab6f0a8f8d}'/><Execution ProcessID='1008' ThreadID='428'/><Channel>System</Channel><Computer>DESKTOP-577B38M</Computer><Security UserID='S-1-5-19'/></System><EventData><Data Name='param1'>application-specific</Data><Data Name='param2'>Local</Data><Data Name='param3'>Activation</Data><Data Name='param4'>{6B3B8D23-FA8D-40B9-8DBD-B950333E2C52}</Data><Data Name='param5'>{4839DDB7-58C2-48F5-8283-E1D1807D0D7D}</Data><Data Name='param6'>NT AUTHORITY</Data><Data Name='param7'>LOCAL SERVICE</Data><Data Name='param8'>S-1-5-19</Data><Data Name='param9'>LocalHost (Using LRPC)</Data><Data Name='param10'>Unavailable</Data><Data Name='param11'>Unavailable</Data></EventData><RenderingInfo Culture='en-US'><Message>The application-specific permission settings do not grant Local Activation permission for the COM Server application with CLSID 
{6B3B8D23-FA8D-40B9-8DBD-B950333E2C52}
 and APPID 
{4839DDB7-58C2-48F5-8283-E1D1807D0D7D}
 to the user NT AUTHORITY\LOCAL SERVICE SID (S-1-5-19) from address LocalHost (Using LRPC) running in the application container Unavailable SID (Unavailable). This security permission can be modified using the Component Services administrative tool.</Message><Level>Warning</Level><Task></Task><Opcode>Info</Opcode><Channel></Channel><Provider>Microsoft-Windows-DistributedCOM</Provider><Keywords><Keyword>Classic</Keyword></Keywords></RenderingInfo></Event><Event xmlns='http://schemas.microsoft.com/win/2004/08/events/event'><System><Provider Name='Microsoft-Windows-DistributedCOM' Guid='{1B562E86-B7AA-4131-BADC-B6F3A001407E}' EventSourceName='DCOM'/><EventID Qualifiers='0'>10016</EventID><Version>0</Version><Level>3</Level><Task>0</Task><Opcode>0</Opcode><Keywords>0x8080000000000000</Keywords><TimeCreated SystemTime='2020-06-24T22:04:34.148502200Z'/><EventRecordID>3683</EventRecordID><Correlation ActivityID='{05f20436-b766-4410-bf90-9cf4bf969e83}'/><Execution ProcessID='1008' ThreadID='1088'/><Channel>System</Channel><Computer>DESKTOP-577B38M</Computer><Security UserID='S-1-5-19'/></System><EventData><Data Name='param1'>application-specific</Data><Data Name='param2'>Local</Data><Data Name='param3'>Activation</Data><Data Name='param4'>{6B3B8D23-FA8D-40B9-8DBD-B950333E2C52}</Data><Data Name='param5'>{4839DDB7-58C2-48F5-8283-E1D1807D0D7D}</Data><Data Name='param6'>NT AUTHORITY</Data><Data Name='param7'>LOCAL SERVICE</Data><Data Name='param8'>S-1-5-19</Data><Data Name='param9'>LocalHost (Using LRPC)</Data><Data Name='param10'>Unavailable</Data><Data Name='param11'>Unavailable</Data></EventData><RenderingInfo Culture='en-US'><Message>The application-specific permission settings do not grant Local Activation permission for the COM Server application with CLSID 
{6B3B8D23-FA8D-40B9-8DBD-B950333E2C52}
 and APPID 
{4839DDB7-58C2-48F5-8283-E1D1807D0D7D}
 to the user NT AUTHORITY\LOCAL SERVICE SID (S-1-5-19) from address LocalHost (Using LRPC) running in the application container Unavailable SID (Unavailable). This security permission can be modified using the Component Services administrative tool.</Message><Level>Warning</Level><Task></Task><Opcode>Info</Opcode><Channel></Channel><Provider>Microsoft-Windows-DistributedCOM</Provider><Keywords><Keyword>Classic</Keyword></Keywords></RenderingInfo></Event><Event xmlns='http://schemas.microsoft.com/win/2004/08/events/event'><System><Provider Name='Service Control Manager' Guid='{555908d1-a6d7-4695-8e1e-26931d2012f4}' EventSourceName='Service Control Manager'/><EventID Qualifiers='49152'>7026</EventID><Version>0</Version><Level>4</Level><Task>0</Task><Opcode>0</Opcode><Keywords>0x8080000000000000</Keywords><TimeCreated SystemTime='2020-06-24T22:04:32.069643500Z'/><EventRecordID>3682</EventRecordID><Correlation/><Execution ProcessID='716' ThreadID='720'/><Channel>System</Channel><Computer>DESKTOP-577B38M</Computer><Security/></System><EventData><Data Name='param1'>
dam</Data></EventData><RenderingInfo Culture='en-US'><Message>The following boot-start or system-start driver(s) did not load: 
dam</Message><Level>Information</Level><Task></Task><Opcode></Opcode><Channel></Channel><Provider>Microsoft-Windows-Service Control Manager</Provider><Keywords><Keyword>Classic</Keyword></Keywords></RenderingInfo></Event><Event xmlns='http://schemas.microsoft.com/win/2004/08/events/event'><System><Provider Name='Microsoft-Windows-Kernel-General' Guid='{a68ca8b7-004f-d7b6-a698-07e2de0f1f5d}'/><EventID>16</EventID><Version>0</Version><Level>4</Level><Task>0</Task><Opcode>0</Opcode><Keywords>0x8000000000000000</Keywords><TimeCreated SystemTime='2020-06-24T22:04:30.820320900Z'/><EventRecordID>3681</EventRecordID><Correlation/><Execution ProcessID='1460' ThreadID='1696'/><Channel>System</Channel><Computer>DESKTOP-577B38M</Computer><Security UserID='S-1-5-18'/></System><EventData><Data Name='HiveNameLength'>60</Data><Data Name='HiveName'>\??\C:\Users\PC\AppData\Local\Microsoft\Windows\UsrClass.dat</Data><Data Name='KeysUpdated'>3224</Data><Data Name='DirtyPages'>629</Data></EventData><RenderingInfo Culture='en-US'><Message>The access history in hive \??\C:\Users\PC\AppData\Local\Microsoft\Windows\UsrClass.dat was cleared updating 3224 keys and creating 629 modified pages.</Message><Level>Information</Level><Task></Task><Opcode>Info</Opcode><Channel>System</Channel><Provider>Microsoft-Windows-Kernel-General</Provider><Keywords></Keywords></RenderingInfo></Event><Event xmlns='http://schemas.microsoft.com/win/2004/08/events/event'><System><Provider Name='Microsoft-Windows-Kernel-General' Guid='{a68ca8b7-004f-d7b6-a698-07e2de0f1f5d}'/><EventID>16</EventID><Version>0</Version><Level>4</Level><Task>0</Task><Opcode>0</Opcode><Keywords>0x8000000000000000</Keywords><TimeCreated SystemTime='2020-06-24T22:04:30.665188500Z'/><EventRecordID>3680</EventRecordID><Correlation/><Execution ProcessID='1460' ThreadID='1696'/><Channel>System</Channel><Computer>DESKTOP-577B38M</Computer><Security UserID='S-1-5-18'/></System><EventData><Data Name='HiveNameLength'>26</Data><Data Name='HiveName'>\??\C:\Users\PC\ntuser.dat</Data><Data Name='KeysUpdated'>2207</Data><Data Name='DirtyPages'>291</Data></EventData><RenderingInfo Culture='en-US'><Message>The access history in hive \??\C:\Users\PC\ntuser.dat was cleared updating 2207 keys and creating 291 modified pages.</Message><Level>Information</Level><Task></Task><Opcode>Info</Opcode><Channel>System</Channel><Provider>Microsoft-Windows-Kernel-General</Provider><Keywords></Keywords></RenderingInfo></Event><Event xmlns='http://schemas.microsoft.com/win/2004/08/events/event'><System><Provider Name='Microsoft-Windows-Winlogon' Guid='{dbe9b383-7cf3-4331-91cc-a3cb16a3b538}'/><EventID>7001</EventID><Version>0</Version><Level>4</Level><Task>1101</Task><Opcode>0</Opcode><Keywords>0x2000200000000000</Keywords><TimeCreated SystemTime='2020-06-24T22:04:30.479506100Z'/><EventRecordID>3679</EventRecordID><Correlation/><Execution ProcessID='676' ThreadID='524'/><Channel>System</Channel><Computer>DESKTOP-577B38M</Computer><Security UserID='S-1-5-18'/></System><EventData><Data Name='TSId'>1</Data><Data Name='UserSid'>S-1-5-21-839496821-663164669-2267191325-1002</Data></EventData><RenderingInfo Culture='en-US'><Message>User Logon Notification for Customer Experience Improvement Program</Message><Level>Information</Level><Task></Task><Opcode>Info</Opcode><Channel>System</Channel><Provider>Microsoft-Windows-Winlogon</Provider><Keywords></Keywords></RenderingInfo></Event><Event xmlns='http://schemas.microsoft.com/win/2004/08/events/event'><System><Provider Name='Microsoft-Windows-WLAN-AutoConfig' Guid='{9580d7dd-0379-4658-9870-d5be7d52d6de}'/><EventID>4000</EventID><Version>0</Version><Level>4</Level><Task>0</Task><Opcode>1</Opcode><Keywords>0x4000000000000000</Keywords><TimeCreated SystemTime='2020-06-24T22:04:28.118095900Z'/><EventRecordID>3678</EventRecordID><Correlation/><Execution ProcessID='3016' ThreadID='2656'/><Channel>System</Channel><Computer>DESKTOP-577B38M</Computer><Security UserID='S-1-5-18'/></System><EventData></EventData><RenderingInfo Culture='en-US'><Message>WLAN AutoConfig service has successfully started.
</Message><Level>Information</Level><Task></Task><Opcode>Start</Opcode><Channel>System</Channel><Provider>Microsoft-Windows-WLAN-AutoConfig</Provider><Keywords></Keywords></RenderingInfo></Event><Event xmlns='http://schemas.microsoft.com/win/2004/08/events/event'><System><Provider Name='Microsoft-Windows-Kernel-General' Guid='{a68ca8b7-004f-d7b6-a698-07e2de0f1f5d}'/><EventID>16</EventID><Version>0</Version><Level>4</Level><Task>0</Task><Opcode>0</Opcode><Keywords>0x8000000000000000</Keywords><TimeCreated SystemTime='2020-06-24T22:04:27.064908700Z'/><EventRecordID>3677</EventRecordID><Correlation/><Execution ProcessID='904' ThreadID='988'/><Channel>System</Channel><Computer>DESKTOP-577B38M</Computer><Security UserID='S-1-5-18'/></System><EventData><Data Name='HiveNameLength'>42</Data><Data Name='HiveName'>\SystemRoot\System32\Config\bbimigrate\BBI</Data><Data Name='KeysUpdated'>1</Data><Data Name='DirtyPages'>1</Data></EventData><RenderingInfo Culture='en-US'><Message>The access history in hive \SystemRoot\System32\Config\bbimigrate\BBI was cleared updating 1 keys and creating 1 modified pages.</Message><Level>Information</Level><Task></Task><Opcode>Info</Opcode><Channel>System</Channel><Provider>Microsoft-Windows-Kernel-General</Provider><Keywords></Keywords></RenderingInfo></Event><Event xmlns='http://schemas.microsoft.com/win/2004/08/events/event'><System><Provider Name='Microsoft-Windows-DHCPv6-Client' Guid='{6a1f2b00-6a90-4c38-95a5-5cab3b056778}'/><EventID>51046</EventID><Version>0</Version><Level>4</Level><Task>4</Task><Opcode>62</Opcode><Keywords>0x2000000000000000</Keywords><TimeCreated SystemTime='2020-06-24T22:04:25.897659000Z'/><EventRecordID>3676</EventRecordID><Correlation/><Execution ProcessID='2028' ThreadID='2172'/><Channel>System</Channel><Computer>DESKTOP-577B38M</Computer><Security UserID='S-1-5-19'/></System><EventData></EventData><RenderingInfo Culture='en-US'><Message>DHCPv6 client service is started</Message><Level>Information</Level><Task>Service State Event</Task><Opcode>ServiceStart</Opcode><Channel>System</Channel><Provider>Microsoft-Windows-DHCPv6-Client</Provider><Keywords></Keywords></RenderingInfo></Event><Event xmlns='http://schemas.microsoft.com/win/2004/08/events/event'><System><Provider Name='Microsoft-Windows-Dhcp-Client' Guid='{15a7a4f8-0072-4eab-abad-f98a4d666aed}'/><EventID>50103</EventID><Version>0</Version><Level>4</Level><Task>4</Task><Opcode>129</Opcode><Keywords>0x2000000000000000</Keywords><TimeCreated SystemTime='2020-06-24T22:04:25.752769600Z'/><EventRecordID>3675</EventRecordID><Correlation/><Execution ProcessID='2028' ThreadID='2080'/><Channel>System</Channel><Computer>DESKTOP-577B38M</Computer><Security UserID='S-1-5-19'/></System><EventData></EventData><RenderingInfo Culture='en-US'><Message>DHCPv4 client registered for shutdown notification</Message><Level>Information</Level><Task>Service State Event</Task><Opcode>ServiceShutdown</Opcode><Channel>System</Channel><Provider>Microsoft-Windows-Dhcp-Client</Provider><Keywords></Keywords></RenderingInfo></Event><Event xmlns='http://schemas.microsoft.com/win/2004/08/events/event'><System><Provider Name='Microsoft-Windows-Dhcp-Client' Guid='{15a7a4f8-0072-4eab-abad-f98a4d666aed}'/><EventID>50036</EventID><Version>0</Version><Level>4</Level><Task>4</Task><Opcode>68</Opcode><Keywords>0x2000000000000000</Keywords><TimeCreated SystemTime='2020-06-24T22:04:25.752629600Z'/><EventRecordID>3674</EventRecordID><Correlation/><Execution ProcessID='2028' ThreadID='2080'/><Channel>System</Channel><Computer>DESKTOP-577B38M</Computer><Security UserID='S-1-5-19'/></System><EventData></EventData><RenderingInfo Culture='en-US'><Message>DHCPv4 client service is started</Message><Level>Information</Level><Task>Service State Event</Task><Opcode>ServiceStart</Opcode><Channel>System</Channel><Provider>Microsoft-Windows-Dhcp-Client</Provider><Keywords></Keywords></RenderingInfo></Event><Event xmlns='http://schemas.microsoft.com/win/2004/08/events/event'><System><Provider Name='Microsoft-Windows-FilterManager' Guid='{f3c5e28e-63f6-49c7-a204-e48a1bc4b09d}'/><EventID>6</EventID><Version>0</Version><Level>4</Level><Task>0</Task><Opcode>0</Opcode><Keywords>0x8000000000000000</Keywords><TimeCreated SystemTime='2020-06-24T22:04:25.487850900Z'/><EventRecordID>3673</EventRecordID><Correlation/><Execution ProcessID='4' ThreadID='1836'/><Channel>System</Channel><Computer>DESKTOP-577B38M</Computer><Security UserID='S-1-5-18'/></System><EventData><Data Name='FinalStatus'>0x0</Data><Data Name='DeviceVersionMajor'>10</Data><Data Name='DeviceVersionMinor'>0</Data><Data Name='DeviceNameLength'>10</Data><Data Name='DeviceName'>storqosflt</Data><Data Name='DeviceTime'>2084-07-24T08:29:44.000000000Z</Data></EventData><RenderingInfo Culture='en-US'><Message>File System Filter 'storqosflt' (10.0, ‎2084‎-‎07‎-‎24T08:29:44.000000000Z) has successfully loaded and registered with Filter Manager.</Message><Level>Information</Level><Task></Task><Opcode>Info</Opcode><Channel>System</Channel><Provider>Microsoft-Windows-FilterManager</Provider><Keywords></Keywords></RenderingInfo></Event><Event xmlns='http://schemas.microsoft.com/win/2004/08/events/event'><System><Provider Name='Microsoft-Windows-FilterManager' Guid='{f3c5e28e-63f6-49c7-a204-e48a1bc4b09d}'/><EventID>6</EventID><Version>0</Version><Level>4</Level><Task>0</Task><Opcode>0</Opcode><Keywords>0x8000000000000000</Keywords><TimeCreated SystemTime='2020-06-24T22:04:25.466063100Z'/><EventRecordID>3672</EventRecordID><Correlation/><Execution ProcessID='4' ThreadID='312'/><Channel>System</Channel><Computer>DESKTOP-577B38M</Computer><Security UserID='S-1-5-18'/></System><EventData><Data Name='FinalStatus'>0x0</Data><Data Name='DeviceVersionMajor'>10</Data><Data Name='DeviceVersionMinor'>0</Data><Data Name='DeviceNameLength'>6</Data><Data Name='DeviceName'>CldFlt</Data><Data Name='DeviceTime'>2077-06-12T18:13:28.000000000Z</Data></EventData><RenderingInfo Culture='en-US'><Message>File System Filter 'CldFlt' (10.0, ‎2077‎-‎06‎-‎12T18:13:28.000000000Z) has successfully loaded and registered with Filter Manager.</Message><Level>Information</Level><Task></Task><Opcode>Info</Opcode><Channel>System</Channel><Provider>Microsoft-Windows-FilterManager</Provider><Keywords></Keywords></RenderingInfo></Event><Event xmlns='http://schemas.microsoft.com/win/2004/08/events/event'><System><Provider Name='Microsoft-Windows-FilterManager' Guid='{f3c5e28e-63f6-49c7-a204-e48a1bc4b09d}'/><EventID>1</EventID><Version>0</Version><Level>4</Level><Task>0</Task><Opcode>0</Opcode><Keywords>0x8000000000000000</Keywords><TimeCreated SystemTime='2020-06-24T22:04:25.465714200Z'/><EventRecordID>3671</EventRecordID><Correlation/><Execution ProcessID='4' ThreadID='312'/><Channel>System</Channel><Computer>DESKTOP-577B38M</Computer><Security UserID='S-1-5-18'/></System><EventData><Data Name='FinalStatus'>0x0</Data><Data Name='DeviceVersionMajor'>10</Data><Data Name='DeviceVersionMinor'>0</Data><Data Name='DeviceNameLength'>6</Data><Data Name='DeviceName'>CldFlt</Data><Data Name='DeviceTime'>2077-06-12T18:13:28.000000000Z</Data></EventData><RenderingInfo Culture='en-US'><Message>File System Filter 'CldFlt' (Version 10.0, ‎2077‎-‎06‎-‎12T18:13:28.000000000Z) unloaded successfully.</Message><Level>Information</Level><Task></Task><Opcode>Info</Opcode><Channel>System</Channel><Provider>Microsoft-Windows-FilterManager</Provider><Keywords></Keywords></RenderingInfo></Event><Event xmlns='http://schemas.microsoft.com/win/2004/08/events/event'><System><Provider Name='Microsoft-Windows-FilterManager' Guid='{f3c5e28e-63f6-49c7-a204-e48a1bc4b09d}'/><EventID>6</EventID><Version>0</Version><Level>4</Level><Task>0</Task><Opcode>0</Opcode><Keywords>0x8000000000000000</Keywords><TimeCreated SystemTime='2020-06-24T22:04:25.465696300Z'/><EventRecordID>3670</EventRecordID><Correlation/><Execution ProcessID='4' ThreadID='312'/><Channel>System</Channel><Computer>DESKTOP-577B38M</Computer><Security UserID='S-1-5-18'/></System><EventData><Data Name='FinalStatus'>0x0</Data><Data Name='DeviceVersionMajor'>10</Data><Data Name='DeviceVersionMinor'>0</Data><Data Name='DeviceNameLength'>6</Data><Data Name='DeviceName'>CldFlt</Data><Data Name='DeviceTime'>2077-06-12T18:13:28.000000000Z</Data></EventData><RenderingInfo Culture='en-US'><Message>File System Filter 'CldFlt' (10.0, ‎2077‎-‎06‎-‎12T18:13:28.000000000Z) has successfully loaded and registered with Filter Manager.</Message><Level>Information</Level><Task></Task><Opcode>Info</Opcode><Channel>System</Channel><Provider>Microsoft-Windows-FilterManager</Provider><Keywords></Keywords></RenderingInfo></Event><Event xmlns='http://schemas.microsoft.com/win/2004/08/events/event'><System><Provider Name='Microsoft-Windows-FilterManager' Guid='{f3c5e28e-63f6-49c7-a204-e48a1bc4b09d}'/><EventID>6</EventID><Version>0</Version><Level>4</Level><Task>0</Task><Opcode>0</Opcode><Keywords>0x8000000000000000</Keywords><TimeCreated SystemTime='2020-06-24T22:04:25.416952500Z'/><EventRecordID>3669</EventRecordID><Correlation/><Execution ProcessID='4' ThreadID='312'/><Channel>System</Channel><Computer>DESKTOP-577B38M</Computer><Security UserID='S-1-5-18'/></System><EventData><Data Name='FinalStatus'>0x0</Data><Data Name='DeviceVersionMajor'>10</Data><Data Name='DeviceVersionMinor'>0</Data><Data Name='DeviceNameLength'>5</Data><Data Name='DeviceName'>luafv</Data><Data Name='DeviceTime'>1974-08-09T16:33:30.000000000Z</Data></EventData><RenderingInfo Culture='en-US'><Message>File System Filter 'luafv' (10.0, ‎1974‎-‎08‎-‎09T16:33:30.000000000Z) has successfully loaded and registered with Filter Manager.</Message><Level>Information</Level><Task></Task><Opcode>Info</Opcode><Channel>System</Channel><Provider>Microsoft-Windows-FilterManager</Provider><Keywords></Keywords></RenderingInfo></Event><Event xmlns='http://schemas.microsoft.com/win/2004/08/events/event'><System><Provider Name='Microsoft-Windows-FilterManager' Guid='{f3c5e28e-63f6-49c7-a204-e48a1bc4b09d}'/><EventID>6</EventID><Version>0</Version><Level>4</Level><Task>0</Task><Opcode>0</Opcode><Keywords>0x8000000000000000</Keywords><TimeCreated SystemTime='2020-06-24T22:04:25.370362400Z'/><EventRecordID>3668</EventRecordID><Correlation/><Execution ProcessID='4' ThreadID='188'/><Channel>System</Channel><Computer>DESKTOP-577B38M</Computer><Security UserID='S-1-5-18'/></System><EventData><Data Name='FinalStatus'>0x0</Data><Data Name='DeviceVersionMajor'>10</Data><Data Name='DeviceVersionMinor'>0</Data><Data Name='DeviceNameLength'>5</Data><Data Name='DeviceName'>wcifs</Data><Data Name='DeviceTime'>2011-08-26T01:27:29.000000000Z</Data></EventData><RenderingInfo Culture='en-US'><Message>File System Filter 'wcifs' (10.0, ‎2011‎-‎08‎-‎26T01:27:29.000000000Z) has successfully loaded and registered with Filter Manager.</Message><Level>Information</Level><Task></Task><Opcode>Info</Opcode><Channel>System</Channel><Provider>Microsoft-Windows-FilterManager</Provider><Keywords></Keywords></RenderingInfo></Event><Event xmlns='http://schemas.microsoft.com/win/2004/08/events/event'><System><Provider Name='Microsoft-Windows-Kernel-General' Guid='{a68ca8b7-004f-d7b6-a698-07e2de0f1f5d}'/><EventID>16</EventID><Version>0</Version><Level>4</Level><Task>0</Task><Opcode>0</Opcode><Keywords>0x8000000000000000</Keywords><TimeCreated SystemTime='2020-06-24T22:04:24.746363700Z'/><EventRecordID>3667</EventRecordID><Correlation/><Execution ProcessID='716' ThreadID='852'/><Channel>System</Channel><Computer>DESKTOP-577B38M</Computer><Security UserID='S-1-5-18'/></System><EventData><Data Name='HiveNameLength'>54</Data><Data Name='HiveName'>\??\C:\WINDOWS\ServiceProfiles\LocalService\NTUSER.DAT</Data><Data Name='KeysUpdated'>77</Data><Data Name='DirtyPages'>17</Data></EventData><RenderingInfo Culture='en-US'><Message>The access history in hive \??\C:\WINDOWS\ServiceProfiles\LocalService\NTUSER.DAT was cleared updating 77 keys and creating 17 modified pages.</Message><Level>Information</Level><Task></Task><Opcode>Info</Opcode><Channel>System</Channel><Provider>Microsoft-Windows-Kernel-General</Provider><Keywords></Keywords></RenderingInfo></Event><Event xmlns='http://schemas.microsoft.com/win/2004/08/events/event'><System><Provider Name='Microsoft-Windows-Kernel-General' Guid='{a68ca8b7-004f-d7b6-a698-07e2de0f1f5d}'/><EventID>16</EventID><Version>0</Version><Level>4</Level><Task>0</Task><Opcode>0</Opcode><Keywords>0x8000000000000000</Keywords><TimeCreated SystemTime='2020-06-24T22:04:24.744026000Z'/><EventRecordID>3666</EventRecordID><Correlation/><Execution ProcessID='904' ThreadID='988'/><Channel>System</Channel><Computer>DESKTOP-577B38M</Computer><Security UserID='S-1-5-18'/></System><EventData><Data Name='HiveNameLength'>31</Data><Data Name='HiveName'>\SystemRoot\System32\Config\BBI</Data><Data Name='KeysUpdated'>282</Data><Data Name='DirtyPages'>71</Data></EventData><RenderingInfo Culture='en-US'><Message>The access history in hive \SystemRoot\System32\Config\BBI was cleared updating 282 keys and creating 71 modified pages.</Message><Level>Information</Level><Task></Task><Opcode>Info</Opcode><Channel>System</Channel><Provider>Microsoft-Windows-Kernel-General</Provider><Keywords></Keywords></RenderingInfo></Event><Event xmlns='http://schemas.microsoft.com/win/2004/08/events/event'><System><Provider Name='Microsoft-Windows-Kernel-General' Guid='{a68ca8b7-004f-d7b6-a698-07e2de0f1f5d}'/><EventID>16</EventID><Version>0</Version><Level>4</Level><Task>0</Task><Opcode>0</Opcode><Keywords>0x8000000000000000</Keywords><TimeCreated SystemTime='2020-06-24T22:04:24.267327300Z'/><EventRecordID>3665</EventRecordID><Correlation/><Execution ProcessID='716' ThreadID='720'/><Channel>System</Channel><Computer>DESKTOP-577B38M</Computer><Security UserID='S-1-5-18'/></System><EventData><Data Name='HiveNameLength'>56</Data><Data Name='HiveName'>\??\C:\WINDOWS\ServiceProfiles\NetworkService\NTUSER.DAT</Data><Data Name='KeysUpdated'>110</Data><Data Name='DirtyPages'>20</Data></EventData><RenderingInfo Culture='en-US'><Message>The access history in hive \??\C:\WINDOWS\ServiceProfiles\NetworkService\NTUSER.DAT was cleared updating 110 keys and creating 20 modified pages.</Message><Level>Information</Level><Task></Task><Opcode>Info</Opcode><Channel>System</Channel><Provider>Microsoft-Windows-Kernel-General</Provider><Keywords></Keywords></RenderingInfo></Event><Event xmlns='http://schemas.microsoft.com/win/2004/08/events/event'><System><Provider Name='Microsoft-Windows-Directory-Services-SAM' Guid='{0d4fdc09-8c27-494a-bda0-505e4fd8adae}'/><EventID>16962</EventID><Version>0</Version><Level>4</Level><Task>0</Task><Opcode>0</Opcode><Keywords>0x8000000000000000</Keywords><TimeCreated SystemTime='2020-06-24T22:04:23.952066700Z'/><EventRecordID>3664</EventRecordID><Correlation ActivityID='{6108139f-4a73-0002-3e14-0861734ad601}'/><Execution ProcessID='740' ThreadID='744'/><Channel>System</Channel><Computer>DESKTOP-577B38M</Computer><Security UserID='S-1-5-18'/></System><EventData Name='SAMMSG_RESTRICT_REMOTE_SAM_DEFAULT_SD'><Data Name='Default SD String:'>O:SYG:SYD:(A;;RC;;;BA)</Data></EventData><RenderingInfo Culture='en-US'><Message>Remote calls to the SAM database are being restricted using the default security descriptor: O:SYG:SYD:(A;;RC;;;BA).
For more information please see http://go.microsoft.com/fwlink/?LinkId=787651.</Message><Level>Information</Level><Task></Task><Opcode>Info</Opcode><Channel>System</Channel><Provider>Microsoft-Windows-Directory-Services-SAM</Provider><Keywords></Keywords></RenderingInfo></Event><Event xmlns='http://schemas.microsoft.com/win/2004/08/events/event'><System><Provider Name='Microsoft-Windows-Wininit' Guid='{206f6dea-d3c5-4d10-bc72-989f03c8b84b}'/><EventID>14</EventID><Version>0</Version><Level>4</Level><Task>0</Task><Opcode>0</Opcode><Keywords>0x4000000000000000</Keywords><TimeCreated SystemTime='2020-06-24T22:04:23.626763000Z'/><EventRecordID>3663</EventRecordID><Correlation/><Execution ProcessID='576' ThreadID='580'/><Channel>System</Channel><Computer>DESKTOP-577B38M</Computer><Security UserID='S-1-5-18'/></System><EventData><Data Name='Config'>0</Data><Data Name='IsTestConfig'>0</Data></EventData><RenderingInfo Culture='en-US'><Message>Credential Guard configuration: 0x0, 0</Message><Level>Information</Level><Task></Task><Opcode>Info</Opcode><Channel>System</Channel><Provider>Microsoft-Windows-Wininit</Provider><Keywords></Keywords></RenderingInfo></Event><Event xmlns='http://schemas.microsoft.com/win/2004/08/events/event'><System><Provider Name='Microsoft-Windows-Kernel-General' Guid='{a68ca8b7-004f-d7b6-a698-07e2de0f1f5d}'/><EventID>16</EventID><Version>0</Version><Level>4</Level><Task>0</Task><Opcode>0</Opcode><Keywords>0x8000000000000000</Keywords><TimeCreated SystemTime='2020-06-24T22:04:19.504774000Z'/><EventRecordID>3662</EventRecordID><Correlation/><Execution ProcessID='400' ThreadID='404'/><Channel>System</Channel><Computer>DESKTOP-577B38M</Computer><Security UserID='S-1-5-18'/></System><EventData><Data Name='HiveNameLength'>46</Data><Data Name='HiveName'>\Device\HarddiskVolume3\EFI\Microsoft\Boot\BCD</Data><Data Name='KeysUpdated'>61</Data><Data Name='DirtyPages'>7</Data></EventData><RenderingInfo Culture='en-US'><Message>The access history in hive \Device\HarddiskVolume3\EFI\Microsoft\Boot\BCD was cleared updating 61 keys and creating 7 modified pages.</Message><Level>Information</Level><Task></Task><Opcode>Info</Opcode><Channel>System</Channel><Provider>Microsoft-Windows-Kernel-General</Provider><Keywords></Keywords></RenderingInfo></Event><Event xmlns='http://schemas.microsoft.com/win/2004/08/events/event'><System><Provider Name='Microsoft-Windows-Kernel-General' Guid='{a68ca8b7-004f-d7b6-a698-07e2de0f1f5d}'/><EventID>15</EventID><Version>0</Version><Level>4</Level><Task>0</Task><Opcode>0</Opcode><Keywords>0x8000000000000000</Keywords><TimeCreated SystemTime='2020-06-24T22:04:19.394941200Z'/><EventRecordID>3661</EventRecordID><Correlation/><Execution ProcessID='96' ThreadID='444'/><Channel>System</Channel><Computer>DESKTOP-577B38M</Computer><Security UserID='S-1-5-18'/></System><EventData><Data Name='HiveNameLength'>36</Data><Data Name='HiveName'>\SystemRoot\System32\Config\SOFTWARE</Data><Data Name='OriginalSize'>78151680</Data><Data Name='NewSize'>75317248</Data></EventData><RenderingInfo Culture='en-US'><Message>Hive \SystemRoot\System32\Config\SOFTWARE was reorganized with a starting size of 78151680 bytes and an ending size of 75317248 bytes.</Message><Level>Information</Level><Task></Task><Opcode>Info</Opcode><Channel>System</Channel><Provider>Microsoft-Windows-Kernel-General</Provider><Keywords></Keywords></RenderingInfo></Event><Event xmlns='http://schemas.microsoft.com/win/2004/08/events/event'><System><Provider Name='Microsoft-Windows-Kernel-General' Guid='{a68ca8b7-004f-d7b6-a698-07e2de0f1f5d}'/><EventID>16</EventID><Version>0</Version><Level>4</Level><Task>0</Task><Opcode>0</Opcode><Keywords>0x8000000000000000</Keywords><TimeCreated SystemTime='2020-06-24T22:04:14.755504400Z'/><EventRecordID>3660</EventRecordID><Correlation/><Execution ProcessID='96' ThreadID='452'/><Channel>System</Channel><Computer>DESKTOP-577B38M</Computer><Security UserID='S-1-5-18'/></System><EventData><Data Name='HiveNameLength'>35</Data><Data Name='HiveName'>\SystemRoot\System32\Config\DEFAULT</Data><Data Name='KeysUpdated'>265</Data><Data Name='DirtyPages'>34</Data></EventData><RenderingInfo Culture='en-US'><Message>The access history in hive \SystemRoot\System32\Config\DEFAULT was cleared updating 265 keys and creating 34 modified pages.</Message><Level>Information</Level><Task></Task><Opcode>Info</Opcode><Channel>System</Channel><Provider>Microsoft-Windows-Kernel-General</Provider><Keywords></Keywords></RenderingInfo></Event><Event xmlns='http://schemas.microsoft.com/win/2004/08/events/event'><System><Provider Name='Microsoft-Windows-Kernel-General' Guid='{a68ca8b7-004f-d7b6-a698-07e2de0f1f5d}'/><EventID>16</EventID><Version>0</Version><Level>4</Level><Task>0</Task><Opcode>0</Opcode><Keywords>0x8000000000000000</Keywords><TimeCreated SystemTime='2020-06-24T22:04:14.750902400Z'/><EventRecordID>3659</EventRecordID><Correlation/><Execution ProcessID='96' ThreadID='440'/><Channel>System</Channel><Computer>DESKTOP-577B38M</Computer><Security UserID='S-1-5-18'/></System><EventData><Data Name='HiveNameLength'>36</Data><Data Name='HiveName'>\SystemRoot\System32\Config\SECURITY</Data><Data Name='KeysUpdated'>81</Data><Data Name='DirtyPages'>5</Data></EventData><RenderingInfo Culture='en-US'><Message>The access history in hive \SystemRoot\System32\Config\SECURITY was cleared updating 81 keys and creating 5 modified pages.</Message><Level>Information</Level><Task></Task><Opcode>Info</Opcode><Channel>System</Channel><Provider>Microsoft-Windows-Kernel-General</Provider><Keywords></Keywords></RenderingInfo></Event><Event xmlns='http://schemas.microsoft.com/win/2004/08/events/event'><System><Provider Name='Microsoft-Windows-Kernel-General' Guid='{a68ca8b7-004f-d7b6-a698-07e2de0f1f5d}'/><EventID>16</EventID><Version>0</Version><Level>4</Level><Task>0</Task><Opcode>0</Opcode><Keywords>0x8000000000000000</Keywords><TimeCreated SystemTime='2020-06-24T22:04:14.748318500Z'/><EventRecordID>3658</EventRecordID><Correlation/><Execution ProcessID='96' ThreadID='456'/><Channel>System</Channel><Computer>DESKTOP-577B38M</Computer><Security UserID='S-1-5-18'/></System><EventData><Data Name='HiveNameLength'>31</Data><Data Name='HiveName'>\SystemRoot\System32\Config\SAM</Data><Data Name='KeysUpdated'>68</Data><Data Name='DirtyPages'>7</Data></EventData><RenderingInfo Culture='en-US'><Message>The access history in hive \SystemRoot\System32\Config\SAM was cleared updating 68 keys and creating 7 modified pages.</Message><Level>Information</Level><Task></Task><Opcode>Info</Opcode><Channel>System</Channel><Provider>Microsoft-Windows-Kernel-General</Provider><Keywords></Keywords></RenderingInfo></Event><Event xmlns='http://schemas.microsoft.com/win/2004/08/events/event'><System><Provider Name='Microsoft-Windows-Ntfs' Guid='{3ff37a1c-a68d-4d6e-8c9b-f79e8b16c482}'/><EventID>98</EventID><Version>0</Version><Level>4</Level><Task>0</Task><Opcode>0</Opcode><Keywords>0x8000000000000002</Keywords><TimeCreated SystemTime='2020-06-24T22:04:14.682445100Z'/><EventRecordID>3657</EventRecordID><Correlation/><Execution ProcessID='4' ThreadID='248'/><Channel>System</Channel><Computer>DESKTOP-577B38M</Computer><Security UserID='S-1-5-18'/></System><EventData><Data Name='DriveName'>\\?\Volume{1de56c92-7cab-4981-b572-50a171ad5c66}</Data><Data Name='DeviceName'>\Device\HarddiskVolume6</Data><Data Name='CorruptionActionState'>0</Data></EventData><RenderingInfo Culture='en-US'><Message>Volume \\?\Volume{1de56c92-7cab-4981-b572-50a171ad5c66} (\Device\HarddiskVolume6) is healthy.  No action is needed.</Message><Level>Information</Level><Task></Task><Opcode>Info</Opcode><Channel>System</Channel><Provider></Provider><Keywords></Keywords></RenderingInfo></Event><Event xmlns='http://schemas.microsoft.com/win/2004/08/events/event'><System><Provider Name='Microsoft-Windows-Ntfs' Guid='{3ff37a1c-a68d-4d6e-8c9b-f79e8b16c482}'/><EventID>98</EventID><Version>0</Version><Level>4</Level><Task>0</Task><Opcode>0</Opcode><Keywords>0x8000000000000002</Keywords><TimeCreated SystemTime='2020-06-24T22:04:14.653201300Z'/><EventRecordID>3656</EventRecordID><Correlation/><Execution ProcessID='4' ThreadID='188'/><Channel>System</Channel><Computer>DESKTOP-577B38M</Computer><Security UserID='S-1-5-18'/></System><EventData><Data Name='DriveName'>\\?\Volume{c3f65bb2-b295-4d90-861f-ae3ae826d34b}</Data><Data Name='DeviceName'>\Device\HarddiskVolume2</Data><Data Name='CorruptionActionState'>0</Data></EventData><RenderingInfo Culture='en-US'><Message>Volume \\?\Volume{c3f65bb2-b295-4d90-861f-ae3ae826d34b} (\Device\HarddiskVolume2) is healthy.  No action is needed.</Message><Level>Information</Level><Task></Task><Opcode>Info</Opcode><Channel>System</Channel><Provider></Provider><Keywords></Keywords></RenderingInfo></Event><Event xmlns='http://schemas.microsoft.com/win/2004/08/events/event'><System><Provider Name='Microsoft-Windows-Ntfs' Guid='{3ff37a1c-a68d-4d6e-8c9b-f79e8b16c482}'/><EventID>98</EventID><Version>0</Version><Level>4</Level><Task>0</Task><Opcode>0</Opcode><Keywords>0x8000000000000002</Keywords><TimeCreated SystemTime='2020-06-24T22:04:14.002164400Z'/><EventRecordID>3655</EventRecordID><Correlation/><Execution ProcessID='4' ThreadID='308'/><Channel>System</Channel><Computer>DESKTOP-577B38M</Computer><Security UserID='S-1-5-18'/></System><EventData><Data Name='DriveName'>D:</Data><Data Name='DeviceName'>\Device\HarddiskVolume1</Data><Data Name='CorruptionActionState'>0</Data></EventData><RenderingInfo Culture='en-US'><Message>Volume D: (\Device\HarddiskVolume1) is healthy.  No action is needed.</Message><Level>Information</Level><Task></Task><Opcode>Info</Opcode><Channel>System</Channel><Provider></Provider><Keywords></Keywords></RenderingInfo></Event><Event xmlns='http://schemas.microsoft.com/win/2004/08/events/event'><System><Provider Name='Microsoft-Windows-Kernel-Power' Guid='{331c3b3a-2005-44c2-ac5e-77220c37d6b4}'/><EventID>172</EventID><Version>0</Version><Level>4</Level><Task>203</Task><Opcode>0</Opcode><Keywords>0x8000000000000404</Keywords><TimeCreated SystemTime='2020-06-24T22:04:13.543978100Z'/><EventRecordID>3654</EventRecordID><Correlation/><Execution ProcessID='4' ThreadID='248'/><Channel>System</Channel><Computer>DESKTOP-577B38M</Computer><Security UserID='S-1-5-18'/></System><EventData><Data Name='State'>2</Data><Data Name='Reason'>6</Data></EventData><RenderingInfo Culture='en-US'><Message>Connectivity state in standby: Disconnected, Reason: NIC compliance</Message><Level>Information</Level><Task></Task><Opcode>Info</Opcode><Channel>System</Channel><Provider>Microsoft-Windows-Kernel-Power</Provider><Keywords></Keywords></RenderingInfo></Event><Event xmlns='http://schemas.microsoft.com/win/2004/08/events/event'><System><Provider Name='Microsoft-Windows-Kernel-Power' Guid='{331c3b3a-2005-44c2-ac5e-77220c37d6b4}'/><EventID>142</EventID><Version>0</Version><Level>1</Level><Task>173</Task><Opcode>0</Opcode><Keywords>0x8000000000000002</Keywords><TimeCreated SystemTime='2020-06-24T22:04:13.533204200Z'/><EventRecordID>3653</EventRecordID><Correlation/><Execution ProcessID='4' ThreadID='8'/><Channel>System</Channel><Computer>DESKTOP-577B38M</Computer><Security UserID='S-1-5-18'/></System><EventData><Data Name='ResetReasonMask'>0</Data></EventData><RenderingInfo Culture='en-US'><Message>The system has rebooted without cleanly shutting down first. This error is caused because the system stopped responding and the hardware watchdog triggered a system reset.</Message><Level>Critical</Level><Task></Task><Opcode>Info</Opcode><Channel>System</Channel><Provider>Microsoft-Windows-Kernel-Power</Provider><Keywords></Keywords></RenderingInfo></Event><Event xmlns='http://schemas.microsoft.com/win/2004/08/events/event'><System><Provider Name='Microsoft-Windows-Kernel-Power' Guid='{331c3b3a-2005-44c2-ac5e-77220c37d6b4}'/><EventID>41</EventID><Version>6</Version><Level>1</Level><Task>63</Task><Opcode>0</Opcode><Keywords>0x8000400000000002</Keywords><TimeCreated SystemTime='2020-06-24T22:04:13.533060100Z'/><EventRecordID>3652</EventRecordID><Correlation/><Execution ProcessID='4' ThreadID='8'/><Channel>System</Channel><Computer>DESKTOP-577B38M</Computer><Security UserID='S-1-5-18'/></System><EventData><Data Name='BugcheckCode'>0</Data><Data Name='BugcheckParameter1'>0x0</Data><Data Name='BugcheckParameter2'>0x0</Data><Data Name='BugcheckParameter3'>0x0</Data><Data Name='BugcheckParameter4'>0x0</Data><Data Name='SleepInProgress'>0</Data><Data Name='PowerButtonTimestamp'>0</Data><Data Name='BootAppStatus'>0</Data><Data Name='Checkpoint'>0</Data><Data Name='ConnectedStandbyInProgress'>false</Data><Data Name='SystemSleepTransitionsToOn'>0</Data><Data Name='CsEntryScenarioInstanceId'>0</Data><Data Name='BugcheckInfoFromEFI'>false</Data><Data Name='CheckpointStatus'>0</Data></EventData><RenderingInfo Culture='en-US'><Message>The system has rebooted without cleanly shutting down first. This error could be caused if the system stopped responding, crashed, or lost power unexpectedly.</Message><Level>Critical</Level><Task></Task><Opcode>Info</Opcode><Channel>System</Channel><Provider>Microsoft-Windows-Kernel-Power</Provider><Keywords></Keywords></RenderingInfo></Event><Event xmlns='http://schemas.microsoft.com/win/2004/08/events/event'><System><Provider Name='Microsoft-Windows-FilterManager' Guid='{f3c5e28e-63f6-49c7-a204-e48a1bc4b09d}'/><EventID>6</EventID><Version>0</Version><Level>4</Level><Task>0</Task><Opcode>0</Opcode><Keywords>0x8000000000000000</Keywords><TimeCreated SystemTime='2020-06-24T22:04:13.466059600Z'/><EventRecordID>3651</EventRecordID><Correlation/><Execution ProcessID='4' ThreadID='8'/><Channel>System</Channel><Computer>DESKTOP-577B38M</Computer><Security UserID='S-1-5-18'/></System><EventData><Data Name='FinalStatus'>0x0</Data><Data Name='DeviceVersionMajor'>10</Data><Data Name='DeviceVersionMinor'>0</Data><Data Name='DeviceNameLength'>9</Data><Data Name='DeviceName'>npsvctrig</Data><Data Name='DeviceTime'>1977-09-12T18:19:34.000000000Z</Data></EventData><RenderingInfo Culture='en-US'><Message>File System Filter 'npsvctrig' (10.0, ‎1977‎-‎09‎-‎12T18:19:34.000000000Z) has successfully loaded and registered with Filter Manager.</Message><Level>Information</Level><Task></Task><Opcode>Info</Opcode><Channel>System</Channel><Provider>Microsoft-Windows-FilterManager</Provider><Keywords></Keywords></RenderingInfo></Event><Event xmlns='http://schemas.microsoft.com/win/2004/08/events/event'><System><Provider Name='BTHUSB'/><EventID Qualifiers='32773'>34</EventID><Level>3</Level><Task>0</Task><Keywords>0x80000000000000</Keywords><TimeCreated SystemTime='2020-06-24T22:04:10.921971000Z'/><EventRecordID>3650</EventRecordID><Channel>System</Channel><Computer>DESKTOP-577B38M</Computer><Security/></System><EventData><Data></Data><Data>0x2491f7fffff</Data><Data>0x1f7fffff</Data><Binary>00000000030028000000000022000580000000000000000000000000000000000000000000000000</Binary></EventData><RenderingInfo Culture='en-US'><Message>The local adapter does not support an important Low Energy controller state to support peripheral mode.  The minimum required supported state mask is 0x2491f7fffff, got 0x1f7fffff.  Low Energy peripheral role functionality will not be available.</Message><Level>Warning</Level><Task></Task><Opcode></Opcode><Channel></Channel><Provider></Provider><Keywords><Keyword>Classic</Keyword></Keywords></RenderingInfo></Event><Event xmlns='http://schemas.microsoft.com/win/2004/08/events/event'><System><Provider Name='BTHUSB'/><EventID Qualifiers='16389'>18</EventID><Level>4</Level><Task>0</Task><Keywords>0x80000000000000</Keywords><TimeCreated SystemTime='2020-06-24T22:04:10.890721200Z'/><EventRecordID>3649</EventRecordID><Channel>System</Channel><Computer>DESKTOP-577B38M</Computer><Security/></System><EventData><Data></Data><Binary>00000800010000000000000012000540000000000000000000000000000000000000000000000000E000000000000000</Binary></EventData><RenderingInfo Culture='en-US'><Message>Windows cannot store Bluetooth authentication codes (link keys) on the local adapter. Bluetooth keyboards might not work in the system BIOS during startup.</Message><Level>Information</Level><Task></Task><Opcode></Opcode><Channel></Channel><Provider></Provider><Keywords><Keyword>Classic</Keyword></Keywords></RenderingInfo></Event><Event xmlns='http://schemas.microsoft.com/win/2004/08/events/event'><System><Provider Name='Microsoft-Windows-Kernel-Processor-Power' Guid='{0f67e49f-fe51-4e9f-b490-6f2948cc6027}'/><EventID>55</EventID><Version>0</Version><Level>4</Level><Task>47</Task><Opcode>0</Opcode><Keywords>0x8000000000000000</Keywords><TimeCreated SystemTime='2020-06-24T22:04:10.063290600Z'/><EventRecordID>3648</EventRecordID><Correlation/><Execution ProcessID='4' ThreadID='116'/><Channel>System</Channel><Computer>DESKTOP-577B38M</Computer><Security UserID='S-1-5-18'/></System><EventData><Data Name='Group'>0</Data><Data Name='Number'>3</Data><Data Name='IdleStateCount'>2</Data><Data Name='IdleImplementation'>1</Data><Data Name='NominalFrequency'>1701</Data><Data Name='MaximumPerformancePercent'>100</Data><Data Name='MinimumPerformancePercent'>45</Data><Data Name='MinimumThrottlePercent'>5</Data><Data Name='PerformanceImplementation'>1</Data></EventData><RenderingInfo Culture='en-US'><Message>Processor 3 in group 0 exposes the following power management capabilities:

Idle state type: ACPI Idle (C) States (2 state(s))

Performance state type: ACPI Performance (P) / Throttle (T) States
Nominal Frequency (MHz): 1701
Maximum performance percentage: 100
Minimum performance percentage: 45
Minimum throttle percentage: 5</Message><Level>Information</Level><Task></Task><Opcode>Info</Opcode><Channel>System</Channel><Provider>Microsoft-Windows-Kernel-Processor-Power</Provider><Keywords></Keywords></RenderingInfo></Event><Event xmlns='http://schemas.microsoft.com/win/2004/08/events/event'><System><Provider Name='Microsoft-Windows-Kernel-Processor-Power' Guid='{0f67e49f-fe51-4e9f-b490-6f2948cc6027}'/><EventID>55</EventID><Version>0</Version><Level>4</Level><Task>47</Task><Opcode>0</Opcode><Keywords>0x8000000000000000</Keywords><TimeCreated SystemTime='2020-06-24T22:04:10.061691400Z'/><EventRecordID>3647</EventRecordID><Correlation/><Execution ProcessID='4' ThreadID='116'/><Channel>System</Channel><Computer>DESKTOP-577B38M</Computer><Security UserID='S-1-5-18'/></System><EventData><Data Name='Group'>0</Data><Data Name='Number'>2</Data><Data Name='IdleStateCount'>2</Data><Data Name='IdleImplementation'>1</Data><Data Name='NominalFrequency'>1701</Data><Data Name='MaximumPerformancePercent'>100</Data><Data Name='MinimumPerformancePercent'>45</Data><Data Name='MinimumThrottlePercent'>5</Data><Data Name='PerformanceImplementation'>1</Data></EventData><RenderingInfo Culture='en-US'><Message>Processor 2 in group 0 exposes the following power management capabilities:

Idle state type: ACPI Idle (C) States (2 state(s))

Performance state type: ACPI Performance (P) / Throttle (T) States
Nominal Frequency (MHz): 1701
Maximum performance percentage: 100
Minimum performance percentage: 45
Minimum throttle percentage: 5</Message><Level>Information</Level><Task></Task><Opcode>Info</Opcode><Channel>System</Channel><Provider>Microsoft-Windows-Kernel-Processor-Power</Provider><Keywords></Keywords></RenderingInfo></Event><Event xmlns='http://schemas.microsoft.com/win/2004/08/events/event'><System><Provider Name='Microsoft-Windows-Kernel-Processor-Power' Guid='{0f67e49f-fe51-4e9f-b490-6f2948cc6027}'/><EventID>55</EventID><Version>0</Version><Level>4</Level><Task>47</Task><Opcode>0</Opcode><Keywords>0x8000000000000000</Keywords><TimeCreated SystemTime='2020-06-24T22:04:10.060293200Z'/><EventRecordID>3646</EventRecordID><Correlation/><Execution ProcessID='4' ThreadID='116'/><Channel>System</Channel><Computer>DESKTOP-577B38M</Computer><Security UserID='S-1-5-18'/></System><EventData><Data Name='Group'>0</Data><Data Name='Number'>1</Data><Data Name='IdleStateCount'>2</Data><Data Name='IdleImplementation'>1</Data><Data Name='NominalFrequency'>1701</Data><Data Name='MaximumPerformancePercent'>100</Data><Data Name='MinimumPerformancePercent'>45</Data><Data Name='MinimumThrottlePercent'>5</Data><Data Name='PerformanceImplementation'>1</Data></EventData><RenderingInfo Culture='en-US'><Message>Processor 1 in group 0 exposes the following power management capabilities:

Idle state type: ACPI Idle (C) States (2 state(s))

Performance state type: ACPI Performance (P) / Throttle (T) States
Nominal Frequency (MHz): 1701
Maximum performance percentage: 100
Minimum performance percentage: 45
Minimum throttle percentage: 5</Message><Level>Information</Level><Task></Task><Opcode>Info</Opcode><Channel>System</Channel><Provider>Microsoft-Windows-Kernel-Processor-Power</Provider><Keywords></Keywords></RenderingInfo></Event>