<Event xmlns='http://schemas.microsoft.com/win/2004/08/events/event'><System><Provider Name='Microsoft-Windows-Kernel-General' Guid='{a68ca8b7-004f-d7b6-a698-07e2de0f1f5d}'/><EventID>1</EventID><Version>2</Version><Level>4</Level><Task>5</Task><Opcode>0</Opcode><Keywords>0x8000000000000010</Keywords><TimeCreated SystemTime='2020-06-20T09:10:03.311023000Z'/><EventRecordID>3458</EventRecordID><Correlation/><Execution ProcessID='11908' ThreadID='17036'/><Channel>System</Channel><Computer>DESKTOP-577B38M</Computer><Security UserID='S-1-5-19'/></System><EventData><Data Name='NewTime'>2020-06-20T09:10:03.310751300Z</Data><Data Name='OldTime'>2020-06-20T09:10:05.301113500Z</Data><Data Name='Reason'>1</Data><Data Name='ProcessName'>\Device\HarddiskVolume5\Windows\System32\svchost.exe</Data><Data Name='ProcessID'>11908</Data></EventData><RenderingInfo Culture='en-US'><Message>The system time has changed to ‎2020‎-‎06‎-‎20T09:10:03.310751300Z from ‎2020‎-‎06‎-‎20T09:10:05.301113500Z.

Change Reason: An application or system component changed the time.
Process: '\Device\HarddiskVolume5\Windows\System32\svchost.exe' (PID 11908).</Message><Level>Information</Level><Task></Task><Opcode>Info</Opcode><Channel>System</Channel><Provider>Microsoft-Windows-Kernel-General</Provider><Keywords><Keyword>Time</Keyword></Keywords></RenderingInfo></Event><Event xmlns='http://schemas.microsoft.com/win/2004/08/events/event'><System><Provider Name='Microsoft-Windows-Time-Service' Guid='{06edcfeb-0fd0-4e53-acca-a6f8bbf81bcb}'/><EventID>37</EventID><Version>0</Version><Level>4</Level><Task>0</Task><Opcode>0</Opcode><Keywords>0x8000000000000000</Keywords><TimeCreated SystemTime='2020-06-20T09:09:51.047090100Z'/><EventRecordID>3457</EventRecordID><Correlation/><Execution ProcessID='11908' ThreadID='9544'/><Channel>System</Channel><Computer>DESKTOP-577B38M</Computer><Security UserID='S-1-5-19'/></System><EventData Name='TMP_EVENT_TIME_SOURCE_REACHABLE'><Data Name='TimeSource'>time.windows.com,0x9 (ntp.m|0x9|0.0.0.0:123-&gt;52.231.114.183:123)</Data></EventData><RenderingInfo Culture='en-US'><Message>The time provider NtpClient is currently receiving valid time data from time.windows.com,0x9 (ntp.m|0x9|0.0.0.0:123-&gt;52.231.114.183:123).</Message><Level>Information</Level><Task></Task><Opcode>Info</Opcode><Channel>System</Channel><Provider>Microsoft-Windows-Time-Service</Provider><Keywords></Keywords></RenderingInfo></Event><Event xmlns='http://schemas.microsoft.com/win/2004/08/events/event'><System><Provider Name='Microsoft-Windows-Time-Service' Guid='{06edcfeb-0fd0-4e53-acca-a6f8bbf81bcb}'/><EventID>158</EventID><Version>0</Version><Level>4</Level><Task>0</Task><Opcode>0</Opcode><Keywords>0x8000000000000000</Keywords><TimeCreated SystemTime='2020-06-20T09:09:49.234673700Z'/><EventRecordID>3456</EventRecordID><Correlation/><Execution ProcessID='11908' ThreadID='11160'/><Channel>System</Channel><Computer>DESKTOP-577B38M</Computer><Security UserID='S-1-5-19'/></System><EventData Name='TMP_EVENT_TIMEPROV_INDICATED_UNSUPPORTED'><Data Name='TimeProvider'>VMICTimeProvider</Data></EventData><RenderingInfo Culture='en-US'><Message>The time provider 'VMICTimeProvider' has indicated that the current hardware and operating environment is not supported and has stopped. This behavior is expected for VMICTimeProvider on non-HyperV-guest environments. This may be the expected behavior for the current provider in the current operating environment as well.</Message><Level>Information</Level><Task></Task><Opcode>Info</Opcode><Channel>System</Channel><Provider>Microsoft-Windows-Time-Service</Provider><Keywords></Keywords></RenderingInfo></Event><Event xmlns='http://schemas.microsoft.com/win/2004/08/events/event'><System><Provider Name='EventLog'/><EventID Qualifiers='32768'>6013</EventID><Level>4</Level><Task>0</Task><Keywords>0x80000000000000</Keywords><TimeCreated SystemTime='2020-06-20T09:00:00.840157900Z'/><EventRecordID>3455</EventRecordID><Channel>System</Channel><Computer>DESKTOP-577B38M</Computer><Security/></System><EventData><Data></Data><Data></Data><Data></Data><Data></Data><Data>769830</Data><Data>60</Data><Data>-120 FLE Standard Time</Data><Binary>31002E003100000030000000570069006E0064006F00770073002000310030002000500072006F000000310030002E0030002E003100380033003600330020004200750069006C0064002000310038003300360033002000200000004D0075006C0074006900700072006F0063006500730073006F007200200046007200650065000000310038003300360032002E0031003900680031005F00720065006C0065006100730065002E003100390030003300310038002D00310032003000320000003500650063003700660032006500370000004E006F007400200041007600610069006C00610062006C00650000004E006F007400200041007600610069006C00610062006C006500000039000000340000003600300034003100000034003000390000004400450053004B0054004F0050002D003500370037004200330038004D0000000000</Binary></EventData><RenderingInfo Culture='en-US'><Message>The system uptime is 769830 seconds.</Message><Level>Information</Level><Task></Task><Opcode></Opcode><Channel></Channel><Provider></Provider><Keywords><Keyword>Classic</Keyword></Keywords></RenderingInfo></Event><Event xmlns='http://schemas.microsoft.com/win/2004/08/events/event'><System><Provider Name='Service Control Manager' Guid='{555908d1-a6d7-4695-8e1e-26931d2012f4}' EventSourceName='Service Control Manager'/><EventID Qualifiers='16384'>7040</EventID><Version>0</Version><Level>4</Level><Task>0</Task><Opcode>0</Opcode><Keywords>0x8080000000000000</Keywords><TimeCreated SystemTime='2020-06-20T03:47:29.158107000Z'/><EventRecordID>3454</EventRecordID><Correlation/><Execution ProcessID='716' ThreadID='10136'/><Channel>System</Channel><Computer>DESKTOP-577B38M</Computer><Security UserID='S-1-5-18'/></System><EventData><Data Name='param1'>Background Intelligent Transfer Service</Data><Data Name='param2'>auto start</Data><Data Name='param3'>demand start</Data><Data Name='param4'>BITS</Data></EventData><RenderingInfo Culture='en-US'><Message>The start type of the Background Intelligent Transfer Service service was changed from auto start to demand start.</Message><Level>Information</Level><Task></Task><Opcode></Opcode><Channel></Channel><Provider>Microsoft-Windows-Service Control Manager</Provider><Keywords><Keyword>Classic</Keyword></Keywords></RenderingInfo></Event><Event xmlns='http://schemas.microsoft.com/win/2004/08/events/event'><System><Provider Name='Service Control Manager' Guid='{555908d1-a6d7-4695-8e1e-26931d2012f4}' EventSourceName='Service Control Manager'/><EventID Qualifiers='16384'>7040</EventID><Version>0</Version><Level>4</Level><Task>0</Task><Opcode>0</Opcode><Keywords>0x8080000000000000</Keywords><TimeCreated SystemTime='2020-06-20T03:45:24.511699200Z'/><EventRecordID>3453</EventRecordID><Correlation/><Execution ProcessID='716' ThreadID='15928'/><Channel>System</Channel><Computer>DESKTOP-577B38M</Computer><Security UserID='S-1-5-18'/></System><EventData><Data Name='param1'>Background Intelligent Transfer Service</Data><Data Name='param2'>demand start</Data><Data Name='param3'>auto start</Data><Data Name='param4'>BITS</Data></EventData><RenderingInfo Culture='en-US'><Message>The start type of the Background Intelligent Transfer Service service was changed from demand start to auto start.</Message><Level>Information</Level><Task></Task><Opcode></Opcode><Channel></Channel><Provider>Microsoft-Windows-Service Control Manager</Provider><Keywords><Keyword>Classic</Keyword></Keywords></RenderingInfo></Event><Event xmlns='http://schemas.microsoft.com/win/2004/08/events/event'><System><Provider Name='Microsoft-Windows-WindowsUpdateClient' Guid='{945a8954-c147-4acd-923f-40c45405a658}'/><EventID>19</EventID><Version>1</Version><Level>4</Level><Task>1</Task><Opcode>13</Opcode><Keywords>0x8000000000000018</Keywords><TimeCreated SystemTime='2020-06-20T01:35:35.468118200Z'/><EventRecordID>3452</EventRecordID><Correlation/><Execution ProcessID='14372' ThreadID='4172'/><Channel>System</Channel><Computer>DESKTOP-577B38M</Computer><Security UserID='S-1-5-18'/></System><EventData><Data Name='updateTitle'>Security Intelligence Update for Microsoft Defender Antivirus - KB2267602 (Version 1.317.1747.0)</Data><Data Name='updateGuid'>{48df7199-e4a7-4a35-96ba-ad3f1e838f9b}</Data><Data Name='updateRevisionNumber'>200</Data><Data Name='serviceGuid'>{9482f4b4-e343-43b6-b170-9a65bc822c77}</Data></EventData><RenderingInfo Culture='en-US'><Message>Installation Successful: Windows successfully installed the following update: Security Intelligence Update for Microsoft Defender Antivirus - KB2267602 (Version 1.317.1747.0)</Message><Level>Information</Level><Task>Windows Update Agent</Task><Opcode>Installation</Opcode><Channel>System</Channel><Provider>Microsoft-Windows-WindowsUpdateClient</Provider><Keywords><Keyword>Installation</Keyword><Keyword>Success</Keyword></Keywords></RenderingInfo></Event><Event xmlns='http://schemas.microsoft.com/win/2004/08/events/event'><System><Provider Name='Microsoft-Windows-WindowsUpdateClient' Guid='{945a8954-c147-4acd-923f-40c45405a658}'/><EventID>43</EventID><Version>1</Version><Level>4</Level><Task>1</Task><Opcode>13</Opcode><Keywords>0x8000000000002008</Keywords><TimeCreated SystemTime='2020-06-20T01:35:17.460745000Z'/><EventRecordID>3451</EventRecordID><Correlation/><Execution ProcessID='14372' ThreadID='4172'/><Channel>System</Channel><Computer>DESKTOP-577B38M</Computer><Security UserID='S-1-5-18'/></System><EventData><Data Name='updateTitle'>Security Intelligence Update for Microsoft Defender Antivirus - KB2267602 (Version 1.317.1747.0)</Data><Data Name='updateGuid'>{48df7199-e4a7-4a35-96ba-ad3f1e838f9b}</Data><Data Name='updateRevisionNumber'>200</Data></EventData><RenderingInfo Culture='en-US'><Message>Installation Started: Windows has started installing the following update: Security Intelligence Update for Microsoft Defender Antivirus - KB2267602 (Version 1.317.1747.0)</Message><Level>Information</Level><Task>Windows Update Agent</Task><Opcode>Installation</Opcode><Channel>System</Channel><Provider>Microsoft-Windows-WindowsUpdateClient</Provider><Keywords><Keyword>Installation</Keyword><Keyword>Started</Keyword></Keywords></RenderingInfo></Event><Event xmlns='http://schemas.microsoft.com/win/2004/08/events/event'><System><Provider Name='Microsoft-Windows-WindowsUpdateClient' Guid='{945a8954-c147-4acd-923f-40c45405a658}'/><EventID>44</EventID><Version>1</Version><Level>4</Level><Task>1</Task><Opcode>12</Opcode><Keywords>0x8000000000002004</Keywords><TimeCreated SystemTime='2020-06-20T01:35:17.460737000Z'/><EventRecordID>3450</EventRecordID><Correlation/><Execution ProcessID='14372' ThreadID='4172'/><Channel>System</Channel><Computer>DESKTOP-577B38M</Computer><Security UserID='S-1-5-18'/></System><EventData><Data Name='updateTitle'>Security Intelligence Update for Microsoft Defender Antivirus - KB2267602 (Version 1.317.1747.0)</Data><Data Name='updateGuid'>{48df7199-e4a7-4a35-96ba-ad3f1e838f9b}</Data><Data Name='updateRevisionNumber'>200</Data></EventData><RenderingInfo Culture='en-US'><Message>Windows Update started downloading an update.</Message><Level>Information</Level><Task>Windows Update Agent</Task><Opcode>Download</Opcode><Channel>System</Channel><Provider>Microsoft-Windows-WindowsUpdateClient</Provider><Keywords><Keyword>Download</Keyword><Keyword>Started</Keyword></Keywords></RenderingInfo></Event><Event xmlns='http://schemas.microsoft.com/win/2004/08/events/event'><System><Provider Name='Microsoft-Windows-Kernel-General' Guid='{a68ca8b7-004f-d7b6-a698-07e2de0f1f5d}'/><EventID>16</EventID><Version>0</Version><Level>4</Level><Task>0</Task><Opcode>0</Opcode><Keywords>0x8000000000000000</Keywords><TimeCreated SystemTime='2020-06-20T01:10:23.734718700Z'/><EventRecordID>3449</EventRecordID><Correlation/><Execution ProcessID='5436' ThreadID='13164'/><Channel>System</Channel><Computer>DESKTOP-577B38M</Computer><Security UserID='S-1-5-18'/></System><EventData><Data Name='HiveNameLength'>112</Data><Data Name='HiveName'>\??\C:\Users\PC\AppData\Local\Packages\microsoft.windows.cloudexperiencehost_cw5n1h2txyewy\Settings\settings.dat</Data><Data Name='KeysUpdated'>2</Data><Data Name='DirtyPages'>1</Data></EventData><RenderingInfo Culture='en-US'><Message>The access history in hive \??\C:\Users\PC\AppData\Local\Packages\microsoft.windows.cloudexperiencehost_cw5n1h2txyewy\Settings\settings.dat was cleared updating 2 keys and creating 1 modified pages.</Message><Level>Information</Level><Task></Task><Opcode>Info</Opcode><Channel>System</Channel><Provider>Microsoft-Windows-Kernel-General</Provider><Keywords></Keywords></RenderingInfo></Event><Event xmlns='http://schemas.microsoft.com/win/2004/08/events/event'><System><Provider Name='Microsoft-Windows-Kernel-General' Guid='{a68ca8b7-004f-d7b6-a698-07e2de0f1f5d}'/><EventID>16</EventID><Version>0</Version><Level>4</Level><Task>0</Task><Opcode>0</Opcode><Keywords>0x8000000000000000</Keywords><TimeCreated SystemTime='2020-06-20T00:20:32.485845000Z'/><EventRecordID>3448</EventRecordID><Correlation/><Execution ProcessID='4' ThreadID='4192'/><Channel>System</Channel><Computer>DESKTOP-577B38M</Computer><Security UserID='S-1-5-18'/></System><EventData><Data Name='HiveNameLength'>35</Data><Data Name='HiveName'>\SystemRoot\System32\config\DRIVERS</Data><Data Name='KeysUpdated'>24341</Data><Data Name='DirtyPages'>1116</Data></EventData><RenderingInfo Culture='en-US'><Message>The access history in hive \SystemRoot\System32\config\DRIVERS was cleared updating 24341 keys and creating 1116 modified pages.</Message><Level>Information</Level><Task></Task><Opcode>Info</Opcode><Channel>System</Channel><Provider>Microsoft-Windows-Kernel-General</Provider><Keywords></Keywords></RenderingInfo></Event><Event xmlns='http://schemas.microsoft.com/win/2004/08/events/event'><System><Provider Name='Microsoft-Windows-DistributedCOM' Guid='{1B562E86-B7AA-4131-BADC-B6F3A001407E}' EventSourceName='DCOM'/><EventID Qualifiers='0'>10016</EventID><Version>0</Version><Level>3</Level><Task>0</Task><Opcode>0</Opcode><Keywords>0x8080000000000000</Keywords><TimeCreated SystemTime='2020-06-19T23:46:41.211546900Z'/><EventRecordID>3447</EventRecordID><Correlation ActivityID='{4b99a3cf-fc6d-424b-80c2-659bef16d1bb}'/><Execution ProcessID='1000' ThreadID='12800'/><Channel>System</Channel><Computer>DESKTOP-577B38M</Computer><Security UserID='S-1-5-21-839496821-663164669-2267191325-1002'/></System><EventData><Data Name='param1'>application-specific</Data><Data Name='param2'>Local</Data><Data Name='param3'>Activation</Data><Data Name='param4'>{2593F8B9-4EAF-457C-B68A-50F6B8EA6B54}</Data><Data Name='param5'>{15C20B67-12E7-4BB6-92BB-7AFF07997402}</Data><Data Name='param6'>DESKTOP-577B38M</Data><Data Name='param7'>PC</Data><Data Name='param8'>S-1-5-21-839496821-663164669-2267191325-1002</Data><Data Name='param9'>LocalHost (Using LRPC)</Data><Data Name='param10'>Unavailable</Data><Data Name='param11'>Unavailable</Data></EventData><RenderingInfo Culture='en-US'><Message>The application-specific permission settings do not grant Local Activation permission for the COM Server application with CLSID 
{2593F8B9-4EAF-457C-B68A-50F6B8EA6B54}
 and APPID 
{15C20B67-12E7-4BB6-92BB-7AFF07997402}
 to the user DESKTOP-577B38M\PC SID (S-1-5-21-839496821-663164669-2267191325-1002) from address LocalHost (Using LRPC) running in the application container Unavailable SID (Unavailable). This security permission can be modified using the Component Services administrative tool.</Message><Level>Warning</Level><Task></Task><Opcode>Info</Opcode><Channel></Channel><Provider>Microsoft-Windows-DistributedCOM</Provider><Keywords><Keyword>Classic</Keyword></Keywords></RenderingInfo></Event><Event xmlns='http://schemas.microsoft.com/win/2004/08/events/event'><System><Provider Name='Microsoft-Windows-DistributedCOM' Guid='{1B562E86-B7AA-4131-BADC-B6F3A001407E}' EventSourceName='DCOM'/><EventID Qualifiers='0'>10016</EventID><Version>0</Version><Level>3</Level><Task>0</Task><Opcode>0</Opcode><Keywords>0x8080000000000000</Keywords><TimeCreated SystemTime='2020-06-19T23:46:41.117799800Z'/><EventRecordID>3446</EventRecordID><Correlation ActivityID='{765e9e74-015a-4dac-8dac-1272ab0dc44d}'/><Execution ProcessID='1000' ThreadID='9976'/><Channel>System</Channel><Computer>DESKTOP-577B38M</Computer><Security UserID='S-1-5-21-839496821-663164669-2267191325-1002'/></System><EventData><Data Name='param1'>application-specific</Data><Data Name='param2'>Local</Data><Data Name='param3'>Activation</Data><Data Name='param4'>{2593F8B9-4EAF-457C-B68A-50F6B8EA6B54}</Data><Data Name='param5'>{15C20B67-12E7-4BB6-92BB-7AFF07997402}</Data><Data Name='param6'>DESKTOP-577B38M</Data><Data Name='param7'>PC</Data><Data Name='param8'>S-1-5-21-839496821-663164669-2267191325-1002</Data><Data Name='param9'>LocalHost (Using LRPC)</Data><Data Name='param10'>Unavailable</Data><Data Name='param11'>Unavailable</Data></EventData><RenderingInfo Culture='en-US'><Message>The application-specific permission settings do not grant Local Activation permission for the COM Server application with CLSID 
{2593F8B9-4EAF-457C-B68A-50F6B8EA6B54}
 and APPID 
{15C20B67-12E7-4BB6-92BB-7AFF07997402}
 to the user DESKTOP-577B38M\PC SID (S-1-5-21-839496821-663164669-2267191325-1002) from address LocalHost (Using LRPC) running in the application container Unavailable SID (Unavailable). This security permission can be modified using the Component Services administrative tool.</Message><Level>Warning</Level><Task></Task><Opcode>Info</Opcode><Channel></Channel><Provider>Microsoft-Windows-DistributedCOM</Provider><Keywords><Keyword>Classic</Keyword></Keywords></RenderingInfo></Event><Event xmlns='http://schemas.microsoft.com/win/2004/08/events/event'><System><Provider Name='Microsoft-Windows-DistributedCOM' Guid='{1B562E86-B7AA-4131-BADC-B6F3A001407E}' EventSourceName='DCOM'/><EventID Qualifiers='0'>10016</EventID><Version>0</Version><Level>3</Level><Task>0</Task><Opcode>0</Opcode><Keywords>0x8080000000000000</Keywords><TimeCreated SystemTime='2020-06-19T23:44:33.894758600Z'/><EventRecordID>3445</EventRecordID><Correlation ActivityID='{167a82f7-a93d-4885-ad51-374976168e42}'/><Execution ProcessID='1000' ThreadID='16376'/><Channel>System</Channel><Computer>DESKTOP-577B38M</Computer><Security UserID='S-1-5-21-839496821-663164669-2267191325-1002'/></System><EventData><Data Name='param1'>application-specific</Data><Data Name='param2'>Local</Data><Data Name='param3'>Activation</Data><Data Name='param4'>{2593F8B9-4EAF-457C-B68A-50F6B8EA6B54}</Data><Data Name='param5'>{15C20B67-12E7-4BB6-92BB-7AFF07997402}</Data><Data Name='param6'>DESKTOP-577B38M</Data><Data Name='param7'>PC</Data><Data Name='param8'>S-1-5-21-839496821-663164669-2267191325-1002</Data><Data Name='param9'>LocalHost (Using LRPC)</Data><Data Name='param10'>Unavailable</Data><Data Name='param11'>Unavailable</Data></EventData><RenderingInfo Culture='en-US'><Message>The application-specific permission settings do not grant Local Activation permission for the COM Server application with CLSID 
{2593F8B9-4EAF-457C-B68A-50F6B8EA6B54}
 and APPID 
{15C20B67-12E7-4BB6-92BB-7AFF07997402}
 to the user DESKTOP-577B38M\PC SID (S-1-5-21-839496821-663164669-2267191325-1002) from address LocalHost (Using LRPC) running in the application container Unavailable SID (Unavailable). This security permission can be modified using the Component Services administrative tool.</Message><Level>Warning</Level><Task></Task><Opcode>Info</Opcode><Channel></Channel><Provider>Microsoft-Windows-DistributedCOM</Provider><Keywords><Keyword>Classic</Keyword></Keywords></RenderingInfo></Event><Event xmlns='http://schemas.microsoft.com/win/2004/08/events/event'><System><Provider Name='Service Control Manager' Guid='{555908d1-a6d7-4695-8e1e-26931d2012f4}' EventSourceName='Service Control Manager'/><EventID Qualifiers='16384'>7040</EventID><Version>0</Version><Level>4</Level><Task>0</Task><Opcode>0</Opcode><Keywords>0x8080000000000000</Keywords><TimeCreated SystemTime='2020-06-19T23:26:13.775499700Z'/><EventRecordID>3444</EventRecordID><Correlation/><Execution ProcessID='716' ThreadID='15564'/><Channel>System</Channel><Computer>DESKTOP-577B38M</Computer><Security UserID='S-1-5-18'/></System><EventData><Data Name='param1'>Background Intelligent Transfer Service</Data><Data Name='param2'>auto start</Data><Data Name='param3'>demand start</Data><Data Name='param4'>BITS</Data></EventData><RenderingInfo Culture='en-US'><Message>The start type of the Background Intelligent Transfer Service service was changed from auto start to demand start.</Message><Level>Information</Level><Task></Task><Opcode></Opcode><Channel></Channel><Provider>Microsoft-Windows-Service Control Manager</Provider><Keywords><Keyword>Classic</Keyword></Keywords></RenderingInfo></Event><Event xmlns='http://schemas.microsoft.com/win/2004/08/events/event'><System><Provider Name='Service Control Manager' Guid='{555908d1-a6d7-4695-8e1e-26931d2012f4}' EventSourceName='Service Control Manager'/><EventID Qualifiers='16384'>7040</EventID><Version>0</Version><Level>4</Level><Task>0</Task><Opcode>0</Opcode><Keywords>0x8080000000000000</Keywords><TimeCreated SystemTime='2020-06-19T23:24:07.809126700Z'/><EventRecordID>3443</EventRecordID><Correlation/><Execution ProcessID='716' ThreadID='15564'/><Channel>System</Channel><Computer>DESKTOP-577B38M</Computer><Security UserID='S-1-5-18'/></System><EventData><Data Name='param1'>Background Intelligent Transfer Service</Data><Data Name='param2'>demand start</Data><Data Name='param3'>auto start</Data><Data Name='param4'>BITS</Data></EventData><RenderingInfo Culture='en-US'><Message>The start type of the Background Intelligent Transfer Service service was changed from demand start to auto start.</Message><Level>Information</Level><Task></Task><Opcode></Opcode><Channel></Channel><Provider>Microsoft-Windows-Service Control Manager</Provider><Keywords><Keyword>Classic</Keyword></Keywords></RenderingInfo></Event><Event xmlns='http://schemas.microsoft.com/win/2004/08/events/event'><System><Provider Name='Service Control Manager' Guid='{555908d1-a6d7-4695-8e1e-26931d2012f4}' EventSourceName='Service Control Manager'/><EventID Qualifiers='16384'>7040</EventID><Version>0</Version><Level>4</Level><Task>0</Task><Opcode>0</Opcode><Keywords>0x8080000000000000</Keywords><TimeCreated SystemTime='2020-06-19T22:18:51.033605000Z'/><EventRecordID>3442</EventRecordID><Correlation/><Execution ProcessID='716' ThreadID='8048'/><Channel>System</Channel><Computer>DESKTOP-577B38M</Computer><Security UserID='S-1-5-18'/></System><EventData><Data Name='param1'>Background Intelligent Transfer Service</Data><Data Name='param2'>auto start</Data><Data Name='param3'>demand start</Data><Data Name='param4'>BITS</Data></EventData><RenderingInfo Culture='en-US'><Message>The start type of the Background Intelligent Transfer Service service was changed from auto start to demand start.</Message><Level>Information</Level><Task></Task><Opcode></Opcode><Channel></Channel><Provider>Microsoft-Windows-Service Control Manager</Provider><Keywords><Keyword>Classic</Keyword></Keywords></RenderingInfo></Event><Event xmlns='http://schemas.microsoft.com/win/2004/08/events/event'><System><Provider Name='Service Control Manager' Guid='{555908d1-a6d7-4695-8e1e-26931d2012f4}' EventSourceName='Service Control Manager'/><EventID Qualifiers='16384'>7040</EventID><Version>0</Version><Level>4</Level><Task>0</Task><Opcode>0</Opcode><Keywords>0x8080000000000000</Keywords><TimeCreated SystemTime='2020-06-19T22:16:46.631635600Z'/><EventRecordID>3441</EventRecordID><Correlation/><Execution ProcessID='716' ThreadID='2036'/><Channel>System</Channel><Computer>DESKTOP-577B38M</Computer><Security UserID='S-1-5-18'/></System><EventData><Data Name='param1'>Background Intelligent Transfer Service</Data><Data Name='param2'>demand start</Data><Data Name='param3'>auto start</Data><Data Name='param4'>BITS</Data></EventData><RenderingInfo Culture='en-US'><Message>The start type of the Background Intelligent Transfer Service service was changed from demand start to auto start.</Message><Level>Information</Level><Task></Task><Opcode></Opcode><Channel></Channel><Provider>Microsoft-Windows-Service Control Manager</Provider><Keywords><Keyword>Classic</Keyword></Keywords></RenderingInfo></Event><Event xmlns='http://schemas.microsoft.com/win/2004/08/events/event'><System><Provider Name='Service Control Manager' Guid='{555908d1-a6d7-4695-8e1e-26931d2012f4}' EventSourceName='Service Control Manager'/><EventID Qualifiers='16384'>7040</EventID><Version>0</Version><Level>4</Level><Task>0</Task><Opcode>0</Opcode><Keywords>0x8080000000000000</Keywords><TimeCreated SystemTime='2020-06-19T21:57:02.076362900Z'/><EventRecordID>3440</EventRecordID><Correlation/><Execution ProcessID='716' ThreadID='8380'/><Channel>System</Channel><Computer>DESKTOP-577B38M</Computer><Security UserID='S-1-5-18'/></System><EventData><Data Name='param1'>Background Intelligent Transfer Service</Data><Data Name='param2'>auto start</Data><Data Name='param3'>demand start</Data><Data Name='param4'>BITS</Data></EventData><RenderingInfo Culture='en-US'><Message>The start type of the Background Intelligent Transfer Service service was changed from auto start to demand start.</Message><Level>Information</Level><Task></Task><Opcode></Opcode><Channel></Channel><Provider>Microsoft-Windows-Service Control Manager</Provider><Keywords><Keyword>Classic</Keyword></Keywords></RenderingInfo></Event><Event xmlns='http://schemas.microsoft.com/win/2004/08/events/event'><System><Provider Name='Service Control Manager' Guid='{555908d1-a6d7-4695-8e1e-26931d2012f4}' EventSourceName='Service Control Manager'/><EventID Qualifiers='16384'>7040</EventID><Version>0</Version><Level>4</Level><Task>0</Task><Opcode>0</Opcode><Keywords>0x8080000000000000</Keywords><TimeCreated SystemTime='2020-06-19T21:54:32.624588000Z'/><EventRecordID>3439</EventRecordID><Correlation/><Execution ProcessID='716' ThreadID='9880'/><Channel>System</Channel><Computer>DESKTOP-577B38M</Computer><Security UserID='S-1-5-18'/></System><EventData><Data Name='param1'>Background Intelligent Transfer Service</Data><Data Name='param2'>demand start</Data><Data Name='param3'>auto start</Data><Data Name='param4'>BITS</Data></EventData><RenderingInfo Culture='en-US'><Message>The start type of the Background Intelligent Transfer Service service was changed from demand start to auto start.</Message><Level>Information</Level><Task></Task><Opcode></Opcode><Channel></Channel><Provider>Microsoft-Windows-Service Control Manager</Provider><Keywords><Keyword>Classic</Keyword></Keywords></RenderingInfo></Event><Event xmlns='http://schemas.microsoft.com/win/2004/08/events/event'><System><Provider Name='Microsoft-Windows-DistributedCOM' Guid='{1B562E86-B7AA-4131-BADC-B6F3A001407E}' EventSourceName='DCOM'/><EventID Qualifiers='0'>10016</EventID><Version>0</Version><Level>3</Level><Task>0</Task><Opcode>0</Opcode><Keywords>0x8080000000000000</Keywords><TimeCreated SystemTime='2020-06-19T21:53:31.845288800Z'/><EventRecordID>3438</EventRecordID><Correlation ActivityID='{36ef8627-b664-4da1-82af-35cec1509248}'/><Execution ProcessID='1000' ThreadID='12656'/><Channel>System</Channel><Computer>DESKTOP-577B38M</Computer><Security UserID='S-1-5-21-839496821-663164669-2267191325-1002'/></System><EventData><Data Name='param1'>application-specific</Data><Data Name='param2'>Local</Data><Data Name='param3'>Activation</Data><Data Name='param4'>{2593F8B9-4EAF-457C-B68A-50F6B8EA6B54}</Data><Data Name='param5'>{15C20B67-12E7-4BB6-92BB-7AFF07997402}</Data><Data Name='param6'>DESKTOP-577B38M</Data><Data Name='param7'>PC</Data><Data Name='param8'>S-1-5-21-839496821-663164669-2267191325-1002</Data><Data Name='param9'>LocalHost (Using LRPC)</Data><Data Name='param10'>Unavailable</Data><Data Name='param11'>Unavailable</Data></EventData><RenderingInfo Culture='en-US'><Message>The application-specific permission settings do not grant Local Activation permission for the COM Server application with CLSID 
{2593F8B9-4EAF-457C-B68A-50F6B8EA6B54}
 and APPID 
{15C20B67-12E7-4BB6-92BB-7AFF07997402}
 to the user DESKTOP-577B38M\PC SID (S-1-5-21-839496821-663164669-2267191325-1002) from address LocalHost (Using LRPC) running in the application container Unavailable SID (Unavailable). This security permission can be modified using the Component Services administrative tool.</Message><Level>Warning</Level><Task></Task><Opcode>Info</Opcode><Channel></Channel><Provider>Microsoft-Windows-DistributedCOM</Provider><Keywords><Keyword>Classic</Keyword></Keywords></RenderingInfo></Event><Event xmlns='http://schemas.microsoft.com/win/2004/08/events/event'><System><Provider Name='Microsoft-Windows-DistributedCOM' Guid='{1B562E86-B7AA-4131-BADC-B6F3A001407E}' EventSourceName='DCOM'/><EventID Qualifiers='0'>10016</EventID><Version>0</Version><Level>3</Level><Task>0</Task><Opcode>0</Opcode><Keywords>0x8080000000000000</Keywords><TimeCreated SystemTime='2020-06-19T21:26:56.248350800Z'/><EventRecordID>3437</EventRecordID><Correlation ActivityID='{779c702f-9a70-43a5-ac48-aa374bd43b68}'/><Execution ProcessID='1000' ThreadID='16376'/><Channel>System</Channel><Computer>DESKTOP-577B38M</Computer><Security UserID='S-1-5-21-839496821-663164669-2267191325-1002'/></System><EventData><Data Name='param1'>application-specific</Data><Data Name='param2'>Local</Data><Data Name='param3'>Activation</Data><Data Name='param4'>{2593F8B9-4EAF-457C-B68A-50F6B8EA6B54}</Data><Data Name='param5'>{15C20B67-12E7-4BB6-92BB-7AFF07997402}</Data><Data Name='param6'>DESKTOP-577B38M</Data><Data Name='param7'>PC</Data><Data Name='param8'>S-1-5-21-839496821-663164669-2267191325-1002</Data><Data Name='param9'>LocalHost (Using LRPC)</Data><Data Name='param10'>Unavailable</Data><Data Name='param11'>Unavailable</Data></EventData><RenderingInfo Culture='en-US'><Message>The application-specific permission settings do not grant Local Activation permission for the COM Server application with CLSID 
{2593F8B9-4EAF-457C-B68A-50F6B8EA6B54}
 and APPID 
{15C20B67-12E7-4BB6-92BB-7AFF07997402}
 to the user DESKTOP-577B38M\PC SID (S-1-5-21-839496821-663164669-2267191325-1002) from address LocalHost (Using LRPC) running in the application container Unavailable SID (Unavailable). This security permission can be modified using the Component Services administrative tool.</Message><Level>Warning</Level><Task></Task><Opcode>Info</Opcode><Channel></Channel><Provider>Microsoft-Windows-DistributedCOM</Provider><Keywords><Keyword>Classic</Keyword></Keywords></RenderingInfo></Event><Event xmlns='http://schemas.microsoft.com/win/2004/08/events/event'><System><Provider Name='Microsoft-Windows-WindowsUpdateClient' Guid='{945a8954-c147-4acd-923f-40c45405a658}'/><EventID>19</EventID><Version>1</Version><Level>4</Level><Task>1</Task><Opcode>13</Opcode><Keywords>0x8000000000000018</Keywords><TimeCreated SystemTime='2020-06-19T20:39:39.629085500Z'/><EventRecordID>3436</EventRecordID><Correlation/><Execution ProcessID='4460' ThreadID='12900'/><Channel>System</Channel><Computer>DESKTOP-577B38M</Computer><Security UserID='S-1-5-18'/></System><EventData><Data Name='updateTitle'>9WZDNCRFJ3P2-MICROSOFT.ZUNEVIDEO</Data><Data Name='updateGuid'>{364f4188-70a1-4629-b344-c7183c0976a4}</Data><Data Name='updateRevisionNumber'>1</Data><Data Name='serviceGuid'>{855e8a7c-ecb4-4ca3-b045-1dfa50104289}</Data></EventData><RenderingInfo Culture='en-US'><Message>Installation Successful: Windows successfully installed the following update: 9WZDNCRFJ3P2-MICROSOFT.ZUNEVIDEO</Message><Level>Information</Level><Task>Windows Update Agent</Task><Opcode>Installation</Opcode><Channel>System</Channel><Provider>Microsoft-Windows-WindowsUpdateClient</Provider><Keywords><Keyword>Installation</Keyword><Keyword>Success</Keyword></Keywords></RenderingInfo></Event><Event xmlns='http://schemas.microsoft.com/win/2004/08/events/event'><System><Provider Name='Microsoft-Windows-WindowsUpdateClient' Guid='{945a8954-c147-4acd-923f-40c45405a658}'/><EventID>43</EventID><Version>1</Version><Level>4</Level><Task>1</Task><Opcode>13</Opcode><Keywords>0x8000000000002008</Keywords><TimeCreated SystemTime='2020-06-19T20:39:34.600979200Z'/><EventRecordID>3435</EventRecordID><Correlation/><Execution ProcessID='4460' ThreadID='12900'/><Channel>System</Channel><Computer>DESKTOP-577B38M</Computer><Security UserID='S-1-5-18'/></System><EventData><Data Name='updateTitle'>9WZDNCRFJ3P2-MICROSOFT.ZUNEVIDEO</Data><Data Name='updateGuid'>{364f4188-70a1-4629-b344-c7183c0976a4}</Data><Data Name='updateRevisionNumber'>1</Data></EventData><RenderingInfo Culture='en-US'><Message>Installation Started: Windows has started installing the following update: 9WZDNCRFJ3P2-MICROSOFT.ZUNEVIDEO</Message><Level>Information</Level><Task>Windows Update Agent</Task><Opcode>Installation</Opcode><Channel>System</Channel><Provider>Microsoft-Windows-WindowsUpdateClient</Provider><Keywords><Keyword>Installation</Keyword><Keyword>Started</Keyword></Keywords></RenderingInfo></Event><Event xmlns='http://schemas.microsoft.com/win/2004/08/events/event'><System><Provider Name='Microsoft-Windows-Kernel-General' Guid='{a68ca8b7-004f-d7b6-a698-07e2de0f1f5d}'/><EventID>16</EventID><Version>0</Version><Level>4</Level><Task>0</Task><Opcode>0</Opcode><Keywords>0x8000000000000000</Keywords><TimeCreated SystemTime='2020-06-19T20:39:28.297481800Z'/><EventRecordID>3434</EventRecordID><Correlation/><Execution ProcessID='11556' ThreadID='14752'/><Channel>System</Channel><Computer>DESKTOP-577B38M</Computer><Security UserID='S-1-5-18'/></System><EventData><Data Name='HiveNameLength'>135</Data><Data Name='HiveName'>\??\C:\ProgramData\Microsoft\Windows\AppRepository\Packages\Microsoft.ZuneVideo_10.20032.16211.0_x64__8wekyb3d8bbwe\ActivationStore.dat</Data><Data Name='KeysUpdated'>0</Data><Data Name='DirtyPages'>0</Data></EventData><RenderingInfo Culture='en-US'><Message>The access history in hive \??\C:\ProgramData\Microsoft\Windows\AppRepository\Packages\Microsoft.ZuneVideo_10.20032.16211.0_x64__8wekyb3d8bbwe\ActivationStore.dat was cleared updating 0 keys and creating 0 modified pages.</Message><Level>Information</Level><Task></Task><Opcode>Info</Opcode><Channel>System</Channel><Provider>Microsoft-Windows-Kernel-General</Provider><Keywords></Keywords></RenderingInfo></Event><Event xmlns='http://schemas.microsoft.com/win/2004/08/events/event'><System><Provider Name='Microsoft-Windows-WindowsUpdateClient' Guid='{945a8954-c147-4acd-923f-40c45405a658}'/><EventID>44</EventID><Version>1</Version><Level>4</Level><Task>1</Task><Opcode>12</Opcode><Keywords>0x8000000000002004</Keywords><TimeCreated SystemTime='2020-06-19T20:39:06.969545800Z'/><EventRecordID>3433</EventRecordID><Correlation/><Execution ProcessID='4460' ThreadID='12900'/><Channel>System</Channel><Computer>DESKTOP-577B38M</Computer><Security UserID='S-1-5-18'/></System><EventData><Data Name='updateTitle'>9WZDNCRFJ3P2-MICROSOFT.ZUNEVIDEO</Data><Data Name='updateGuid'>{364f4188-70a1-4629-b344-c7183c0976a4}</Data><Data Name='updateRevisionNumber'>1</Data></EventData><RenderingInfo Culture='en-US'><Message>Windows Update started downloading an update.</Message><Level>Information</Level><Task>Windows Update Agent</Task><Opcode>Download</Opcode><Channel>System</Channel><Provider>Microsoft-Windows-WindowsUpdateClient</Provider><Keywords><Keyword>Download</Keyword><Keyword>Started</Keyword></Keywords></RenderingInfo></Event><Event xmlns='http://schemas.microsoft.com/win/2004/08/events/event'><System><Provider Name='Service Control Manager' Guid='{555908d1-a6d7-4695-8e1e-26931d2012f4}' EventSourceName='Service Control Manager'/><EventID Qualifiers='16384'>7040</EventID><Version>0</Version><Level>4</Level><Task>0</Task><Opcode>0</Opcode><Keywords>0x8080000000000000</Keywords><TimeCreated SystemTime='2020-06-19T18:52:40.585682000Z'/><EventRecordID>3432</EventRecordID><Correlation/><Execution ProcessID='716' ThreadID='12280'/><Channel>System</Channel><Computer>DESKTOP-577B38M</Computer><Security UserID='S-1-5-18'/></System><EventData><Data Name='param1'>Background Intelligent Transfer Service</Data><Data Name='param2'>auto start</Data><Data Name='param3'>demand start</Data><Data Name='param4'>BITS</Data></EventData><RenderingInfo Culture='en-US'><Message>The start type of the Background Intelligent Transfer Service service was changed from auto start to demand start.</Message><Level>Information</Level><Task></Task><Opcode></Opcode><Channel></Channel><Provider>Microsoft-Windows-Service Control Manager</Provider><Keywords><Keyword>Classic</Keyword></Keywords></RenderingInfo></Event><Event xmlns='http://schemas.microsoft.com/win/2004/08/events/event'><System><Provider Name='Microsoft-Windows-DistributedCOM' Guid='{1B562E86-B7AA-4131-BADC-B6F3A001407E}' EventSourceName='DCOM'/><EventID Qualifiers='0'>10016</EventID><Version>0</Version><Level>3</Level><Task>0</Task><Opcode>0</Opcode><Keywords>0x8080000000000000</Keywords><TimeCreated SystemTime='2020-06-19T18:49:28.005856900Z'/><EventRecordID>3431</EventRecordID><Correlation ActivityID='{66f931be-3834-4ef1-b70d-4d86ff2cb264}'/><Execution ProcessID='1000' ThreadID='12656'/><Channel>System</Channel><Computer>DESKTOP-577B38M</Computer><Security UserID='S-1-5-21-839496821-663164669-2267191325-1002'/></System><EventData><Data Name='param1'>application-specific</Data><Data Name='param2'>Local</Data><Data Name='param3'>Activation</Data><Data Name='param4'>{2593F8B9-4EAF-457C-B68A-50F6B8EA6B54}</Data><Data Name='param5'>{15C20B67-12E7-4BB6-92BB-7AFF07997402}</Data><Data Name='param6'>DESKTOP-577B38M</Data><Data Name='param7'>PC</Data><Data Name='param8'>S-1-5-21-839496821-663164669-2267191325-1002</Data><Data Name='param9'>LocalHost (Using LRPC)</Data><Data Name='param10'>Unavailable</Data><Data Name='param11'>Unavailable</Data></EventData><RenderingInfo Culture='en-US'><Message>The application-specific permission settings do not grant Local Activation permission for the COM Server application with CLSID 
{2593F8B9-4EAF-457C-B68A-50F6B8EA6B54}
 and APPID 
{15C20B67-12E7-4BB6-92BB-7AFF07997402}
 to the user DESKTOP-577B38M\PC SID (S-1-5-21-839496821-663164669-2267191325-1002) from address LocalHost (Using LRPC) running in the application container Unavailable SID (Unavailable). This security permission can be modified using the Component Services administrative tool.</Message><Level>Warning</Level><Task></Task><Opcode>Info</Opcode><Channel></Channel><Provider>Microsoft-Windows-DistributedCOM</Provider><Keywords><Keyword>Classic</Keyword></Keywords></RenderingInfo></Event><Event xmlns='http://schemas.microsoft.com/win/2004/08/events/event'><System><Provider Name='Service Control Manager' Guid='{555908d1-a6d7-4695-8e1e-26931d2012f4}' EventSourceName='Service Control Manager'/><EventID Qualifiers='16384'>7040</EventID><Version>0</Version><Level>4</Level><Task>0</Task><Opcode>0</Opcode><Keywords>0x8080000000000000</Keywords><TimeCreated SystemTime='2020-06-19T18:49:27.708990900Z'/><EventRecordID>3430</EventRecordID><Correlation/><Execution ProcessID='716' ThreadID='12280'/><Channel>System</Channel><Computer>DESKTOP-577B38M</Computer><Security UserID='S-1-5-18'/></System><EventData><Data Name='param1'>Background Intelligent Transfer Service</Data><Data Name='param2'>demand start</Data><Data Name='param3'>auto start</Data><Data Name='param4'>BITS</Data></EventData><RenderingInfo Culture='en-US'><Message>The start type of the Background Intelligent Transfer Service service was changed from demand start to auto start.</Message><Level>Information</Level><Task></Task><Opcode></Opcode><Channel></Channel><Provider>Microsoft-Windows-Service Control Manager</Provider><Keywords><Keyword>Classic</Keyword></Keywords></RenderingInfo></Event><Event xmlns='http://schemas.microsoft.com/win/2004/08/events/event'><System><Provider Name='Microsoft-Windows-Kernel-General' Guid='{a68ca8b7-004f-d7b6-a698-07e2de0f1f5d}'/><EventID>16</EventID><Version>0</Version><Level>4</Level><Task>0</Task><Opcode>0</Opcode><Keywords>0x8000000000000000</Keywords><TimeCreated SystemTime='2020-06-19T18:41:44.422043800Z'/><EventRecordID>3429</EventRecordID><Correlation/><Execution ProcessID='15708' ThreadID='9668'/><Channel>System</Channel><Computer>DESKTOP-577B38M</Computer><Security UserID='S-1-5-18'/></System><EventData><Data Name='HiveNameLength'>110</Data><Data Name='HiveName'>\??\C:\Users\PC\AppData\Local\Packages\microsoft.windowscommunicationsapps_8wekyb3d8bbwe\Settings\settings.dat</Data><Data Name='KeysUpdated'>30</Data><Data Name='DirtyPages'>3</Data></EventData><RenderingInfo Culture='en-US'><Message>The access history in hive \??\C:\Users\PC\AppData\Local\Packages\microsoft.windowscommunicationsapps_8wekyb3d8bbwe\Settings\settings.dat was cleared updating 30 keys and creating 3 modified pages.</Message><Level>Information</Level><Task></Task><Opcode>Info</Opcode><Channel>System</Channel><Provider>Microsoft-Windows-Kernel-General</Provider><Keywords></Keywords></RenderingInfo></Event><Event xmlns='http://schemas.microsoft.com/win/2004/08/events/event'><System><Provider Name='Service Control Manager' Guid='{555908d1-a6d7-4695-8e1e-26931d2012f4}' EventSourceName='Service Control Manager'/><EventID Qualifiers='16384'>7040</EventID><Version>0</Version><Level>4</Level><Task>0</Task><Opcode>0</Opcode><Keywords>0x8080000000000000</Keywords><TimeCreated SystemTime='2020-06-19T17:46:54.211936200Z'/><EventRecordID>3428</EventRecordID><Correlation/><Execution ProcessID='716' ThreadID='6604'/><Channel>System</Channel><Computer>DESKTOP-577B38M</Computer><Security UserID='S-1-5-18'/></System><EventData><Data Name='param1'>Background Intelligent Transfer Service</Data><Data Name='param2'>auto start</Data><Data Name='param3'>demand start</Data><Data Name='param4'>BITS</Data></EventData><RenderingInfo Culture='en-US'><Message>The start type of the Background Intelligent Transfer Service service was changed from auto start to demand start.</Message><Level>Information</Level><Task></Task><Opcode></Opcode><Channel></Channel><Provider>Microsoft-Windows-Service Control Manager</Provider><Keywords><Keyword>Classic</Keyword></Keywords></RenderingInfo></Event><Event xmlns='http://schemas.microsoft.com/win/2004/08/events/event'><System><Provider Name='Service Control Manager' Guid='{555908d1-a6d7-4695-8e1e-26931d2012f4}' EventSourceName='Service Control Manager'/><EventID Qualifiers='16384'>7040</EventID><Version>0</Version><Level>4</Level><Task>0</Task><Opcode>0</Opcode><Keywords>0x8080000000000000</Keywords><TimeCreated SystemTime='2020-06-19T17:44:37.322005700Z'/><EventRecordID>3427</EventRecordID><Correlation/><Execution ProcessID='716' ThreadID='9016'/><Channel>System</Channel><Computer>DESKTOP-577B38M</Computer><Security UserID='S-1-5-18'/></System><EventData><Data Name='param1'>Background Intelligent Transfer Service</Data><Data Name='param2'>demand start</Data><Data Name='param3'>auto start</Data><Data Name='param4'>BITS</Data></EventData><RenderingInfo Culture='en-US'><Message>The start type of the Background Intelligent Transfer Service service was changed from demand start to auto start.</Message><Level>Information</Level><Task></Task><Opcode></Opcode><Channel></Channel><Provider>Microsoft-Windows-Service Control Manager</Provider><Keywords><Keyword>Classic</Keyword></Keywords></RenderingInfo></Event><Event xmlns='http://schemas.microsoft.com/win/2004/08/events/event'><System><Provider Name='Microsoft-Windows-DistributedCOM' Guid='{1B562E86-B7AA-4131-BADC-B6F3A001407E}' EventSourceName='DCOM'/><EventID Qualifiers='0'>10016</EventID><Version>0</Version><Level>3</Level><Task>0</Task><Opcode>0</Opcode><Keywords>0x8080000000000000</Keywords><TimeCreated SystemTime='2020-06-19T17:43:36.597137700Z'/><EventRecordID>3426</EventRecordID><Correlation ActivityID='{3da53b77-fc3f-4e3f-b10b-caa900670b64}'/><Execution ProcessID='1000' ThreadID='11940'/><Channel>System</Channel><Computer>DESKTOP-577B38M</Computer><Security UserID='S-1-5-21-839496821-663164669-2267191325-1002'/></System><EventData><Data Name='param1'>application-specific</Data><Data Name='param2'>Local</Data><Data Name='param3'>Activation</Data><Data Name='param4'>{2593F8B9-4EAF-457C-B68A-50F6B8EA6B54}</Data><Data Name='param5'>{15C20B67-12E7-4BB6-92BB-7AFF07997402}</Data><Data Name='param6'>DESKTOP-577B38M</Data><Data Name='param7'>PC</Data><Data Name='param8'>S-1-5-21-839496821-663164669-2267191325-1002</Data><Data Name='param9'>LocalHost (Using LRPC)</Data><Data Name='param10'>Unavailable</Data><Data Name='param11'>Unavailable</Data></EventData><RenderingInfo Culture='en-US'><Message>The application-specific permission settings do not grant Local Activation permission for the COM Server application with CLSID 
{2593F8B9-4EAF-457C-B68A-50F6B8EA6B54}
 and APPID 
{15C20B67-12E7-4BB6-92BB-7AFF07997402}
 to the user DESKTOP-577B38M\PC SID (S-1-5-21-839496821-663164669-2267191325-1002) from address LocalHost (Using LRPC) running in the application container Unavailable SID (Unavailable). This security permission can be modified using the Component Services administrative tool.</Message><Level>Warning</Level><Task></Task><Opcode>Info</Opcode><Channel></Channel><Provider>Microsoft-Windows-DistributedCOM</Provider><Keywords><Keyword>Classic</Keyword></Keywords></RenderingInfo></Event><Event xmlns='http://schemas.microsoft.com/win/2004/08/events/event'><System><Provider Name='Microsoft-Windows-Kernel-General' Guid='{a68ca8b7-004f-d7b6-a698-07e2de0f1f5d}'/><EventID>16</EventID><Version>0</Version><Level>4</Level><Task>0</Task><Opcode>0</Opcode><Keywords>0x8000000000000000</Keywords><TimeCreated SystemTime='2020-06-19T16:00:15.835701000Z'/><EventRecordID>3425</EventRecordID><Correlation/><Execution ProcessID='5008' ThreadID='5684'/><Channel>System</Channel><Computer>DESKTOP-577B38M</Computer><Security UserID='S-1-5-18'/></System><EventData><Data Name='HiveNameLength'>115</Data><Data Name='HiveName'>\??\C:\Users\PC\AppData\Local\Packages\Microsoft.Windows.ContentDeliveryManager_cw5n1h2txyewy\Settings\settings.dat</Data><Data Name='KeysUpdated'>434</Data><Data Name='DirtyPages'>38</Data></EventData><RenderingInfo Culture='en-US'><Message>The access history in hive \??\C:\Users\PC\AppData\Local\Packages\Microsoft.Windows.ContentDeliveryManager_cw5n1h2txyewy\Settings\settings.dat was cleared updating 434 keys and creating 38 modified pages.</Message><Level>Information</Level><Task></Task><Opcode>Info</Opcode><Channel>System</Channel><Provider>Microsoft-Windows-Kernel-General</Provider><Keywords></Keywords></RenderingInfo></Event><Event xmlns='http://schemas.microsoft.com/win/2004/08/events/event'><System><Provider Name='Service Control Manager' Guid='{555908d1-a6d7-4695-8e1e-26931d2012f4}' EventSourceName='Service Control Manager'/><EventID Qualifiers='16384'>7040</EventID><Version>0</Version><Level>4</Level><Task>0</Task><Opcode>0</Opcode><Keywords>0x8080000000000000</Keywords><TimeCreated SystemTime='2020-06-19T15:16:46.866826000Z'/><EventRecordID>3424</EventRecordID><Correlation/><Execution ProcessID='716' ThreadID='16528'/><Channel>System</Channel><Computer>DESKTOP-577B38M</Computer><Security UserID='S-1-5-18'/></System><EventData><Data Name='param1'>Background Intelligent Transfer Service</Data><Data Name='param2'>auto start</Data><Data Name='param3'>demand start</Data><Data Name='param4'>BITS</Data></EventData><RenderingInfo Culture='en-US'><Message>The start type of the Background Intelligent Transfer Service service was changed from auto start to demand start.</Message><Level>Information</Level><Task></Task><Opcode></Opcode><Channel></Channel><Provider>Microsoft-Windows-Service Control Manager</Provider><Keywords><Keyword>Classic</Keyword></Keywords></RenderingInfo></Event><Event xmlns='http://schemas.microsoft.com/win/2004/08/events/event'><System><Provider Name='Service Control Manager' Guid='{555908d1-a6d7-4695-8e1e-26931d2012f4}' EventSourceName='Service Control Manager'/><EventID Qualifiers='16384'>7040</EventID><Version>0</Version><Level>4</Level><Task>0</Task><Opcode>0</Opcode><Keywords>0x8080000000000000</Keywords><TimeCreated SystemTime='2020-06-19T15:14:21.335527200Z'/><EventRecordID>3423</EventRecordID><Correlation/><Execution ProcessID='716' ThreadID='5400'/><Channel>System</Channel><Computer>DESKTOP-577B38M</Computer><Security UserID='S-1-5-18'/></System><EventData><Data Name='param1'>Background Intelligent Transfer Service</Data><Data Name='param2'>demand start</Data><Data Name='param3'>auto start</Data><Data Name='param4'>BITS</Data></EventData><RenderingInfo Culture='en-US'><Message>The start type of the Background Intelligent Transfer Service service was changed from demand start to auto start.</Message><Level>Information</Level><Task></Task><Opcode></Opcode><Channel></Channel><Provider>Microsoft-Windows-Service Control Manager</Provider><Keywords><Keyword>Classic</Keyword></Keywords></RenderingInfo></Event>