<Event xmlns='http://schemas.microsoft.com/win/2004/08/events/event'><System><Provider Name='Service Control Manager' Guid='{555908d1-a6d7-4695-8e1e-26931d2012f4}' EventSourceName='Service Control Manager'/><EventID Qualifiers='16384'>7040</EventID><Version>0</Version><Level>4</Level><Task>0</Task><Opcode>0</Opcode><Keywords>0x8080000000000000</Keywords><TimeCreated SystemTime='2020-06-22T21:55:22.106816100Z'/><EventRecordID>3602</EventRecordID><Correlation/><Execution ProcessID='716' ThreadID='13084'/><Channel>System</Channel><Computer>DESKTOP-577B38M</Computer><Security UserID='S-1-5-18'/></System><EventData><Data Name='param1'>Background Intelligent Transfer Service</Data><Data Name='param2'>demand start</Data><Data Name='param3'>auto start</Data><Data Name='param4'>BITS</Data></EventData><RenderingInfo Culture='en-US'><Message>The start type of the Background Intelligent Transfer Service service was changed from demand start to auto start.</Message><Level>Information</Level><Task></Task><Opcode></Opcode><Channel></Channel><Provider>Microsoft-Windows-Service Control Manager</Provider><Keywords><Keyword>Classic</Keyword></Keywords></RenderingInfo></Event><Event xmlns='http://schemas.microsoft.com/win/2004/08/events/event'><System><Provider Name='Service Control Manager' Guid='{555908d1-a6d7-4695-8e1e-26931d2012f4}' EventSourceName='Service Control Manager'/><EventID Qualifiers='16384'>7040</EventID><Version>0</Version><Level>4</Level><Task>0</Task><Opcode>0</Opcode><Keywords>0x8080000000000000</Keywords><TimeCreated SystemTime='2020-06-22T21:44:45.320013900Z'/><EventRecordID>3601</EventRecordID><Correlation/><Execution ProcessID='716' ThreadID='13084'/><Channel>System</Channel><Computer>DESKTOP-577B38M</Computer><Security UserID='S-1-5-18'/></System><EventData><Data Name='param1'>Background Intelligent Transfer Service</Data><Data Name='param2'>auto start</Data><Data Name='param3'>demand start</Data><Data Name='param4'>BITS</Data></EventData><RenderingInfo Culture='en-US'><Message>The start type of the Background Intelligent Transfer Service service was changed from auto start to demand start.</Message><Level>Information</Level><Task></Task><Opcode></Opcode><Channel></Channel><Provider>Microsoft-Windows-Service Control Manager</Provider><Keywords><Keyword>Classic</Keyword></Keywords></RenderingInfo></Event><Event xmlns='http://schemas.microsoft.com/win/2004/08/events/event'><System><Provider Name='Service Control Manager' Guid='{555908d1-a6d7-4695-8e1e-26931d2012f4}' EventSourceName='Service Control Manager'/><EventID Qualifiers='16384'>7040</EventID><Version>0</Version><Level>4</Level><Task>0</Task><Opcode>0</Opcode><Keywords>0x8080000000000000</Keywords><TimeCreated SystemTime='2020-06-22T21:42:39.495264300Z'/><EventRecordID>3600</EventRecordID><Correlation/><Execution ProcessID='716' ThreadID='13084'/><Channel>System</Channel><Computer>DESKTOP-577B38M</Computer><Security UserID='S-1-5-18'/></System><EventData><Data Name='param1'>Background Intelligent Transfer Service</Data><Data Name='param2'>demand start</Data><Data Name='param3'>auto start</Data><Data Name='param4'>BITS</Data></EventData><RenderingInfo Culture='en-US'><Message>The start type of the Background Intelligent Transfer Service service was changed from demand start to auto start.</Message><Level>Information</Level><Task></Task><Opcode></Opcode><Channel></Channel><Provider>Microsoft-Windows-Service Control Manager</Provider><Keywords><Keyword>Classic</Keyword></Keywords></RenderingInfo></Event><Event xmlns='http://schemas.microsoft.com/win/2004/08/events/event'><System><Provider Name='Microsoft-Windows-Kernel-General' Guid='{a68ca8b7-004f-d7b6-a698-07e2de0f1f5d}'/><EventID>16</EventID><Version>0</Version><Level>4</Level><Task>0</Task><Opcode>0</Opcode><Keywords>0x8000000000000000</Keywords><TimeCreated SystemTime='2020-06-22T21:34:01.865981300Z'/><EventRecordID>3599</EventRecordID><Correlation/><Execution ProcessID='5436' ThreadID='12484'/><Channel>System</Channel><Computer>DESKTOP-577B38M</Computer><Security UserID='S-1-5-18'/></System><EventData><Data Name='HiveNameLength'>94</Data><Data Name='HiveName'>\??\C:\Users\PC\AppData\Local\Packages\windows.printdialog_cw5n1h2txyewy\Settings\settings.dat</Data><Data Name='KeysUpdated'>2</Data><Data Name='DirtyPages'>1</Data></EventData><RenderingInfo Culture='en-US'><Message>The access history in hive \??\C:\Users\PC\AppData\Local\Packages\windows.printdialog_cw5n1h2txyewy\Settings\settings.dat was cleared updating 2 keys and creating 1 modified pages.</Message><Level>Information</Level><Task></Task><Opcode>Info</Opcode><Channel>System</Channel><Provider>Microsoft-Windows-Kernel-General</Provider><Keywords></Keywords></RenderingInfo></Event><Event xmlns='http://schemas.microsoft.com/win/2004/08/events/event'><System><Provider Name='Microsoft-Windows-Kernel-General' Guid='{a68ca8b7-004f-d7b6-a698-07e2de0f1f5d}'/><EventID>16</EventID><Version>0</Version><Level>4</Level><Task>0</Task><Opcode>0</Opcode><Keywords>0x8000000000000000</Keywords><TimeCreated SystemTime='2020-06-22T21:34:01.844770700Z'/><EventRecordID>3598</EventRecordID><Correlation/><Execution ProcessID='5436' ThreadID='12484'/><Channel>System</Channel><Computer>DESKTOP-577B38M</Computer><Security UserID='S-1-5-18'/></System><EventData><Data Name='HiveNameLength'>104</Data><Data Name='HiveName'>\??\C:\Users\PC\AppData\Local\Packages\windows.immersivecontrolpanel_cw5n1h2txyewy\Settings\settings.dat</Data><Data Name='KeysUpdated'>2</Data><Data Name='DirtyPages'>1</Data></EventData><RenderingInfo Culture='en-US'><Message>The access history in hive \??\C:\Users\PC\AppData\Local\Packages\windows.immersivecontrolpanel_cw5n1h2txyewy\Settings\settings.dat was cleared updating 2 keys and creating 1 modified pages.</Message><Level>Information</Level><Task></Task><Opcode>Info</Opcode><Channel>System</Channel><Provider>Microsoft-Windows-Kernel-General</Provider><Keywords></Keywords></RenderingInfo></Event><Event xmlns='http://schemas.microsoft.com/win/2004/08/events/event'><System><Provider Name='Microsoft-Windows-Kernel-General' Guid='{a68ca8b7-004f-d7b6-a698-07e2de0f1f5d}'/><EventID>16</EventID><Version>0</Version><Level>4</Level><Task>0</Task><Opcode>0</Opcode><Keywords>0x8000000000000000</Keywords><TimeCreated SystemTime='2020-06-22T21:34:01.814176200Z'/><EventRecordID>3597</EventRecordID><Correlation/><Execution ProcessID='5436' ThreadID='12484'/><Channel>System</Channel><Computer>DESKTOP-577B38M</Computer><Security UserID='S-1-5-18'/></System><EventData><Data Name='HiveNameLength'>93</Data><Data Name='HiveName'>\??\C:\Users\PC\AppData\Local\Packages\windows.cbspreview_cw5n1h2txyewy\Settings\settings.dat</Data><Data Name='KeysUpdated'>2</Data><Data Name='DirtyPages'>1</Data></EventData><RenderingInfo Culture='en-US'><Message>The access history in hive \??\C:\Users\PC\AppData\Local\Packages\windows.cbspreview_cw5n1h2txyewy\Settings\settings.dat was cleared updating 2 keys and creating 1 modified pages.</Message><Level>Information</Level><Task></Task><Opcode>Info</Opcode><Channel>System</Channel><Provider>Microsoft-Windows-Kernel-General</Provider><Keywords></Keywords></RenderingInfo></Event><Event xmlns='http://schemas.microsoft.com/win/2004/08/events/event'><System><Provider Name='Microsoft-Windows-Kernel-General' Guid='{a68ca8b7-004f-d7b6-a698-07e2de0f1f5d}'/><EventID>16</EventID><Version>0</Version><Level>4</Level><Task>0</Task><Opcode>0</Opcode><Keywords>0x8000000000000000</Keywords><TimeCreated SystemTime='2020-06-22T21:34:01.718602200Z'/><EventRecordID>3596</EventRecordID><Correlation/><Execution ProcessID='5436' ThreadID='12484'/><Channel>System</Channel><Computer>DESKTOP-577B38M</Computer><Security UserID='S-1-5-18'/></System><EventData><Data Name='HiveNameLength'>108</Data><Data Name='HiveName'>\??\C:\Users\PC\AppData\Local\Packages\microsoft.xboxspeechtotextoverlay_8wekyb3d8bbwe\Settings\settings.dat</Data><Data Name='KeysUpdated'>2</Data><Data Name='DirtyPages'>1</Data></EventData><RenderingInfo Culture='en-US'><Message>The access history in hive \??\C:\Users\PC\AppData\Local\Packages\microsoft.xboxspeechtotextoverlay_8wekyb3d8bbwe\Settings\settings.dat was cleared updating 2 keys and creating 1 modified pages.</Message><Level>Information</Level><Task></Task><Opcode>Info</Opcode><Channel>System</Channel><Provider>Microsoft-Windows-Kernel-General</Provider><Keywords></Keywords></RenderingInfo></Event><Event xmlns='http://schemas.microsoft.com/win/2004/08/events/event'><System><Provider Name='Microsoft-Windows-Kernel-General' Guid='{a68ca8b7-004f-d7b6-a698-07e2de0f1f5d}'/><EventID>16</EventID><Version>0</Version><Level>4</Level><Task>0</Task><Opcode>0</Opcode><Keywords>0x8000000000000000</Keywords><TimeCreated SystemTime='2020-06-22T21:34:01.656277300Z'/><EventRecordID>3595</EventRecordID><Correlation/><Execution ProcessID='5436' ThreadID='12484'/><Channel>System</Channel><Computer>DESKTOP-577B38M</Computer><Security UserID='S-1-5-18'/></System><EventData><Data Name='HiveNameLength'>100</Data><Data Name='HiveName'>\??\C:\Users\PC\AppData\Local\Packages\microsoft.xboxgameoverlay_8wekyb3d8bbwe\Settings\settings.dat</Data><Data Name='KeysUpdated'>2</Data><Data Name='DirtyPages'>1</Data></EventData><RenderingInfo Culture='en-US'><Message>The access history in hive \??\C:\Users\PC\AppData\Local\Packages\microsoft.xboxgameoverlay_8wekyb3d8bbwe\Settings\settings.dat was cleared updating 2 keys and creating 1 modified pages.</Message><Level>Information</Level><Task></Task><Opcode>Info</Opcode><Channel>System</Channel><Provider>Microsoft-Windows-Kernel-General</Provider><Keywords></Keywords></RenderingInfo></Event><Event xmlns='http://schemas.microsoft.com/win/2004/08/events/event'><System><Provider Name='Microsoft-Windows-Kernel-General' Guid='{a68ca8b7-004f-d7b6-a698-07e2de0f1f5d}'/><EventID>16</EventID><Version>0</Version><Level>4</Level><Task>0</Task><Opcode>0</Opcode><Keywords>0x8000000000000000</Keywords><TimeCreated SystemTime='2020-06-22T21:34:01.628836100Z'/><EventRecordID>3594</EventRecordID><Correlation/><Execution ProcessID='5436' ThreadID='12484'/><Channel>System</Channel><Computer>DESKTOP-577B38M</Computer><Security UserID='S-1-5-18'/></System><EventData><Data Name='HiveNameLength'>103</Data><Data Name='HiveName'>\??\C:\Users\PC\AppData\Local\Packages\microsoft.xboxgamecallableui_cw5n1h2txyewy\Settings\settings.dat</Data><Data Name='KeysUpdated'>2</Data><Data Name='DirtyPages'>1</Data></EventData><RenderingInfo Culture='en-US'><Message>The access history in hive \??\C:\Users\PC\AppData\Local\Packages\microsoft.xboxgamecallableui_cw5n1h2txyewy\Settings\settings.dat was cleared updating 2 keys and creating 1 modified pages.</Message><Level>Information</Level><Task></Task><Opcode>Info</Opcode><Channel>System</Channel><Provider>Microsoft-Windows-Kernel-General</Provider><Keywords></Keywords></RenderingInfo></Event><Event xmlns='http://schemas.microsoft.com/win/2004/08/events/event'><System><Provider Name='Microsoft-Windows-Kernel-General' Guid='{a68ca8b7-004f-d7b6-a698-07e2de0f1f5d}'/><EventID>16</EventID><Version>0</Version><Level>4</Level><Task>0</Task><Opcode>0</Opcode><Keywords>0x8000000000000000</Keywords><TimeCreated SystemTime='2020-06-22T21:34:01.430089000Z'/><EventRecordID>3593</EventRecordID><Correlation/><Execution ProcessID='5436' ThreadID='12484'/><Channel>System</Channel><Computer>DESKTOP-577B38M</Computer><Security UserID='S-1-5-18'/></System><EventData><Data Name='HiveNameLength'>108</Data><Data Name='HiveName'>\??\C:\Users\PC\AppData\Local\Packages\microsoft.windows.xgpuejectdialog_cw5n1h2txyewy\Settings\settings.dat</Data><Data Name='KeysUpdated'>2</Data><Data Name='DirtyPages'>1</Data></EventData><RenderingInfo Culture='en-US'><Message>The access history in hive \??\C:\Users\PC\AppData\Local\Packages\microsoft.windows.xgpuejectdialog_cw5n1h2txyewy\Settings\settings.dat was cleared updating 2 keys and creating 1 modified pages.</Message><Level>Information</Level><Task></Task><Opcode>Info</Opcode><Channel>System</Channel><Provider>Microsoft-Windows-Kernel-General</Provider><Keywords></Keywords></RenderingInfo></Event><Event xmlns='http://schemas.microsoft.com/win/2004/08/events/event'><System><Provider Name='Microsoft-Windows-Kernel-General' Guid='{a68ca8b7-004f-d7b6-a698-07e2de0f1f5d}'/><EventID>16</EventID><Version>0</Version><Level>4</Level><Task>0</Task><Opcode>0</Opcode><Keywords>0x8000000000000000</Keywords><TimeCreated SystemTime='2020-06-22T21:34:01.376408700Z'/><EventRecordID>3592</EventRecordID><Correlation/><Execution ProcessID='5436' ThreadID='12484'/><Channel>System</Channel><Computer>DESKTOP-577B38M</Computer><Security UserID='S-1-5-18'/></System><EventData><Data Name='HiveNameLength'>116</Data><Data Name='HiveName'>\??\C:\Users\PC\AppData\Local\Packages\microsoft.windows.secureassessmentbrowser_cw5n1h2txyewy\Settings\settings.dat</Data><Data Name='KeysUpdated'>2</Data><Data Name='DirtyPages'>1</Data></EventData><RenderingInfo Culture='en-US'><Message>The access history in hive \??\C:\Users\PC\AppData\Local\Packages\microsoft.windows.secureassessmentbrowser_cw5n1h2txyewy\Settings\settings.dat was cleared updating 2 keys and creating 1 modified pages.</Message><Level>Information</Level><Task></Task><Opcode>Info</Opcode><Channel>System</Channel><Provider>Microsoft-Windows-Kernel-General</Provider><Keywords></Keywords></RenderingInfo></Event><Event xmlns='http://schemas.microsoft.com/win/2004/08/events/event'><System><Provider Name='Microsoft-Windows-Kernel-General' Guid='{a68ca8b7-004f-d7b6-a698-07e2de0f1f5d}'/><EventID>16</EventID><Version>0</Version><Level>4</Level><Task>0</Task><Opcode>0</Opcode><Keywords>0x8000000000000000</Keywords><TimeCreated SystemTime='2020-06-22T21:34:01.346935000Z'/><EventRecordID>3591</EventRecordID><Correlation/><Execution ProcessID='5436' ThreadID='12484'/><Channel>System</Channel><Computer>DESKTOP-577B38M</Computer><Security UserID='S-1-5-18'/></System><EventData><Data Name='HiveNameLength'>104</Data><Data Name='HiveName'>\??\C:\Users\PC\AppData\Local\Packages\microsoft.windows.sechealthui_cw5n1h2txyewy\Settings\settings.dat</Data><Data Name='KeysUpdated'>2</Data><Data Name='DirtyPages'>1</Data></EventData><RenderingInfo Culture='en-US'><Message>The access history in hive \??\C:\Users\PC\AppData\Local\Packages\microsoft.windows.sechealthui_cw5n1h2txyewy\Settings\settings.dat was cleared updating 2 keys and creating 1 modified pages.</Message><Level>Information</Level><Task></Task><Opcode>Info</Opcode><Channel>System</Channel><Provider>Microsoft-Windows-Kernel-General</Provider><Keywords></Keywords></RenderingInfo></Event><Event xmlns='http://schemas.microsoft.com/win/2004/08/events/event'><System><Provider Name='Microsoft-Windows-Kernel-General' Guid='{a68ca8b7-004f-d7b6-a698-07e2de0f1f5d}'/><EventID>16</EventID><Version>0</Version><Level>4</Level><Task>0</Task><Opcode>0</Opcode><Keywords>0x8000000000000000</Keywords><TimeCreated SystemTime='2020-06-22T21:34:01.315548400Z'/><EventRecordID>3590</EventRecordID><Correlation/><Execution ProcessID='5436' ThreadID='12484'/><Channel>System</Channel><Computer>DESKTOP-577B38M</Computer><Security UserID='S-1-5-18'/></System><EventData><Data Name='HiveNameLength'>118</Data><Data Name='HiveName'>\??\C:\Users\PC\AppData\Local\Packages\microsoft.windows.pinningconfirmationdialog_cw5n1h2txyewy\Settings\settings.dat</Data><Data Name='KeysUpdated'>2</Data><Data Name='DirtyPages'>1</Data></EventData><RenderingInfo Culture='en-US'><Message>The access history in hive \??\C:\Users\PC\AppData\Local\Packages\microsoft.windows.pinningconfirmationdialog_cw5n1h2txyewy\Settings\settings.dat was cleared updating 2 keys and creating 1 modified pages.</Message><Level>Information</Level><Task></Task><Opcode>Info</Opcode><Channel>System</Channel><Provider>Microsoft-Windows-Kernel-General</Provider><Keywords></Keywords></RenderingInfo></Event><Event xmlns='http://schemas.microsoft.com/win/2004/08/events/event'><System><Provider Name='Microsoft-Windows-Kernel-General' Guid='{a68ca8b7-004f-d7b6-a698-07e2de0f1f5d}'/><EventID>16</EventID><Version>0</Version><Level>4</Level><Task>0</Task><Opcode>0</Opcode><Keywords>0x8000000000000000</Keywords><TimeCreated SystemTime='2020-06-22T21:34:01.291506200Z'/><EventRecordID>3589</EventRecordID><Correlation/><Execution ProcessID='5436' ThreadID='12484'/><Channel>System</Channel><Computer>DESKTOP-577B38M</Computer><Security UserID='S-1-5-18'/></System><EventData><Data Name='HiveNameLength'>113</Data><Data Name='HiveName'>\??\C:\Users\PC\AppData\Local\Packages\microsoft.windows.peopleexperiencehost_cw5n1h2txyewy\Settings\settings.dat</Data><Data Name='KeysUpdated'>2</Data><Data Name='DirtyPages'>1</Data></EventData><RenderingInfo Culture='en-US'><Message>The access history in hive \??\C:\Users\PC\AppData\Local\Packages\microsoft.windows.peopleexperiencehost_cw5n1h2txyewy\Settings\settings.dat was cleared updating 2 keys and creating 1 modified pages.</Message><Level>Information</Level><Task></Task><Opcode>Info</Opcode><Channel>System</Channel><Provider>Microsoft-Windows-Kernel-General</Provider><Keywords></Keywords></RenderingInfo></Event><Event xmlns='http://schemas.microsoft.com/win/2004/08/events/event'><System><Provider Name='Microsoft-Windows-Kernel-General' Guid='{a68ca8b7-004f-d7b6-a698-07e2de0f1f5d}'/><EventID>16</EventID><Version>0</Version><Level>4</Level><Task>0</Task><Opcode>0</Opcode><Keywords>0x8000000000000000</Keywords><TimeCreated SystemTime='2020-06-22T21:34:01.264192400Z'/><EventRecordID>3588</EventRecordID><Correlation/><Execution ProcessID='5436' ThreadID='12484'/><Channel>System</Channel><Computer>DESKTOP-577B38M</Computer><Security UserID='S-1-5-18'/></System><EventData><Data Name='HiveNameLength'>109</Data><Data Name='HiveName'>\??\C:\Users\PC\AppData\Local\Packages\microsoft.windows.parentalcontrols_cw5n1h2txyewy\Settings\settings.dat</Data><Data Name='KeysUpdated'>2</Data><Data Name='DirtyPages'>1</Data></EventData><RenderingInfo Culture='en-US'><Message>The access history in hive \??\C:\Users\PC\AppData\Local\Packages\microsoft.windows.parentalcontrols_cw5n1h2txyewy\Settings\settings.dat was cleared updating 2 keys and creating 1 modified pages.</Message><Level>Information</Level><Task></Task><Opcode>Info</Opcode><Channel>System</Channel><Provider>Microsoft-Windows-Kernel-General</Provider><Keywords></Keywords></RenderingInfo></Event><Event xmlns='http://schemas.microsoft.com/win/2004/08/events/event'><System><Provider Name='Microsoft-Windows-Kernel-General' Guid='{a68ca8b7-004f-d7b6-a698-07e2de0f1f5d}'/><EventID>16</EventID><Version>0</Version><Level>4</Level><Task>0</Task><Opcode>0</Opcode><Keywords>0x8000000000000000</Keywords><TimeCreated SystemTime='2020-06-22T21:34:01.237522500Z'/><EventRecordID>3587</EventRecordID><Correlation/><Execution ProcessID='5436' ThreadID='12484'/><Channel>System</Channel><Computer>DESKTOP-577B38M</Computer><Security UserID='S-1-5-18'/></System><EventData><Data Name='HiveNameLength'>118</Data><Data Name='HiveName'>\??\C:\Users\PC\AppData\Local\Packages\microsoft.windows.oobenetworkconnectionflow_cw5n1h2txyewy\Settings\settings.dat</Data><Data Name='KeysUpdated'>2</Data><Data Name='DirtyPages'>1</Data></EventData><RenderingInfo Culture='en-US'><Message>The access history in hive \??\C:\Users\PC\AppData\Local\Packages\microsoft.windows.oobenetworkconnectionflow_cw5n1h2txyewy\Settings\settings.dat was cleared updating 2 keys and creating 1 modified pages.</Message><Level>Information</Level><Task></Task><Opcode>Info</Opcode><Channel>System</Channel><Provider>Microsoft-Windows-Kernel-General</Provider><Keywords></Keywords></RenderingInfo></Event><Event xmlns='http://schemas.microsoft.com/win/2004/08/events/event'><System><Provider Name='Microsoft-Windows-Kernel-General' Guid='{a68ca8b7-004f-d7b6-a698-07e2de0f1f5d}'/><EventID>16</EventID><Version>0</Version><Level>4</Level><Task>0</Task><Opcode>0</Opcode><Keywords>0x8000000000000000</Keywords><TimeCreated SystemTime='2020-06-22T21:34:01.210498700Z'/><EventRecordID>3586</EventRecordID><Correlation/><Execution ProcessID='5436' ThreadID='12484'/><Channel>System</Channel><Computer>DESKTOP-577B38M</Computer><Security UserID='S-1-5-18'/></System><EventData><Data Name='HiveNameLength'>117</Data><Data Name='HiveName'>\??\C:\Users\PC\AppData\Local\Packages\microsoft.windows.oobenetworkcaptiveportal_cw5n1h2txyewy\Settings\settings.dat</Data><Data Name='KeysUpdated'>2</Data><Data Name='DirtyPages'>1</Data></EventData><RenderingInfo Culture='en-US'><Message>The access history in hive \??\C:\Users\PC\AppData\Local\Packages\microsoft.windows.oobenetworkcaptiveportal_cw5n1h2txyewy\Settings\settings.dat was cleared updating 2 keys and creating 1 modified pages.</Message><Level>Information</Level><Task></Task><Opcode>Info</Opcode><Channel>System</Channel><Provider>Microsoft-Windows-Kernel-General</Provider><Keywords></Keywords></RenderingInfo></Event><Event xmlns='http://schemas.microsoft.com/win/2004/08/events/event'><System><Provider Name='Microsoft-Windows-Kernel-General' Guid='{a68ca8b7-004f-d7b6-a698-07e2de0f1f5d}'/><EventID>16</EventID><Version>0</Version><Level>4</Level><Task>0</Task><Opcode>0</Opcode><Keywords>0x8000000000000000</Keywords><TimeCreated SystemTime='2020-06-22T21:34:01.180407300Z'/><EventRecordID>3585</EventRecordID><Correlation/><Execution ProcessID='5436' ThreadID='12484'/><Channel>System</Channel><Computer>DESKTOP-577B38M</Computer><Security UserID='S-1-5-18'/></System><EventData><Data Name='HiveNameLength'>111</Data><Data Name='HiveName'>\??\C:\Users\PC\AppData\Local\Packages\microsoft.windows.narratorquickstart_8wekyb3d8bbwe\Settings\settings.dat</Data><Data Name='KeysUpdated'>2</Data><Data Name='DirtyPages'>1</Data></EventData><RenderingInfo Culture='en-US'><Message>The access history in hive \??\C:\Users\PC\AppData\Local\Packages\microsoft.windows.narratorquickstart_8wekyb3d8bbwe\Settings\settings.dat was cleared updating 2 keys and creating 1 modified pages.</Message><Level>Information</Level><Task></Task><Opcode>Info</Opcode><Channel>System</Channel><Provider>Microsoft-Windows-Kernel-General</Provider><Keywords></Keywords></RenderingInfo></Event><Event xmlns='http://schemas.microsoft.com/win/2004/08/events/event'><System><Provider Name='Microsoft-Windows-Kernel-General' Guid='{a68ca8b7-004f-d7b6-a698-07e2de0f1f5d}'/><EventID>16</EventID><Version>0</Version><Level>4</Level><Task>0</Task><Opcode>0</Opcode><Keywords>0x8000000000000000</Keywords><TimeCreated SystemTime='2020-06-22T21:34:01.109695000Z'/><EventRecordID>3584</EventRecordID><Correlation/><Execution ProcessID='5436' ThreadID='12484'/><Channel>System</Channel><Computer>DESKTOP-577B38M</Computer><Security UserID='S-1-5-18'/></System><EventData><Data Name='HiveNameLength'>106</Data><Data Name='HiveName'>\??\C:\Users\PC\AppData\Local\Packages\microsoft.windows.capturepicker_cw5n1h2txyewy\Settings\settings.dat</Data><Data Name='KeysUpdated'>2</Data><Data Name='DirtyPages'>1</Data></EventData><RenderingInfo Culture='en-US'><Message>The access history in hive \??\C:\Users\PC\AppData\Local\Packages\microsoft.windows.capturepicker_cw5n1h2txyewy\Settings\settings.dat was cleared updating 2 keys and creating 1 modified pages.</Message><Level>Information</Level><Task></Task><Opcode>Info</Opcode><Channel>System</Channel><Provider>Microsoft-Windows-Kernel-General</Provider><Keywords></Keywords></RenderingInfo></Event><Event xmlns='http://schemas.microsoft.com/win/2004/08/events/event'><System><Provider Name='Microsoft-Windows-Kernel-General' Guid='{a68ca8b7-004f-d7b6-a698-07e2de0f1f5d}'/><EventID>16</EventID><Version>0</Version><Level>4</Level><Task>0</Task><Opcode>0</Opcode><Keywords>0x8000000000000000</Keywords><TimeCreated SystemTime='2020-06-22T21:34:01.086419000Z'/><EventRecordID>3583</EventRecordID><Correlation/><Execution ProcessID='5436' ThreadID='12484'/><Channel>System</Channel><Computer>DESKTOP-577B38M</Computer><Security UserID='S-1-5-18'/></System><EventData><Data Name='HiveNameLength'>108</Data><Data Name='HiveName'>\??\C:\Users\PC\AppData\Local\Packages\microsoft.windows.callingshellapp_cw5n1h2txyewy\Settings\settings.dat</Data><Data Name='KeysUpdated'>2</Data><Data Name='DirtyPages'>1</Data></EventData><RenderingInfo Culture='en-US'><Message>The access history in hive \??\C:\Users\PC\AppData\Local\Packages\microsoft.windows.callingshellapp_cw5n1h2txyewy\Settings\settings.dat was cleared updating 2 keys and creating 1 modified pages.</Message><Level>Information</Level><Task></Task><Opcode>Info</Opcode><Channel>System</Channel><Provider>Microsoft-Windows-Kernel-General</Provider><Keywords></Keywords></RenderingInfo></Event><Event xmlns='http://schemas.microsoft.com/win/2004/08/events/event'><System><Provider Name='Microsoft-Windows-Kernel-General' Guid='{a68ca8b7-004f-d7b6-a698-07e2de0f1f5d}'/><EventID>16</EventID><Version>0</Version><Level>4</Level><Task>0</Task><Opcode>0</Opcode><Keywords>0x8000000000000000</Keywords><TimeCreated SystemTime='2020-06-22T21:34:01.055602000Z'/><EventRecordID>3582</EventRecordID><Correlation/><Execution ProcessID='5436' ThreadID='12484'/><Channel>System</Channel><Computer>DESKTOP-577B38M</Computer><Security UserID='S-1-5-18'/></System><EventData><Data Name='HiveNameLength'>114</Data><Data Name='HiveName'>\??\C:\Users\PC\AppData\Local\Packages\microsoft.windows.assignedaccesslockapp_cw5n1h2txyewy\Settings\settings.dat</Data><Data Name='KeysUpdated'>2</Data><Data Name='DirtyPages'>1</Data></EventData><RenderingInfo Culture='en-US'><Message>The access history in hive \??\C:\Users\PC\AppData\Local\Packages\microsoft.windows.assignedaccesslockapp_cw5n1h2txyewy\Settings\settings.dat was cleared updating 2 keys and creating 1 modified pages.</Message><Level>Information</Level><Task></Task><Opcode>Info</Opcode><Channel>System</Channel><Provider>Microsoft-Windows-Kernel-General</Provider><Keywords></Keywords></RenderingInfo></Event><Event xmlns='http://schemas.microsoft.com/win/2004/08/events/event'><System><Provider Name='Microsoft-Windows-Kernel-General' Guid='{a68ca8b7-004f-d7b6-a698-07e2de0f1f5d}'/><EventID>16</EventID><Version>0</Version><Level>4</Level><Task>0</Task><Opcode>0</Opcode><Keywords>0x8000000000000000</Keywords><TimeCreated SystemTime='2020-06-22T21:34:01.029603400Z'/><EventRecordID>3581</EventRecordID><Correlation/><Execution ProcessID='5436' ThreadID='12484'/><Channel>System</Channel><Computer>DESKTOP-577B38M</Computer><Security UserID='S-1-5-18'/></System><EventData><Data Name='HiveNameLength'>106</Data><Data Name='HiveName'>\??\C:\Users\PC\AppData\Local\Packages\microsoft.windows.apprep.chxapp_cw5n1h2txyewy\Settings\settings.dat</Data><Data Name='KeysUpdated'>2</Data><Data Name='DirtyPages'>1</Data></EventData><RenderingInfo Culture='en-US'><Message>The access history in hive \??\C:\Users\PC\AppData\Local\Packages\microsoft.windows.apprep.chxapp_cw5n1h2txyewy\Settings\settings.dat was cleared updating 2 keys and creating 1 modified pages.</Message><Level>Information</Level><Task></Task><Opcode>Info</Opcode><Channel>System</Channel><Provider>Microsoft-Windows-Kernel-General</Provider><Keywords></Keywords></RenderingInfo></Event><Event xmlns='http://schemas.microsoft.com/win/2004/08/events/event'><System><Provider Name='Microsoft-Windows-Kernel-General' Guid='{a68ca8b7-004f-d7b6-a698-07e2de0f1f5d}'/><EventID>16</EventID><Version>0</Version><Level>4</Level><Task>0</Task><Opcode>0</Opcode><Keywords>0x8000000000000000</Keywords><TimeCreated SystemTime='2020-06-22T21:34:01.001412500Z'/><EventRecordID>3580</EventRecordID><Correlation/><Execution ProcessID='5436' ThreadID='12484'/><Channel>System</Channel><Computer>DESKTOP-577B38M</Computer><Security UserID='S-1-5-18'/></System><EventData><Data Name='HiveNameLength'>101</Data><Data Name='HiveName'>\??\C:\Users\PC\AppData\Local\Packages\microsoft.win32webviewhost_cw5n1h2txyewy\Settings\settings.dat</Data><Data Name='KeysUpdated'>2</Data><Data Name='DirtyPages'>1</Data></EventData><RenderingInfo Culture='en-US'><Message>The access history in hive \??\C:\Users\PC\AppData\Local\Packages\microsoft.win32webviewhost_cw5n1h2txyewy\Settings\settings.dat was cleared updating 2 keys and creating 1 modified pages.</Message><Level>Information</Level><Task></Task><Opcode>Info</Opcode><Channel>System</Channel><Provider>Microsoft-Windows-Kernel-General</Provider><Keywords></Keywords></RenderingInfo></Event><Event xmlns='http://schemas.microsoft.com/win/2004/08/events/event'><System><Provider Name='Microsoft-Windows-Kernel-General' Guid='{a68ca8b7-004f-d7b6-a698-07e2de0f1f5d}'/><EventID>16</EventID><Version>0</Version><Level>4</Level><Task>0</Task><Opcode>0</Opcode><Keywords>0x8000000000000000</Keywords><TimeCreated SystemTime='2020-06-22T21:34:00.973645700Z'/><EventRecordID>3579</EventRecordID><Correlation/><Execution ProcessID='5436' ThreadID='12484'/><Channel>System</Channel><Computer>DESKTOP-577B38M</Computer><Security UserID='S-1-5-18'/></System><EventData><Data Name='HiveNameLength'>103</Data><Data Name='HiveName'>\??\C:\Users\PC\AppData\Local\Packages\microsoft.webpimageextension_8wekyb3d8bbwe\Settings\settings.dat</Data><Data Name='KeysUpdated'>2</Data><Data Name='DirtyPages'>1</Data></EventData><RenderingInfo Culture='en-US'><Message>The access history in hive \??\C:\Users\PC\AppData\Local\Packages\microsoft.webpimageextension_8wekyb3d8bbwe\Settings\settings.dat was cleared updating 2 keys and creating 1 modified pages.</Message><Level>Information</Level><Task></Task><Opcode>Info</Opcode><Channel>System</Channel><Provider>Microsoft-Windows-Kernel-General</Provider><Keywords></Keywords></RenderingInfo></Event><Event xmlns='http://schemas.microsoft.com/win/2004/08/events/event'><System><Provider Name='Microsoft-Windows-Kernel-General' Guid='{a68ca8b7-004f-d7b6-a698-07e2de0f1f5d}'/><EventID>16</EventID><Version>0</Version><Level>4</Level><Task>0</Task><Opcode>0</Opcode><Keywords>0x8000000000000000</Keywords><TimeCreated SystemTime='2020-06-22T21:34:00.932083800Z'/><EventRecordID>3578</EventRecordID><Correlation/><Execution ProcessID='5436' ThreadID='12484'/><Channel>System</Channel><Computer>DESKTOP-577B38M</Computer><Security UserID='S-1-5-18'/></System><EventData><Data Name='HiveNameLength'>91</Data><Data Name='HiveName'>\??\C:\Users\PC\AppData\Local\Packages\microsoft.wallet_8wekyb3d8bbwe\Settings\settings.dat</Data><Data Name='KeysUpdated'>2</Data><Data Name='DirtyPages'>1</Data></EventData><RenderingInfo Culture='en-US'><Message>The access history in hive \??\C:\Users\PC\AppData\Local\Packages\microsoft.wallet_8wekyb3d8bbwe\Settings\settings.dat was cleared updating 2 keys and creating 1 modified pages.</Message><Level>Information</Level><Task></Task><Opcode>Info</Opcode><Channel>System</Channel><Provider>Microsoft-Windows-Kernel-General</Provider><Keywords></Keywords></RenderingInfo></Event><Event xmlns='http://schemas.microsoft.com/win/2004/08/events/event'><System><Provider Name='Microsoft-Windows-Kernel-General' Guid='{a68ca8b7-004f-d7b6-a698-07e2de0f1f5d}'/><EventID>16</EventID><Version>0</Version><Level>4</Level><Task>0</Task><Opcode>0</Opcode><Keywords>0x8000000000000000</Keywords><TimeCreated SystemTime='2020-06-22T21:34:00.909551200Z'/><EventRecordID>3577</EventRecordID><Correlation/><Execution ProcessID='5436' ThreadID='12484'/><Channel>System</Channel><Computer>DESKTOP-577B38M</Computer><Security UserID='S-1-5-18'/></System><EventData><Data Name='HiveNameLength'>103</Data><Data Name='HiveName'>\??\C:\Users\PC\AppData\Local\Packages\microsoft.vp9videoextensions_8wekyb3d8bbwe\Settings\settings.dat</Data><Data Name='KeysUpdated'>2</Data><Data Name='DirtyPages'>1</Data></EventData><RenderingInfo Culture='en-US'><Message>The access history in hive \??\C:\Users\PC\AppData\Local\Packages\microsoft.vp9videoextensions_8wekyb3d8bbwe\Settings\settings.dat was cleared updating 2 keys and creating 1 modified pages.</Message><Level>Information</Level><Task></Task><Opcode>Info</Opcode><Channel>System</Channel><Provider>Microsoft-Windows-Kernel-General</Provider><Keywords></Keywords></RenderingInfo></Event><Event xmlns='http://schemas.microsoft.com/win/2004/08/events/event'><System><Provider Name='Microsoft-Windows-Kernel-General' Guid='{a68ca8b7-004f-d7b6-a698-07e2de0f1f5d}'/><EventID>16</EventID><Version>0</Version><Level>4</Level><Task>0</Task><Opcode>0</Opcode><Keywords>0x8000000000000000</Keywords><TimeCreated SystemTime='2020-06-22T21:34:00.841457600Z'/><EventRecordID>3576</EventRecordID><Correlation/><Execution ProcessID='5436' ThreadID='12484'/><Channel>System</Channel><Computer>DESKTOP-577B38M</Computer><Security UserID='S-1-5-18'/></System><EventData><Data Name='HiveNameLength'>98</Data><Data Name='HiveName'>\??\C:\Users\PC\AppData\Local\Packages\microsoft.ppiprojection_cw5n1h2txyewy\Settings\settings.dat</Data><Data Name='KeysUpdated'>2</Data><Data Name='DirtyPages'>1</Data></EventData><RenderingInfo Culture='en-US'><Message>The access history in hive \??\C:\Users\PC\AppData\Local\Packages\microsoft.ppiprojection_cw5n1h2txyewy\Settings\settings.dat was cleared updating 2 keys and creating 1 modified pages.</Message><Level>Information</Level><Task></Task><Opcode>Info</Opcode><Channel>System</Channel><Provider>Microsoft-Windows-Kernel-General</Provider><Keywords></Keywords></RenderingInfo></Event><Event xmlns='http://schemas.microsoft.com/win/2004/08/events/event'><System><Provider Name='Microsoft-Windows-Kernel-General' Guid='{a68ca8b7-004f-d7b6-a698-07e2de0f1f5d}'/><EventID>16</EventID><Version>0</Version><Level>4</Level><Task>0</Task><Opcode>0</Opcode><Keywords>0x8000000000000000</Keywords><TimeCreated SystemTime='2020-06-22T21:34:00.792855200Z'/><EventRecordID>3575</EventRecordID><Correlation/><Execution ProcessID='5436' ThreadID='12484'/><Channel>System</Channel><Computer>DESKTOP-577B38M</Computer><Security UserID='S-1-5-18'/></System><EventData><Data Name='HiveNameLength'>92</Data><Data Name='HiveName'>\??\C:\Users\PC\AppData\Local\Packages\microsoft.mspaint_8wekyb3d8bbwe\Settings\settings.dat</Data><Data Name='KeysUpdated'>2</Data><Data Name='DirtyPages'>1</Data></EventData><RenderingInfo Culture='en-US'><Message>The access history in hive \??\C:\Users\PC\AppData\Local\Packages\microsoft.mspaint_8wekyb3d8bbwe\Settings\settings.dat was cleared updating 2 keys and creating 1 modified pages.</Message><Level>Information</Level><Task></Task><Opcode>Info</Opcode><Channel>System</Channel><Provider>Microsoft-Windows-Kernel-General</Provider><Keywords></Keywords></RenderingInfo></Event><Event xmlns='http://schemas.microsoft.com/win/2004/08/events/event'><System><Provider Name='Microsoft-Windows-Kernel-General' Guid='{a68ca8b7-004f-d7b6-a698-07e2de0f1f5d}'/><EventID>16</EventID><Version>0</Version><Level>4</Level><Task>0</Task><Opcode>0</Opcode><Keywords>0x8000000000000000</Keywords><TimeCreated SystemTime='2020-06-22T21:34:00.770776700Z'/><EventRecordID>3574</EventRecordID><Correlation/><Execution ProcessID='5436' ThreadID='12484'/><Channel>System</Channel><Computer>DESKTOP-577B38M</Computer><Security UserID='S-1-5-18'/></System><EventData><Data Name='HiveNameLength'>104</Data><Data Name='HiveName'>\??\C:\Users\PC\AppData\Local\Packages\microsoft.mixedreality.portal_8wekyb3d8bbwe\Settings\settings.dat</Data><Data Name='KeysUpdated'>2</Data><Data Name='DirtyPages'>1</Data></EventData><RenderingInfo Culture='en-US'><Message>The access history in hive \??\C:\Users\PC\AppData\Local\Packages\microsoft.mixedreality.portal_8wekyb3d8bbwe\Settings\settings.dat was cleared updating 2 keys and creating 1 modified pages.</Message><Level>Information</Level><Task></Task><Opcode>Info</Opcode><Channel>System</Channel><Provider>Microsoft-Windows-Kernel-General</Provider><Keywords></Keywords></RenderingInfo></Event><Event xmlns='http://schemas.microsoft.com/win/2004/08/events/event'><System><Provider Name='Microsoft-Windows-Kernel-General' Guid='{a68ca8b7-004f-d7b6-a698-07e2de0f1f5d}'/><EventID>16</EventID><Version>0</Version><Level>4</Level><Task>0</Task><Opcode>0</Opcode><Keywords>0x8000000000000000</Keywords><TimeCreated SystemTime='2020-06-22T21:34:00.699346500Z'/><EventRecordID>3573</EventRecordID><Correlation/><Execution ProcessID='5436' ThreadID='12484'/><Channel>System</Channel><Computer>DESKTOP-577B38M</Computer><Security UserID='S-1-5-18'/></System><EventData><Data Name='HiveNameLength'>112</Data><Data Name='HiveName'>\??\C:\Users\PC\AppData\Local\Packages\microsoft.microsoftedgedevtoolsclient_8wekyb3d8bbwe\Settings\settings.dat</Data><Data Name='KeysUpdated'>2</Data><Data Name='DirtyPages'>1</Data></EventData><RenderingInfo Culture='en-US'><Message>The access history in hive \??\C:\Users\PC\AppData\Local\Packages\microsoft.microsoftedgedevtoolsclient_8wekyb3d8bbwe\Settings\settings.dat was cleared updating 2 keys and creating 1 modified pages.</Message><Level>Information</Level><Task></Task><Opcode>Info</Opcode><Channel>System</Channel><Provider>Microsoft-Windows-Kernel-General</Provider><Keywords></Keywords></RenderingInfo></Event><Event xmlns='http://schemas.microsoft.com/win/2004/08/events/event'><System><Provider Name='Microsoft-Windows-Kernel-General' Guid='{a68ca8b7-004f-d7b6-a698-07e2de0f1f5d}'/><EventID>16</EventID><Version>0</Version><Level>4</Level><Task>0</Task><Opcode>0</Opcode><Keywords>0x8000000000000000</Keywords><TimeCreated SystemTime='2020-06-22T21:34:00.671495600Z'/><EventRecordID>3572</EventRecordID><Correlation/><Execution ProcessID='5436' ThreadID='12484'/><Channel>System</Channel><Computer>DESKTOP-577B38M</Computer><Security UserID='S-1-5-18'/></System><EventData><Data Name='HiveNameLength'>102</Data><Data Name='HiveName'>\??\C:\Users\PC\AppData\Local\Packages\microsoft.microsoft3dviewer_8wekyb3d8bbwe\Settings\settings.dat</Data><Data Name='KeysUpdated'>2</Data><Data Name='DirtyPages'>1</Data></EventData><RenderingInfo Culture='en-US'><Message>The access history in hive \??\C:\Users\PC\AppData\Local\Packages\microsoft.microsoft3dviewer_8wekyb3d8bbwe\Settings\settings.dat was cleared updating 2 keys and creating 1 modified pages.</Message><Level>Information</Level><Task></Task><Opcode>Info</Opcode><Channel>System</Channel><Provider>Microsoft-Windows-Kernel-General</Provider><Keywords></Keywords></RenderingInfo></Event><Event xmlns='http://schemas.microsoft.com/win/2004/08/events/event'><System><Provider Name='Microsoft-Windows-Kernel-General' Guid='{a68ca8b7-004f-d7b6-a698-07e2de0f1f5d}'/><EventID>16</EventID><Version>0</Version><Level>4</Level><Task>0</Task><Opcode>0</Opcode><Keywords>0x8000000000000000</Keywords><TimeCreated SystemTime='2020-06-22T21:34:00.632949800Z'/><EventRecordID>3571</EventRecordID><Correlation/><Execution ProcessID='5436' ThreadID='12484'/><Channel>System</Channel><Computer>DESKTOP-577B38M</Computer><Security UserID='S-1-5-18'/></System><EventData><Data Name='HiveNameLength'>92</Data><Data Name='HiveName'>\??\C:\Users\PC\AppData\Local\Packages\microsoft.lockapp_cw5n1h2txyewy\Settings\settings.dat</Data><Data Name='KeysUpdated'>2</Data><Data Name='DirtyPages'>1</Data></EventData><RenderingInfo Culture='en-US'><Message>The access history in hive \??\C:\Users\PC\AppData\Local\Packages\microsoft.lockapp_cw5n1h2txyewy\Settings\settings.dat was cleared updating 2 keys and creating 1 modified pages.</Message><Level>Information</Level><Task></Task><Opcode>Info</Opcode><Channel>System</Channel><Provider>Microsoft-Windows-Kernel-General</Provider><Keywords></Keywords></RenderingInfo></Event><Event xmlns='http://schemas.microsoft.com/win/2004/08/events/event'><System><Provider Name='Microsoft-Windows-Kernel-General' Guid='{a68ca8b7-004f-d7b6-a698-07e2de0f1f5d}'/><EventID>16</EventID><Version>0</Version><Level>4</Level><Task>0</Task><Opcode>0</Opcode><Keywords>0x8000000000000000</Keywords><TimeCreated SystemTime='2020-06-22T21:34:00.611455100Z'/><EventRecordID>3570</EventRecordID><Correlation/><Execution ProcessID='5436' ThreadID='12484'/><Channel>System</Channel><Computer>DESKTOP-577B38M</Computer><Security UserID='S-1-5-18'/></System><EventData><Data Name='HiveNameLength'>112</Data><Data Name='HiveName'>\??\C:\Users\PC\AppData\Local\Packages\microsoft.languageexperiencepacklv-lv_8wekyb3d8bbwe\Settings\settings.dat</Data><Data Name='KeysUpdated'>2</Data><Data Name='DirtyPages'>1</Data></EventData><RenderingInfo Culture='en-US'><Message>The access history in hive \??\C:\Users\PC\AppData\Local\Packages\microsoft.languageexperiencepacklv-lv_8wekyb3d8bbwe\Settings\settings.dat was cleared updating 2 keys and creating 1 modified pages.</Message><Level>Information</Level><Task></Task><Opcode>Info</Opcode><Channel>System</Channel><Provider>Microsoft-Windows-Kernel-General</Provider><Keywords></Keywords></RenderingInfo></Event><Event xmlns='http://schemas.microsoft.com/win/2004/08/events/event'><System><Provider Name='Microsoft-Windows-Kernel-General' Guid='{a68ca8b7-004f-d7b6-a698-07e2de0f1f5d}'/><EventID>16</EventID><Version>0</Version><Level>4</Level><Task>0</Task><Opcode>0</Opcode><Keywords>0x8000000000000000</Keywords><TimeCreated SystemTime='2020-06-22T21:34:00.579413200Z'/><EventRecordID>3569</EventRecordID><Correlation/><Execution ProcessID='5436' ThreadID='12484'/><Channel>System</Channel><Computer>DESKTOP-577B38M</Computer><Security UserID='S-1-5-18'/></System><EventData><Data Name='HiveNameLength'>103</Data><Data Name='HiveName'>\??\C:\Users\PC\AppData\Local\Packages\microsoft.heifimageextension_8wekyb3d8bbwe\Settings\settings.dat</Data><Data Name='KeysUpdated'>2</Data><Data Name='DirtyPages'>1</Data></EventData><RenderingInfo Culture='en-US'><Message>The access history in hive \??\C:\Users\PC\AppData\Local\Packages\microsoft.heifimageextension_8wekyb3d8bbwe\Settings\settings.dat was cleared updating 2 keys and creating 1 modified pages.</Message><Level>Information</Level><Task></Task><Opcode>Info</Opcode><Channel>System</Channel><Provider>Microsoft-Windows-Kernel-General</Provider><Keywords></Keywords></RenderingInfo></Event><Event xmlns='http://schemas.microsoft.com/win/2004/08/events/event'><System><Provider Name='Microsoft-Windows-Kernel-General' Guid='{a68ca8b7-004f-d7b6-a698-07e2de0f1f5d}'/><EventID>16</EventID><Version>0</Version><Level>4</Level><Task>0</Task><Opcode>0</Opcode><Keywords>0x8000000000000000</Keywords><TimeCreated SystemTime='2020-06-22T21:34:00.530130900Z'/><EventRecordID>3568</EventRecordID><Correlation/><Execution ProcessID='5436' ThreadID='12484'/><Channel>System</Channel><Computer>DESKTOP-577B38M</Computer><Security UserID='S-1-5-18'/></System><EventData><Data Name='HiveNameLength'>90</Data><Data Name='HiveName'>\??\C:\Users\PC\AppData\Local\Packages\microsoft.ecapp_8wekyb3d8bbwe\Settings\settings.dat</Data><Data Name='KeysUpdated'>2</Data><Data Name='DirtyPages'>1</Data></EventData><RenderingInfo Culture='en-US'><Message>The access history in hive \??\C:\Users\PC\AppData\Local\Packages\microsoft.ecapp_8wekyb3d8bbwe\Settings\settings.dat was cleared updating 2 keys and creating 1 modified pages.</Message><Level>Information</Level><Task></Task><Opcode>Info</Opcode><Channel>System</Channel><Provider>Microsoft-Windows-Kernel-General</Provider><Keywords></Keywords></RenderingInfo></Event><Event xmlns='http://schemas.microsoft.com/win/2004/08/events/event'><System><Provider Name='Microsoft-Windows-Kernel-General' Guid='{a68ca8b7-004f-d7b6-a698-07e2de0f1f5d}'/><EventID>16</EventID><Version>0</Version><Level>4</Level><Task>0</Task><Opcode>0</Opcode><Keywords>0x8000000000000000</Keywords><TimeCreated SystemTime='2020-06-22T21:34:00.480813600Z'/><EventRecordID>3567</EventRecordID><Correlation/><Execution ProcessID='5436' ThreadID='12484'/><Channel>System</Channel><Computer>DESKTOP-577B38M</Computer><Security UserID='S-1-5-18'/></System><EventData><Data Name='HiveNameLength'>99</Data><Data Name='HiveName'>\??\C:\Users\PC\AppData\Local\Packages\microsoft.creddialoghost_cw5n1h2txyewy\Settings\settings.dat</Data><Data Name='KeysUpdated'>2</Data><Data Name='DirtyPages'>1</Data></EventData><RenderingInfo Culture='en-US'><Message>The access history in hive \??\C:\Users\PC\AppData\Local\Packages\microsoft.creddialoghost_cw5n1h2txyewy\Settings\settings.dat was cleared updating 2 keys and creating 1 modified pages.</Message><Level>Information</Level><Task></Task><Opcode>Info</Opcode><Channel>System</Channel><Provider>Microsoft-Windows-Kernel-General</Provider><Keywords></Keywords></RenderingInfo></Event><Event xmlns='http://schemas.microsoft.com/win/2004/08/events/event'><System><Provider Name='Microsoft-Windows-Kernel-General' Guid='{a68ca8b7-004f-d7b6-a698-07e2de0f1f5d}'/><EventID>16</EventID><Version>0</Version><Level>4</Level><Task>0</Task><Opcode>0</Opcode><Keywords>0x8000000000000000</Keywords><TimeCreated SystemTime='2020-06-22T21:34:00.452809800Z'/><EventRecordID>3566</EventRecordID><Correlation/><Execution ProcessID='5436' ThreadID='12484'/><Channel>System</Channel><Computer>DESKTOP-577B38M</Computer><Security UserID='S-1-5-18'/></System><EventData><Data Name='HiveNameLength'>98</Data><Data Name='HiveName'>\??\C:\Users\PC\AppData\Local\Packages\microsoft.bioenrollment_cw5n1h2txyewy\Settings\settings.dat</Data><Data Name='KeysUpdated'>2</Data><Data Name='DirtyPages'>1</Data></EventData><RenderingInfo Culture='en-US'><Message>The access history in hive \??\C:\Users\PC\AppData\Local\Packages\microsoft.bioenrollment_cw5n1h2txyewy\Settings\settings.dat was cleared updating 2 keys and creating 1 modified pages.</Message><Level>Information</Level><Task></Task><Opcode>Info</Opcode><Channel>System</Channel><Provider>Microsoft-Windows-Kernel-General</Provider><Keywords></Keywords></RenderingInfo></Event><Event xmlns='http://schemas.microsoft.com/win/2004/08/events/event'><System><Provider Name='Microsoft-Windows-Kernel-General' Guid='{a68ca8b7-004f-d7b6-a698-07e2de0f1f5d}'/><EventID>16</EventID><Version>0</Version><Level>4</Level><Task>0</Task><Opcode>0</Opcode><Keywords>0x8000000000000000</Keywords><TimeCreated SystemTime='2020-06-22T21:34:00.424987400Z'/><EventRecordID>3565</EventRecordID><Correlation/><Execution ProcessID='5436' ThreadID='12484'/><Channel>System</Channel><Computer>DESKTOP-577B38M</Computer><Security UserID='S-1-5-18'/></System><EventData><Data Name='HiveNameLength'>101</Data><Data Name='HiveName'>\??\C:\Users\PC\AppData\Local\Packages\microsoft.asynctextservice_8wekyb3d8bbwe\Settings\settings.dat</Data><Data Name='KeysUpdated'>2</Data><Data Name='DirtyPages'>1</Data></EventData><RenderingInfo Culture='en-US'><Message>The access history in hive \??\C:\Users\PC\AppData\Local\Packages\microsoft.asynctextservice_8wekyb3d8bbwe\Settings\settings.dat was cleared updating 2 keys and creating 1 modified pages.</Message><Level>Information</Level><Task></Task><Opcode>Info</Opcode><Channel>System</Channel><Provider>Microsoft-Windows-Kernel-General</Provider><Keywords></Keywords></RenderingInfo></Event><Event xmlns='http://schemas.microsoft.com/win/2004/08/events/event'><System><Provider Name='Microsoft-Windows-Kernel-General' Guid='{a68ca8b7-004f-d7b6-a698-07e2de0f1f5d}'/><EventID>16</EventID><Version>0</Version><Level>4</Level><Task>0</Task><Opcode>0</Opcode><Keywords>0x8000000000000000</Keywords><TimeCreated SystemTime='2020-06-22T21:34:00.401428000Z'/><EventRecordID>3564</EventRecordID><Correlation/><Execution ProcessID='5436' ThreadID='12484'/><Channel>System</Channel><Computer>DESKTOP-577B38M</Computer><Security UserID='S-1-5-18'/></System><EventData><Data Name='HiveNameLength'>100</Data><Data Name='HiveName'>\??\C:\Users\PC\AppData\Local\Packages\microsoft.accountscontrol_cw5n1h2txyewy\Settings\settings.dat</Data><Data Name='KeysUpdated'>2</Data><Data Name='DirtyPages'>1</Data></EventData><RenderingInfo Culture='en-US'><Message>The access history in hive \??\C:\Users\PC\AppData\Local\Packages\microsoft.accountscontrol_cw5n1h2txyewy\Settings\settings.dat was cleared updating 2 keys and creating 1 modified pages.</Message><Level>Information</Level><Task></Task><Opcode>Info</Opcode><Channel>System</Channel><Provider>Microsoft-Windows-Kernel-General</Provider><Keywords></Keywords></RenderingInfo></Event><Event xmlns='http://schemas.microsoft.com/win/2004/08/events/event'><System><Provider Name='Microsoft-Windows-Kernel-General' Guid='{a68ca8b7-004f-d7b6-a698-07e2de0f1f5d}'/><EventID>16</EventID><Version>0</Version><Level>4</Level><Task>0</Task><Opcode>0</Opcode><Keywords>0x8000000000000000</Keywords><TimeCreated SystemTime='2020-06-22T21:34:00.327523100Z'/><EventRecordID>3563</EventRecordID><Correlation/><Execution ProcessID='5436' ThreadID='12484'/><Channel>System</Channel><Computer>DESKTOP-577B38M</Computer><Security UserID='S-1-5-18'/></System><EventData><Data Name='HiveNameLength'>111</Data><Data Name='HiveName'>\??\C:\Users\PC\AppData\Local\Packages\f46d4000-fd22-4db4-ac8e-4e1ddde828fe_cw5n1h2txyewy\Settings\settings.dat</Data><Data Name='KeysUpdated'>2</Data><Data Name='DirtyPages'>1</Data></EventData><RenderingInfo Culture='en-US'><Message>The access history in hive \??\C:\Users\PC\AppData\Local\Packages\f46d4000-fd22-4db4-ac8e-4e1ddde828fe_cw5n1h2txyewy\Settings\settings.dat was cleared updating 2 keys and creating 1 modified pages.</Message><Level>Information</Level><Task></Task><Opcode>Info</Opcode><Channel>System</Channel><Provider>Microsoft-Windows-Kernel-General</Provider><Keywords></Keywords></RenderingInfo></Event>