<Event xmlns='http://schemas.microsoft.com/win/2004/08/events/event'><System><Provider Name='Microsoft-Windows-Kernel-Boot' Guid='{15ca44ff-4d7a-4baa-bba5-0998955e531e}'/><EventID>27</EventID><Version>1</Version><Level>4</Level><Task>33</Task><Opcode>0</Opcode><Keywords>0x8000000000000000</Keywords><TimeCreated SystemTime='2020-06-29T13:51:51.946177100Z'/><EventRecordID>4024</EventRecordID><Correlation/><Execution ProcessID='4' ThreadID='9280'/><Channel>System</Channel><Computer>DESKTOP-577B38M</Computer><Security/></System><EventData><Data Name='BootType'>1</Data><Data Name='LoadOptions'></Data></EventData><RenderingInfo Culture='en-US'><Message>The boot type was 0x1.</Message><Level>Information</Level><Task></Task><Opcode>Info</Opcode><Channel>System</Channel><Provider>Microsoft-Windows-Kernel-Boot</Provider><Keywords></Keywords></RenderingInfo></Event><Event xmlns='http://schemas.microsoft.com/win/2004/08/events/event'><System><Provider Name='Microsoft-Windows-Kernel-Boot' Guid='{15ca44ff-4d7a-4baa-bba5-0998955e531e}'/><EventID>25</EventID><Version>0</Version><Level>4</Level><Task>32</Task><Opcode>0</Opcode><Keywords>0x8000000000000000</Keywords><TimeCreated SystemTime='2020-06-29T13:51:51.946176500Z'/><EventRecordID>4023</EventRecordID><Correlation/><Execution ProcessID='4' ThreadID='9280'/><Channel>System</Channel><Computer>DESKTOP-577B38M</Computer><Security/></System><EventData><Data Name='BootMenuPolicy'>1</Data></EventData><RenderingInfo Culture='en-US'><Message>The boot menu policy was 0x1.</Message><Level>Information</Level><Task></Task><Opcode>Info</Opcode><Channel>System</Channel><Provider>Microsoft-Windows-Kernel-Boot</Provider><Keywords></Keywords></RenderingInfo></Event><Event xmlns='http://schemas.microsoft.com/win/2004/08/events/event'><System><Provider Name='Microsoft-Windows-Kernel-Boot' Guid='{15ca44ff-4d7a-4baa-bba5-0998955e531e}'/><EventID>32</EventID><Version>0</Version><Level>4</Level><Task>58</Task><Opcode>0</Opcode><Keywords>0x8000000000000000</Keywords><TimeCreated SystemTime='2020-06-29T13:51:51.945861900Z'/><EventRecordID>4022</EventRecordID><Correlation/><Execution ProcessID='4' ThreadID='9280'/><Channel>System</Channel><Computer>DESKTOP-577B38M</Computer><Security/></System><EventData><Data Name='BitlockerUserInputTime'>0</Data></EventData><RenderingInfo Culture='en-US'><Message>The bootmgr spent 0 ms waiting for user input.</Message><Level>Information</Level><Task></Task><Opcode>Info</Opcode><Channel>System</Channel><Provider>Microsoft-Windows-Kernel-Boot</Provider><Keywords></Keywords></RenderingInfo></Event><Event xmlns='http://schemas.microsoft.com/win/2004/08/events/event'><System><Provider Name='Microsoft-Windows-Kernel-Boot' Guid='{15ca44ff-4d7a-4baa-bba5-0998955e531e}'/><EventID>18</EventID><Version>0</Version><Level>4</Level><Task>57</Task><Opcode>0</Opcode><Keywords>0x8000000000000000</Keywords><TimeCreated SystemTime='2020-06-29T13:51:51.945713000Z'/><EventRecordID>4021</EventRecordID><Correlation/><Execution ProcessID='4' ThreadID='9280'/><Channel>System</Channel><Computer>DESKTOP-577B38M</Computer><Security/></System><EventData><Data Name='EntryCount'>1</Data></EventData><RenderingInfo Culture='en-US'><Message>There are 0x1 boot options on this system.</Message><Level>Information</Level><Task></Task><Opcode>Info</Opcode><Channel>System</Channel><Provider>Microsoft-Windows-Kernel-Boot</Provider><Keywords></Keywords></RenderingInfo></Event><Event xmlns='http://schemas.microsoft.com/win/2004/08/events/event'><System><Provider Name='Microsoft-Windows-Kernel-Boot' Guid='{15ca44ff-4d7a-4baa-bba5-0998955e531e}'/><EventID>30</EventID><Version>0</Version><Level>4</Level><Task>21</Task><Opcode>0</Opcode><Keywords>0x8000000000000000</Keywords><TimeCreated SystemTime='2020-06-29T13:51:51.945245300Z'/><EventRecordID>4020</EventRecordID><Correlation/><Execution ProcessID='4' ThreadID='9280'/><Channel>System</Channel><Computer>DESKTOP-577B38M</Computer><Security/></System><EventData><Data Name='ResetEndStart'>0</Data><Data Name='LoadOSImageStart'>3359</Data><Data Name='StartOSImageStart'>3480</Data><Data Name='ExitBootServicesEntry'>5760</Data><Data Name='ExitBootServicesExit'>5869</Data></EventData><RenderingInfo Culture='en-US'><Message>The firmware reported boot metrics.</Message><Level>Information</Level><Task></Task><Opcode>Info</Opcode><Channel>System</Channel><Provider>Microsoft-Windows-Kernel-Boot</Provider><Keywords></Keywords></RenderingInfo></Event><Event xmlns='http://schemas.microsoft.com/win/2004/08/events/event'><System><Provider Name='Microsoft-Windows-Kernel-General' Guid='{a68ca8b7-004f-d7b6-a698-07e2de0f1f5d}'/><EventID>1</EventID><Version>2</Version><Level>4</Level><Task>5</Task><Opcode>0</Opcode><Keywords>0x8000000000000010</Keywords><TimeCreated SystemTime='2020-06-29T13:51:50.500309800Z'/><EventRecordID>4019</EventRecordID><Correlation/><Execution ProcessID='4' ThreadID='9280'/><Channel>System</Channel><Computer>DESKTOP-577B38M</Computer><Security/></System><EventData><Data Name='NewTime'>2020-06-29T13:51:50.500000000Z</Data><Data Name='OldTime'>2020-06-28T21:43:00.070298000Z</Data><Data Name='Reason'>2</Data><Data Name='ProcessName'></Data><Data Name='ProcessID'>4</Data></EventData><RenderingInfo Culture='en-US'><Message>The system time has changed to ‎2020‎-‎06‎-‎29T13:51:50.500000000Z from ‎2020‎-‎06‎-‎28T21:43:00.070298000Z.

Change Reason: System time synchronized with the hardware clock.
Process: '' (PID 4).</Message><Level>Information</Level><Task></Task><Opcode>Info</Opcode><Channel>System</Channel><Provider>Microsoft-Windows-Kernel-General</Provider><Keywords><Keyword>Time</Keyword></Keywords></RenderingInfo></Event><Event xmlns='http://schemas.microsoft.com/win/2004/08/events/event'><System><Provider Name='EventLog'/><EventID Qualifiers='32768'>6013</EventID><Level>4</Level><Task>0</Task><Keywords>0x80000000000000</Keywords><TimeCreated SystemTime='2020-06-29T13:51:51.562828100Z'/><EventRecordID>4018</EventRecordID><Channel>System</Channel><Computer>DESKTOP-577B38M</Computer><Security/></System><EventData><Data></Data><Data></Data><Data></Data><Data></Data><Data>61591</Data><Data>60</Data><Data>-120 FLE Standard Time</Data><Binary>31002E003100000030000000570069006E0064006F00770073002000310030002000500072006F000000310030002E0030002E003100380033003600330020004200750069006C0064002000310038003300360033002000200000004D0075006C0074006900700072006F0063006500730073006F007200200046007200650065000000310038003300360032002E0031003900680031005F00720065006C0065006100730065002E003100390030003300310038002D00310032003000320000003500650063003700660032006500370000004E006F007400200041007600610069006C00610062006C00650000004E006F007400200041007600610069006C00610062006C006500000039000000340000003600300034003100000034003000390000004400450053004B0054004F0050002D003500370037004200330038004D0000000000</Binary></EventData><RenderingInfo Culture='en-US'><Message>The system uptime is 61591 seconds.</Message><Level>Information</Level><Task></Task><Opcode></Opcode><Channel></Channel><Provider></Provider><Keywords><Keyword>Classic</Keyword></Keywords></RenderingInfo></Event><Event xmlns='http://schemas.microsoft.com/win/2004/08/events/event'><System><Provider Name='Microsoft-Windows-Kernel-Power' Guid='{331c3b3a-2005-44c2-ac5e-77220c37d6b4}'/><EventID>107</EventID><Version>1</Version><Level>4</Level><Task>102</Task><Opcode>0</Opcode><Keywords>0x8000000000000444</Keywords><TimeCreated SystemTime='2020-06-28T21:43:00.071123100Z'/><EventRecordID>4017</EventRecordID><Correlation/><Execution ProcessID='4' ThreadID='9280'/><Channel>System</Channel><Computer>DESKTOP-577B38M</Computer><Security/></System><EventData><Data Name='TargetState'>6</Data><Data Name='EffectiveState'>5</Data><Data Name='WakeFromState'>5</Data><Data Name='ProgrammedWakeTimeAc'>1601-01-01T00:00:00.000000000Z</Data><Data Name='ProgrammedWakeTimeDc'>1601-01-01T00:00:00.000000000Z</Data><Data Name='WakeRequesterTypeAc'>0</Data><Data Name='WakeRequesterTypeDc'>0</Data></EventData><RenderingInfo Culture='en-US'><Message>The system has resumed from sleep.</Message><Level>Information</Level><Task></Task><Opcode>Info</Opcode><Channel>System</Channel><Provider>Microsoft-Windows-Kernel-Power</Provider><Keywords></Keywords></RenderingInfo></Event><Event xmlns='http://schemas.microsoft.com/win/2004/08/events/event'><System><Provider Name='Microsoft-Windows-Kernel-Power' Guid='{331c3b3a-2005-44c2-ac5e-77220c37d6b4}'/><EventID>42</EventID><Version>3</Version><Level>4</Level><Task>64</Task><Opcode>0</Opcode><Keywords>0x8000000000000404</Keywords><TimeCreated SystemTime='2020-06-28T21:42:57.965186800Z'/><EventRecordID>4016</EventRecordID><Correlation/><Execution ProcessID='4' ThreadID='9280'/><Channel>System</Channel><Computer>DESKTOP-577B38M</Computer><Security/></System><EventData><Data Name='TargetState'>6</Data><Data Name='EffectiveState'>5</Data><Data Name='Reason'>4</Data><Data Name='Flags'>0</Data><Data Name='TransitionsToOn'>1</Data></EventData><RenderingInfo Culture='en-US'><Message>The system is entering sleep.

Sleep Reason: Application API</Message><Level>Information</Level><Task></Task><Opcode>Info</Opcode><Channel>System</Channel><Provider>Microsoft-Windows-Kernel-Power</Provider><Keywords></Keywords></RenderingInfo></Event><Event xmlns='http://schemas.microsoft.com/win/2004/08/events/event'><System><Provider Name='Microsoft-Windows-Kernel-Power' Guid='{331c3b3a-2005-44c2-ac5e-77220c37d6b4}'/><EventID>187</EventID><Version>0</Version><Level>4</Level><Task>243</Task><Opcode>0</Opcode><Keywords>0x8000400000000404</Keywords><TimeCreated SystemTime='2020-06-28T21:42:57.565623100Z'/><EventRecordID>4015</EventRecordID><Correlation/><Execution ProcessID='3580' ThreadID='8232'/><Channel>System</Channel><Computer>DESKTOP-577B38M</Computer><Security UserID='S-1-5-18'/></System><EventData><Data Name='ApiCallerNameLength'>53</Data><Data Name='ApiCallerName'>\Device\HarddiskVolume5\Windows\System32\winlogon.exe</Data><Data Name='SystemAction'>3</Data><Data Name='LightestSystemState'>2</Data></EventData><RenderingInfo Culture='en-US'><Message>User-mode process attempted to change the system state by calling SetSuspendState or SetSystemPowerState APIs.</Message><Level>Information</Level><Task></Task><Opcode>Info</Opcode><Channel>System</Channel><Provider>Microsoft-Windows-Kernel-Power</Provider><Keywords></Keywords></RenderingInfo></Event><Event xmlns='http://schemas.microsoft.com/win/2004/08/events/event'><System><Provider Name='Microsoft-Windows-Winlogon' Guid='{dbe9b383-7cf3-4331-91cc-a3cb16a3b538}'/><EventID>7002</EventID><Version>0</Version><Level>4</Level><Task>1102</Task><Opcode>0</Opcode><Keywords>0x2000200000000000</Keywords><TimeCreated SystemTime='2020-06-28T21:42:56.673651600Z'/><EventRecordID>4014</EventRecordID><Correlation/><Execution ProcessID='676' ThreadID='492'/><Channel>System</Channel><Computer>DESKTOP-577B38M</Computer><Security UserID='S-1-5-18'/></System><EventData><Data Name='TSId'>1</Data><Data Name='UserSid'>S-1-5-21-839496821-663164669-2267191325-1002</Data></EventData><RenderingInfo Culture='en-US'><Message>User Logoff Notification for Customer Experience Improvement Program</Message><Level>Information</Level><Task></Task><Opcode>Info</Opcode><Channel>System</Channel><Provider>Microsoft-Windows-Winlogon</Provider><Keywords></Keywords></RenderingInfo></Event><Event xmlns='http://schemas.microsoft.com/win/2004/08/events/event'><System><Provider Name='User32' Guid='{b0aa8734-56f7-41cc-b2f4-de228e98b946}' EventSourceName='User32'/><EventID Qualifiers='32768'>1074</EventID><Version>0</Version><Level>4</Level><Task>0</Task><Opcode>0</Opcode><Keywords>0x8080000000000000</Keywords><TimeCreated SystemTime='2020-06-28T21:42:53.201459100Z'/><EventRecordID>4013</EventRecordID><Correlation/><Execution ProcessID='500' ThreadID='1132'/><Channel>System</Channel><Computer>DESKTOP-577B38M</Computer><Security UserID='S-1-5-21-839496821-663164669-2267191325-1002'/></System><EventData><Data Name='param1'>C:\Windows\System32\RuntimeBroker.exe (DESKTOP-577B38M)</Data><Data Name='param2'>DESKTOP-577B38M</Data><Data Name='param3'>Other (Unplanned)</Data><Data Name='param4'>0x0</Data><Data Name='param5'>power off</Data><Data Name='param6'></Data><Data Name='param7'>DESKTOP-577B38M\PC</Data></EventData><RenderingInfo Culture='en-US'><Message>The process C:\Windows\System32\RuntimeBroker.exe (DESKTOP-577B38M) has initiated the power off of computer DESKTOP-577B38M on behalf of user DESKTOP-577B38M\PC for the following reason: Other (Unplanned)
 Reason Code: 0x0
 Shutdown Type: power off
 Comment: </Message><Level>Information</Level><Task></Task><Opcode></Opcode><Channel></Channel><Provider>User32</Provider><Keywords><Keyword>Classic</Keyword></Keywords></RenderingInfo></Event><Event xmlns='http://schemas.microsoft.com/win/2004/08/events/event'><System><Provider Name='Microsoft-Windows-DistributedCOM' Guid='{1B562E86-B7AA-4131-BADC-B6F3A001407E}' EventSourceName='DCOM'/><EventID Qualifiers='0'>10016</EventID><Version>0</Version><Level>3</Level><Task>0</Task><Opcode>0</Opcode><Keywords>0x8080000000000000</Keywords><TimeCreated SystemTime='2020-06-28T21:35:23.308586600Z'/><EventRecordID>4012</EventRecordID><Correlation ActivityID='{2eddc166-be87-437e-a7b9-d0ce5b7f7f5a}'/><Execution ProcessID='1004' ThreadID='432'/><Channel>System</Channel><Computer>DESKTOP-577B38M</Computer><Security UserID='S-1-5-21-839496821-663164669-2267191325-1002'/></System><EventData><Data Name='param1'>application-specific</Data><Data Name='param2'>Local</Data><Data Name='param3'>Activation</Data><Data Name='param4'>{2593F8B9-4EAF-457C-B68A-50F6B8EA6B54}</Data><Data Name='param5'>{15C20B67-12E7-4BB6-92BB-7AFF07997402}</Data><Data Name='param6'>DESKTOP-577B38M</Data><Data Name='param7'>PC</Data><Data Name='param8'>S-1-5-21-839496821-663164669-2267191325-1002</Data><Data Name='param9'>LocalHost (Using LRPC)</Data><Data Name='param10'>Unavailable</Data><Data Name='param11'>Unavailable</Data></EventData><RenderingInfo Culture='en-US'><Message>The application-specific permission settings do not grant Local Activation permission for the COM Server application with CLSID 
{2593F8B9-4EAF-457C-B68A-50F6B8EA6B54}
 and APPID 
{15C20B67-12E7-4BB6-92BB-7AFF07997402}
 to the user DESKTOP-577B38M\PC SID (S-1-5-21-839496821-663164669-2267191325-1002) from address LocalHost (Using LRPC) running in the application container Unavailable SID (Unavailable). This security permission can be modified using the Component Services administrative tool.</Message><Level>Warning</Level><Task></Task><Opcode>Info</Opcode><Channel></Channel><Provider>Microsoft-Windows-DistributedCOM</Provider><Keywords><Keyword>Classic</Keyword></Keywords></RenderingInfo></Event><Event xmlns='http://schemas.microsoft.com/win/2004/08/events/event'><System><Provider Name='Microsoft-Windows-DistributedCOM' Guid='{1B562E86-B7AA-4131-BADC-B6F3A001407E}' EventSourceName='DCOM'/><EventID Qualifiers='0'>10016</EventID><Version>0</Version><Level>3</Level><Task>0</Task><Opcode>0</Opcode><Keywords>0x8080000000000000</Keywords><TimeCreated SystemTime='2020-06-28T21:35:23.130694600Z'/><EventRecordID>4011</EventRecordID><Correlation ActivityID='{6b9be78b-c0d9-43dc-b142-dbddebb02561}'/><Execution ProcessID='1004' ThreadID='1376'/><Channel>System</Channel><Computer>DESKTOP-577B38M</Computer><Security UserID='S-1-5-21-839496821-663164669-2267191325-1002'/></System><EventData><Data Name='param1'>application-specific</Data><Data Name='param2'>Local</Data><Data Name='param3'>Activation</Data><Data Name='param4'>{2593F8B9-4EAF-457C-B68A-50F6B8EA6B54}</Data><Data Name='param5'>{15C20B67-12E7-4BB6-92BB-7AFF07997402}</Data><Data Name='param6'>DESKTOP-577B38M</Data><Data Name='param7'>PC</Data><Data Name='param8'>S-1-5-21-839496821-663164669-2267191325-1002</Data><Data Name='param9'>LocalHost (Using LRPC)</Data><Data Name='param10'>Unavailable</Data><Data Name='param11'>Unavailable</Data></EventData><RenderingInfo Culture='en-US'><Message>The application-specific permission settings do not grant Local Activation permission for the COM Server application with CLSID 
{2593F8B9-4EAF-457C-B68A-50F6B8EA6B54}
 and APPID 
{15C20B67-12E7-4BB6-92BB-7AFF07997402}
 to the user DESKTOP-577B38M\PC SID (S-1-5-21-839496821-663164669-2267191325-1002) from address LocalHost (Using LRPC) running in the application container Unavailable SID (Unavailable). This security permission can be modified using the Component Services administrative tool.</Message><Level>Warning</Level><Task></Task><Opcode>Info</Opcode><Channel></Channel><Provider>Microsoft-Windows-DistributedCOM</Provider><Keywords><Keyword>Classic</Keyword></Keywords></RenderingInfo></Event><Event xmlns='http://schemas.microsoft.com/win/2004/08/events/event'><System><Provider Name='Microsoft-Windows-Kernel-General' Guid='{a68ca8b7-004f-d7b6-a698-07e2de0f1f5d}'/><EventID>16</EventID><Version>0</Version><Level>4</Level><Task>0</Task><Opcode>0</Opcode><Keywords>0x8000000000000000</Keywords><TimeCreated SystemTime='2020-06-28T21:13:36.182113300Z'/><EventRecordID>4010</EventRecordID><Correlation/><Execution ProcessID='5292' ThreadID='3552'/><Channel>System</Channel><Computer>DESKTOP-577B38M</Computer><Security UserID='S-1-5-18'/></System><EventData><Data Name='HiveNameLength'>85</Data><Data Name='HiveName'>\??\C:\ProgramData\Microsoft\Provisioning\Microsoft-Desktop-Provisioning-Sequence.dat</Data><Data Name='KeysUpdated'>0</Data><Data Name='DirtyPages'>0</Data></EventData><RenderingInfo Culture='en-US'><Message>The access history in hive \??\C:\ProgramData\Microsoft\Provisioning\Microsoft-Desktop-Provisioning-Sequence.dat was cleared updating 0 keys and creating 0 modified pages.</Message><Level>Information</Level><Task></Task><Opcode>Info</Opcode><Channel>System</Channel><Provider>Microsoft-Windows-Kernel-General</Provider><Keywords></Keywords></RenderingInfo></Event><Event xmlns='http://schemas.microsoft.com/win/2004/08/events/event'><System><Provider Name='Microsoft-Windows-WindowsUpdateClient' Guid='{945a8954-c147-4acd-923f-40c45405a658}'/><EventID>19</EventID><Version>1</Version><Level>4</Level><Task>1</Task><Opcode>13</Opcode><Keywords>0x8000000000000018</Keywords><TimeCreated SystemTime='2020-06-28T20:56:16.496924200Z'/><EventRecordID>4009</EventRecordID><Correlation/><Execution ProcessID='1508' ThreadID='3788'/><Channel>System</Channel><Computer>DESKTOP-577B38M</Computer><Security UserID='S-1-5-18'/></System><EventData><Data Name='updateTitle'>Security Intelligence Update for Microsoft Defender Antivirus - KB2267602 (Version 1.319.399.0)</Data><Data Name='updateGuid'>{ffdefdb3-a447-4ee2-9703-fe44c25476d4}</Data><Data Name='updateRevisionNumber'>200</Data><Data Name='serviceGuid'>{9482f4b4-e343-43b6-b170-9a65bc822c77}</Data></EventData><RenderingInfo Culture='en-US'><Message>Installation Successful: Windows successfully installed the following update: Security Intelligence Update for Microsoft Defender Antivirus - KB2267602 (Version 1.319.399.0)</Message><Level>Information</Level><Task>Windows Update Agent</Task><Opcode>Installation</Opcode><Channel>System</Channel><Provider>Microsoft-Windows-WindowsUpdateClient</Provider><Keywords><Keyword>Installation</Keyword><Keyword>Success</Keyword></Keywords></RenderingInfo></Event><Event xmlns='http://schemas.microsoft.com/win/2004/08/events/event'><System><Provider Name='Microsoft-Windows-WindowsUpdateClient' Guid='{945a8954-c147-4acd-923f-40c45405a658}'/><EventID>43</EventID><Version>1</Version><Level>4</Level><Task>1</Task><Opcode>13</Opcode><Keywords>0x8000000000002008</Keywords><TimeCreated SystemTime='2020-06-28T20:56:02.455178700Z'/><EventRecordID>4008</EventRecordID><Correlation/><Execution ProcessID='1508' ThreadID='3788'/><Channel>System</Channel><Computer>DESKTOP-577B38M</Computer><Security UserID='S-1-5-18'/></System><EventData><Data Name='updateTitle'>Security Intelligence Update for Microsoft Defender Antivirus - KB2267602 (Version 1.319.399.0)</Data><Data Name='updateGuid'>{ffdefdb3-a447-4ee2-9703-fe44c25476d4}</Data><Data Name='updateRevisionNumber'>200</Data></EventData><RenderingInfo Culture='en-US'><Message>Installation Started: Windows has started installing the following update: Security Intelligence Update for Microsoft Defender Antivirus - KB2267602 (Version 1.319.399.0)</Message><Level>Information</Level><Task>Windows Update Agent</Task><Opcode>Installation</Opcode><Channel>System</Channel><Provider>Microsoft-Windows-WindowsUpdateClient</Provider><Keywords><Keyword>Installation</Keyword><Keyword>Started</Keyword></Keywords></RenderingInfo></Event><Event xmlns='http://schemas.microsoft.com/win/2004/08/events/event'><System><Provider Name='Microsoft-Windows-WindowsUpdateClient' Guid='{945a8954-c147-4acd-923f-40c45405a658}'/><EventID>44</EventID><Version>1</Version><Level>4</Level><Task>1</Task><Opcode>12</Opcode><Keywords>0x8000000000002004</Keywords><TimeCreated SystemTime='2020-06-28T20:56:02.455167900Z'/><EventRecordID>4007</EventRecordID><Correlation/><Execution ProcessID='1508' ThreadID='3788'/><Channel>System</Channel><Computer>DESKTOP-577B38M</Computer><Security UserID='S-1-5-18'/></System><EventData><Data Name='updateTitle'>Security Intelligence Update for Microsoft Defender Antivirus - KB2267602 (Version 1.319.399.0)</Data><Data Name='updateGuid'>{ffdefdb3-a447-4ee2-9703-fe44c25476d4}</Data><Data Name='updateRevisionNumber'>200</Data></EventData><RenderingInfo Culture='en-US'><Message>Windows Update started downloading an update.</Message><Level>Information</Level><Task>Windows Update Agent</Task><Opcode>Download</Opcode><Channel>System</Channel><Provider>Microsoft-Windows-WindowsUpdateClient</Provider><Keywords><Keyword>Download</Keyword><Keyword>Started</Keyword></Keywords></RenderingInfo></Event><Event xmlns='http://schemas.microsoft.com/win/2004/08/events/event'><System><Provider Name='Service Control Manager' Guid='{555908d1-a6d7-4695-8e1e-26931d2012f4}' EventSourceName='Service Control Manager'/><EventID Qualifiers='16384'>7040</EventID><Version>0</Version><Level>4</Level><Task>0</Task><Opcode>0</Opcode><Keywords>0x8080000000000000</Keywords><TimeCreated SystemTime='2020-06-28T20:50:00.737450700Z'/><EventRecordID>4006</EventRecordID><Correlation/><Execution ProcessID='716' ThreadID='4664'/><Channel>System</Channel><Computer>DESKTOP-577B38M</Computer><Security UserID='S-1-5-18'/></System><EventData><Data Name='param1'>Background Intelligent Transfer Service</Data><Data Name='param2'>auto start</Data><Data Name='param3'>demand start</Data><Data Name='param4'>BITS</Data></EventData><RenderingInfo Culture='en-US'><Message>The start type of the Background Intelligent Transfer Service service was changed from auto start to demand start.</Message><Level>Information</Level><Task></Task><Opcode></Opcode><Channel></Channel><Provider>Microsoft-Windows-Service Control Manager</Provider><Keywords><Keyword>Classic</Keyword></Keywords></RenderingInfo></Event><Event xmlns='http://schemas.microsoft.com/win/2004/08/events/event'><System><Provider Name='Microsoft-Windows-DistributedCOM' Guid='{1B562E86-B7AA-4131-BADC-B6F3A001407E}' EventSourceName='DCOM'/><EventID Qualifiers='0'>10016</EventID><Version>0</Version><Level>3</Level><Task>0</Task><Opcode>0</Opcode><Keywords>0x8080000000000000</Keywords><TimeCreated SystemTime='2020-06-28T20:47:44.970458200Z'/><EventRecordID>4005</EventRecordID><Correlation ActivityID='{19da2593-ade4-4e38-9c85-3a73d89c008f}'/><Execution ProcessID='1004' ThreadID='1376'/><Channel>System</Channel><Computer>DESKTOP-577B38M</Computer><Security UserID='S-1-5-18'/></System><EventData><Data Name='param1'>application-specific</Data><Data Name='param2'>Local</Data><Data Name='param3'>Launch</Data><Data Name='param4'>Windows.SecurityCenter.WscDataProtection</Data><Data Name='param5'>Unavailable</Data><Data Name='param6'>NT AUTHORITY</Data><Data Name='param7'>SYSTEM</Data><Data Name='param8'>S-1-5-18</Data><Data Name='param9'>LocalHost (Using LRPC)</Data><Data Name='param10'>Unavailable</Data><Data Name='param11'>Unavailable</Data></EventData><RenderingInfo Culture='en-US'><Message>The application-specific permission settings do not grant Local Launch permission for the COM Server application with CLSID 
Windows.SecurityCenter.WscDataProtection
 and APPID 
Unavailable
 to the user NT AUTHORITY\SYSTEM SID (S-1-5-18) from address LocalHost (Using LRPC) running in the application container Unavailable SID (Unavailable). This security permission can be modified using the Component Services administrative tool.</Message><Level>Warning</Level><Task></Task><Opcode>Info</Opcode><Channel></Channel><Provider>Microsoft-Windows-DistributedCOM</Provider><Keywords><Keyword>Classic</Keyword></Keywords></RenderingInfo></Event><Event xmlns='http://schemas.microsoft.com/win/2004/08/events/event'><System><Provider Name='Microsoft-Windows-DistributedCOM' Guid='{1B562E86-B7AA-4131-BADC-B6F3A001407E}' EventSourceName='DCOM'/><EventID Qualifiers='0'>10016</EventID><Version>0</Version><Level>3</Level><Task>0</Task><Opcode>0</Opcode><Keywords>0x8080000000000000</Keywords><TimeCreated SystemTime='2020-06-28T20:47:44.970458200Z'/><EventRecordID>4004</EventRecordID><Correlation ActivityID='{ede37dae-5818-4940-a105-b22a01dd6d07}'/><Execution ProcessID='1004' ThreadID='4784'/><Channel>System</Channel><Computer>DESKTOP-577B38M</Computer><Security UserID='S-1-5-18'/></System><EventData><Data Name='param1'>application-specific</Data><Data Name='param2'>Local</Data><Data Name='param3'>Launch</Data><Data Name='param4'>Windows.SecurityCenter.SecurityAppBroker</Data><Data Name='param5'>Unavailable</Data><Data Name='param6'>NT AUTHORITY</Data><Data Name='param7'>SYSTEM</Data><Data Name='param8'>S-1-5-18</Data><Data Name='param9'>LocalHost (Using LRPC)</Data><Data Name='param10'>Unavailable</Data><Data Name='param11'>Unavailable</Data></EventData><RenderingInfo Culture='en-US'><Message>The application-specific permission settings do not grant Local Launch permission for the COM Server application with CLSID 
Windows.SecurityCenter.SecurityAppBroker
 and APPID 
Unavailable
 to the user NT AUTHORITY\SYSTEM SID (S-1-5-18) from address LocalHost (Using LRPC) running in the application container Unavailable SID (Unavailable). This security permission can be modified using the Component Services administrative tool.</Message><Level>Warning</Level><Task></Task><Opcode>Info</Opcode><Channel></Channel><Provider>Microsoft-Windows-DistributedCOM</Provider><Keywords><Keyword>Classic</Keyword></Keywords></RenderingInfo></Event><Event xmlns='http://schemas.microsoft.com/win/2004/08/events/event'><System><Provider Name='Microsoft-Windows-DistributedCOM' Guid='{1B562E86-B7AA-4131-BADC-B6F3A001407E}' EventSourceName='DCOM'/><EventID Qualifiers='0'>10016</EventID><Version>0</Version><Level>3</Level><Task>0</Task><Opcode>0</Opcode><Keywords>0x8080000000000000</Keywords><TimeCreated SystemTime='2020-06-28T20:47:44.970458200Z'/><EventRecordID>4003</EventRecordID><Correlation ActivityID='{0ab8c340-a68d-42da-a5d0-43874dc8864d}'/><Execution ProcessID='1004' ThreadID='432'/><Channel>System</Channel><Computer>DESKTOP-577B38M</Computer><Security UserID='S-1-5-18'/></System><EventData><Data Name='param1'>application-specific</Data><Data Name='param2'>Local</Data><Data Name='param3'>Launch</Data><Data Name='param4'>Windows.SecurityCenter.WscBrokerManager</Data><Data Name='param5'>Unavailable</Data><Data Name='param6'>NT AUTHORITY</Data><Data Name='param7'>SYSTEM</Data><Data Name='param8'>S-1-5-18</Data><Data Name='param9'>LocalHost (Using LRPC)</Data><Data Name='param10'>Unavailable</Data><Data Name='param11'>Unavailable</Data></EventData><RenderingInfo Culture='en-US'><Message>The application-specific permission settings do not grant Local Launch permission for the COM Server application with CLSID 
Windows.SecurityCenter.WscBrokerManager
 and APPID 
Unavailable
 to the user NT AUTHORITY\SYSTEM SID (S-1-5-18) from address LocalHost (Using LRPC) running in the application container Unavailable SID (Unavailable). This security permission can be modified using the Component Services administrative tool.</Message><Level>Warning</Level><Task></Task><Opcode>Info</Opcode><Channel></Channel><Provider>Microsoft-Windows-DistributedCOM</Provider><Keywords><Keyword>Classic</Keyword></Keywords></RenderingInfo></Event><Event xmlns='http://schemas.microsoft.com/win/2004/08/events/event'><System><Provider Name='Service Control Manager' Guid='{555908d1-a6d7-4695-8e1e-26931d2012f4}' EventSourceName='Service Control Manager'/><EventID Qualifiers='16384'>7040</EventID><Version>0</Version><Level>4</Level><Task>0</Task><Opcode>0</Opcode><Keywords>0x8080000000000000</Keywords><TimeCreated SystemTime='2020-06-28T20:47:26.691938900Z'/><EventRecordID>4002</EventRecordID><Correlation/><Execution ProcessID='716' ThreadID='4664'/><Channel>System</Channel><Computer>DESKTOP-577B38M</Computer><Security UserID='S-1-5-18'/></System><EventData><Data Name='param1'>Background Intelligent Transfer Service</Data><Data Name='param2'>demand start</Data><Data Name='param3'>auto start</Data><Data Name='param4'>BITS</Data></EventData><RenderingInfo Culture='en-US'><Message>The start type of the Background Intelligent Transfer Service service was changed from demand start to auto start.</Message><Level>Information</Level><Task></Task><Opcode></Opcode><Channel></Channel><Provider>Microsoft-Windows-Service Control Manager</Provider><Keywords><Keyword>Classic</Keyword></Keywords></RenderingInfo></Event><Event xmlns='http://schemas.microsoft.com/win/2004/08/events/event'><System><Provider Name='Microsoft-Windows-DistributedCOM' Guid='{1B562E86-B7AA-4131-BADC-B6F3A001407E}' EventSourceName='DCOM'/><EventID Qualifiers='0'>10016</EventID><Version>0</Version><Level>3</Level><Task>0</Task><Opcode>0</Opcode><Keywords>0x8080000000000000</Keywords><TimeCreated SystemTime='2020-06-28T20:46:26.077025100Z'/><EventRecordID>4001</EventRecordID><Correlation ActivityID='{2c9d177e-b4d8-4e69-b6ec-0653d31a012d}'/><Execution ProcessID='1004' ThreadID='796'/><Channel>System</Channel><Computer>DESKTOP-577B38M</Computer><Security UserID='S-1-5-21-839496821-663164669-2267191325-1002'/></System><EventData><Data Name='param1'>application-specific</Data><Data Name='param2'>Local</Data><Data Name='param3'>Activation</Data><Data Name='param4'>{2593F8B9-4EAF-457C-B68A-50F6B8EA6B54}</Data><Data Name='param5'>{15C20B67-12E7-4BB6-92BB-7AFF07997402}</Data><Data Name='param6'>DESKTOP-577B38M</Data><Data Name='param7'>PC</Data><Data Name='param8'>S-1-5-21-839496821-663164669-2267191325-1002</Data><Data Name='param9'>LocalHost (Using LRPC)</Data><Data Name='param10'>Unavailable</Data><Data Name='param11'>Unavailable</Data></EventData><RenderingInfo Culture='en-US'><Message>The application-specific permission settings do not grant Local Activation permission for the COM Server application with CLSID 
{2593F8B9-4EAF-457C-B68A-50F6B8EA6B54}
 and APPID 
{15C20B67-12E7-4BB6-92BB-7AFF07997402}
 to the user DESKTOP-577B38M\PC SID (S-1-5-21-839496821-663164669-2267191325-1002) from address LocalHost (Using LRPC) running in the application container Unavailable SID (Unavailable). This security permission can be modified using the Component Services administrative tool.</Message><Level>Warning</Level><Task></Task><Opcode>Info</Opcode><Channel></Channel><Provider>Microsoft-Windows-DistributedCOM</Provider><Keywords><Keyword>Classic</Keyword></Keywords></RenderingInfo></Event><Event xmlns='http://schemas.microsoft.com/win/2004/08/events/event'><System><Provider Name='Microsoft-Windows-FilterManager' Guid='{f3c5e28e-63f6-49c7-a204-e48a1bc4b09d}'/><EventID>6</EventID><Version>0</Version><Level>4</Level><Task>0</Task><Opcode>0</Opcode><Keywords>0x8000000000000000</Keywords><TimeCreated SystemTime='2020-06-28T20:46:10.223958400Z'/><EventRecordID>4000</EventRecordID><Correlation/><Execution ProcessID='4' ThreadID='104'/><Channel>System</Channel><Computer>DESKTOP-577B38M</Computer><Security UserID='S-1-5-18'/></System><EventData><Data Name='FinalStatus'>0x0</Data><Data Name='DeviceVersionMajor'>10</Data><Data Name='DeviceVersionMinor'>0</Data><Data Name='DeviceNameLength'>7</Data><Data Name='DeviceName'>bindflt</Data><Data Name='DeviceTime'>2046-02-24T00:19:04.000000000Z</Data></EventData><RenderingInfo Culture='en-US'><Message>File System Filter 'bindflt' (10.0, ‎2046‎-‎02‎-‎24T00:19:04.000000000Z) has successfully loaded and registered with Filter Manager.</Message><Level>Information</Level><Task></Task><Opcode>Info</Opcode><Channel>System</Channel><Provider>Microsoft-Windows-FilterManager</Provider><Keywords></Keywords></RenderingInfo></Event><Event xmlns='http://schemas.microsoft.com/win/2004/08/events/event'><System><Provider Name='Microsoft-Windows-Kernel-General' Guid='{a68ca8b7-004f-d7b6-a698-07e2de0f1f5d}'/><EventID>16</EventID><Version>0</Version><Level>4</Level><Task>0</Task><Opcode>0</Opcode><Keywords>0x8000000000000000</Keywords><TimeCreated SystemTime='2020-06-28T20:45:57.779998000Z'/><EventRecordID>3999</EventRecordID><Correlation/><Execution ProcessID='7640' ThreadID='7732'/><Channel>System</Channel><Computer>DESKTOP-577B38M</Computer><Security UserID='S-1-5-18'/></System><EventData><Data Name='HiveNameLength'>101</Data><Data Name='HiveName'>\??\C:\Users\PC\AppData\Local\Packages\Microsoft.AAD.BrokerPlugin_cw5n1h2txyewy\Settings\settings.dat</Data><Data Name='KeysUpdated'>6</Data><Data Name='DirtyPages'>1</Data></EventData><RenderingInfo Culture='en-US'><Message>The access history in hive \??\C:\Users\PC\AppData\Local\Packages\Microsoft.AAD.BrokerPlugin_cw5n1h2txyewy\Settings\settings.dat was cleared updating 6 keys and creating 1 modified pages.</Message><Level>Information</Level><Task></Task><Opcode>Info</Opcode><Channel>System</Channel><Provider>Microsoft-Windows-Kernel-General</Provider><Keywords></Keywords></RenderingInfo></Event><Event xmlns='http://schemas.microsoft.com/win/2004/08/events/event'><System><Provider Name='Microsoft-Windows-DistributedCOM' Guid='{1B562E86-B7AA-4131-BADC-B6F3A001407E}' EventSourceName='DCOM'/><EventID Qualifiers='0'>10016</EventID><Version>0</Version><Level>3</Level><Task>0</Task><Opcode>0</Opcode><Keywords>0x8080000000000000</Keywords><TimeCreated SystemTime='2020-06-28T20:45:41.629431200Z'/><EventRecordID>3998</EventRecordID><Correlation ActivityID='{6f6d0f49-e256-4898-9cbe-9bf4e724bc96}'/><Execution ProcessID='1004' ThreadID='1216'/><Channel>System</Channel><Computer>DESKTOP-577B38M</Computer><Security UserID='S-1-5-19'/></System><EventData><Data Name='param1'>application-specific</Data><Data Name='param2'>Local</Data><Data Name='param3'>Activation</Data><Data Name='param4'>{6B3B8D23-FA8D-40B9-8DBD-B950333E2C52}</Data><Data Name='param5'>{4839DDB7-58C2-48F5-8283-E1D1807D0D7D}</Data><Data Name='param6'>NT AUTHORITY</Data><Data Name='param7'>LOCAL SERVICE</Data><Data Name='param8'>S-1-5-19</Data><Data Name='param9'>LocalHost (Using LRPC)</Data><Data Name='param10'>Unavailable</Data><Data Name='param11'>Unavailable</Data></EventData><RenderingInfo Culture='en-US'><Message>The application-specific permission settings do not grant Local Activation permission for the COM Server application with CLSID 
{6B3B8D23-FA8D-40B9-8DBD-B950333E2C52}
 and APPID 
{4839DDB7-58C2-48F5-8283-E1D1807D0D7D}
 to the user NT AUTHORITY\LOCAL SERVICE SID (S-1-5-19) from address LocalHost (Using LRPC) running in the application container Unavailable SID (Unavailable). This security permission can be modified using the Component Services administrative tool.</Message><Level>Warning</Level><Task></Task><Opcode>Info</Opcode><Channel></Channel><Provider>Microsoft-Windows-DistributedCOM</Provider><Keywords><Keyword>Classic</Keyword></Keywords></RenderingInfo></Event><Event xmlns='http://schemas.microsoft.com/win/2004/08/events/event'><System><Provider Name='Microsoft-Windows-DistributedCOM' Guid='{1B562E86-B7AA-4131-BADC-B6F3A001407E}' EventSourceName='DCOM'/><EventID Qualifiers='0'>10016</EventID><Version>0</Version><Level>3</Level><Task>0</Task><Opcode>0</Opcode><Keywords>0x8080000000000000</Keywords><TimeCreated SystemTime='2020-06-28T20:45:41.588779500Z'/><EventRecordID>3997</EventRecordID><Correlation ActivityID='{63ef3772-322c-4aa2-8991-c8d71837fffa}'/><Execution ProcessID='1004' ThreadID='1420'/><Channel>System</Channel><Computer>DESKTOP-577B38M</Computer><Security UserID='S-1-5-19'/></System><EventData><Data Name='param1'>application-specific</Data><Data Name='param2'>Local</Data><Data Name='param3'>Activation</Data><Data Name='param4'>{6B3B8D23-FA8D-40B9-8DBD-B950333E2C52}</Data><Data Name='param5'>{4839DDB7-58C2-48F5-8283-E1D1807D0D7D}</Data><Data Name='param6'>NT AUTHORITY</Data><Data Name='param7'>LOCAL SERVICE</Data><Data Name='param8'>S-1-5-19</Data><Data Name='param9'>LocalHost (Using LRPC)</Data><Data Name='param10'>Unavailable</Data><Data Name='param11'>Unavailable</Data></EventData><RenderingInfo Culture='en-US'><Message>The application-specific permission settings do not grant Local Activation permission for the COM Server application with CLSID 
{6B3B8D23-FA8D-40B9-8DBD-B950333E2C52}
 and APPID 
{4839DDB7-58C2-48F5-8283-E1D1807D0D7D}
 to the user NT AUTHORITY\LOCAL SERVICE SID (S-1-5-19) from address LocalHost (Using LRPC) running in the application container Unavailable SID (Unavailable). This security permission can be modified using the Component Services administrative tool.</Message><Level>Warning</Level><Task></Task><Opcode>Info</Opcode><Channel></Channel><Provider>Microsoft-Windows-DistributedCOM</Provider><Keywords><Keyword>Classic</Keyword></Keywords></RenderingInfo></Event><Event xmlns='http://schemas.microsoft.com/win/2004/08/events/event'><System><Provider Name='Service Control Manager' Guid='{555908d1-a6d7-4695-8e1e-26931d2012f4}' EventSourceName='Service Control Manager'/><EventID Qualifiers='49152'>7026</EventID><Version>0</Version><Level>4</Level><Task>0</Task><Opcode>0</Opcode><Keywords>0x8080000000000000</Keywords><TimeCreated SystemTime='2020-06-28T20:45:39.694864500Z'/><EventRecordID>3996</EventRecordID><Correlation/><Execution ProcessID='716' ThreadID='720'/><Channel>System</Channel><Computer>DESKTOP-577B38M</Computer><Security/></System><EventData><Data Name='param1'>
dam</Data></EventData><RenderingInfo Culture='en-US'><Message>The following boot-start or system-start driver(s) did not load: 
dam</Message><Level>Information</Level><Task></Task><Opcode></Opcode><Channel></Channel><Provider>Microsoft-Windows-Service Control Manager</Provider><Keywords><Keyword>Classic</Keyword></Keywords></RenderingInfo></Event><Event xmlns='http://schemas.microsoft.com/win/2004/08/events/event'><System><Provider Name='Microsoft-Windows-Winlogon' Guid='{dbe9b383-7cf3-4331-91cc-a3cb16a3b538}'/><EventID>7001</EventID><Version>0</Version><Level>4</Level><Task>1101</Task><Opcode>0</Opcode><Keywords>0x2000200000000000</Keywords><TimeCreated SystemTime='2020-06-28T20:45:37.815458700Z'/><EventRecordID>3995</EventRecordID><Correlation/><Execution ProcessID='676' ThreadID='492'/><Channel>System</Channel><Computer>DESKTOP-577B38M</Computer><Security UserID='S-1-5-18'/></System><EventData><Data Name='TSId'>1</Data><Data Name='UserSid'>S-1-5-21-839496821-663164669-2267191325-1002</Data></EventData><RenderingInfo Culture='en-US'><Message>User Logon Notification for Customer Experience Improvement Program</Message><Level>Information</Level><Task></Task><Opcode>Info</Opcode><Channel>System</Channel><Provider>Microsoft-Windows-Winlogon</Provider><Keywords></Keywords></RenderingInfo></Event><Event xmlns='http://schemas.microsoft.com/win/2004/08/events/event'><System><Provider Name='Microsoft-Windows-WLAN-AutoConfig' Guid='{9580d7dd-0379-4658-9870-d5be7d52d6de}'/><EventID>4000</EventID><Version>0</Version><Level>4</Level><Task>0</Task><Opcode>1</Opcode><Keywords>0x4000000000000000</Keywords><TimeCreated SystemTime='2020-06-28T20:45:36.334178300Z'/><EventRecordID>3994</EventRecordID><Correlation/><Execution ProcessID='3016' ThreadID='2004'/><Channel>System</Channel><Computer>DESKTOP-577B38M</Computer><Security UserID='S-1-5-18'/></System><EventData></EventData><RenderingInfo Culture='en-US'><Message>WLAN AutoConfig service has successfully started.
</Message><Level>Information</Level><Task></Task><Opcode>Start</Opcode><Channel>System</Channel><Provider>Microsoft-Windows-WLAN-AutoConfig</Provider><Keywords></Keywords></RenderingInfo></Event><Event xmlns='http://schemas.microsoft.com/win/2004/08/events/event'><System><Provider Name='Microsoft-Windows-DHCPv6-Client' Guid='{6a1f2b00-6a90-4c38-95a5-5cab3b056778}'/><EventID>51046</EventID><Version>0</Version><Level>4</Level><Task>4</Task><Opcode>62</Opcode><Keywords>0x2000000000000000</Keywords><TimeCreated SystemTime='2020-06-28T20:45:34.143619900Z'/><EventRecordID>3993</EventRecordID><Correlation/><Execution ProcessID='1988' ThreadID='2164'/><Channel>System</Channel><Computer>DESKTOP-577B38M</Computer><Security UserID='S-1-5-19'/></System><EventData></EventData><RenderingInfo Culture='en-US'><Message>DHCPv6 client service is started</Message><Level>Information</Level><Task>Service State Event</Task><Opcode>ServiceStart</Opcode><Channel>System</Channel><Provider>Microsoft-Windows-DHCPv6-Client</Provider><Keywords></Keywords></RenderingInfo></Event><Event xmlns='http://schemas.microsoft.com/win/2004/08/events/event'><System><Provider Name='Microsoft-Windows-Dhcp-Client' Guid='{15a7a4f8-0072-4eab-abad-f98a4d666aed}'/><EventID>50103</EventID><Version>0</Version><Level>4</Level><Task>4</Task><Opcode>129</Opcode><Keywords>0x2000000000000000</Keywords><TimeCreated SystemTime='2020-06-28T20:45:34.035004100Z'/><EventRecordID>3992</EventRecordID><Correlation/><Execution ProcessID='1988' ThreadID='2076'/><Channel>System</Channel><Computer>DESKTOP-577B38M</Computer><Security UserID='S-1-5-19'/></System><EventData></EventData><RenderingInfo Culture='en-US'><Message>DHCPv4 client registered for shutdown notification</Message><Level>Information</Level><Task>Service State Event</Task><Opcode>ServiceShutdown</Opcode><Channel>System</Channel><Provider>Microsoft-Windows-Dhcp-Client</Provider><Keywords></Keywords></RenderingInfo></Event><Event xmlns='http://schemas.microsoft.com/win/2004/08/events/event'><System><Provider Name='Microsoft-Windows-Dhcp-Client' Guid='{15a7a4f8-0072-4eab-abad-f98a4d666aed}'/><EventID>50036</EventID><Version>0</Version><Level>4</Level><Task>4</Task><Opcode>68</Opcode><Keywords>0x2000000000000000</Keywords><TimeCreated SystemTime='2020-06-28T20:45:34.034856400Z'/><EventRecordID>3991</EventRecordID><Correlation/><Execution ProcessID='1988' ThreadID='2076'/><Channel>System</Channel><Computer>DESKTOP-577B38M</Computer><Security UserID='S-1-5-19'/></System><EventData></EventData><RenderingInfo Culture='en-US'><Message>DHCPv4 client service is started</Message><Level>Information</Level><Task>Service State Event</Task><Opcode>ServiceStart</Opcode><Channel>System</Channel><Provider>Microsoft-Windows-Dhcp-Client</Provider><Keywords></Keywords></RenderingInfo></Event><Event xmlns='http://schemas.microsoft.com/win/2004/08/events/event'><System><Provider Name='Microsoft-Windows-FilterManager' Guid='{f3c5e28e-63f6-49c7-a204-e48a1bc4b09d}'/><EventID>6</EventID><Version>0</Version><Level>4</Level><Task>0</Task><Opcode>0</Opcode><Keywords>0x8000000000000000</Keywords><TimeCreated SystemTime='2020-06-28T20:45:33.792717600Z'/><EventRecordID>3990</EventRecordID><Correlation/><Execution ProcessID='4' ThreadID='1456'/><Channel>System</Channel><Computer>DESKTOP-577B38M</Computer><Security UserID='S-1-5-18'/></System><EventData><Data Name='FinalStatus'>0x0</Data><Data Name='DeviceVersionMajor'>10</Data><Data Name='DeviceVersionMinor'>0</Data><Data Name='DeviceNameLength'>10</Data><Data Name='DeviceName'>storqosflt</Data><Data Name='DeviceTime'>2084-07-24T08:29:44.000000000Z</Data></EventData><RenderingInfo Culture='en-US'><Message>File System Filter 'storqosflt' (10.0, ‎2084‎-‎07‎-‎24T08:29:44.000000000Z) has successfully loaded and registered with Filter Manager.</Message><Level>Information</Level><Task></Task><Opcode>Info</Opcode><Channel>System</Channel><Provider>Microsoft-Windows-FilterManager</Provider><Keywords></Keywords></RenderingInfo></Event><Event xmlns='http://schemas.microsoft.com/win/2004/08/events/event'><System><Provider Name='Microsoft-Windows-FilterManager' Guid='{f3c5e28e-63f6-49c7-a204-e48a1bc4b09d}'/><EventID>6</EventID><Version>0</Version><Level>4</Level><Task>0</Task><Opcode>0</Opcode><Keywords>0x8000000000000000</Keywords><TimeCreated SystemTime='2020-06-28T20:45:33.773207200Z'/><EventRecordID>3989</EventRecordID><Correlation/><Execution ProcessID='4' ThreadID='1456'/><Channel>System</Channel><Computer>DESKTOP-577B38M</Computer><Security UserID='S-1-5-18'/></System><EventData><Data Name='FinalStatus'>0x0</Data><Data Name='DeviceVersionMajor'>10</Data><Data Name='DeviceVersionMinor'>0</Data><Data Name='DeviceNameLength'>6</Data><Data Name='DeviceName'>CldFlt</Data><Data Name='DeviceTime'>2077-06-12T18:13:28.000000000Z</Data></EventData><RenderingInfo Culture='en-US'><Message>File System Filter 'CldFlt' (10.0, ‎2077‎-‎06‎-‎12T18:13:28.000000000Z) has successfully loaded and registered with Filter Manager.</Message><Level>Information</Level><Task></Task><Opcode>Info</Opcode><Channel>System</Channel><Provider>Microsoft-Windows-FilterManager</Provider><Keywords></Keywords></RenderingInfo></Event><Event xmlns='http://schemas.microsoft.com/win/2004/08/events/event'><System><Provider Name='Microsoft-Windows-FilterManager' Guid='{f3c5e28e-63f6-49c7-a204-e48a1bc4b09d}'/><EventID>1</EventID><Version>0</Version><Level>4</Level><Task>0</Task><Opcode>0</Opcode><Keywords>0x8000000000000000</Keywords><TimeCreated SystemTime='2020-06-28T20:45:33.772995100Z'/><EventRecordID>3988</EventRecordID><Correlation/><Execution ProcessID='4' ThreadID='1456'/><Channel>System</Channel><Computer>DESKTOP-577B38M</Computer><Security UserID='S-1-5-18'/></System><EventData><Data Name='FinalStatus'>0x0</Data><Data Name='DeviceVersionMajor'>10</Data><Data Name='DeviceVersionMinor'>0</Data><Data Name='DeviceNameLength'>6</Data><Data Name='DeviceName'>CldFlt</Data><Data Name='DeviceTime'>2077-06-12T18:13:28.000000000Z</Data></EventData><RenderingInfo Culture='en-US'><Message>File System Filter 'CldFlt' (Version 10.0, ‎2077‎-‎06‎-‎12T18:13:28.000000000Z) unloaded successfully.</Message><Level>Information</Level><Task></Task><Opcode>Info</Opcode><Channel>System</Channel><Provider>Microsoft-Windows-FilterManager</Provider><Keywords></Keywords></RenderingInfo></Event><Event xmlns='http://schemas.microsoft.com/win/2004/08/events/event'><System><Provider Name='Microsoft-Windows-FilterManager' Guid='{f3c5e28e-63f6-49c7-a204-e48a1bc4b09d}'/><EventID>6</EventID><Version>0</Version><Level>4</Level><Task>0</Task><Opcode>0</Opcode><Keywords>0x8000000000000000</Keywords><TimeCreated SystemTime='2020-06-28T20:45:33.772975700Z'/><EventRecordID>3987</EventRecordID><Correlation/><Execution ProcessID='4' ThreadID='1456'/><Channel>System</Channel><Computer>DESKTOP-577B38M</Computer><Security UserID='S-1-5-18'/></System><EventData><Data Name='FinalStatus'>0x0</Data><Data Name='DeviceVersionMajor'>10</Data><Data Name='DeviceVersionMinor'>0</Data><Data Name='DeviceNameLength'>6</Data><Data Name='DeviceName'>CldFlt</Data><Data Name='DeviceTime'>2077-06-12T18:13:28.000000000Z</Data></EventData><RenderingInfo Culture='en-US'><Message>File System Filter 'CldFlt' (10.0, ‎2077‎-‎06‎-‎12T18:13:28.000000000Z) has successfully loaded and registered with Filter Manager.</Message><Level>Information</Level><Task></Task><Opcode>Info</Opcode><Channel>System</Channel><Provider>Microsoft-Windows-FilterManager</Provider><Keywords></Keywords></RenderingInfo></Event><Event xmlns='http://schemas.microsoft.com/win/2004/08/events/event'><System><Provider Name='Microsoft-Windows-FilterManager' Guid='{f3c5e28e-63f6-49c7-a204-e48a1bc4b09d}'/><EventID>6</EventID><Version>0</Version><Level>4</Level><Task>0</Task><Opcode>0</Opcode><Keywords>0x8000000000000000</Keywords><TimeCreated SystemTime='2020-06-28T20:45:33.700706400Z'/><EventRecordID>3986</EventRecordID><Correlation/><Execution ProcessID='4' ThreadID='188'/><Channel>System</Channel><Computer>DESKTOP-577B38M</Computer><Security UserID='S-1-5-18'/></System><EventData><Data Name='FinalStatus'>0x0</Data><Data Name='DeviceVersionMajor'>10</Data><Data Name='DeviceVersionMinor'>0</Data><Data Name='DeviceNameLength'>5</Data><Data Name='DeviceName'>luafv</Data><Data Name='DeviceTime'>1974-08-09T16:33:30.000000000Z</Data></EventData><RenderingInfo Culture='en-US'><Message>File System Filter 'luafv' (10.0, ‎1974‎-‎08‎-‎09T16:33:30.000000000Z) has successfully loaded and registered with Filter Manager.</Message><Level>Information</Level><Task></Task><Opcode>Info</Opcode><Channel>System</Channel><Provider>Microsoft-Windows-FilterManager</Provider><Keywords></Keywords></RenderingInfo></Event>