Information,6/25/2020 1:04:27 AM,Microsoft-Windows-Kernel-General,16,None,The access history in hive \SystemRoot\System32\Config\bbimigrate\BBI was cleared updating 1 keys and creating 1 modified pages.
Information,6/25/2020 1:04:25 AM,Microsoft-Windows-DHCPv6-Client,51046,Service State Event,DHCPv6 client service is started
Information,6/25/2020 1:04:25 AM,Microsoft-Windows-Dhcp-Client,50103,Service State Event,DHCPv4 client registered for shutdown notification
Information,6/25/2020 1:04:25 AM,Microsoft-Windows-Dhcp-Client,50036,Service State Event,DHCPv4 client service is started
Information,6/25/2020 1:04:25 AM,Microsoft-Windows-FilterManager,6,None,"File System Filter 'storqosflt' (10.0, ‎2084‎-‎07‎-‎24T08:29:44.000000000Z) has successfully loaded and registered with Filter Manager."
Information,6/25/2020 1:04:25 AM,Microsoft-Windows-FilterManager,6,None,"File System Filter 'CldFlt' (10.0, ‎2077‎-‎06‎-‎12T18:13:28.000000000Z) has successfully loaded and registered with Filter Manager."
Information,6/25/2020 1:04:25 AM,Microsoft-Windows-FilterManager,1,None,"File System Filter 'CldFlt' (Version 10.0, ‎2077‎-‎06‎-‎12T18:13:28.000000000Z) unloaded successfully."
Information,6/25/2020 1:04:25 AM,Microsoft-Windows-FilterManager,6,None,"File System Filter 'CldFlt' (10.0, ‎2077‎-‎06‎-‎12T18:13:28.000000000Z) has successfully loaded and registered with Filter Manager."
Information,6/25/2020 1:04:25 AM,Microsoft-Windows-FilterManager,6,None,"File System Filter 'luafv' (10.0, ‎1974‎-‎08‎-‎09T16:33:30.000000000Z) has successfully loaded and registered with Filter Manager."
Information,6/25/2020 1:04:25 AM,Microsoft-Windows-FilterManager,6,None,"File System Filter 'wcifs' (10.0, ‎2011‎-‎08‎-‎26T01:27:29.000000000Z) has successfully loaded and registered with Filter Manager."
Information,6/25/2020 1:04:24 AM,Microsoft-Windows-Kernel-General,16,None,The access history in hive \??\C:\WINDOWS\ServiceProfiles\LocalService\NTUSER.DAT was cleared updating 77 keys and creating 17 modified pages.
Information,6/25/2020 1:04:24 AM,Microsoft-Windows-Kernel-General,16,None,The access history in hive \SystemRoot\System32\Config\BBI was cleared updating 282 keys and creating 71 modified pages.
Information,6/25/2020 1:04:24 AM,Microsoft-Windows-Kernel-General,16,None,The access history in hive \??\C:\WINDOWS\ServiceProfiles\NetworkService\NTUSER.DAT was cleared updating 110 keys and creating 20 modified pages.
Information,6/25/2020 1:04:23 AM,Microsoft-Windows-Directory-Services-SAM,16962,None,"Remote calls to the SAM database are being restricted using the default security descriptor: O:SYG:SYD:(A;;RC;;;BA).
For more information please see http://go.microsoft.com/fwlink/?LinkId=787651."
Information,6/25/2020 1:04:23 AM,Microsoft-Windows-Wininit,14,None,"Credential Guard configuration: 0x0, 0"
Information,6/25/2020 1:04:19 AM,Microsoft-Windows-Kernel-General,16,None,The access history in hive \Device\HarddiskVolume3\EFI\Microsoft\Boot\BCD was cleared updating 61 keys and creating 7 modified pages.
Information,6/25/2020 1:04:19 AM,Microsoft-Windows-Kernel-General,15,None,Hive \SystemRoot\System32\Config\SOFTWARE was reorganized with a starting size of 78151680 bytes and an ending size of 75317248 bytes.
Information,6/25/2020 1:04:14 AM,Microsoft-Windows-Kernel-General,16,None,The access history in hive \SystemRoot\System32\Config\DEFAULT was cleared updating 265 keys and creating 34 modified pages.
Information,6/25/2020 1:04:14 AM,Microsoft-Windows-Kernel-General,16,None,The access history in hive \SystemRoot\System32\Config\SECURITY was cleared updating 81 keys and creating 5 modified pages.
Information,6/25/2020 1:04:14 AM,Microsoft-Windows-Kernel-General,16,None,The access history in hive \SystemRoot\System32\Config\SAM was cleared updating 68 keys and creating 7 modified pages.
Information,6/25/2020 1:04:14 AM,Microsoft-Windows-Ntfs,98,None,Volume \\?\Volume{1de56c92-7cab-4981-b572-50a171ad5c66} (\Device\HarddiskVolume6) is healthy.  No action is needed.
Information,6/25/2020 1:04:14 AM,Microsoft-Windows-Ntfs,98,None,Volume \\?\Volume{c3f65bb2-b295-4d90-861f-ae3ae826d34b} (\Device\HarddiskVolume2) is healthy.  No action is needed.
Information,6/25/2020 1:04:14 AM,Microsoft-Windows-Ntfs,98,None,Volume D: (\Device\HarddiskVolume1) is healthy.  No action is needed.
Information,6/25/2020 1:04:13 AM,Microsoft-Windows-Kernel-Power,172,(203),"Connectivity state in standby: Disconnected, Reason: NIC compliance"
Critical,6/25/2020 1:04:13 AM,Microsoft-Windows-Kernel-Power,142,(173),The system has rebooted without cleanly shutting down first. This error is caused because the system stopped responding and the hardware watchdog triggered a system reset.
Critical,6/25/2020 1:04:13 AM,Microsoft-Windows-Kernel-Power,41,(63),"The system has rebooted without cleanly shutting down first. This error could be caused if the system stopped responding, crashed, or lost power unexpectedly."
Information,6/25/2020 1:04:13 AM,Microsoft-Windows-FilterManager,6,None,"File System Filter 'npsvctrig' (10.0, ‎1977‎-‎09‎-‎12T18:19:34.000000000Z) has successfully loaded and registered with Filter Manager."
Warning,6/25/2020 1:04:10 AM,BTHUSB,34,None,"The local adapter does not support an important Low Energy controller state to support peripheral mode.  The minimum required supported state mask is 0x2491f7fffff, got 0x1f7fffff.  Low Energy peripheral role functionality will not be available."
Information,6/25/2020 1:04:10 AM,BTHUSB,18,None,Windows cannot store Bluetooth authentication codes (link keys) on the local adapter. Bluetooth keyboards might not work in the system BIOS during startup.
Information,6/25/2020 1:04:10 AM,Microsoft-Windows-Kernel-Processor-Power,55,(47),"Processor 3 in group 0 exposes the following power management capabilities:

Idle state type: ACPI Idle (C) States (2 state(s))

Performance state type: ACPI Performance (P) / Throttle (T) States
Nominal Frequency (MHz): 1701
Maximum performance percentage: 100
Minimum performance percentage: 45
Minimum throttle percentage: 5"
Information,6/25/2020 1:04:10 AM,Microsoft-Windows-Kernel-Processor-Power,55,(47),"Processor 2 in group 0 exposes the following power management capabilities:

Idle state type: ACPI Idle (C) States (2 state(s))

Performance state type: ACPI Performance (P) / Throttle (T) States
Nominal Frequency (MHz): 1701
Maximum performance percentage: 100
Minimum performance percentage: 45
Minimum throttle percentage: 5"
Information,6/25/2020 1:04:10 AM,Microsoft-Windows-Kernel-Processor-Power,55,(47),"Processor 1 in group 0 exposes the following power management capabilities:

Idle state type: ACPI Idle (C) States (2 state(s))

Performance state type: ACPI Performance (P) / Throttle (T) States
Nominal Frequency (MHz): 1701
Maximum performance percentage: 100
Minimum performance percentage: 45
Minimum throttle percentage: 5"
Information,6/25/2020 1:04:10 AM,Microsoft-Windows-Kernel-Processor-Power,55,(47),"Processor 0 in group 0 exposes the following power management capabilities:

Idle state type: ACPI Idle (C) States (2 state(s))

Performance state type: ACPI Performance (P) / Throttle (T) States
Nominal Frequency (MHz): 1701
Maximum performance percentage: 100
Minimum performance percentage: 45
Minimum throttle percentage: 5"
Information,6/25/2020 1:04:09 AM,NETwNe64,7036,None,The \Device\NDMP2 service entered the Intel(R) Centrino(R) Wireless-N 2230 state.
Information,6/25/2020 1:04:09 AM,MEIx64,2,None,Intel(R) Management Engine Interface driver has started successfully.
Information,6/25/2020 1:04:08 AM,Microsoft-Windows-FilterManager,6,None,"File System Filter 'FileCrypt' (10.0, ‎2011‎-‎10‎-‎30T18:56:49.000000000Z) has successfully loaded and registered with Filter Manager."
Error,6/25/2020 1:04:08 AM,Microsoft-Windows-HAL,13,None,The system watchdog timer was triggered.
Information,6/25/2020 1:04:08 AM,Microsoft-Windows-Ntfs,98,None,Volume C: (\Device\HarddiskVolume5) is healthy.  No action is needed.
Information,6/25/2020 1:04:07 AM,Microsoft-Windows-FilterManager,6,None,"File System Filter 'WdFilter' (10.0, ‎2035‎-‎03‎-‎13T00:12:34.000000000Z) has successfully loaded and registered with Filter Manager."
Information,6/25/2020 1:04:07 AM,Microsoft-Windows-FilterManager,6,None,"File System Filter 'Wof' (10.0, ‎2096‎-‎10‎-‎27T16:24:16.000000000Z) has successfully loaded and registered with Filter Manager."
Information,6/25/2020 1:04:07 AM,Microsoft-Windows-FilterManager,6,None,"File System Filter 'FileInfo' (10.0, ‎1989‎-‎07‎-‎13T04:15:12.000000000Z) has successfully loaded and registered with Filter Manager."
Information,6/25/2020 1:04:25 AM,EventLog,6013,None,The system uptime is 19 seconds.
Information,6/25/2020 1:04:25 AM,EventLog,6005,None,The Event log service was started.
Information,6/25/2020 1:04:25 AM,EventLog,6009,None,Microsoft (R) Windows (R) 10.00. 18363  Multiprocessor Free.
Error,6/25/2020 1:04:25 AM,EventLog,6008,None,The previous system shutdown at 8:49:40 PM on ‎6/‎23/‎2020 was unexpected.
Information,6/25/2020 1:04:06 AM,Microsoft-Windows-Kernel-General,20,(6),"The leap second configuration has been updated.
Reason: Leap second data initialized from registry during boot
Leap seconds enabled: true
New leap second count: 0
Old leap second count: 0"
Information,6/25/2020 1:04:06 AM,Microsoft-Windows-Kernel-Boot,30,(21),The firmware reported boot metrics.
Information,6/25/2020 1:04:06 AM,Microsoft-Windows-Kernel-Boot,27,(33),The boot type was 0x0.
Information,6/25/2020 1:04:06 AM,Microsoft-Windows-Kernel-Boot,25,(32),The boot menu policy was 0x1.
Information,6/25/2020 1:04:06 AM,Microsoft-Windows-Kernel-Boot,20,(31),The last shutdown's success status was false. The last boot's success status was true.
Information,6/25/2020 1:04:06 AM,Microsoft-Windows-Kernel-Boot,32,(58),The bootmgr spent 0 ms waiting for user input.
Information,6/25/2020 1:04:06 AM,Microsoft-Windows-Kernel-Boot,18,(57),There are 0x1 boot options on this system.
Information,6/25/2020 1:04:06 AM,Microsoft-Windows-Kernel-Boot,153,(62),Virtualization-based security (policies: 0) is disabled.
Information,6/25/2020 1:04:06 AM,Microsoft-Windows-Kernel-General,12,(1),The operating system started at system time ‎2020‎-‎06‎-‎24T22:04:05.500000000Z.
Information,6/23/2020 8:40:37 PM,Microsoft-Windows-WindowsUpdateClient,19,Windows Update Agent,Installation Successful: Windows successfully installed the following update: Security Intelligence Update for Microsoft Defender Antivirus - KB2267602 (Version 1.319.51.0)
Information,6/23/2020 8:40:21 PM,Microsoft-Windows-WindowsUpdateClient,43,Windows Update Agent,Installation Started: Windows has started installing the following update: Security Intelligence Update for Microsoft Defender Antivirus - KB2267602 (Version 1.319.51.0)
Information,6/23/2020 8:40:21 PM,Microsoft-Windows-WindowsUpdateClient,44,Windows Update Agent,Windows Update started downloading an update.
Information,6/23/2020 8:40:17 PM,Microsoft-Windows-Kernel-General,16,None,The access history in hive \??\C:\WINDOWS\ServiceProfiles\NetworkService\AppData\Local\Microsoft\Windows\DeliveryOptimization\State\dosvcState.dat was cleared updating 4 keys and creating 2 modified pages.
Information,6/23/2020 4:10:11 PM,Microsoft-Windows-Kernel-General,1,(5),"The system time has changed to ‎2020‎-‎06‎-‎23T13:10:11.635314300Z from ‎2020‎-‎06‎-‎23T13:10:11.633494800Z.

Change Reason: An application or system component changed the time.
Process: '\Device\HarddiskVolume5\Windows\System32\svchost.exe' (PID 8096)."
Information,6/23/2020 4:10:11 PM,Microsoft-Windows-Kernel-General,1,(5),"The system time has changed to ‎2020‎-‎06‎-‎23T13:10:11.633494800Z from ‎2020‎-‎06‎-‎23T13:10:11.632131300Z.

Change Reason: An application or system component changed the time.
Process: '\Device\HarddiskVolume5\Windows\System32\svchost.exe' (PID 8096)."
Information,6/23/2020 4:10:11 PM,Microsoft-Windows-Time-Service,35,None,"The time service is now synchronizing the system time with the time source time.windows.com,0x9 (ntp.m|0x9|0.0.0.0:123->40.81.188.85:123) with reference id 1438404904. Current local stratum number is 4."
Information,6/23/2020 4:10:11 PM,Microsoft-Windows-Kernel-General,1,(5),"The system time has changed to ‎2020‎-‎06‎-‎23T13:10:11.632131300Z from ‎2020‎-‎06‎-‎23T13:10:12.687960400Z.

Change Reason: An application or system component changed the time.
Process: '\Device\HarddiskVolume5\Windows\System32\svchost.exe' (PID 8096)."
Information,6/23/2020 4:09:58 PM,Microsoft-Windows-Time-Service,37,None,"The time provider NtpClient is currently receiving valid time data from time.windows.com,0x9 (ntp.m|0x9|0.0.0.0:123->40.81.188.85:123)."
Information,6/23/2020 4:09:56 PM,Microsoft-Windows-Time-Service,158,None,The time provider 'VMICTimeProvider' has indicated that the current hardware and operating environment is not supported and has stopped. This behavior is expected for VMICTimeProvider on non-HyperV-guest environments. This may be the expected behavior for the current provider in the current operating environment as well.
Information,6/23/2020 2:21:09 PM,Microsoft-Windows-WindowsUpdateClient,19,Windows Update Agent,Installation Successful: Windows successfully installed the following update: Security Intelligence Update for Microsoft Defender Antivirus - KB2267602 (Version 1.319.26.0)
Information,6/23/2020 2:20:19 PM,Microsoft-Windows-WindowsUpdateClient,43,Windows Update Agent,Installation Started: Windows has started installing the following update: Security Intelligence Update for Microsoft Defender Antivirus - KB2267602 (Version 1.319.26.0)
Information,6/23/2020 2:20:14 PM,Microsoft-Windows-WindowsUpdateClient,44,Windows Update Agent,Windows Update started downloading an update.
Warning,6/23/2020 2:14:11 PM,Microsoft-Windows-Kernel-Processor-Power,37,(7),The speed of processor 3 in group 0 is being limited by system firmware. The processor has been in this reduced performance state for 86399 seconds since the last report.
Warning,6/23/2020 2:14:11 PM,Microsoft-Windows-Kernel-Processor-Power,37,(7),The speed of processor 2 in group 0 is being limited by system firmware. The processor has been in this reduced performance state for 86400 seconds since the last report.
Warning,6/23/2020 2:14:11 PM,Microsoft-Windows-Kernel-Processor-Power,37,(7),The speed of processor 1 in group 0 is being limited by system firmware. The processor has been in this reduced performance state for 86399 seconds since the last report.
Warning,6/23/2020 2:14:11 PM,Microsoft-Windows-Kernel-Processor-Power,37,(7),The speed of processor 0 in group 0 is being limited by system firmware. The processor has been in this reduced performance state for 86399 seconds since the last report.
Information,6/23/2020 12:00:00 PM,EventLog,6013,None,The system uptime is 1029034 seconds.
Information,6/23/2020 6:47:29 AM,Service Control Manager,7040,None,The start type of the Background Intelligent Transfer Service service was changed from auto start to demand start.
Information,6/23/2020 6:45:24 AM,Service Control Manager,7040,None,The start type of the Background Intelligent Transfer Service service was changed from demand start to auto start.
Information,6/23/2020 1:26:58 AM,Service Control Manager,7040,None,The start type of the Background Intelligent Transfer Service service was changed from auto start to demand start.
Information,6/23/2020 12:55:22 AM,Service Control Manager,7040,None,The start type of the Background Intelligent Transfer Service service was changed from demand start to auto start.
Information,6/23/2020 12:44:45 AM,Service Control Manager,7040,None,The start type of the Background Intelligent Transfer Service service was changed from auto start to demand start.
Information,6/23/2020 12:42:39 AM,Service Control Manager,7040,None,The start type of the Background Intelligent Transfer Service service was changed from demand start to auto start.
Information,6/23/2020 12:34:01 AM,Microsoft-Windows-Kernel-General,16,None,The access history in hive \??\C:\Users\PC\AppData\Local\Packages\windows.printdialog_cw5n1h2txyewy\Settings\settings.dat was cleared updating 2 keys and creating 1 modified pages.
Information,6/23/2020 12:34:01 AM,Microsoft-Windows-Kernel-General,16,None,The access history in hive \??\C:\Users\PC\AppData\Local\Packages\windows.immersivecontrolpanel_cw5n1h2txyewy\Settings\settings.dat was cleared updating 2 keys and creating 1 modified pages.
Information,6/23/2020 12:34:01 AM,Microsoft-Windows-Kernel-General,16,None,The access history in hive \??\C:\Users\PC\AppData\Local\Packages\windows.cbspreview_cw5n1h2txyewy\Settings\settings.dat was cleared updating 2 keys and creating 1 modified pages.
Information,6/23/2020 12:34:01 AM,Microsoft-Windows-Kernel-General,16,None,The access history in hive \??\C:\Users\PC\AppData\Local\Packages\microsoft.xboxspeechtotextoverlay_8wekyb3d8bbwe\Settings\settings.dat was cleared updating 2 keys and creating 1 modified pages.
Information,6/23/2020 12:34:01 AM,Microsoft-Windows-Kernel-General,16,None,The access history in hive \??\C:\Users\PC\AppData\Local\Packages\microsoft.xboxgameoverlay_8wekyb3d8bbwe\Settings\settings.dat was cleared updating 2 keys and creating 1 modified pages.
Information,6/23/2020 12:34:01 AM,Microsoft-Windows-Kernel-General,16,None,The access history in hive \??\C:\Users\PC\AppData\Local\Packages\microsoft.xboxgamecallableui_cw5n1h2txyewy\Settings\settings.dat was cleared updating 2 keys and creating 1 modified pages.
Information,6/23/2020 12:34:01 AM,Microsoft-Windows-Kernel-General,16,None,The access history in hive \??\C:\Users\PC\AppData\Local\Packages\microsoft.windows.xgpuejectdialog_cw5n1h2txyewy\Settings\settings.dat was cleared updating 2 keys and creating 1 modified pages.
Information,6/23/2020 12:34:01 AM,Microsoft-Windows-Kernel-General,16,None,The access history in hive \??\C:\Users\PC\AppData\Local\Packages\microsoft.windows.secureassessmentbrowser_cw5n1h2txyewy\Settings\settings.dat was cleared updating 2 keys and creating 1 modified pages.
Information,6/23/2020 12:34:01 AM,Microsoft-Windows-Kernel-General,16,None,The access history in hive \??\C:\Users\PC\AppData\Local\Packages\microsoft.windows.sechealthui_cw5n1h2txyewy\Settings\settings.dat was cleared updating 2 keys and creating 1 modified pages.
Information,6/23/2020 12:34:01 AM,Microsoft-Windows-Kernel-General,16,None,The access history in hive \??\C:\Users\PC\AppData\Local\Packages\microsoft.windows.pinningconfirmationdialog_cw5n1h2txyewy\Settings\settings.dat was cleared updating 2 keys and creating 1 modified pages.
Information,6/23/2020 12:34:01 AM,Microsoft-Windows-Kernel-General,16,None,The access history in hive \??\C:\Users\PC\AppData\Local\Packages\microsoft.windows.peopleexperiencehost_cw5n1h2txyewy\Settings\settings.dat was cleared updating 2 keys and creating 1 modified pages.
Information,6/23/2020 12:34:01 AM,Microsoft-Windows-Kernel-General,16,None,The access history in hive \??\C:\Users\PC\AppData\Local\Packages\microsoft.windows.parentalcontrols_cw5n1h2txyewy\Settings\settings.dat was cleared updating 2 keys and creating 1 modified pages.
Information,6/23/2020 12:34:01 AM,Microsoft-Windows-Kernel-General,16,None,The access history in hive \??\C:\Users\PC\AppData\Local\Packages\microsoft.windows.oobenetworkconnectionflow_cw5n1h2txyewy\Settings\settings.dat was cleared updating 2 keys and creating 1 modified pages.
Information,6/23/2020 12:34:01 AM,Microsoft-Windows-Kernel-General,16,None,The access history in hive \??\C:\Users\PC\AppData\Local\Packages\microsoft.windows.oobenetworkcaptiveportal_cw5n1h2txyewy\Settings\settings.dat was cleared updating 2 keys and creating 1 modified pages.
Information,6/23/2020 12:34:01 AM,Microsoft-Windows-Kernel-General,16,None,The access history in hive \??\C:\Users\PC\AppData\Local\Packages\microsoft.windows.narratorquickstart_8wekyb3d8bbwe\Settings\settings.dat was cleared updating 2 keys and creating 1 modified pages.
Information,6/23/2020 12:34:01 AM,Microsoft-Windows-Kernel-General,16,None,The access history in hive \??\C:\Users\PC\AppData\Local\Packages\microsoft.windows.capturepicker_cw5n1h2txyewy\Settings\settings.dat was cleared updating 2 keys and creating 1 modified pages.
Information,6/23/2020 12:34:01 AM,Microsoft-Windows-Kernel-General,16,None,The access history in hive \??\C:\Users\PC\AppData\Local\Packages\microsoft.windows.callingshellapp_cw5n1h2txyewy\Settings\settings.dat was cleared updating 2 keys and creating 1 modified pages.
Information,6/23/2020 12:34:01 AM,Microsoft-Windows-Kernel-General,16,None,The access history in hive \??\C:\Users\PC\AppData\Local\Packages\microsoft.windows.assignedaccesslockapp_cw5n1h2txyewy\Settings\settings.dat was cleared updating 2 keys and creating 1 modified pages.
Information,6/23/2020 12:34:01 AM,Microsoft-Windows-Kernel-General,16,None,The access history in hive \??\C:\Users\PC\AppData\Local\Packages\microsoft.windows.apprep.chxapp_cw5n1h2txyewy\Settings\settings.dat was cleared updating 2 keys and creating 1 modified pages.
Information,6/23/2020 12:34:01 AM,Microsoft-Windows-Kernel-General,16,None,The access history in hive \??\C:\Users\PC\AppData\Local\Packages\microsoft.win32webviewhost_cw5n1h2txyewy\Settings\settings.dat was cleared updating 2 keys and creating 1 modified pages.
Information,6/23/2020 12:34:00 AM,Microsoft-Windows-Kernel-General,16,None,The access history in hive \??\C:\Users\PC\AppData\Local\Packages\microsoft.webpimageextension_8wekyb3d8bbwe\Settings\settings.dat was cleared updating 2 keys and creating 1 modified pages.
Information,6/23/2020 12:34:00 AM,Microsoft-Windows-Kernel-General,16,None,The access history in hive \??\C:\Users\PC\AppData\Local\Packages\microsoft.wallet_8wekyb3d8bbwe\Settings\settings.dat was cleared updating 2 keys and creating 1 modified pages.
Information,6/23/2020 12:34:00 AM,Microsoft-Windows-Kernel-General,16,None,The access history in hive \??\C:\Users\PC\AppData\Local\Packages\microsoft.vp9videoextensions_8wekyb3d8bbwe\Settings\settings.dat was cleared updating 2 keys and creating 1 modified pages.
Information,6/23/2020 12:34:00 AM,Microsoft-Windows-Kernel-General,16,None,The access history in hive \??\C:\Users\PC\AppData\Local\Packages\microsoft.ppiprojection_cw5n1h2txyewy\Settings\settings.dat was cleared updating 2 keys and creating 1 modified pages.
Information,6/23/2020 12:34:00 AM,Microsoft-Windows-Kernel-General,16,None,The access history in hive \??\C:\Users\PC\AppData\Local\Packages\microsoft.mspaint_8wekyb3d8bbwe\Settings\settings.dat was cleared updating 2 keys and creating 1 modified pages.
Information,6/23/2020 12:34:00 AM,Microsoft-Windows-Kernel-General,16,None,The access history in hive \??\C:\Users\PC\AppData\Local\Packages\microsoft.mixedreality.portal_8wekyb3d8bbwe\Settings\settings.dat was cleared updating 2 keys and creating 1 modified pages.
Information,6/23/2020 12:34:00 AM,Microsoft-Windows-Kernel-General,16,None,The access history in hive \??\C:\Users\PC\AppData\Local\Packages\microsoft.microsoftedgedevtoolsclient_8wekyb3d8bbwe\Settings\settings.dat was cleared updating 2 keys and creating 1 modified pages.
Information,6/23/2020 12:34:00 AM,Microsoft-Windows-Kernel-General,16,None,The access history in hive \??\C:\Users\PC\AppData\Local\Packages\microsoft.microsoft3dviewer_8wekyb3d8bbwe\Settings\settings.dat was cleared updating 2 keys and creating 1 modified pages.
Information,6/23/2020 12:34:00 AM,Microsoft-Windows-Kernel-General,16,None,The access history in hive \??\C:\Users\PC\AppData\Local\Packages\microsoft.lockapp_cw5n1h2txyewy\Settings\settings.dat was cleared updating 2 keys and creating 1 modified pages.
Information,6/23/2020 12:34:00 AM,Microsoft-Windows-Kernel-General,16,None,The access history in hive \??\C:\Users\PC\AppData\Local\Packages\microsoft.languageexperiencepacklv-lv_8wekyb3d8bbwe\Settings\settings.dat was cleared updating 2 keys and creating 1 modified pages.
Information,6/23/2020 12:34:00 AM,Microsoft-Windows-Kernel-General,16,None,The access history in hive \??\C:\Users\PC\AppData\Local\Packages\microsoft.heifimageextension_8wekyb3d8bbwe\Settings\settings.dat was cleared updating 2 keys and creating 1 modified pages.
Information,6/23/2020 12:34:00 AM,Microsoft-Windows-Kernel-General,16,None,The access history in hive \??\C:\Users\PC\AppData\Local\Packages\microsoft.ecapp_8wekyb3d8bbwe\Settings\settings.dat was cleared updating 2 keys and creating 1 modified pages.
Information,6/23/2020 12:34:00 AM,Microsoft-Windows-Kernel-General,16,None,The access history in hive \??\C:\Users\PC\AppData\Local\Packages\microsoft.creddialoghost_cw5n1h2txyewy\Settings\settings.dat was cleared updating 2 keys and creating 1 modified pages.
Information,6/23/2020 12:34:00 AM,Microsoft-Windows-Kernel-General,16,None,The access history in hive \??\C:\Users\PC\AppData\Local\Packages\microsoft.bioenrollment_cw5n1h2txyewy\Settings\settings.dat was cleared updating 2 keys and creating 1 modified pages.
Information,6/23/2020 12:34:00 AM,Microsoft-Windows-Kernel-General,16,None,The access history in hive \??\C:\Users\PC\AppData\Local\Packages\microsoft.asynctextservice_8wekyb3d8bbwe\Settings\settings.dat was cleared updating 2 keys and creating 1 modified pages.
Information,6/23/2020 12:34:00 AM,Microsoft-Windows-Kernel-General,16,None,The access history in hive \??\C:\Users\PC\AppData\Local\Packages\microsoft.accountscontrol_cw5n1h2txyewy\Settings\settings.dat was cleared updating 2 keys and creating 1 modified pages.
Information,6/23/2020 12:34:00 AM,Microsoft-Windows-Kernel-General,16,None,The access history in hive \??\C:\Users\PC\AppData\Local\Packages\f46d4000-fd22-4db4-ac8e-4e1ddde828fe_cw5n1h2txyewy\Settings\settings.dat was cleared updating 2 keys and creating 1 modified pages.
Information,6/23/2020 12:34:00 AM,Microsoft-Windows-Kernel-General,16,None,The access history in hive \??\C:\Users\PC\AppData\Local\Packages\e2a4f912-2574-4a75-9bb0-0d023378592b_cw5n1h2txyewy\Settings\settings.dat was cleared updating 2 keys and creating 1 modified pages.
Information,6/23/2020 12:34:00 AM,Microsoft-Windows-Kernel-General,16,None,The access history in hive \??\C:\Users\PC\AppData\Local\Packages\c5e2524a-ea46-4f67-841f-6a9465d9d515_cw5n1h2txyewy\Settings\settings.dat was cleared updating 2 keys and creating 1 modified pages.
Information,6/23/2020 12:34:00 AM,Microsoft-Windows-Kernel-General,16,None,The access history in hive \??\C:\Users\PC\AppData\Local\Packages\appleinc.itunes_nzyj5cx40ttqa\Settings\settings.dat was cleared updating 2 keys and creating 1 modified pages.
Information,6/23/2020 12:34:00 AM,Microsoft-Windows-Kernel-General,16,None,The access history in hive \??\C:\Users\PC\AppData\Local\Packages\ad2f1837.hppchardwarediagnosticswindows_v10z8vjag6ke6\Settings\settings.dat was cleared updating 2 keys and creating 1 modified pages.
Information,6/23/2020 12:34:00 AM,Microsoft-Windows-Kernel-General,16,None,The access history in hive \??\C:\Users\PC\AppData\Local\Packages\1527c705-839a-4832-9118-54d4bd6a0c89_cw5n1h2txyewy\Settings\settings.dat was cleared updating 2 keys and creating 1 modified pages.
Information,6/23/2020 12:32:02 AM,Service Control Manager,7040,None,The start type of the Background Intelligent Transfer Service service was changed from auto start to demand start.
Information,6/23/2020 12:29:28 AM,Service Control Manager,7040,None,The start type of the Background Intelligent Transfer Service service was changed from demand start to auto start.
Warning,6/23/2020 12:28:41 AM,Microsoft-Windows-DistributedCOM,10016,None,"The machine-default permission settings do not grant Local Activation permission for the COM Server application with CLSID 
{C2F03A33-21F5-47FA-B4BB-156362A2F239}
 and APPID 
{316CDED5-E4AE-4B15-9113-7055D84DCC97}
 to the user DESKTOP-577B38M\PC SID (S-1-5-21-839496821-663164669-2267191325-1002) from address LocalHost (Using LRPC) running in the application container Microsoft.Windows.ShellExperienceHost_10.0.18362.449_neutral_neutral_cw5n1h2txyewy SID (S-1-15-2-155514346-2573954481-755741238-1654018636-1233331829-3075935687-2861478708). This security permission can be modified using the Component Services administrative tool."
Warning,6/23/2020 12:28:27 AM,Microsoft-Windows-DistributedCOM,10016,None,"The application-specific permission settings do not grant Local Activation permission for the COM Server application with CLSID 
{2593F8B9-4EAF-457C-B68A-50F6B8EA6B54}
 and APPID 
{15C20B67-12E7-4BB6-92BB-7AFF07997402}
 to the user DESKTOP-577B38M\PC SID (S-1-5-21-839496821-663164669-2267191325-1002) from address LocalHost (Using LRPC) running in the application container Unavailable SID (Unavailable). This security permission can be modified using the Component Services administrative tool."
Warning,6/23/2020 12:21:08 AM,Microsoft-Windows-DistributedCOM,10016,None,"The machine-default permission settings do not grant Local Activation permission for the COM Server application with CLSID 
{C2F03A33-21F5-47FA-B4BB-156362A2F239}
 and APPID 
{316CDED5-E4AE-4B15-9113-7055D84DCC97}
 to the user DESKTOP-577B38M\PC SID (S-1-5-21-839496821-663164669-2267191325-1002) from address LocalHost (Using LRPC) running in the application container Microsoft.Windows.ShellExperienceHost_10.0.18362.449_neutral_neutral_cw5n1h2txyewy SID (S-1-15-2-155514346-2573954481-755741238-1654018636-1233331829-3075935687-2861478708). This security permission can be modified using the Component Services administrative tool."
Information,6/22/2020 10:43:37 PM,Microsoft-Windows-WindowsUpdateClient,19,Windows Update Agent,Installation Successful: Windows successfully installed the following update: Security Intelligence Update for Microsoft Defender Antivirus - KB2267602 (Version 1.317.1935.0)
Information,6/22/2020 10:43:18 PM,Microsoft-Windows-WindowsUpdateClient,43,Windows Update Agent,Installation Started: Windows has started installing the following update: Security Intelligence Update for Microsoft Defender Antivirus - KB2267602 (Version 1.317.1935.0)
Information,6/22/2020 10:43:18 PM,Microsoft-Windows-WindowsUpdateClient,44,Windows Update Agent,Windows Update started downloading an update.
Information,6/22/2020 3:53:05 PM,NETwNe64,7036,None,The \Device\NDMP14 service entered the Intel(R) Centrino(R) Wireless-N 2230 state.
Information,6/22/2020 3:53:04 PM,NETwNe64,8000,None,"The description for Event ID 8000 from source NETwNe64 cannot be found. Either the component that raises this event is not installed on your local computer or the installation is corrupted. You can install or repair the component on the local computer.

If the event originated on another computer, the display information had to be saved with the event.

The following information was included with the event: 

\Device\NDMP2
Intel(R) Centrino(R) Wireless-N 2230

The specified resource type cannot be found in the image file
"
Warning,6/22/2020 3:53:04 PM,Microsoft-Windows-WLAN-AutoConfig,4003,None,"WLAN AutoConfig detected limited connectivity, attempting automatic recovery.

Recovery Type: 4
Error Code: 0x0
Trigger Reason: 2
IP Family: 0
"
Information,6/22/2020 2:20:26 PM,Microsoft-Windows-WindowsUpdateClient,19,Windows Update Agent,Installation Successful: Windows successfully installed the following update: Security Intelligence Update for Microsoft Defender Antivirus - KB2267602 (Version 1.317.1907.0)
Information,6/22/2020 2:20:07 PM,Microsoft-Windows-WindowsUpdateClient,43,Windows Update Agent,Installation Started: Windows has started installing the following update: Security Intelligence Update for Microsoft Defender Antivirus - KB2267602 (Version 1.317.1907.0)
Information,6/22/2020 2:20:07 PM,Microsoft-Windows-WindowsUpdateClient,44,Windows Update Agent,Windows Update started downloading an update.
Warning,6/22/2020 2:14:11 PM,Microsoft-Windows-Kernel-Processor-Power,37,(7),The speed of processor 3 in group 0 is being limited by system firmware. The processor has been in this reduced performance state for 86398 seconds since the last report.
Warning,6/22/2020 2:14:11 PM,Microsoft-Windows-Kernel-Processor-Power,37,(7),The speed of processor 2 in group 0 is being limited by system firmware. The processor has been in this reduced performance state for 86398 seconds since the last report.
Warning,6/22/2020 2:14:11 PM,Microsoft-Windows-Kernel-Processor-Power,37,(7),The speed of processor 1 in group 0 is being limited by system firmware. The processor has been in this reduced performance state for 86398 seconds since the last report.
Warning,6/22/2020 2:14:11 PM,Microsoft-Windows-Kernel-Processor-Power,37,(7),The speed of processor 0 in group 0 is being limited by system firmware. The processor has been in this reduced performance state for 86398 seconds since the last report.
Information,6/22/2020 2:10:11 PM,Microsoft-Windows-Kernel-General,1,(5),"The system time has changed to ‎2020‎-‎06‎-‎22T11:10:11.276526700Z from ‎2020‎-‎06‎-‎22T11:10:11.274458000Z.

Change Reason: An application or system component changed the time.
Process: '\Device\HarddiskVolume5\Windows\System32\svchost.exe' (PID 12636)."
Information,6/22/2020 2:10:11 PM,Microsoft-Windows-Kernel-General,1,(5),"The system time has changed to ‎2020‎-‎06‎-‎22T11:10:11.274458000Z from ‎2020‎-‎06‎-‎22T11:10:11.269664500Z.

Change Reason: An application or system component changed the time.
Process: '\Device\HarddiskVolume5\Windows\System32\svchost.exe' (PID 12636)."
Information,6/22/2020 2:10:11 PM,Microsoft-Windows-Time-Service,35,None,"The time service is now synchronizing the system time with the time source time.windows.com,0x9 (ntp.m|0x9|0.0.0.0:123->40.81.188.85:123) with reference id 1438404904. Current local stratum number is 4."
Information,6/22/2020 2:10:11 PM,Microsoft-Windows-Kernel-General,1,(5),"The system time has changed to ‎2020‎-‎06‎-‎22T11:10:11.269664500Z from ‎2020‎-‎06‎-‎22T11:10:13.238441400Z.

Change Reason: An application or system component changed the time.
Process: '\Device\HarddiskVolume5\Windows\System32\svchost.exe' (PID 12636)."
Information,6/22/2020 2:09:59 PM,Microsoft-Windows-Time-Service,37,None,"The time provider NtpClient is currently receiving valid time data from time.windows.com,0x9 (ntp.m|0x9|0.0.0.0:123->40.81.188.85:123)."
Warning,6/22/2020 2:09:58 PM,Microsoft-Windows-DistributedCOM,10016,None,"The machine-default permission settings do not grant Local Activation permission for the COM Server application with CLSID 
{C2F03A33-21F5-47FA-B4BB-156362A2F239}
 and APPID 
{316CDED5-E4AE-4B15-9113-7055D84DCC97}
 to the user DESKTOP-577B38M\PC SID (S-1-5-21-839496821-663164669-2267191325-1002) from address LocalHost (Using LRPC) running in the application container Microsoft.Windows.ShellExperienceHost_10.0.18362.449_neutral_neutral_cw5n1h2txyewy SID (S-1-15-2-155514346-2573954481-755741238-1654018636-1233331829-3075935687-2861478708). This security permission can be modified using the Component Services administrative tool."
Information,6/22/2020 2:09:57 PM,Microsoft-Windows-Time-Service,158,None,The time provider 'VMICTimeProvider' has indicated that the current hardware and operating environment is not supported and has stopped. This behavior is expected for VMICTimeProvider on non-HyperV-guest environments. This may be the expected behavior for the current provider in the current operating environment as well.
Information,6/22/2020 12:00:00 PM,EventLog,6013,None,The system uptime is 942632 seconds.
Information,6/22/2020 1:53:05 AM,Service Control Manager,7040,None,The start type of the Background Intelligent Transfer Service service was changed from auto start to demand start.
Information,6/22/2020 1:50:59 AM,Service Control Manager,7040,None,The start type of the Background Intelligent Transfer Service service was changed from demand start to auto start.
Information,6/22/2020 1:34:28 AM,Service Control Manager,7040,None,The start type of the Background Intelligent Transfer Service service was changed from auto start to demand start.
Warning,6/22/2020 1:00:51 AM,Microsoft-Windows-DistributedCOM,10016,None,"The machine-default permission settings do not grant Local Activation permission for the COM Server application with CLSID 
{C2F03A33-21F5-47FA-B4BB-156362A2F239}
 and APPID 
{316CDED5-E4AE-4B15-9113-7055D84DCC97}
 to the user DESKTOP-577B38M\PC SID (S-1-5-21-839496821-663164669-2267191325-1002) from address LocalHost (Using LRPC) running in the application container Microsoft.Windows.ShellExperienceHost_10.0.18362.449_neutral_neutral_cw5n1h2txyewy SID (S-1-15-2-155514346-2573954481-755741238-1654018636-1233331829-3075935687-2861478708). This security permission can be modified using the Component Services administrative tool."
Information,6/22/2020 12:35:01 AM,Service Control Manager,7040,None,The start type of the Background Intelligent Transfer Service service was changed from demand start to auto start.
Information,6/21/2020 11:23:17 PM,Microsoft-Windows-Kernel-General,16,None,The access history in hive \??\C:\Users\PC\AppData\Local\Packages\Microsoft.AAD.BrokerPlugin_cw5n1h2txyewy\Settings\settings.dat was cleared updating 6 keys and creating 1 modified pages.
Information,6/21/2020 11:23:08 PM,Service Control Manager,7040,None,The start type of the Background Intelligent Transfer Service service was changed from auto start to demand start.
Information,6/21/2020 11:20:47 PM,Service Control Manager,7040,None,The start type of the Background Intelligent Transfer Service service was changed from demand start to auto start.
Warning,6/21/2020 11:19:46 PM,Microsoft-Windows-DistributedCOM,10016,None,"The application-specific permission settings do not grant Local Activation permission for the COM Server application with CLSID 
{2593F8B9-4EAF-457C-B68A-50F6B8EA6B54}
 and APPID 
{15C20B67-12E7-4BB6-92BB-7AFF07997402}
 to the user DESKTOP-577B38M\PC SID (S-1-5-21-839496821-663164669-2267191325-1002) from address LocalHost (Using LRPC) running in the application container Unavailable SID (Unavailable). This security permission can be modified using the Component Services administrative tool."
Information,6/21/2020 8:00:14 PM,Service Control Manager,7040,None,The start type of the Background Intelligent Transfer Service service was changed from auto start to demand start.
Warning,6/21/2020 7:58:56 PM,Microsoft-Windows-DistributedCOM,10016,None,"The machine-default permission settings do not grant Local Activation permission for the COM Server application with CLSID 
{C2F03A33-21F5-47FA-B4BB-156362A2F239}
 and APPID 
{316CDED5-E4AE-4B15-9113-7055D84DCC97}
 to the user DESKTOP-577B38M\PC SID (S-1-5-21-839496821-663164669-2267191325-1002) from address LocalHost (Using LRPC) running in the application container Microsoft.Windows.ShellExperienceHost_10.0.18362.449_neutral_neutral_cw5n1h2txyewy SID (S-1-15-2-155514346-2573954481-755741238-1654018636-1233331829-3075935687-2861478708). This security permission can be modified using the Component Services administrative tool."
Information,6/21/2020 7:57:53 PM,Service Control Manager,7040,None,The start type of the Background Intelligent Transfer Service service was changed from demand start to auto start.
Warning,6/21/2020 7:57:06 PM,Microsoft-Windows-DistributedCOM,10016,None,"The machine-default permission settings do not grant Local Activation permission for the COM Server application with CLSID 
{C2F03A33-21F5-47FA-B4BB-156362A2F239}
 and APPID 
{316CDED5-E4AE-4B15-9113-7055D84DCC97}
 to the user DESKTOP-577B38M\PC SID (S-1-5-21-839496821-663164669-2267191325-1002) from address LocalHost (Using LRPC) running in the application container Microsoft.Windows.ShellExperienceHost_10.0.18362.449_neutral_neutral_cw5n1h2txyewy SID (S-1-15-2-155514346-2573954481-755741238-1654018636-1233331829-3075935687-2861478708). This security permission can be modified using the Component Services administrative tool."
Warning,6/21/2020 7:56:52 PM,Microsoft-Windows-DistributedCOM,10016,None,"The application-specific permission settings do not grant Local Activation permission for the COM Server application with CLSID 
{2593F8B9-4EAF-457C-B68A-50F6B8EA6B54}
 and APPID 
{15C20B67-12E7-4BB6-92BB-7AFF07997402}
 to the user DESKTOP-577B38M\PC SID (S-1-5-21-839496821-663164669-2267191325-1002) from address LocalHost (Using LRPC) running in the application container Unavailable SID (Unavailable). This security permission can be modified using the Component Services administrative tool."
Information,6/21/2020 2:20:26 PM,Microsoft-Windows-WindowsUpdateClient,19,Windows Update Agent,Installation Successful: Windows successfully installed the following update: Security Intelligence Update for Microsoft Defender Antivirus - KB2267602 (Version 1.317.1843.0)
Information,6/21/2020 2:20:08 PM,Microsoft-Windows-WindowsUpdateClient,43,Windows Update Agent,Installation Started: Windows has started installing the following update: Security Intelligence Update for Microsoft Defender Antivirus - KB2267602 (Version 1.317.1843.0)
Information,6/21/2020 2:20:08 PM,Microsoft-Windows-WindowsUpdateClient,44,Windows Update Agent,Windows Update started downloading an update.
Warning,6/21/2020 2:14:13 PM,Microsoft-Windows-Kernel-Processor-Power,37,(7),The speed of processor 3 in group 0 is being limited by system firmware. The processor has been in this reduced performance state for 86400 seconds since the last report.
Warning,6/21/2020 2:14:13 PM,Microsoft-Windows-Kernel-Processor-Power,37,(7),The speed of processor 2 in group 0 is being limited by system firmware. The processor has been in this reduced performance state for 86399 seconds since the last report.
Warning,6/21/2020 2:14:13 PM,Microsoft-Windows-Kernel-Processor-Power,37,(7),The speed of processor 1 in group 0 is being limited by system firmware. The processor has been in this reduced performance state for 86399 seconds since the last report.
Warning,6/21/2020 2:14:13 PM,Microsoft-Windows-Kernel-Processor-Power,37,(7),The speed of processor 0 in group 0 is being limited by system firmware. The processor has been in this reduced performance state for 86400 seconds since the last report.
Information,6/21/2020 12:11:04 PM,Microsoft-Windows-Kernel-General,1,(5),"The system time has changed to ‎2020‎-‎06‎-‎21T09:11:04.377695100Z from ‎2020‎-‎06‎-‎21T09:11:04.376886600Z.

Change Reason: An application or system component changed the time.
Process: '\Device\HarddiskVolume5\Windows\System32\svchost.exe' (PID 4372)."
Information,6/21/2020 12:11:04 PM,Microsoft-Windows-Time-Service,35,None,"The time service is now synchronizing the system time with the time source time.windows.com,0x9 (ntp.m|0x9|0.0.0.0:123->40.81.188.85:123) with reference id 1438404904. Current local stratum number is 4."
Information,6/21/2020 12:10:50 PM,Microsoft-Windows-Time-Service,37,None,"The time provider NtpClient is currently receiving valid time data from time.windows.com,0x9 (ntp.m|0x9|0.0.0.0:123->40.81.188.85:123)."
Information,6/21/2020 12:10:48 PM,Microsoft-Windows-Time-Service,158,None,The time provider 'VMICTimeProvider' has indicated that the current hardware and operating environment is not supported and has stopped. This behavior is expected for VMICTimeProvider on non-HyperV-guest environments. This may be the expected behavior for the current provider in the current operating environment as well.
Information,6/21/2020 12:00:00 PM,EventLog,6013,None,The system uptime is 856232 seconds.
Information,6/21/2020 6:47:29 AM,Service Control Manager,7040,None,The start type of the Background Intelligent Transfer Service service was changed from auto start to demand start.
Information,6/21/2020 6:45:24 AM,Service Control Manager,7040,None,The start type of the Background Intelligent Transfer Service service was changed from demand start to auto start.
Information,6/21/2020 4:08:40 AM,Microsoft-Windows-WindowsUpdateClient,19,Windows Update Agent,Installation Successful: Windows successfully installed the following update: Security Intelligence Update for Microsoft Defender Antivirus - KB2267602 (Version 1.317.1822.0)
Information,6/21/2020 4:08:21 AM,Microsoft-Windows-WindowsUpdateClient,43,Windows Update Agent,Installation Started: Windows has started installing the following update: Security Intelligence Update for Microsoft Defender Antivirus - KB2267602 (Version 1.317.1822.0)
Information,6/21/2020 4:08:21 AM,Microsoft-Windows-WindowsUpdateClient,44,Windows Update Agent,Windows Update started downloading an update.
Warning,6/21/2020 2:27:53 AM,Microsoft-Windows-DistributedCOM,10016,None,"The application-specific permission settings do not grant Local Activation permission for the COM Server application with CLSID 
{2593F8B9-4EAF-457C-B68A-50F6B8EA6B54}
 and APPID 
{15C20B67-12E7-4BB6-92BB-7AFF07997402}
 to the user DESKTOP-577B38M\PC SID (S-1-5-21-839496821-663164669-2267191325-1002) from address LocalHost (Using LRPC) running in the application container Unavailable SID (Unavailable). This security permission can be modified using the Component Services administrative tool."
Warning,6/21/2020 2:27:53 AM,Microsoft-Windows-DistributedCOM,10016,None,"The application-specific permission settings do not grant Local Activation permission for the COM Server application with CLSID 
{2593F8B9-4EAF-457C-B68A-50F6B8EA6B54}
 and APPID 
{15C20B67-12E7-4BB6-92BB-7AFF07997402}
 to the user DESKTOP-577B38M\PC SID (S-1-5-21-839496821-663164669-2267191325-1002) from address LocalHost (Using LRPC) running in the application container Unavailable SID (Unavailable). This security permission can be modified using the Component Services administrative tool."
Warning,6/21/2020 2:25:16 AM,Microsoft-Windows-DistributedCOM,10016,None,"The application-specific permission settings do not grant Local Activation permission for the COM Server application with CLSID 
{2593F8B9-4EAF-457C-B68A-50F6B8EA6B54}
 and APPID 
{15C20B67-12E7-4BB6-92BB-7AFF07997402}
 to the user DESKTOP-577B38M\PC SID (S-1-5-21-839496821-663164669-2267191325-1002) from address LocalHost (Using LRPC) running in the application container Unavailable SID (Unavailable). This security permission can be modified using the Component Services administrative tool."
Warning,6/21/2020 2:25:16 AM,Microsoft-Windows-DistributedCOM,10016,None,"The application-specific permission settings do not grant Local Activation permission for the COM Server application with CLSID 
{2593F8B9-4EAF-457C-B68A-50F6B8EA6B54}
 and APPID 
{15C20B67-12E7-4BB6-92BB-7AFF07997402}
 to the user DESKTOP-577B38M\PC SID (S-1-5-21-839496821-663164669-2267191325-1002) from address LocalHost (Using LRPC) running in the application container Unavailable SID (Unavailable). This security permission can be modified using the Component Services administrative tool."
Warning,6/21/2020 2:23:05 AM,Microsoft-Windows-DistributedCOM,10016,None,"The application-specific permission settings do not grant Local Activation permission for the COM Server application with CLSID 
{2593F8B9-4EAF-457C-B68A-50F6B8EA6B54}
 and APPID 
{15C20B67-12E7-4BB6-92BB-7AFF07997402}
 to the user DESKTOP-577B38M\PC SID (S-1-5-21-839496821-663164669-2267191325-1002) from address LocalHost (Using LRPC) running in the application container Unavailable SID (Unavailable). This security permission can be modified using the Component Services administrative tool."
Warning,6/21/2020 2:23:05 AM,Microsoft-Windows-DistributedCOM,10016,None,"The application-specific permission settings do not grant Local Activation permission for the COM Server application with CLSID 
{2593F8B9-4EAF-457C-B68A-50F6B8EA6B54}
 and APPID 
{15C20B67-12E7-4BB6-92BB-7AFF07997402}
 to the user DESKTOP-577B38M\PC SID (S-1-5-21-839496821-663164669-2267191325-1002) from address LocalHost (Using LRPC) running in the application container Unavailable SID (Unavailable). This security permission can be modified using the Component Services administrative tool."
Information,6/21/2020 2:08:33 AM,Service Control Manager,7040,None,The start type of the Background Intelligent Transfer Service service was changed from auto start to demand start.
Information,6/21/2020 2:06:27 AM,Service Control Manager,7040,None,The start type of the Background Intelligent Transfer Service service was changed from demand start to auto start.
Warning,6/21/2020 1:54:01 AM,Microsoft-Windows-DistributedCOM,10016,None,"The application-specific permission settings do not grant Local Activation permission for the COM Server application with CLSID 
{2593F8B9-4EAF-457C-B68A-50F6B8EA6B54}
 and APPID 
{15C20B67-12E7-4BB6-92BB-7AFF07997402}
 to the user DESKTOP-577B38M\PC SID (S-1-5-21-839496821-663164669-2267191325-1002) from address LocalHost (Using LRPC) running in the application container Unavailable SID (Unavailable). This security permission can be modified using the Component Services administrative tool."
Information,6/21/2020 1:47:41 AM,Service Control Manager,7040,None,The start type of the Background Intelligent Transfer Service service was changed from auto start to demand start.
Information,6/21/2020 1:45:12 AM,Service Control Manager,7040,None,The start type of the Background Intelligent Transfer Service service was changed from demand start to auto start.
