Information,6/15/2020 6:10:04 AM,Microsoft-Windows-Kernel-General,1,(5),"The system time has changed to ‎2020‎-‎06‎-‎15T03:10:04.953707400Z from ‎2020‎-‎06‎-‎15T03:10:04.951931500Z.

Change Reason: An application or system component changed the time.
Process: '\Device\HarddiskVolume5\Windows\System32\svchost.exe' (PID 6296)."
Information,6/15/2020 6:10:04 AM,Microsoft-Windows-Kernel-General,1,(5),"The system time has changed to ‎2020‎-‎06‎-‎15T03:10:04.951931500Z from ‎2020‎-‎06‎-‎15T03:10:04.949721500Z.

Change Reason: An application or system component changed the time.
Process: '\Device\HarddiskVolume5\Windows\System32\svchost.exe' (PID 6296)."
Information,6/15/2020 6:10:04 AM,Microsoft-Windows-Time-Service,35,None,"The time service is now synchronizing the system time with the time source time.windows.com,0x9 (ntp.m|0x9|0.0.0.0:123->20.189.79.72:123) with reference id 1213185300. Current local stratum number is 4."
Information,6/15/2020 6:10:04 AM,Microsoft-Windows-Kernel-General,1,(5),"The system time has changed to ‎2020‎-‎06‎-‎15T03:10:04.949721500Z from ‎2020‎-‎06‎-‎15T03:10:06.067679000Z.

Change Reason: An application or system component changed the time.
Process: '\Device\HarddiskVolume5\Windows\System32\svchost.exe' (PID 6296)."
Information,6/15/2020 6:09:51 AM,Microsoft-Windows-Time-Service,37,None,"The time provider NtpClient is currently receiving valid time data from time.windows.com,0x9 (ntp.m|0x9|0.0.0.0:123->20.189.79.72:123)."
Information,6/15/2020 6:09:50 AM,Microsoft-Windows-Time-Service,158,None,The time provider 'VMICTimeProvider' has indicated that the current hardware and operating environment is not supported and has stopped. This behavior is expected for VMICTimeProvider on non-HyperV-guest environments. This may be the expected behavior for the current provider in the current operating environment as well.
Information,6/15/2020 1:50:58 AM,Service Control Manager,7040,None,The start type of the Background Intelligent Transfer Service service was changed from auto start to demand start.
Information,6/15/2020 1:48:53 AM,Service Control Manager,7040,None,The start type of the Background Intelligent Transfer Service service was changed from demand start to auto start.
Information,6/15/2020 1:41:40 AM,Service Control Manager,7040,None,The start type of the Background Intelligent Transfer Service service was changed from auto start to demand start.
Information,6/15/2020 1:39:34 AM,Service Control Manager,7040,None,The start type of the Background Intelligent Transfer Service service was changed from demand start to auto start.
Warning,6/15/2020 12:38:58 AM,Microsoft-Windows-DistributedCOM,10016,None,"The application-specific permission settings do not grant Local Activation permission for the COM Server application with CLSID 
{2593F8B9-4EAF-457C-B68A-50F6B8EA6B54}
 and APPID 
{15C20B67-12E7-4BB6-92BB-7AFF07997402}
 to the user DESKTOP-577B38M\PC SID (S-1-5-21-839496821-663164669-2267191325-1002) from address LocalHost (Using LRPC) running in the application container Unavailable SID (Unavailable). This security permission can be modified using the Component Services administrative tool."
Warning,6/15/2020 12:38:58 AM,Microsoft-Windows-DistributedCOM,10016,None,"The application-specific permission settings do not grant Local Activation permission for the COM Server application with CLSID 
{2593F8B9-4EAF-457C-B68A-50F6B8EA6B54}
 and APPID 
{15C20B67-12E7-4BB6-92BB-7AFF07997402}
 to the user DESKTOP-577B38M\PC SID (S-1-5-21-839496821-663164669-2267191325-1002) from address LocalHost (Using LRPC) running in the application container Unavailable SID (Unavailable). This security permission can be modified using the Component Services administrative tool."
Warning,6/15/2020 12:35:53 AM,Microsoft-Windows-DistributedCOM,10016,None,"The application-specific permission settings do not grant Local Activation permission for the COM Server application with CLSID 
{2593F8B9-4EAF-457C-B68A-50F6B8EA6B54}
 and APPID 
{15C20B67-12E7-4BB6-92BB-7AFF07997402}
 to the user DESKTOP-577B38M\PC SID (S-1-5-21-839496821-663164669-2267191325-1002) from address LocalHost (Using LRPC) running in the application container Unavailable SID (Unavailable). This security permission can be modified using the Component Services administrative tool."
Warning,6/15/2020 12:35:53 AM,Microsoft-Windows-DistributedCOM,10016,None,"The application-specific permission settings do not grant Local Activation permission for the COM Server application with CLSID 
{2593F8B9-4EAF-457C-B68A-50F6B8EA6B54}
 and APPID 
{15C20B67-12E7-4BB6-92BB-7AFF07997402}
 to the user DESKTOP-577B38M\PC SID (S-1-5-21-839496821-663164669-2267191325-1002) from address LocalHost (Using LRPC) running in the application container Unavailable SID (Unavailable). This security permission can be modified using the Component Services administrative tool."
Information,6/15/2020 12:23:32 AM,Service Control Manager,7040,None,The start type of the Background Intelligent Transfer Service service was changed from auto start to demand start.
Warning,6/15/2020 12:21:14 AM,Microsoft-Windows-DistributedCOM,10016,None,"The machine-default permission settings do not grant Local Activation permission for the COM Server application with CLSID 
{C2F03A33-21F5-47FA-B4BB-156362A2F239}
 and APPID 
{316CDED5-E4AE-4B15-9113-7055D84DCC97}
 to the user DESKTOP-577B38M\PC SID (S-1-5-21-839496821-663164669-2267191325-1002) from address LocalHost (Using LRPC) running in the application container Microsoft.Windows.ShellExperienceHost_10.0.18362.449_neutral_neutral_cw5n1h2txyewy SID (S-1-15-2-155514346-2573954481-755741238-1654018636-1233331829-3075935687-2861478708). This security permission can be modified using the Component Services administrative tool."
Information,6/15/2020 12:04:07 AM,Service Control Manager,7040,None,The start type of the Background Intelligent Transfer Service service was changed from demand start to auto start.
Warning,6/14/2020 9:43:04 PM,Microsoft-Windows-DistributedCOM,10016,None,"The machine-default permission settings do not grant Local Activation permission for the COM Server application with CLSID 
{C2F03A33-21F5-47FA-B4BB-156362A2F239}
 and APPID 
{316CDED5-E4AE-4B15-9113-7055D84DCC97}
 to the user DESKTOP-577B38M\PC SID (S-1-5-21-839496821-663164669-2267191325-1002) from address LocalHost (Using LRPC) running in the application container Microsoft.Windows.ShellExperienceHost_10.0.18362.449_neutral_neutral_cw5n1h2txyewy SID (S-1-15-2-155514346-2573954481-755741238-1654018636-1233331829-3075935687-2861478708). This security permission can be modified using the Component Services administrative tool."
Warning,6/14/2020 9:39:48 PM,Microsoft-Windows-DistributedCOM,10016,None,"The machine-default permission settings do not grant Local Activation permission for the COM Server application with CLSID 
{C2F03A33-21F5-47FA-B4BB-156362A2F239}
 and APPID 
{316CDED5-E4AE-4B15-9113-7055D84DCC97}
 to the user DESKTOP-577B38M\PC SID (S-1-5-21-839496821-663164669-2267191325-1002) from address LocalHost (Using LRPC) running in the application container Microsoft.Windows.ShellExperienceHost_10.0.18362.449_neutral_neutral_cw5n1h2txyewy SID (S-1-15-2-155514346-2573954481-755741238-1654018636-1233331829-3075935687-2861478708). This security permission can be modified using the Component Services administrative tool."
Warning,6/14/2020 9:39:31 PM,Microsoft-Windows-DistributedCOM,10016,None,"The machine-default permission settings do not grant Local Activation permission for the COM Server application with CLSID 
{C2F03A33-21F5-47FA-B4BB-156362A2F239}
 and APPID 
{316CDED5-E4AE-4B15-9113-7055D84DCC97}
 to the user DESKTOP-577B38M\PC SID (S-1-5-21-839496821-663164669-2267191325-1002) from address LocalHost (Using LRPC) running in the application container Microsoft.Windows.ShellExperienceHost_10.0.18362.449_neutral_neutral_cw5n1h2txyewy SID (S-1-15-2-155514346-2573954481-755741238-1654018636-1233331829-3075935687-2861478708). This security permission can be modified using the Component Services administrative tool."
Warning,6/14/2020 9:38:05 PM,Microsoft-Windows-DistributedCOM,10016,None,"The machine-default permission settings do not grant Local Activation permission for the COM Server application with CLSID 
{C2F03A33-21F5-47FA-B4BB-156362A2F239}
 and APPID 
{316CDED5-E4AE-4B15-9113-7055D84DCC97}
 to the user DESKTOP-577B38M\PC SID (S-1-5-21-839496821-663164669-2267191325-1002) from address LocalHost (Using LRPC) running in the application container Microsoft.Windows.ShellExperienceHost_10.0.18362.449_neutral_neutral_cw5n1h2txyewy SID (S-1-15-2-155514346-2573954481-755741238-1654018636-1233331829-3075935687-2861478708). This security permission can be modified using the Component Services administrative tool."
Warning,6/14/2020 9:37:54 PM,Microsoft-Windows-DistributedCOM,10016,None,"The machine-default permission settings do not grant Local Activation permission for the COM Server application with CLSID 
{C2F03A33-21F5-47FA-B4BB-156362A2F239}
 and APPID 
{316CDED5-E4AE-4B15-9113-7055D84DCC97}
 to the user DESKTOP-577B38M\PC SID (S-1-5-21-839496821-663164669-2267191325-1002) from address LocalHost (Using LRPC) running in the application container Microsoft.Windows.ShellExperienceHost_10.0.18362.449_neutral_neutral_cw5n1h2txyewy SID (S-1-15-2-155514346-2573954481-755741238-1654018636-1233331829-3075935687-2861478708). This security permission can be modified using the Component Services administrative tool."
Warning,6/14/2020 9:36:08 PM,Microsoft-Windows-DistributedCOM,10016,None,"The machine-default permission settings do not grant Local Activation permission for the COM Server application with CLSID 
{C2F03A33-21F5-47FA-B4BB-156362A2F239}
 and APPID 
{316CDED5-E4AE-4B15-9113-7055D84DCC97}
 to the user DESKTOP-577B38M\PC SID (S-1-5-21-839496821-663164669-2267191325-1002) from address LocalHost (Using LRPC) running in the application container Microsoft.Windows.ShellExperienceHost_10.0.18362.449_neutral_neutral_cw5n1h2txyewy SID (S-1-15-2-155514346-2573954481-755741238-1654018636-1233331829-3075935687-2861478708). This security permission can be modified using the Component Services administrative tool."
Warning,6/14/2020 9:36:08 PM,Microsoft-Windows-DistributedCOM,10016,None,"The machine-default permission settings do not grant Local Activation permission for the COM Server application with CLSID 
{C2F03A33-21F5-47FA-B4BB-156362A2F239}
 and APPID 
{316CDED5-E4AE-4B15-9113-7055D84DCC97}
 to the user DESKTOP-577B38M\PC SID (S-1-5-21-839496821-663164669-2267191325-1002) from address LocalHost (Using LRPC) running in the application container Microsoft.Windows.ShellExperienceHost_10.0.18362.449_neutral_neutral_cw5n1h2txyewy SID (S-1-15-2-155514346-2573954481-755741238-1654018636-1233331829-3075935687-2861478708). This security permission can be modified using the Component Services administrative tool."
Warning,6/14/2020 9:36:04 PM,Microsoft-Windows-DistributedCOM,10016,None,"The machine-default permission settings do not grant Local Activation permission for the COM Server application with CLSID 
{C2F03A33-21F5-47FA-B4BB-156362A2F239}
 and APPID 
{316CDED5-E4AE-4B15-9113-7055D84DCC97}
 to the user DESKTOP-577B38M\PC SID (S-1-5-21-839496821-663164669-2267191325-1002) from address LocalHost (Using LRPC) running in the application container Microsoft.Windows.ShellExperienceHost_10.0.18362.449_neutral_neutral_cw5n1h2txyewy SID (S-1-15-2-155514346-2573954481-755741238-1654018636-1233331829-3075935687-2861478708). This security permission can be modified using the Component Services administrative tool."
Warning,6/14/2020 9:35:57 PM,Microsoft-Windows-DistributedCOM,10016,None,"The machine-default permission settings do not grant Local Activation permission for the COM Server application with CLSID 
{C2F03A33-21F5-47FA-B4BB-156362A2F239}
 and APPID 
{316CDED5-E4AE-4B15-9113-7055D84DCC97}
 to the user DESKTOP-577B38M\PC SID (S-1-5-21-839496821-663164669-2267191325-1002) from address LocalHost (Using LRPC) running in the application container Microsoft.Windows.ShellExperienceHost_10.0.18362.449_neutral_neutral_cw5n1h2txyewy SID (S-1-15-2-155514346-2573954481-755741238-1654018636-1233331829-3075935687-2861478708). This security permission can be modified using the Component Services administrative tool."
Warning,6/14/2020 9:35:57 PM,Microsoft-Windows-DistributedCOM,10016,None,"The machine-default permission settings do not grant Local Activation permission for the COM Server application with CLSID 
{C2F03A33-21F5-47FA-B4BB-156362A2F239}
 and APPID 
{316CDED5-E4AE-4B15-9113-7055D84DCC97}
 to the user DESKTOP-577B38M\PC SID (S-1-5-21-839496821-663164669-2267191325-1002) from address LocalHost (Using LRPC) running in the application container Microsoft.Windows.ShellExperienceHost_10.0.18362.449_neutral_neutral_cw5n1h2txyewy SID (S-1-15-2-155514346-2573954481-755741238-1654018636-1233331829-3075935687-2861478708). This security permission can be modified using the Component Services administrative tool."
Warning,6/14/2020 9:35:54 PM,Microsoft-Windows-DistributedCOM,10016,None,"The machine-default permission settings do not grant Local Activation permission for the COM Server application with CLSID 
{C2F03A33-21F5-47FA-B4BB-156362A2F239}
 and APPID 
{316CDED5-E4AE-4B15-9113-7055D84DCC97}
 to the user DESKTOP-577B38M\PC SID (S-1-5-21-839496821-663164669-2267191325-1002) from address LocalHost (Using LRPC) running in the application container Microsoft.Windows.ShellExperienceHost_10.0.18362.449_neutral_neutral_cw5n1h2txyewy SID (S-1-15-2-155514346-2573954481-755741238-1654018636-1233331829-3075935687-2861478708). This security permission can be modified using the Component Services administrative tool."
Warning,6/14/2020 7:48:02 PM,Microsoft-Windows-DistributedCOM,10016,None,"The machine-default permission settings do not grant Local Activation permission for the COM Server application with CLSID 
{C2F03A33-21F5-47FA-B4BB-156362A2F239}
 and APPID 
{316CDED5-E4AE-4B15-9113-7055D84DCC97}
 to the user DESKTOP-577B38M\PC SID (S-1-5-21-839496821-663164669-2267191325-1002) from address LocalHost (Using LRPC) running in the application container Microsoft.Windows.ShellExperienceHost_10.0.18362.449_neutral_neutral_cw5n1h2txyewy SID (S-1-15-2-155514346-2573954481-755741238-1654018636-1233331829-3075935687-2861478708). This security permission can be modified using the Component Services administrative tool."
Information,6/14/2020 7:06:23 PM,Service Control Manager,7040,None,The start type of the Background Intelligent Transfer Service service was changed from auto start to demand start.
Information,6/14/2020 7:04:06 PM,Service Control Manager,7040,None,The start type of the Background Intelligent Transfer Service service was changed from demand start to auto start.
Warning,6/14/2020 7:03:06 PM,Microsoft-Windows-DistributedCOM,10016,None,"The application-specific permission settings do not grant Local Activation permission for the COM Server application with CLSID 
{2593F8B9-4EAF-457C-B68A-50F6B8EA6B54}
 and APPID 
{15C20B67-12E7-4BB6-92BB-7AFF07997402}
 to the user DESKTOP-577B38M\PC SID (S-1-5-21-839496821-663164669-2267191325-1002) from address LocalHost (Using LRPC) running in the application container Unavailable SID (Unavailable). This security permission can be modified using the Component Services administrative tool."
Information,6/14/2020 6:32:26 PM,Service Control Manager,7040,None,The start type of the Background Intelligent Transfer Service service was changed from auto start to demand start.
Error,6/14/2020 6:31:22 PM,Tcpip,4199,None,The system detected an address conflict for IP address 2a03:ec00:b193:1099:2054:fa35:50ad:4 with the system having network hardware address 78-0C-B8-49-41-D9. Network operations on this system may be disrupted as a result.
Information,6/14/2020 6:29:57 PM,Service Control Manager,7040,None,The start type of the Background Intelligent Transfer Service service was changed from demand start to auto start.
Warning,6/14/2020 6:29:09 PM,Microsoft-Windows-DistributedCOM,10016,None,"The machine-default permission settings do not grant Local Activation permission for the COM Server application with CLSID 
{C2F03A33-21F5-47FA-B4BB-156362A2F239}
 and APPID 
{316CDED5-E4AE-4B15-9113-7055D84DCC97}
 to the user DESKTOP-577B38M\PC SID (S-1-5-21-839496821-663164669-2267191325-1002) from address LocalHost (Using LRPC) running in the application container Microsoft.Windows.ShellExperienceHost_10.0.18362.449_neutral_neutral_cw5n1h2txyewy SID (S-1-15-2-155514346-2573954481-755741238-1654018636-1233331829-3075935687-2861478708). This security permission can be modified using the Component Services administrative tool."
Warning,6/14/2020 6:28:56 PM,Microsoft-Windows-DistributedCOM,10016,None,"The application-specific permission settings do not grant Local Activation permission for the COM Server application with CLSID 
{2593F8B9-4EAF-457C-B68A-50F6B8EA6B54}
 and APPID 
{15C20B67-12E7-4BB6-92BB-7AFF07997402}
 to the user DESKTOP-577B38M\PC SID (S-1-5-21-839496821-663164669-2267191325-1002) from address LocalHost (Using LRPC) running in the application container Unavailable SID (Unavailable). This security permission can be modified using the Component Services administrative tool."
Warning,6/14/2020 5:31:52 PM,Microsoft-Windows-DistributedCOM,10016,None,"The machine-default permission settings do not grant Local Activation permission for the COM Server application with CLSID 
{C2F03A33-21F5-47FA-B4BB-156362A2F239}
 and APPID 
{316CDED5-E4AE-4B15-9113-7055D84DCC97}
 to the user DESKTOP-577B38M\PC SID (S-1-5-21-839496821-663164669-2267191325-1002) from address LocalHost (Using LRPC) running in the application container Microsoft.Windows.ShellExperienceHost_10.0.18362.449_neutral_neutral_cw5n1h2txyewy SID (S-1-15-2-155514346-2573954481-755741238-1654018636-1233331829-3075935687-2861478708). This security permission can be modified using the Component Services administrative tool."
Information,6/14/2020 5:26:52 PM,Service Control Manager,7040,None,The start type of the Background Intelligent Transfer Service service was changed from auto start to demand start.
Warning,6/14/2020 5:26:15 PM,Microsoft-Windows-DistributedCOM,10016,None,"The machine-default permission settings do not grant Local Activation permission for the COM Server application with CLSID 
{C2F03A33-21F5-47FA-B4BB-156362A2F239}
 and APPID 
{316CDED5-E4AE-4B15-9113-7055D84DCC97}
 to the user DESKTOP-577B38M\PC SID (S-1-5-21-839496821-663164669-2267191325-1002) from address LocalHost (Using LRPC) running in the application container Microsoft.Windows.ShellExperienceHost_10.0.18362.449_neutral_neutral_cw5n1h2txyewy SID (S-1-15-2-155514346-2573954481-755741238-1654018636-1233331829-3075935687-2861478708). This security permission can be modified using the Component Services administrative tool."
Warning,6/14/2020 5:24:53 PM,Microsoft-Windows-DistributedCOM,10016,None,"The machine-default permission settings do not grant Local Activation permission for the COM Server application with CLSID 
{C2F03A33-21F5-47FA-B4BB-156362A2F239}
 and APPID 
{316CDED5-E4AE-4B15-9113-7055D84DCC97}
 to the user DESKTOP-577B38M\PC SID (S-1-5-21-839496821-663164669-2267191325-1002) from address LocalHost (Using LRPC) running in the application container Microsoft.Windows.ShellExperienceHost_10.0.18362.449_neutral_neutral_cw5n1h2txyewy SID (S-1-15-2-155514346-2573954481-755741238-1654018636-1233331829-3075935687-2861478708). This security permission can be modified using the Component Services administrative tool."
Warning,6/14/2020 5:24:43 PM,Microsoft-Windows-DistributedCOM,10016,None,"The machine-default permission settings do not grant Local Activation permission for the COM Server application with CLSID 
{C2F03A33-21F5-47FA-B4BB-156362A2F239}
 and APPID 
{316CDED5-E4AE-4B15-9113-7055D84DCC97}
 to the user DESKTOP-577B38M\PC SID (S-1-5-21-839496821-663164669-2267191325-1002) from address LocalHost (Using LRPC) running in the application container Microsoft.Windows.ShellExperienceHost_10.0.18362.449_neutral_neutral_cw5n1h2txyewy SID (S-1-15-2-155514346-2573954481-755741238-1654018636-1233331829-3075935687-2861478708). This security permission can be modified using the Component Services administrative tool."
Information,6/14/2020 2:20:31 PM,Microsoft-Windows-WindowsUpdateClient,19,Windows Update Agent,Installation Successful: Windows successfully installed the following update: Security Intelligence Update for Microsoft Defender Antivirus - KB2267602 (Version 1.317.1348.0)
Information,6/14/2020 2:20:17 PM,Microsoft-Windows-WindowsUpdateClient,43,Windows Update Agent,Installation Started: Windows has started installing the following update: Security Intelligence Update for Microsoft Defender Antivirus - KB2267602 (Version 1.317.1348.0)
Information,6/14/2020 2:20:17 PM,Microsoft-Windows-WindowsUpdateClient,44,Windows Update Agent,Windows Update started downloading an update.
Warning,6/14/2020 2:14:20 PM,Microsoft-Windows-Kernel-Processor-Power,37,(7),The speed of processor 3 in group 0 is being limited by system firmware. The processor has been in this reduced performance state for 86398 seconds since the last report.
Warning,6/14/2020 2:14:19 PM,Microsoft-Windows-Kernel-Processor-Power,37,(7),The speed of processor 2 in group 0 is being limited by system firmware. The processor has been in this reduced performance state for 86398 seconds since the last report.
Warning,6/14/2020 2:14:19 PM,Microsoft-Windows-Kernel-Processor-Power,37,(7),The speed of processor 1 in group 0 is being limited by system firmware. The processor has been in this reduced performance state for 86398 seconds since the last report.
Warning,6/14/2020 2:14:19 PM,Microsoft-Windows-Kernel-Processor-Power,37,(7),The speed of processor 0 in group 0 is being limited by system firmware. The processor has been in this reduced performance state for 86398 seconds since the last report.
Information,6/14/2020 12:09:54 PM,Microsoft-Windows-Kernel-General,16,None,The access history in hive \??\C:\Users\PC\AppData\Local\Packages\windows.printdialog_cw5n1h2txyewy\Settings\settings.dat was cleared updating 2 keys and creating 1 modified pages.
Information,6/14/2020 12:09:54 PM,Microsoft-Windows-Kernel-General,16,None,The access history in hive \??\C:\Users\PC\AppData\Local\Packages\windows.immersivecontrolpanel_cw5n1h2txyewy\Settings\settings.dat was cleared updating 2 keys and creating 1 modified pages.
Information,6/14/2020 12:09:54 PM,Microsoft-Windows-Kernel-General,16,None,The access history in hive \??\C:\Users\PC\AppData\Local\Packages\windows.cbspreview_cw5n1h2txyewy\Settings\settings.dat was cleared updating 2 keys and creating 1 modified pages.
Information,6/14/2020 12:09:54 PM,Microsoft-Windows-Kernel-General,16,None,The access history in hive \??\C:\Users\PC\AppData\Local\Packages\microsoft.xboxspeechtotextoverlay_8wekyb3d8bbwe\Settings\settings.dat was cleared updating 2 keys and creating 1 modified pages.
Information,6/14/2020 12:09:54 PM,Microsoft-Windows-Kernel-General,16,None,The access history in hive \??\C:\Users\PC\AppData\Local\Packages\microsoft.xboxgameoverlay_8wekyb3d8bbwe\Settings\settings.dat was cleared updating 2 keys and creating 1 modified pages.
Information,6/14/2020 12:09:54 PM,Microsoft-Windows-Kernel-General,16,None,The access history in hive \??\C:\Users\PC\AppData\Local\Packages\microsoft.xboxgamecallableui_cw5n1h2txyewy\Settings\settings.dat was cleared updating 2 keys and creating 1 modified pages.
Information,6/14/2020 12:09:53 PM,Microsoft-Windows-Kernel-General,16,None,The access history in hive \??\C:\Users\PC\AppData\Local\Packages\microsoft.windows.xgpuejectdialog_cw5n1h2txyewy\Settings\settings.dat was cleared updating 2 keys and creating 1 modified pages.
Information,6/14/2020 12:09:53 PM,Microsoft-Windows-Kernel-General,16,None,The access history in hive \??\C:\Users\PC\AppData\Local\Packages\microsoft.windows.secureassessmentbrowser_cw5n1h2txyewy\Settings\settings.dat was cleared updating 2 keys and creating 1 modified pages.
Information,6/14/2020 12:09:53 PM,Microsoft-Windows-Kernel-General,16,None,The access history in hive \??\C:\Users\PC\AppData\Local\Packages\microsoft.windows.sechealthui_cw5n1h2txyewy\Settings\settings.dat was cleared updating 2 keys and creating 1 modified pages.
Information,6/14/2020 12:09:53 PM,Microsoft-Windows-Kernel-General,16,None,The access history in hive \??\C:\Users\PC\AppData\Local\Packages\microsoft.windows.pinningconfirmationdialog_cw5n1h2txyewy\Settings\settings.dat was cleared updating 2 keys and creating 1 modified pages.
Information,6/14/2020 12:09:53 PM,Microsoft-Windows-Kernel-General,16,None,The access history in hive \??\C:\Users\PC\AppData\Local\Packages\microsoft.windows.peopleexperiencehost_cw5n1h2txyewy\Settings\settings.dat was cleared updating 2 keys and creating 1 modified pages.
Information,6/14/2020 12:09:53 PM,Microsoft-Windows-Kernel-General,16,None,The access history in hive \??\C:\Users\PC\AppData\Local\Packages\microsoft.windows.parentalcontrols_cw5n1h2txyewy\Settings\settings.dat was cleared updating 2 keys and creating 1 modified pages.
Information,6/14/2020 12:09:53 PM,Microsoft-Windows-Kernel-General,16,None,The access history in hive \??\C:\Users\PC\AppData\Local\Packages\microsoft.windows.oobenetworkconnectionflow_cw5n1h2txyewy\Settings\settings.dat was cleared updating 2 keys and creating 1 modified pages.
Information,6/14/2020 12:09:53 PM,Microsoft-Windows-Kernel-General,16,None,The access history in hive \??\C:\Users\PC\AppData\Local\Packages\microsoft.windows.oobenetworkcaptiveportal_cw5n1h2txyewy\Settings\settings.dat was cleared updating 2 keys and creating 1 modified pages.
Information,6/14/2020 12:09:53 PM,Microsoft-Windows-Kernel-General,16,None,The access history in hive \??\C:\Users\PC\AppData\Local\Packages\microsoft.windows.narratorquickstart_8wekyb3d8bbwe\Settings\settings.dat was cleared updating 2 keys and creating 1 modified pages.
Information,6/14/2020 12:09:53 PM,Microsoft-Windows-Kernel-General,16,None,The access history in hive \??\C:\Users\PC\AppData\Local\Packages\microsoft.windows.capturepicker_cw5n1h2txyewy\Settings\settings.dat was cleared updating 2 keys and creating 1 modified pages.
Information,6/14/2020 12:09:53 PM,Microsoft-Windows-Kernel-General,16,None,The access history in hive \??\C:\Users\PC\AppData\Local\Packages\microsoft.windows.callingshellapp_cw5n1h2txyewy\Settings\settings.dat was cleared updating 2 keys and creating 1 modified pages.
Information,6/14/2020 12:09:53 PM,Microsoft-Windows-Kernel-General,16,None,The access history in hive \??\C:\Users\PC\AppData\Local\Packages\microsoft.windows.assignedaccesslockapp_cw5n1h2txyewy\Settings\settings.dat was cleared updating 2 keys and creating 1 modified pages.
Information,6/14/2020 12:09:53 PM,Microsoft-Windows-Kernel-General,16,None,The access history in hive \??\C:\Users\PC\AppData\Local\Packages\microsoft.windows.apprep.chxapp_cw5n1h2txyewy\Settings\settings.dat was cleared updating 2 keys and creating 1 modified pages.
Information,6/14/2020 12:09:53 PM,Microsoft-Windows-Kernel-General,16,None,The access history in hive \??\C:\Users\PC\AppData\Local\Packages\microsoft.win32webviewhost_cw5n1h2txyewy\Settings\settings.dat was cleared updating 2 keys and creating 1 modified pages.
Information,6/14/2020 12:09:53 PM,Microsoft-Windows-Kernel-General,16,None,The access history in hive \??\C:\Users\PC\AppData\Local\Packages\microsoft.webpimageextension_8wekyb3d8bbwe\Settings\settings.dat was cleared updating 2 keys and creating 1 modified pages.
Information,6/14/2020 12:09:53 PM,Microsoft-Windows-Kernel-General,16,None,The access history in hive \??\C:\Users\PC\AppData\Local\Packages\microsoft.wallet_8wekyb3d8bbwe\Settings\settings.dat was cleared updating 2 keys and creating 1 modified pages.
Information,6/14/2020 12:09:53 PM,Microsoft-Windows-Kernel-General,16,None,The access history in hive \??\C:\Users\PC\AppData\Local\Packages\microsoft.vp9videoextensions_8wekyb3d8bbwe\Settings\settings.dat was cleared updating 2 keys and creating 1 modified pages.
Information,6/14/2020 12:09:53 PM,Microsoft-Windows-Kernel-General,16,None,The access history in hive \??\C:\Users\PC\AppData\Local\Packages\microsoft.ppiprojection_cw5n1h2txyewy\Settings\settings.dat was cleared updating 2 keys and creating 1 modified pages.
Information,6/14/2020 12:09:53 PM,Microsoft-Windows-Kernel-General,16,None,The access history in hive \??\C:\Users\PC\AppData\Local\Packages\microsoft.mspaint_8wekyb3d8bbwe\Settings\settings.dat was cleared updating 2 keys and creating 1 modified pages.
Information,6/14/2020 12:09:53 PM,Microsoft-Windows-Kernel-General,16,None,The access history in hive \??\C:\Users\PC\AppData\Local\Packages\microsoft.mixedreality.portal_8wekyb3d8bbwe\Settings\settings.dat was cleared updating 2 keys and creating 1 modified pages.
Information,6/14/2020 12:09:53 PM,Microsoft-Windows-Kernel-General,16,None,The access history in hive \??\C:\Users\PC\AppData\Local\Packages\microsoft.microsoftedgedevtoolsclient_8wekyb3d8bbwe\Settings\settings.dat was cleared updating 2 keys and creating 1 modified pages.
Information,6/14/2020 12:09:53 PM,Microsoft-Windows-Kernel-General,16,None,The access history in hive \??\C:\Users\PC\AppData\Local\Packages\microsoft.microsoft3dviewer_8wekyb3d8bbwe\Settings\settings.dat was cleared updating 2 keys and creating 1 modified pages.
Information,6/14/2020 12:09:53 PM,Microsoft-Windows-Kernel-General,16,None,The access history in hive \??\C:\Users\PC\AppData\Local\Packages\microsoft.lockapp_cw5n1h2txyewy\Settings\settings.dat was cleared updating 2 keys and creating 1 modified pages.
Information,6/14/2020 12:09:53 PM,Microsoft-Windows-Kernel-General,16,None,The access history in hive \??\C:\Users\PC\AppData\Local\Packages\microsoft.languageexperiencepacklv-lv_8wekyb3d8bbwe\Settings\settings.dat was cleared updating 2 keys and creating 1 modified pages.
Information,6/14/2020 12:09:53 PM,Microsoft-Windows-Kernel-General,16,None,The access history in hive \??\C:\Users\PC\AppData\Local\Packages\microsoft.heifimageextension_8wekyb3d8bbwe\Settings\settings.dat was cleared updating 2 keys and creating 1 modified pages.
Information,6/14/2020 12:09:53 PM,Microsoft-Windows-Kernel-General,16,None,The access history in hive \??\C:\Users\PC\AppData\Local\Packages\microsoft.ecapp_8wekyb3d8bbwe\Settings\settings.dat was cleared updating 2 keys and creating 1 modified pages.
Information,6/14/2020 12:09:53 PM,Microsoft-Windows-Kernel-General,16,None,The access history in hive \??\C:\Users\PC\AppData\Local\Packages\microsoft.creddialoghost_cw5n1h2txyewy\Settings\settings.dat was cleared updating 2 keys and creating 1 modified pages.
Information,6/14/2020 12:09:53 PM,Microsoft-Windows-Kernel-General,16,None,The access history in hive \??\C:\Users\PC\AppData\Local\Packages\microsoft.bioenrollment_cw5n1h2txyewy\Settings\settings.dat was cleared updating 2 keys and creating 1 modified pages.
Information,6/14/2020 12:09:53 PM,Microsoft-Windows-Kernel-General,16,None,The access history in hive \??\C:\Users\PC\AppData\Local\Packages\microsoft.asynctextservice_8wekyb3d8bbwe\Settings\settings.dat was cleared updating 2 keys and creating 1 modified pages.
Information,6/14/2020 12:09:53 PM,Microsoft-Windows-Kernel-General,16,None,The access history in hive \??\C:\Users\PC\AppData\Local\Packages\microsoft.accountscontrol_cw5n1h2txyewy\Settings\settings.dat was cleared updating 2 keys and creating 1 modified pages.
Information,6/14/2020 12:09:53 PM,Microsoft-Windows-Kernel-General,16,None,The access history in hive \??\C:\Users\PC\AppData\Local\Packages\microsoft.aad.brokerplugin_cw5n1h2txyewy\Settings\settings.dat was cleared updating 6 keys and creating 1 modified pages.
Information,6/14/2020 12:09:53 PM,Microsoft-Windows-Kernel-General,16,None,The access history in hive \??\C:\Users\PC\AppData\Local\Packages\f46d4000-fd22-4db4-ac8e-4e1ddde828fe_cw5n1h2txyewy\Settings\settings.dat was cleared updating 2 keys and creating 1 modified pages.
Information,6/14/2020 12:09:53 PM,Microsoft-Windows-Kernel-General,16,None,The access history in hive \??\C:\Users\PC\AppData\Local\Packages\e2a4f912-2574-4a75-9bb0-0d023378592b_cw5n1h2txyewy\Settings\settings.dat was cleared updating 2 keys and creating 1 modified pages.
Information,6/14/2020 12:09:53 PM,Microsoft-Windows-Kernel-General,16,None,The access history in hive \??\C:\Users\PC\AppData\Local\Packages\c5e2524a-ea46-4f67-841f-6a9465d9d515_cw5n1h2txyewy\Settings\settings.dat was cleared updating 2 keys and creating 1 modified pages.
Information,6/14/2020 12:09:53 PM,Microsoft-Windows-Kernel-General,16,None,The access history in hive \??\C:\Users\PC\AppData\Local\Packages\appleinc.itunes_nzyj5cx40ttqa\Settings\settings.dat was cleared updating 4 keys and creating 1 modified pages.
Information,6/14/2020 12:09:52 PM,Microsoft-Windows-Kernel-General,16,None,The access history in hive \??\C:\Users\PC\AppData\Local\Packages\ad2f1837.hppchardwarediagnosticswindows_v10z8vjag6ke6\Settings\settings.dat was cleared updating 2 keys and creating 1 modified pages.
Information,6/14/2020 12:09:52 PM,Microsoft-Windows-Kernel-General,16,None,The access history in hive \??\C:\Users\PC\AppData\Local\Packages\1527c705-839a-4832-9118-54d4bd6a0c89_cw5n1h2txyewy\Settings\settings.dat was cleared updating 2 keys and creating 1 modified pages.
Information,6/14/2020 12:00:00 PM,EventLog,6013,None,The system uptime is 251426 seconds.
Information,6/14/2020 4:10:05 AM,Microsoft-Windows-Kernel-General,1,(5),"The system time has changed to ‎2020‎-‎06‎-‎14T01:10:05.228540000Z from ‎2020‎-‎06‎-‎14T01:10:05.226666100Z.

Change Reason: An application or system component changed the time.
Process: '\Device\HarddiskVolume5\Windows\System32\svchost.exe' (PID 6752)."
Information,6/14/2020 4:10:05 AM,Microsoft-Windows-Kernel-General,1,(5),"The system time has changed to ‎2020‎-‎06‎-‎14T01:10:05.226666100Z from ‎2020‎-‎06‎-‎14T01:10:05.225341900Z.

Change Reason: An application or system component changed the time.
Process: '\Device\HarddiskVolume5\Windows\System32\svchost.exe' (PID 6752)."
Information,6/14/2020 4:10:05 AM,Microsoft-Windows-Time-Service,35,None,"The time service is now synchronizing the system time with the time source time.windows.com,0x9 (ntp.m|0x9|0.0.0.0:123->20.189.79.72:123) with reference id 1213185300. Current local stratum number is 4."
Information,6/14/2020 4:10:05 AM,Microsoft-Windows-Kernel-General,1,(5),"The system time has changed to ‎2020‎-‎06‎-‎14T01:10:05.225341900Z from ‎2020‎-‎06‎-‎14T01:10:06.623775800Z.

Change Reason: An application or system component changed the time.
Process: '\Device\HarddiskVolume5\Windows\System32\svchost.exe' (PID 6752)."
Information,6/14/2020 4:09:52 AM,Microsoft-Windows-Time-Service,37,None,"The time provider NtpClient is currently receiving valid time data from time.windows.com,0x9 (ntp.m|0x9|0.0.0.0:123->20.189.79.72:123)."
Information,6/14/2020 4:09:50 AM,Microsoft-Windows-Time-Service,158,None,The time provider 'VMICTimeProvider' has indicated that the current hardware and operating environment is not supported and has stopped. This behavior is expected for VMICTimeProvider on non-HyperV-guest environments. This may be the expected behavior for the current provider in the current operating environment as well.
Information,6/14/2020 1:15:52 AM,Service Control Manager,7040,None,The start type of the Background Intelligent Transfer Service service was changed from demand start to auto start.
Information,6/13/2020 8:46:37 PM,Service Control Manager,7040,None,The start type of the Background Intelligent Transfer Service service was changed from auto start to demand start.
Information,6/13/2020 8:44:05 PM,Service Control Manager,7040,None,The start type of the Background Intelligent Transfer Service service was changed from demand start to auto start.
Information,6/13/2020 6:49:57 PM,Microsoft-Windows-WindowsUpdateClient,19,Windows Update Agent,Installation Successful: Windows successfully installed the following update: Security Intelligence Update for Microsoft Defender Antivirus - KB2267602 (Version 1.317.1296.0)
Information,6/13/2020 6:49:42 PM,Microsoft-Windows-WindowsUpdateClient,43,Windows Update Agent,Installation Started: Windows has started installing the following update: Security Intelligence Update for Microsoft Defender Antivirus - KB2267602 (Version 1.317.1296.0)
Information,6/13/2020 6:49:42 PM,Microsoft-Windows-WindowsUpdateClient,44,Windows Update Agent,Windows Update started downloading an update.
Information,6/13/2020 2:20:32 PM,Microsoft-Windows-WindowsUpdateClient,19,Windows Update Agent,Installation Successful: Windows successfully installed the following update: Security Intelligence Update for Microsoft Defender Antivirus - KB2267602 (Version 1.317.1282.0)
Information,6/13/2020 2:20:18 PM,Microsoft-Windows-WindowsUpdateClient,43,Windows Update Agent,Installation Started: Windows has started installing the following update: Security Intelligence Update for Microsoft Defender Antivirus - KB2267602 (Version 1.317.1282.0)
Information,6/13/2020 2:20:18 PM,Microsoft-Windows-WindowsUpdateClient,44,Windows Update Agent,Windows Update started downloading an update.
Warning,6/13/2020 2:14:21 PM,Microsoft-Windows-Kernel-Processor-Power,37,(7),The speed of processor 3 in group 0 is being limited by system firmware. The processor has been in this reduced performance state for 86400 seconds since the last report.
Warning,6/13/2020 2:14:21 PM,Microsoft-Windows-Kernel-Processor-Power,37,(7),The speed of processor 2 in group 0 is being limited by system firmware. The processor has been in this reduced performance state for 86400 seconds since the last report.
Warning,6/13/2020 2:14:21 PM,Microsoft-Windows-Kernel-Processor-Power,37,(7),The speed of processor 1 in group 0 is being limited by system firmware. The processor has been in this reduced performance state for 86400 seconds since the last report.
Warning,6/13/2020 2:14:21 PM,Microsoft-Windows-Kernel-Processor-Power,37,(7),The speed of processor 0 in group 0 is being limited by system firmware. The processor has been in this reduced performance state for 86400 seconds since the last report.
Information,6/13/2020 12:00:00 PM,EventLog,6013,None,The system uptime is 165024 seconds.
Information,6/13/2020 10:58:04 AM,Service Control Manager,7040,None,The start type of the Background Intelligent Transfer Service service was changed from auto start to demand start.
Information,6/13/2020 10:55:51 AM,Service Control Manager,7040,None,The start type of the Background Intelligent Transfer Service service was changed from demand start to auto start.
Warning,6/13/2020 10:54:51 AM,Microsoft-Windows-DistributedCOM,10016,None,"The application-specific permission settings do not grant Local Activation permission for the COM Server application with CLSID 
{2593F8B9-4EAF-457C-B68A-50F6B8EA6B54}
 and APPID 
{15C20B67-12E7-4BB6-92BB-7AFF07997402}
 to the user DESKTOP-577B38M\PC SID (S-1-5-21-839496821-663164669-2267191325-1002) from address LocalHost (Using LRPC) running in the application container Unavailable SID (Unavailable). This security permission can be modified using the Component Services administrative tool."
Critical,6/13/2020 10:53:01 AM,Microsoft-Windows-DriverFrameworks-UserMode,10116,User-mode Driver problems.,The device Apple Mobile Device USB Device (location 0000.0014.0000.001.000.000.000.000.000) is offline due to a user-mode driver crash.  Windows will attempt to restart the device in the shared process 1 more times before moving the device in its own process.  Please contact the device manufacturer for more information about this problem.
Critical,6/13/2020 10:53:01 AM,Microsoft-Windows-DriverFrameworks-UserMode,10116,User-mode Driver problems.,The device Apple iPhone (location 0000.0014.0000.001.000.000.000.000.000) is offline due to a user-mode driver crash.  Windows will attempt to restart the device in the shared process 1 more times before moving the device in its own process.  Please contact the device manufacturer for more information about this problem.
Critical,6/13/2020 10:53:01 AM,Microsoft-Windows-DriverFrameworks-UserMode,10110,User-mode Driver problems.,A problem has occurred with one or more user-mode drivers and the hosting process has been terminated.  This may temporarily interrupt your ability to access the devices.
Warning,6/13/2020 10:52:52 AM,Microsoft-Windows-DistributedCOM,10016,None,"The machine-default permission settings do not grant Local Activation permission for the COM Server application with CLSID 
{C2F03A33-21F5-47FA-B4BB-156362A2F239}
 and APPID 
{316CDED5-E4AE-4B15-9113-7055D84DCC97}
 to the user DESKTOP-577B38M\PC SID (S-1-5-21-839496821-663164669-2267191325-1002) from address LocalHost (Using LRPC) running in the application container Microsoft.Windows.ShellExperienceHost_10.0.18362.449_neutral_neutral_cw5n1h2txyewy SID (S-1-15-2-155514346-2573954481-755741238-1654018636-1233331829-3075935687-2861478708). This security permission can be modified using the Component Services administrative tool."
Warning,6/13/2020 10:52:27 AM,Microsoft-Windows-DistributedCOM,10016,None,"The machine-default permission settings do not grant Local Activation permission for the COM Server application with CLSID 
{C2F03A33-21F5-47FA-B4BB-156362A2F239}
 and APPID 
{316CDED5-E4AE-4B15-9113-7055D84DCC97}
 to the user DESKTOP-577B38M\PC SID (S-1-5-21-839496821-663164669-2267191325-1002) from address LocalHost (Using LRPC) running in the application container Microsoft.Windows.ShellExperienceHost_10.0.18362.449_neutral_neutral_cw5n1h2txyewy SID (S-1-15-2-155514346-2573954481-755741238-1654018636-1233331829-3075935687-2861478708). This security permission can be modified using the Component Services administrative tool."
Information,6/13/2020 3:43:38 AM,Service Control Manager,7040,None,The start type of the Background Intelligent Transfer Service service was changed from auto start to demand start.
Information,6/13/2020 3:41:32 AM,Service Control Manager,7040,None,The start type of the Background Intelligent Transfer Service service was changed from demand start to auto start.
Information,6/13/2020 2:10:06 AM,Microsoft-Windows-Kernel-General,1,(5),"The system time has changed to ‎2020‎-‎06‎-‎12T23:10:06.092526800Z from ‎2020‎-‎06‎-‎12T23:10:06.091391900Z.

Change Reason: An application or system component changed the time.
Process: '\Device\HarddiskVolume5\Windows\System32\svchost.exe' (PID 6828)."
Information,6/13/2020 2:10:06 AM,Microsoft-Windows-Time-Service,35,None,"The time service is now synchronizing the system time with the time source time.windows.com,0x9 (ntp.m|0x9|0.0.0.0:123->40.81.188.85:123) with reference id 1438404904. Current local stratum number is 4."
Information,6/13/2020 2:09:51 AM,Microsoft-Windows-Time-Service,37,None,"The time provider NtpClient is currently receiving valid time data from time.windows.com,0x9 (ntp.m|0x9|0.0.0.0:123->40.81.188.85:123)."
Information,6/13/2020 2:09:50 AM,Microsoft-Windows-Time-Service,158,None,The time provider 'VMICTimeProvider' has indicated that the current hardware and operating environment is not supported and has stopped. This behavior is expected for VMICTimeProvider on non-HyperV-guest environments. This may be the expected behavior for the current provider in the current operating environment as well.
Information,6/13/2020 1:36:30 AM,Microsoft-Windows-Kernel-General,15,None,Hive \SystemRoot\System32\config\DRIVERS was reorganized with a starting size of 4796416 bytes and an ending size of 4784128 bytes.
Information,6/13/2020 1:14:05 AM,Service Control Manager,7040,None,The start type of the Background Intelligent Transfer Service service was changed from auto start to demand start.
Information,6/13/2020 1:11:44 AM,Service Control Manager,7040,None,The start type of the Background Intelligent Transfer Service service was changed from demand start to auto start.
Warning,6/13/2020 1:10:44 AM,Microsoft-Windows-DistributedCOM,10016,None,"The application-specific permission settings do not grant Local Activation permission for the COM Server application with CLSID 
{2593F8B9-4EAF-457C-B68A-50F6B8EA6B54}
 and APPID 
{15C20B67-12E7-4BB6-92BB-7AFF07997402}
 to the user DESKTOP-577B38M\PC SID (S-1-5-21-839496821-663164669-2267191325-1002) from address LocalHost (Using LRPC) running in the application container Unavailable SID (Unavailable). This security permission can be modified using the Component Services administrative tool."
Information,6/13/2020 12:12:18 AM,Service Control Manager,7040,None,The start type of the Windows Modules Installer service was changed from auto start to demand start.
Information,6/13/2020 12:10:12 AM,Microsoft-Windows-Kernel-General,15,None,Hive \??\C:\WINDOWS\System32\SMI\Store\Machine\SCHEMA.DAT was reorganized with a starting size of 12353536 bytes and an ending size of 11739136 bytes.
Information,6/13/2020 12:10:11 AM,Microsoft-Windows-Kernel-General,15,None,Hive \??\C:\WINDOWS\System32\config\COMPONENTS was reorganized with a starting size of 46538752 bytes and an ending size of 35569664 bytes.
Information,6/13/2020 12:09:49 AM,Service Control Manager,7040,None,The start type of the Windows Modules Installer service was changed from demand start to auto start.
Information,6/13/2020 12:06:15 AM,Service Control Manager,7040,None,The start type of the Background Intelligent Transfer Service service was changed from auto start to demand start.
Information,6/13/2020 12:04:11 AM,Service Control Manager,7040,None,The start type of the Background Intelligent Transfer Service service was changed from demand start to auto start.
Warning,6/12/2020 10:38:18 PM,Microsoft-Windows-DistributedCOM,10016,None,"The machine-default permission settings do not grant Local Activation permission for the COM Server application with CLSID 
{C2F03A33-21F5-47FA-B4BB-156362A2F239}
 and APPID 
{316CDED5-E4AE-4B15-9113-7055D84DCC97}
 to the user DESKTOP-577B38M\PC SID (S-1-5-21-839496821-663164669-2267191325-1002) from address LocalHost (Using LRPC) running in the application container Microsoft.Windows.ShellExperienceHost_10.0.18362.449_neutral_neutral_cw5n1h2txyewy SID (S-1-15-2-155514346-2573954481-755741238-1654018636-1233331829-3075935687-2861478708). This security permission can be modified using the Component Services administrative tool."
Information,6/12/2020 9:33:41 PM,Service Control Manager,7040,None,The start type of the Background Intelligent Transfer Service service was changed from auto start to demand start.
Information,6/12/2020 9:32:07 PM,Microsoft-Windows-Kernel-General,16,None,The access history in hive \??\C:\Users\PC\AppData\Local\Packages\microsoft.windowscommunicationsapps_8wekyb3d8bbwe\Settings\settings.dat was cleared updating 30 keys and creating 3 modified pages.
Information,6/12/2020 9:31:32 PM,Service Control Manager,7040,None,The start type of the Background Intelligent Transfer Service service was changed from demand start to auto start.
Information,6/12/2020 9:27:17 PM,Service Control Manager,7040,None,The start type of the Background Intelligent Transfer Service service was changed from auto start to demand start.
Information,6/12/2020 9:25:00 PM,Service Control Manager,7040,None,The start type of the Background Intelligent Transfer Service service was changed from demand start to auto start.
Warning,6/12/2020 9:24:00 PM,Microsoft-Windows-DistributedCOM,10016,None,"The application-specific permission settings do not grant Local Activation permission for the COM Server application with CLSID 
{2593F8B9-4EAF-457C-B68A-50F6B8EA6B54}
 and APPID 
{15C20B67-12E7-4BB6-92BB-7AFF07997402}
 to the user DESKTOP-577B38M\PC SID (S-1-5-21-839496821-663164669-2267191325-1002) from address LocalHost (Using LRPC) running in the application container Unavailable SID (Unavailable). This security permission can be modified using the Component Services administrative tool."
Information,6/12/2020 8:25:40 PM,Service Control Manager,7040,None,The start type of the Background Intelligent Transfer Service service was changed from auto start to demand start.
Information,6/12/2020 8:23:19 PM,Service Control Manager,7040,None,The start type of the Background Intelligent Transfer Service service was changed from demand start to auto start.
Warning,6/12/2020 8:22:30 PM,Microsoft-Windows-DistributedCOM,10016,None,"The machine-default permission settings do not grant Local Activation permission for the COM Server application with CLSID 
{C2F03A33-21F5-47FA-B4BB-156362A2F239}
 and APPID 
{316CDED5-E4AE-4B15-9113-7055D84DCC97}
 to the user DESKTOP-577B38M\PC SID (S-1-5-21-839496821-663164669-2267191325-1002) from address LocalHost (Using LRPC) running in the application container Microsoft.Windows.ShellExperienceHost_10.0.18362.449_neutral_neutral_cw5n1h2txyewy SID (S-1-15-2-155514346-2573954481-755741238-1654018636-1233331829-3075935687-2861478708). This security permission can be modified using the Component Services administrative tool."
