Warning,6/4/2020 11:26:51 AM,Microsoft-Windows-DistributedCOM,10016,None,"The application-specific permission settings do not grant Local Activation permission for the COM Server application with CLSID 
{2593F8B9-4EAF-457C-B68A-50F6B8EA6B54}
 and APPID 
{15C20B67-12E7-4BB6-92BB-7AFF07997402}
 to the user DESKTOP-577B38M\PC SID (S-1-5-21-839496821-663164669-2267191325-1002) from address LocalHost (Using LRPC) running in the application container Unavailable SID (Unavailable). This security permission can be modified using the Component Services administrative tool."
Information,6/4/2020 7:57:04 AM,Microsoft-Windows-WindowsUpdateClient,19,Windows Update Agent,Installation Successful: Windows successfully installed the following update: Security Intelligence Update for Microsoft Defender Antivirus - KB2267602 (Version 1.317.589.0)
Information,6/4/2020 7:56:52 AM,Microsoft-Windows-WindowsUpdateClient,43,Windows Update Agent,Installation Started: Windows has started installing the following update: Security Intelligence Update for Microsoft Defender Antivirus - KB2267602 (Version 1.317.589.0)
Information,6/4/2020 7:46:50 AM,Microsoft-Windows-WindowsUpdateClient,19,Windows Update Agent,Installation Successful: Windows successfully installed the following update: Update for Microsoft Defender Antivirus antimalware platform - KB4052623 (Version 4.18.2005.5)
Information,6/4/2020 7:46:37 AM,Microsoft-Windows-FilterManager,6,None,"File System Filter 'WdFilter' (10.0, ‎2035‎-‎03‎-‎13T00:12:34.000000000Z) has successfully loaded and registered with Filter Manager."
Information,6/4/2020 7:46:32 AM,Microsoft-Windows-FilterManager,1,None,"File System Filter 'WdFilter' (Version 10.0, ‎2040‎-‎12‎-‎27T02:32:17.000000000Z) unloaded successfully."
Information,6/4/2020 7:46:29 AM,Microsoft-Windows-WindowsUpdateClient,43,Windows Update Agent,Installation Started: Windows has started installing the following update: Update for Microsoft Defender Antivirus antimalware platform - KB4052623 (Version 4.18.2005.5)
Information,6/4/2020 7:46:29 AM,Microsoft-Windows-WindowsUpdateClient,44,Windows Update Agent,Windows Update started downloading an update.
Information,6/4/2020 7:46:18 AM,Microsoft-Windows-WindowsUpdateClient,44,Windows Update Agent,Windows Update started downloading an update.
Warning,6/4/2020 7:41:42 AM,Microsoft-Windows-Kernel-Processor-Power,37,(7),The speed of processor 2 in group 0 is being limited by system firmware. The processor has been in this reduced performance state for 86398 seconds since the last report.
Warning,6/4/2020 7:41:42 AM,Microsoft-Windows-Kernel-Processor-Power,37,(7),The speed of processor 1 in group 0 is being limited by system firmware. The processor has been in this reduced performance state for 86398 seconds since the last report.
Warning,6/4/2020 7:41:42 AM,Microsoft-Windows-Kernel-Processor-Power,37,(7),The speed of processor 3 in group 0 is being limited by system firmware. The processor has been in this reduced performance state for 86398 seconds since the last report.
Warning,6/4/2020 7:41:42 AM,Microsoft-Windows-Kernel-Processor-Power,37,(7),The speed of processor 0 in group 0 is being limited by system firmware. The processor has been in this reduced performance state for 86398 seconds since the last report.
Information,6/4/2020 3:51:04 AM,Service Control Manager,7040,None,The start type of the Background Intelligent Transfer Service service was changed from auto start to demand start.
Information,6/4/2020 3:48:52 AM,Service Control Manager,7040,None,The start type of the Background Intelligent Transfer Service service was changed from demand start to auto start.
Warning,6/4/2020 3:47:52 AM,Microsoft-Windows-DistributedCOM,10016,None,"The application-specific permission settings do not grant Local Activation permission for the COM Server application with CLSID 
{2593F8B9-4EAF-457C-B68A-50F6B8EA6B54}
 and APPID 
{15C20B67-12E7-4BB6-92BB-7AFF07997402}
 to the user DESKTOP-577B38M\PC SID (S-1-5-21-839496821-663164669-2267191325-1002) from address LocalHost (Using LRPC) running in the application container Unavailable SID (Unavailable). This security permission can be modified using the Component Services administrative tool."
Information,6/4/2020 2:21:14 AM,Service Control Manager,7040,None,The start type of the Background Intelligent Transfer Service service was changed from auto start to demand start.
Information,6/4/2020 2:19:08 AM,Service Control Manager,7040,None,The start type of the Background Intelligent Transfer Service service was changed from demand start to auto start.
Warning,6/4/2020 2:10:02 AM,Microsoft-Windows-DistributedCOM,10016,None,"The application-specific permission settings do not grant Local Activation permission for the COM Server application with CLSID 
{2593F8B9-4EAF-457C-B68A-50F6B8EA6B54}
 and APPID 
{15C20B67-12E7-4BB6-92BB-7AFF07997402}
 to the user DESKTOP-577B38M\PC SID (S-1-5-21-839496821-663164669-2267191325-1002) from address LocalHost (Using LRPC) running in the application container Unavailable SID (Unavailable). This security permission can be modified using the Component Services administrative tool."
Warning,6/4/2020 2:08:00 AM,Microsoft-Windows-DistributedCOM,10016,None,"The application-specific permission settings do not grant Local Activation permission for the COM Server application with CLSID 
{2593F8B9-4EAF-457C-B68A-50F6B8EA6B54}
 and APPID 
{15C20B67-12E7-4BB6-92BB-7AFF07997402}
 to the user DESKTOP-577B38M\PC SID (S-1-5-21-839496821-663164669-2267191325-1002) from address LocalHost (Using LRPC) running in the application container Unavailable SID (Unavailable). This security permission can be modified using the Component Services administrative tool."
Information,6/4/2020 1:11:49 AM,Service Control Manager,7040,None,The start type of the Background Intelligent Transfer Service service was changed from auto start to demand start.
Information,6/4/2020 1:09:37 AM,Service Control Manager,7040,None,The start type of the Background Intelligent Transfer Service service was changed from demand start to auto start.
Warning,6/4/2020 1:08:37 AM,Microsoft-Windows-DistributedCOM,10016,None,"The application-specific permission settings do not grant Local Activation permission for the COM Server application with CLSID 
{2593F8B9-4EAF-457C-B68A-50F6B8EA6B54}
 and APPID 
{15C20B67-12E7-4BB6-92BB-7AFF07997402}
 to the user DESKTOP-577B38M\PC SID (S-1-5-21-839496821-663164669-2267191325-1002) from address LocalHost (Using LRPC) running in the application container Unavailable SID (Unavailable). This security permission can be modified using the Component Services administrative tool."
Information,6/4/2020 12:12:07 AM,Service Control Manager,7040,None,The start type of the Background Intelligent Transfer Service service was changed from auto start to demand start.
Information,6/4/2020 12:10:03 AM,Service Control Manager,7040,None,The start type of the Background Intelligent Transfer Service service was changed from demand start to auto start.
Information,6/3/2020 11:50:39 PM,Service Control Manager,7040,None,The start type of the Background Intelligent Transfer Service service was changed from auto start to demand start.
Information,6/3/2020 11:48:18 PM,Service Control Manager,7040,None,The start type of the Background Intelligent Transfer Service service was changed from demand start to auto start.
Warning,6/3/2020 11:47:18 PM,Microsoft-Windows-DistributedCOM,10016,None,"The application-specific permission settings do not grant Local Activation permission for the COM Server application with CLSID 
{2593F8B9-4EAF-457C-B68A-50F6B8EA6B54}
 and APPID 
{15C20B67-12E7-4BB6-92BB-7AFF07997402}
 to the user DESKTOP-577B38M\PC SID (S-1-5-21-839496821-663164669-2267191325-1002) from address LocalHost (Using LRPC) running in the application container Unavailable SID (Unavailable). This security permission can be modified using the Component Services administrative tool."
Warning,6/3/2020 11:21:01 PM,Microsoft-Windows-DistributedCOM,10016,None,"The application-specific permission settings do not grant Local Activation permission for the COM Server application with CLSID 
{2593F8B9-4EAF-457C-B68A-50F6B8EA6B54}
 and APPID 
{15C20B67-12E7-4BB6-92BB-7AFF07997402}
 to the user DESKTOP-577B38M\PC SID (S-1-5-21-839496821-663164669-2267191325-1002) from address LocalHost (Using LRPC) running in the application container Unavailable SID (Unavailable). This security permission can be modified using the Component Services administrative tool."
Information,6/3/2020 10:07:53 PM,Service Control Manager,7040,None,The start type of the Background Intelligent Transfer Service service was changed from auto start to demand start.
Information,6/3/2020 10:05:24 PM,Service Control Manager,7040,None,The start type of the Background Intelligent Transfer Service service was changed from demand start to auto start.
Warning,6/3/2020 10:04:32 PM,Microsoft-Windows-DistributedCOM,10016,None,"The machine-default permission settings do not grant Local Activation permission for the COM Server application with CLSID 
{C2F03A33-21F5-47FA-B4BB-156362A2F239}
 and APPID 
{316CDED5-E4AE-4B15-9113-7055D84DCC97}
 to the user DESKTOP-577B38M\PC SID (S-1-5-21-839496821-663164669-2267191325-1002) from address LocalHost (Using LRPC) running in the application container Microsoft.Windows.ShellExperienceHost_10.0.18362.449_neutral_neutral_cw5n1h2txyewy SID (S-1-15-2-155514346-2573954481-755741238-1654018636-1233331829-3075935687-2861478708). This security permission can be modified using the Component Services administrative tool."
Warning,6/3/2020 10:04:24 PM,Microsoft-Windows-DistributedCOM,10016,None,"The application-specific permission settings do not grant Local Activation permission for the COM Server application with CLSID 
{2593F8B9-4EAF-457C-B68A-50F6B8EA6B54}
 and APPID 
{15C20B67-12E7-4BB6-92BB-7AFF07997402}
 to the user DESKTOP-577B38M\PC SID (S-1-5-21-839496821-663164669-2267191325-1002) from address LocalHost (Using LRPC) running in the application container Unavailable SID (Unavailable). This security permission can be modified using the Component Services administrative tool."
Information,6/3/2020 3:22:40 PM,Microsoft-Windows-WindowsUpdateClient,19,Windows Update Agent,Installation Successful: Windows successfully installed the following update: Security Intelligence Update for Microsoft Defender Antivirus - KB2267602 (Version 1.317.535.0)
Information,6/3/2020 3:22:28 PM,Microsoft-Windows-WindowsUpdateClient,43,Windows Update Agent,Installation Started: Windows has started installing the following update: Security Intelligence Update for Microsoft Defender Antivirus - KB2267602 (Version 1.317.535.0)
Information,6/3/2020 3:22:28 PM,Microsoft-Windows-WindowsUpdateClient,44,Windows Update Agent,Windows Update started downloading an update.
Information,6/3/2020 12:00:00 PM,EventLog,6013,None,The system uptime is 942411 seconds.
Warning,6/3/2020 11:04:14 AM,Microsoft-Windows-DistributedCOM,10016,None,"The application-specific permission settings do not grant Local Activation permission for the COM Server application with CLSID 
{2593F8B9-4EAF-457C-B68A-50F6B8EA6B54}
 and APPID 
{15C20B67-12E7-4BB6-92BB-7AFF07997402}
 to the user DESKTOP-577B38M\PC SID (S-1-5-21-839496821-663164669-2267191325-1002) from address LocalHost (Using LRPC) running in the application container Unavailable SID (Unavailable). This security permission can be modified using the Component Services administrative tool."
Warning,6/3/2020 10:34:03 AM,Microsoft-Windows-DistributedCOM,10016,None,"The application-specific permission settings do not grant Local Activation permission for the COM Server application with CLSID 
{2593F8B9-4EAF-457C-B68A-50F6B8EA6B54}
 and APPID 
{15C20B67-12E7-4BB6-92BB-7AFF07997402}
 to the user DESKTOP-577B38M\PC SID (S-1-5-21-839496821-663164669-2267191325-1002) from address LocalHost (Using LRPC) running in the application container Unavailable SID (Unavailable). This security permission can be modified using the Component Services administrative tool."
Information,6/3/2020 10:29:54 AM,Microsoft-Windows-Kernel-General,1,(5),"The system time has changed to ‎2020‎-‎06‎-‎03T07:29:54.589766900Z from ‎2020‎-‎06‎-‎03T07:29:54.588308200Z.

Change Reason: An application or system component changed the time.
Process: '\Device\HarddiskVolume5\Windows\System32\svchost.exe' (PID 8016)."
Information,6/3/2020 10:29:54 AM,Microsoft-Windows-Kernel-General,1,(5),"The system time has changed to ‎2020‎-‎06‎-‎03T07:29:54.588308200Z from ‎2020‎-‎06‎-‎03T07:29:54.586130300Z.

Change Reason: An application or system component changed the time.
Process: '\Device\HarddiskVolume5\Windows\System32\svchost.exe' (PID 8016)."
Information,6/3/2020 10:29:54 AM,Microsoft-Windows-Time-Service,35,None,"The time service is now synchronizing the system time with the time source time.windows.com,0x9 (ntp.m|0x9|0.0.0.0:123->40.81.94.65:123) with reference id 1096700200. Current local stratum number is 4."
Information,6/3/2020 10:29:54 AM,Microsoft-Windows-Kernel-General,1,(5),"The system time has changed to ‎2020‎-‎06‎-‎03T07:29:54.586130300Z from ‎2020‎-‎06‎-‎03T07:29:55.937618400Z.

Change Reason: An application or system component changed the time.
Process: '\Device\HarddiskVolume5\Windows\System32\svchost.exe' (PID 8016)."
Information,6/3/2020 10:29:41 AM,Microsoft-Windows-Time-Service,37,None,"The time provider NtpClient is currently receiving valid time data from time.windows.com,0x9 (ntp.m|0x9|0.0.0.0:123->40.81.94.65:123)."
Information,6/3/2020 10:29:39 AM,Microsoft-Windows-Time-Service,158,None,The time provider 'VMICTimeProvider' has indicated that the current hardware and operating environment is not supported and has stopped. This behavior is expected for VMICTimeProvider on non-HyperV-guest environments. This may be the expected behavior for the current provider in the current operating environment as well.
Information,6/3/2020 10:01:23 AM,Service Control Manager,7040,None,The start type of the Background Intelligent Transfer Service service was changed from auto start to demand start.
Information,6/3/2020 9:59:07 AM,Service Control Manager,7040,None,The start type of the Background Intelligent Transfer Service service was changed from demand start to auto start.
Warning,6/3/2020 9:58:07 AM,Microsoft-Windows-DistributedCOM,10016,None,"The application-specific permission settings do not grant Local Activation permission for the COM Server application with CLSID 
{2593F8B9-4EAF-457C-B68A-50F6B8EA6B54}
 and APPID 
{15C20B67-12E7-4BB6-92BB-7AFF07997402}
 to the user DESKTOP-577B38M\PC SID (S-1-5-21-839496821-663164669-2267191325-1002) from address LocalHost (Using LRPC) running in the application container Unavailable SID (Unavailable). This security permission can be modified using the Component Services administrative tool."
Information,6/3/2020 7:46:26 AM,Microsoft-Windows-WindowsUpdateClient,19,Windows Update Agent,Installation Successful: Windows successfully installed the following update: Security Intelligence Update for Microsoft Defender Antivirus - KB2267602 (Version 1.317.516.0)
Information,6/3/2020 7:46:15 AM,Microsoft-Windows-WindowsUpdateClient,43,Windows Update Agent,Installation Started: Windows has started installing the following update: Security Intelligence Update for Microsoft Defender Antivirus - KB2267602 (Version 1.317.516.0)
Information,6/3/2020 7:46:10 AM,Microsoft-Windows-WindowsUpdateClient,44,Windows Update Agent,Windows Update started downloading an update.
Warning,6/3/2020 7:41:43 AM,Microsoft-Windows-Kernel-Processor-Power,37,(7),The speed of processor 3 in group 0 is being limited by system firmware. The processor has been in this reduced performance state for 86398 seconds since the last report.
Warning,6/3/2020 7:41:43 AM,Microsoft-Windows-Kernel-Processor-Power,37,(7),The speed of processor 1 in group 0 is being limited by system firmware. The processor has been in this reduced performance state for 86398 seconds since the last report.
Warning,6/3/2020 7:41:43 AM,Microsoft-Windows-Kernel-Processor-Power,37,(7),The speed of processor 2 in group 0 is being limited by system firmware. The processor has been in this reduced performance state for 86398 seconds since the last report.
Warning,6/3/2020 7:41:43 AM,Microsoft-Windows-Kernel-Processor-Power,37,(7),The speed of processor 0 in group 0 is being limited by system firmware. The processor has been in this reduced performance state for 86398 seconds since the last report.
Information,6/3/2020 6:47:29 AM,Service Control Manager,7040,None,The start type of the Background Intelligent Transfer Service service was changed from auto start to demand start.
Information,6/3/2020 6:45:24 AM,Service Control Manager,7040,None,The start type of the Background Intelligent Transfer Service service was changed from demand start to auto start.
Information,6/3/2020 12:42:30 AM,Service Control Manager,7040,None,The start type of the Background Intelligent Transfer Service service was changed from auto start to demand start.
Information,6/3/2020 12:40:26 AM,Service Control Manager,7040,None,The start type of the Background Intelligent Transfer Service service was changed from demand start to auto start.
Warning,6/3/2020 12:34:09 AM,Microsoft-Windows-DistributedCOM,10016,None,"The application-specific permission settings do not grant Local Activation permission for the COM Server application with CLSID 
{2593F8B9-4EAF-457C-B68A-50F6B8EA6B54}
 and APPID 
{15C20B67-12E7-4BB6-92BB-7AFF07997402}
 to the user DESKTOP-577B38M\PC SID (S-1-5-21-839496821-663164669-2267191325-1002) from address LocalHost (Using LRPC) running in the application container Unavailable SID (Unavailable). This security permission can be modified using the Component Services administrative tool."
Information,6/3/2020 12:25:00 AM,Service Control Manager,7040,None,The start type of the Background Intelligent Transfer Service service was changed from auto start to demand start.
Information,6/3/2020 12:22:55 AM,Service Control Manager,7040,None,The start type of the Background Intelligent Transfer Service service was changed from demand start to auto start.
Information,6/2/2020 11:39:00 PM,Service Control Manager,7040,None,The start type of the Background Intelligent Transfer Service service was changed from auto start to demand start.
Information,6/2/2020 11:36:36 PM,Service Control Manager,7040,None,The start type of the Background Intelligent Transfer Service service was changed from demand start to auto start.
Warning,6/2/2020 11:35:36 PM,Microsoft-Windows-DistributedCOM,10016,None,"The application-specific permission settings do not grant Local Activation permission for the COM Server application with CLSID 
{2593F8B9-4EAF-457C-B68A-50F6B8EA6B54}
 and APPID 
{15C20B67-12E7-4BB6-92BB-7AFF07997402}
 to the user DESKTOP-577B38M\PC SID (S-1-5-21-839496821-663164669-2267191325-1002) from address LocalHost (Using LRPC) running in the application container Unavailable SID (Unavailable). This security permission can be modified using the Component Services administrative tool."
Warning,6/2/2020 10:49:56 PM,Microsoft-Windows-DistributedCOM,10016,None,"The application-specific permission settings do not grant Local Activation permission for the COM Server application with CLSID 
{2593F8B9-4EAF-457C-B68A-50F6B8EA6B54}
 and APPID 
{15C20B67-12E7-4BB6-92BB-7AFF07997402}
 to the user DESKTOP-577B38M\PC SID (S-1-5-21-839496821-663164669-2267191325-1002) from address LocalHost (Using LRPC) running in the application container Unavailable SID (Unavailable). This security permission can be modified using the Component Services administrative tool."
Warning,6/2/2020 9:59:00 PM,Microsoft-Windows-DistributedCOM,10016,None,"The application-specific permission settings do not grant Local Activation permission for the COM Server application with CLSID 
{2593F8B9-4EAF-457C-B68A-50F6B8EA6B54}
 and APPID 
{15C20B67-12E7-4BB6-92BB-7AFF07997402}
 to the user DESKTOP-577B38M\PC SID (S-1-5-21-839496821-663164669-2267191325-1002) from address LocalHost (Using LRPC) running in the application container Unavailable SID (Unavailable). This security permission can be modified using the Component Services administrative tool."
Information,6/2/2020 7:48:27 PM,Service Control Manager,7040,None,The start type of the Background Intelligent Transfer Service service was changed from auto start to demand start.
Information,6/2/2020 7:46:11 PM,Service Control Manager,7040,None,The start type of the Background Intelligent Transfer Service service was changed from demand start to auto start.
Warning,6/2/2020 7:45:10 PM,Microsoft-Windows-DistributedCOM,10016,None,"The application-specific permission settings do not grant Local Activation permission for the COM Server application with CLSID 
{2593F8B9-4EAF-457C-B68A-50F6B8EA6B54}
 and APPID 
{15C20B67-12E7-4BB6-92BB-7AFF07997402}
 to the user DESKTOP-577B38M\PC SID (S-1-5-21-839496821-663164669-2267191325-1002) from address LocalHost (Using LRPC) running in the application container Unavailable SID (Unavailable). This security permission can be modified using the Component Services administrative tool."
Information,6/2/2020 7:42:22 PM,Microsoft-Windows-WindowsUpdateClient,19,Windows Update Agent,Installation Successful: Windows successfully installed the following update: 9PLK42WD0RC0-Microsoft.Photos.MediaEngineDLC
Information,6/2/2020 7:42:22 PM,Microsoft-Windows-WindowsUpdateClient,43,Windows Update Agent,Installation Started: Windows has started installing the following update: 9PLK42WD0RC0-Microsoft.Photos.MediaEngineDLC
Warning,6/2/2020 7:42:18 PM,Microsoft-Windows-DistributedCOM,10016,None,"The machine-default permission settings do not grant Local Activation permission for the COM Server application with CLSID 
{C2F03A33-21F5-47FA-B4BB-156362A2F239}
 and APPID 
{316CDED5-E4AE-4B15-9113-7055D84DCC97}
 to the user DESKTOP-577B38M\PC SID (S-1-5-21-839496821-663164669-2267191325-1002) from address LocalHost (Using LRPC) running in the application container Microsoft.Windows.ShellExperienceHost_10.0.18362.449_neutral_neutral_cw5n1h2txyewy SID (S-1-15-2-155514346-2573954481-755741238-1654018636-1233331829-3075935687-2861478708). This security permission can be modified using the Component Services administrative tool."
Information,6/2/2020 7:42:17 PM,Microsoft-Windows-Kernel-General,16,None,The access history in hive \??\C:\ProgramData\Microsoft\Windows\AppRepository\Packages\Microsoft.Photos.MediaEngineDLC_1.0.0.0_x64__8wekyb3d8bbwe\ActivationStore.dat was cleared updating 0 keys and creating 0 modified pages.
Warning,6/2/2020 7:42:06 PM,Microsoft-Windows-DistributedCOM,10016,None,"The machine-default permission settings do not grant Local Activation permission for the COM Server application with CLSID 
{C2F03A33-21F5-47FA-B4BB-156362A2F239}
 and APPID 
{316CDED5-E4AE-4B15-9113-7055D84DCC97}
 to the user DESKTOP-577B38M\PC SID (S-1-5-21-839496821-663164669-2267191325-1002) from address LocalHost (Using LRPC) running in the application container Microsoft.Windows.ShellExperienceHost_10.0.18362.449_neutral_neutral_cw5n1h2txyewy SID (S-1-15-2-155514346-2573954481-755741238-1654018636-1233331829-3075935687-2861478708). This security permission can be modified using the Component Services administrative tool."
Information,6/2/2020 7:42:00 PM,Microsoft-Windows-WindowsUpdateClient,19,Windows Update Agent,"Installation Successful: Windows successfully installed the following update: Apple, Inc. - USBDevice - 5/7/2018 12:00:00 AM - 423.36"
Information,6/2/2020 7:41:55 PM,Microsoft-Windows-UserPnp,20001,(7005),Driver Management concluded the process to install driver wpdmtp.inf_amd64_751f85d39be0f529 for Device Instance ID USB\VID_05AC&PID_12A8&MI_00\7&D6DFE96&0&0000 with the following status: 0x0.
Information,6/2/2020 7:41:55 PM,Microsoft-Windows-UserPnp,20003,(7005),Driver Management has concluded the process to add Service WinUsb for Device Instance ID USB\VID_05AC&PID_12A8&MI_00\7&D6DFE96&0&0000 with the following status: 0.
Information,6/2/2020 7:41:55 PM,Microsoft-Windows-UserPnp,20003,(7005),Driver Management has concluded the process to add Service WUDFWpdMtp for Device Instance ID USB\VID_05AC&PID_12A8&MI_00\7&D6DFE96&0&0000 with the following status: 0.
Information,6/2/2020 7:41:55 PM,Microsoft-Windows-DriverFrameworks-UserMode,10100,Installation or update of device drivers.,The driver package installation has succeeded.
Information,6/2/2020 7:41:55 PM,Microsoft-Windows-DriverFrameworks-UserMode,10002,Installation or update of device drivers.,The UMDF service WpdMtpDriver (CLSID {aaae762b-a6a2-4c45-b5d8-9a83afb6bb70}) was upgraded.  It requires framework version 2.29.0 or higher.
Information,6/2/2020 7:41:55 PM,Microsoft-Windows-DriverFrameworks-UserMode,10000,Installation or update of device drivers.,A driver package which uses user-mode driver framework version 2.29.0 is being installed on device USB\VID_05AC&PID_12A8&MI_00\7&D6DFE96&0&0000.
Information,6/2/2020 7:41:54 PM,Microsoft-Windows-UserPnp,20001,(7005),Driver Management concluded the process to install driver appleusb.inf_amd64_b73ae12bc4ddf3c8 for Device Instance ID USB\VID_05AC&PID_12A8\00008020001C74A40A02002E with the following status: 0x0.
Information,6/2/2020 7:41:55 PM,Microsoft-Windows-WPDClassInstaller,24578,Driver Post-Install Configuration,Autoplay was successfully registered for device USB\VID_05AC&PID_12A8&REV_1102&MI_00.
Information,6/2/2020 7:41:55 PM,Microsoft-Windows-WPDClassInstaller,24577,Driver Post-Install Configuration,"Media player and imaging program compatibility layers were successfully registered for device USB\VID_05AC&PID_12A8&REV_1102&MI_00. Layer bits 0x00000003 were requested, layer bits 0x00000003 were registered."
Information,6/2/2020 7:41:55 PM,Microsoft-Windows-WPDClassInstaller,24576,Driver Installation,Drivers were successfully installed for device USB\VID_05AC&PID_12A8&REV_1102&MI_00.
Information,6/2/2020 7:41:53 PM,Microsoft-Windows-WindowsUpdateClient,43,Windows Update Agent,"Installation Started: Windows has started installing the following update: Apple, Inc. - USBDevice - 5/7/2018 12:00:00 AM - 423.36"
Information,6/2/2020 7:41:53 PM,Microsoft-Windows-WindowsUpdateClient,44,Windows Update Agent,Windows Update started downloading an update.
Information,6/2/2020 7:41:53 PM,Microsoft-Windows-WindowsUpdateClient,44,Windows Update Agent,Windows Update started downloading an update.
Information,6/2/2020 7:41:52 PM,Service Control Manager,7045,None,"A service was installed in the system.

Service Name:  Apple Lower Filter Driver
Service File Name:  \SystemRoot\System32\drivers\AppleLowerFilter.sys
Service Type:  kernel mode driver
Service Start Type:  demand start
Service Account:  "
Warning,6/2/2020 7:41:41 PM,Microsoft-Windows-DistributedCOM,10016,None,"The machine-default permission settings do not grant Local Activation permission for the COM Server application with CLSID 
{C2F03A33-21F5-47FA-B4BB-156362A2F239}
 and APPID 
{316CDED5-E4AE-4B15-9113-7055D84DCC97}
 to the user DESKTOP-577B38M\PC SID (S-1-5-21-839496821-663164669-2267191325-1002) from address LocalHost (Using LRPC) running in the application container Microsoft.Windows.ShellExperienceHost_10.0.18362.449_neutral_neutral_cw5n1h2txyewy SID (S-1-15-2-155514346-2573954481-755741238-1654018636-1233331829-3075935687-2861478708). This security permission can be modified using the Component Services administrative tool."
Warning,6/2/2020 7:41:36 PM,Microsoft-Windows-DistributedCOM,10016,None,"The machine-default permission settings do not grant Local Activation permission for the COM Server application with CLSID 
{C2F03A33-21F5-47FA-B4BB-156362A2F239}
 and APPID 
{316CDED5-E4AE-4B15-9113-7055D84DCC97}
 to the user DESKTOP-577B38M\PC SID (S-1-5-21-839496821-663164669-2267191325-1002) from address LocalHost (Using LRPC) running in the application container Microsoft.Windows.ShellExperienceHost_10.0.18362.449_neutral_neutral_cw5n1h2txyewy SID (S-1-15-2-155514346-2573954481-755741238-1654018636-1233331829-3075935687-2861478708). This security permission can be modified using the Component Services administrative tool."
Information,6/2/2020 7:41:36 PM,Microsoft-Windows-UserPnp,20001,(7005),Driver Management concluded the process to install driver wpdmtp.inf_amd64_751f85d39be0f529 for Device Instance ID USB\VID_05AC&PID_12A8\00008020001C74A40A02002E with the following status: 0x0.
Information,6/2/2020 7:41:35 PM,Service Control Manager,7040,None,The start type of the Windows Image Acquisition (WIA) service was changed from demand start to auto start.
Information,6/2/2020 7:41:35 PM,Microsoft-Windows-WPDClassInstaller,24578,Driver Post-Install Configuration,Autoplay was successfully registered for device USB\VID_05AC&PID_12A8&REV_1102.
Information,6/2/2020 7:41:35 PM,Microsoft-Windows-WPDClassInstaller,24577,Driver Post-Install Configuration,"Media player and imaging program compatibility layers were successfully registered for device USB\VID_05AC&PID_12A8&REV_1102. Layer bits 0x00000001 were requested, layer bits 0x00000001 were registered."
Information,6/2/2020 7:41:35 PM,Microsoft-Windows-UserPnp,20003,(7005),Driver Management has concluded the process to add Service WinUsb for Device Instance ID USB\VID_05AC&PID_12A8\00008020001C74A40A02002E with the following status: 0.
Information,6/2/2020 7:41:34 PM,Microsoft-Windows-UserPnp,20003,(7005),Driver Management has concluded the process to add Service WUDFWpdMtp for Device Instance ID USB\VID_05AC&PID_12A8\00008020001C74A40A02002E with the following status: 0.
Information,6/2/2020 7:41:34 PM,Service Control Manager,7045,None,"A service was installed in the system.

Service Name:  WUDFWpdMtp
Service File Name:  \SystemRoot\system32\DRIVERS\WUDFRd.sys
Service Type:  kernel mode driver
Service Start Type:  demand start
Service Account:  "
Information,6/2/2020 7:41:34 PM,Microsoft-Windows-DriverFrameworks-UserMode,10100,Installation or update of device drivers.,The driver package installation has succeeded.
Information,6/2/2020 7:41:34 PM,Microsoft-Windows-DriverFrameworks-UserMode,10001,Installation or update of device drivers.,The UMDF service WpdMtpDriver (CLSID {aaae762b-a6a2-4c45-b5d8-9a83afb6bb70}) was installed.  It requires framework version 2.29.0 or higher.
Information,6/2/2020 7:41:34 PM,Microsoft-Windows-DriverFrameworks-UserMode,10000,Installation or update of device drivers.,A driver package which uses user-mode driver framework version 2.29.0 is being installed on device USB\VID_05AC&PID_12A8\00008020001C74A40A02002E.
Information,6/2/2020 7:41:35 PM,Microsoft-Windows-WPDClassInstaller,24576,Driver Installation,Drivers were successfully installed for device USB\VID_05AC&PID_12A8&REV_1102.
Warning,6/2/2020 7:41:11 PM,Microsoft-Windows-DistributedCOM,10016,None,"The application-specific permission settings do not grant Local Activation permission for the COM Server application with CLSID 
{2593F8B9-4EAF-457C-B68A-50F6B8EA6B54}
 and APPID 
{15C20B67-12E7-4BB6-92BB-7AFF07997402}
 to the user DESKTOP-577B38M\PC SID (S-1-5-21-839496821-663164669-2267191325-1002) from address LocalHost (Using LRPC) running in the application container Unavailable SID (Unavailable). This security permission can be modified using the Component Services administrative tool."
Warning,6/2/2020 5:41:03 PM,Microsoft-Windows-DistributedCOM,10016,None,"The application-specific permission settings do not grant Local Activation permission for the COM Server application with CLSID 
{2593F8B9-4EAF-457C-B68A-50F6B8EA6B54}
 and APPID 
{15C20B67-12E7-4BB6-92BB-7AFF07997402}
 to the user DESKTOP-577B38M\PC SID (S-1-5-21-839496821-663164669-2267191325-1002) from address LocalHost (Using LRPC) running in the application container Unavailable SID (Unavailable). This security permission can be modified using the Component Services administrative tool."
Information,6/2/2020 5:04:09 PM,Microsoft-Windows-WindowsUpdateClient,19,Windows Update Agent,Installation Successful: Windows successfully installed the following update: Security Intelligence Update for Microsoft Defender Antivirus - KB2267602 (Version 1.317.467.0)
Information,6/2/2020 5:03:58 PM,Microsoft-Windows-WindowsUpdateClient,43,Windows Update Agent,Installation Started: Windows has started installing the following update: Security Intelligence Update for Microsoft Defender Antivirus - KB2267602 (Version 1.317.467.0)
Information,6/2/2020 5:03:58 PM,Microsoft-Windows-WindowsUpdateClient,44,Windows Update Agent,Windows Update started downloading an update.
Information,6/2/2020 4:05:25 PM,Microsoft-Windows-Kernel-General,16,None,The access history in hive \??\C:\Users\PC\AppData\Local\Packages\Microsoft.MicrosoftEdge_8wekyb3d8bbwe\Settings\settings.dat was cleared updating 4 keys and creating 1 modified pages.
Warning,6/2/2020 3:49:24 PM,Microsoft-Windows-DistributedCOM,10016,None,"The application-specific permission settings do not grant Local Activation permission for the COM Server application with CLSID 
{2593F8B9-4EAF-457C-B68A-50F6B8EA6B54}
 and APPID 
{15C20B67-12E7-4BB6-92BB-7AFF07997402}
 to the user DESKTOP-577B38M\PC SID (S-1-5-21-839496821-663164669-2267191325-1002) from address LocalHost (Using LRPC) running in the application container Unavailable SID (Unavailable). This security permission can be modified using the Component Services administrative tool."
Warning,6/2/2020 3:43:03 PM,Microsoft-Windows-DistributedCOM,10016,None,"The application-specific permission settings do not grant Local Activation permission for the COM Server application with CLSID 
{2593F8B9-4EAF-457C-B68A-50F6B8EA6B54}
 and APPID 
{15C20B67-12E7-4BB6-92BB-7AFF07997402}
 to the user DESKTOP-577B38M\PC SID (S-1-5-21-839496821-663164669-2267191325-1002) from address LocalHost (Using LRPC) running in the application container Unavailable SID (Unavailable). This security permission can be modified using the Component Services administrative tool."
Information,6/2/2020 2:51:00 PM,Service Control Manager,7040,None,The start type of the Background Intelligent Transfer Service service was changed from auto start to demand start.
Information,6/2/2020 2:48:40 PM,Service Control Manager,7040,None,The start type of the Background Intelligent Transfer Service service was changed from demand start to auto start.
Warning,6/2/2020 2:47:39 PM,Microsoft-Windows-DistributedCOM,10016,None,"The application-specific permission settings do not grant Local Activation permission for the COM Server application with CLSID 
{2593F8B9-4EAF-457C-B68A-50F6B8EA6B54}
 and APPID 
{15C20B67-12E7-4BB6-92BB-7AFF07997402}
 to the user DESKTOP-577B38M\PC SID (S-1-5-21-839496821-663164669-2267191325-1002) from address LocalHost (Using LRPC) running in the application container Unavailable SID (Unavailable). This security permission can be modified using the Component Services administrative tool."
Warning,6/2/2020 2:47:20 PM,Microsoft-Windows-DistributedCOM,10016,None,"The application-specific permission settings do not grant Local Activation permission for the COM Server application with CLSID 
{2593F8B9-4EAF-457C-B68A-50F6B8EA6B54}
 and APPID 
{15C20B67-12E7-4BB6-92BB-7AFF07997402}
 to the user DESKTOP-577B38M\PC SID (S-1-5-21-839496821-663164669-2267191325-1002) from address LocalHost (Using LRPC) running in the application container Unavailable SID (Unavailable). This security permission can be modified using the Component Services administrative tool."
Information,6/2/2020 12:00:00 PM,EventLog,6013,None,The system uptime is 856009 seconds.
Information,6/2/2020 8:14:10 AM,Microsoft-Windows-Kernel-General,1,(5),"The system time has changed to ‎2020‎-‎06‎-‎02T05:14:10.167342400Z from ‎2020‎-‎06‎-‎02T05:14:10.166467600Z.

Change Reason: An application or system component changed the time.
Process: '\Device\HarddiskVolume5\Windows\System32\svchost.exe' (PID 11932)."
Information,6/2/2020 8:14:10 AM,Microsoft-Windows-Kernel-General,1,(5),"The system time has changed to ‎2020‎-‎06‎-‎02T05:14:10.166467600Z from ‎2020‎-‎06‎-‎02T05:14:10.165818700Z.

Change Reason: An application or system component changed the time.
Process: '\Device\HarddiskVolume5\Windows\System32\svchost.exe' (PID 11932)."
Information,6/2/2020 8:14:10 AM,Microsoft-Windows-Time-Service,35,None,"The time service is now synchronizing the system time with the time source time.windows.com,0x9 (ntp.m|0x9|0.0.0.0:123->40.81.188.85:123) with reference id 1438404904. Current local stratum number is 4."
Information,6/2/2020 8:14:10 AM,Microsoft-Windows-Kernel-General,1,(5),"The system time has changed to ‎2020‎-‎06‎-‎02T05:14:10.165818700Z from ‎2020‎-‎06‎-‎02T05:14:11.305429100Z.

Change Reason: An application or system component changed the time.
Process: '\Device\HarddiskVolume5\Windows\System32\svchost.exe' (PID 11932)."
Information,6/2/2020 8:13:57 AM,Microsoft-Windows-Time-Service,37,None,"The time provider NtpClient is currently receiving valid time data from time.windows.com,0x9 (ntp.m|0x9|0.0.0.0:123->40.81.188.85:123)."
Information,6/2/2020 8:13:53 AM,Microsoft-Windows-Time-Service,158,None,The time provider 'VMICTimeProvider' has indicated that the current hardware and operating environment is not supported and has stopped. This behavior is expected for VMICTimeProvider on non-HyperV-guest environments. This may be the expected behavior for the current provider in the current operating environment as well.
Information,6/2/2020 8:02:19 AM,Microsoft-Windows-WindowsUpdateClient,19,Windows Update Agent,Installation Successful: Windows successfully installed the following update: 9WZDNCRFJBD8-Microsoft.XboxApp
Information,6/2/2020 8:02:19 AM,Microsoft-Windows-WindowsUpdateClient,43,Windows Update Agent,Installation Started: Windows has started installing the following update: 9WZDNCRFJBD8-Microsoft.XboxApp
Information,6/2/2020 8:02:13 AM,Microsoft-Windows-Kernel-General,16,None,The access history in hive \??\C:\ProgramData\Microsoft\Windows\AppRepository\Packages\Microsoft.XboxApp_48.65.22001.0_x64__8wekyb3d8bbwe\ActivationStore.dat was cleared updating 0 keys and creating 0 modified pages.
Information,6/2/2020 8:02:05 AM,Microsoft-Windows-WindowsUpdateClient,44,Windows Update Agent,Windows Update started downloading an update.
Information,6/2/2020 7:52:24 AM,Service Control Manager,7040,None,The start type of the Background Intelligent Transfer Service service was changed from auto start to demand start.
Information,6/2/2020 7:50:08 AM,Service Control Manager,7040,None,The start type of the Background Intelligent Transfer Service service was changed from demand start to auto start.
Warning,6/2/2020 7:49:29 AM,Microsoft-Windows-DistributedCOM,10016,None,"The machine-default permission settings do not grant Local Activation permission for the COM Server application with CLSID 
{C2F03A33-21F5-47FA-B4BB-156362A2F239}
 and APPID 
{316CDED5-E4AE-4B15-9113-7055D84DCC97}
 to the user DESKTOP-577B38M\PC SID (S-1-5-21-839496821-663164669-2267191325-1002) from address LocalHost (Using LRPC) running in the application container Microsoft.Windows.ShellExperienceHost_10.0.18362.449_neutral_neutral_cw5n1h2txyewy SID (S-1-15-2-155514346-2573954481-755741238-1654018636-1233331829-3075935687-2861478708). This security permission can be modified using the Component Services administrative tool."
Warning,6/2/2020 7:49:21 AM,Microsoft-Windows-DistributedCOM,10016,None,"The machine-default permission settings do not grant Local Activation permission for the COM Server application with CLSID 
{C2F03A33-21F5-47FA-B4BB-156362A2F239}
 and APPID 
{316CDED5-E4AE-4B15-9113-7055D84DCC97}
 to the user DESKTOP-577B38M\PC SID (S-1-5-21-839496821-663164669-2267191325-1002) from address LocalHost (Using LRPC) running in the application container Microsoft.Windows.ShellExperienceHost_10.0.18362.449_neutral_neutral_cw5n1h2txyewy SID (S-1-15-2-155514346-2573954481-755741238-1654018636-1233331829-3075935687-2861478708). This security permission can be modified using the Component Services administrative tool."
Warning,6/2/2020 7:49:08 AM,Microsoft-Windows-DistributedCOM,10016,None,"The application-specific permission settings do not grant Local Activation permission for the COM Server application with CLSID 
{2593F8B9-4EAF-457C-B68A-50F6B8EA6B54}
 and APPID 
{15C20B67-12E7-4BB6-92BB-7AFF07997402}
 to the user DESKTOP-577B38M\PC SID (S-1-5-21-839496821-663164669-2267191325-1002) from address LocalHost (Using LRPC) running in the application container Unavailable SID (Unavailable). This security permission can be modified using the Component Services administrative tool."
Information,6/2/2020 7:46:37 AM,Microsoft-Windows-WindowsUpdateClient,19,Windows Update Agent,Installation Successful: Windows successfully installed the following update: Security Intelligence Update for Microsoft Defender Antivirus - KB2267602 (Version 1.317.435.0)
Information,6/2/2020 7:46:24 AM,Microsoft-Windows-WindowsUpdateClient,43,Windows Update Agent,Installation Started: Windows has started installing the following update: Security Intelligence Update for Microsoft Defender Antivirus - KB2267602 (Version 1.317.435.0)
Information,6/2/2020 7:46:24 AM,Microsoft-Windows-WindowsUpdateClient,44,Windows Update Agent,Windows Update started downloading an update.
Warning,6/2/2020 7:41:44 AM,Microsoft-Windows-Kernel-Processor-Power,37,(7),The speed of processor 3 in group 0 is being limited by system firmware. The processor has been in this reduced performance state for 86398 seconds since the last report.
Warning,6/2/2020 7:41:44 AM,Microsoft-Windows-Kernel-Processor-Power,37,(7),The speed of processor 2 in group 0 is being limited by system firmware. The processor has been in this reduced performance state for 86398 seconds since the last report.
Warning,6/2/2020 7:41:44 AM,Microsoft-Windows-Kernel-Processor-Power,37,(7),The speed of processor 1 in group 0 is being limited by system firmware. The processor has been in this reduced performance state for 86398 seconds since the last report.
Warning,6/2/2020 7:41:44 AM,Microsoft-Windows-Kernel-Processor-Power,37,(7),The speed of processor 0 in group 0 is being limited by system firmware. The processor has been in this reduced performance state for 86398 seconds since the last report.
Information,6/2/2020 1:21:07 AM,Service Control Manager,7040,None,The start type of the Background Intelligent Transfer Service service was changed from auto start to demand start.
Information,6/2/2020 1:19:01 AM,Service Control Manager,7040,None,The start type of the Background Intelligent Transfer Service service was changed from demand start to auto start.
Warning,6/2/2020 1:13:29 AM,Microsoft-Windows-DistributedCOM,10016,None,"The application-specific permission settings do not grant Local Activation permission for the COM Server application with CLSID 
{2593F8B9-4EAF-457C-B68A-50F6B8EA6B54}
 and APPID 
{15C20B67-12E7-4BB6-92BB-7AFF07997402}
 to the user DESKTOP-577B38M\PC SID (S-1-5-21-839496821-663164669-2267191325-1002) from address LocalHost (Using LRPC) running in the application container Unavailable SID (Unavailable). This security permission can be modified using the Component Services administrative tool."
Warning,6/2/2020 1:12:28 AM,Microsoft-Windows-DistributedCOM,10016,None,"The application-specific permission settings do not grant Local Activation permission for the COM Server application with CLSID 
{2593F8B9-4EAF-457C-B68A-50F6B8EA6B54}
 and APPID 
{15C20B67-12E7-4BB6-92BB-7AFF07997402}
 to the user DESKTOP-577B38M\PC SID (S-1-5-21-839496821-663164669-2267191325-1002) from address LocalHost (Using LRPC) running in the application container Unavailable SID (Unavailable). This security permission can be modified using the Component Services administrative tool."
Warning,6/2/2020 1:07:13 AM,Microsoft-Windows-DistributedCOM,10016,None,"The application-specific permission settings do not grant Local Activation permission for the COM Server application with CLSID 
{2593F8B9-4EAF-457C-B68A-50F6B8EA6B54}
 and APPID 
{15C20B67-12E7-4BB6-92BB-7AFF07997402}
 to the user DESKTOP-577B38M\PC SID (S-1-5-21-839496821-663164669-2267191325-1002) from address LocalHost (Using LRPC) running in the application container Unavailable SID (Unavailable). This security permission can be modified using the Component Services administrative tool."
Warning,6/2/2020 1:07:13 AM,Microsoft-Windows-DistributedCOM,10016,None,"The application-specific permission settings do not grant Local Activation permission for the COM Server application with CLSID 
{2593F8B9-4EAF-457C-B68A-50F6B8EA6B54}
 and APPID 
{15C20B67-12E7-4BB6-92BB-7AFF07997402}
 to the user DESKTOP-577B38M\PC SID (S-1-5-21-839496821-663164669-2267191325-1002) from address LocalHost (Using LRPC) running in the application container Unavailable SID (Unavailable). This security permission can be modified using the Component Services administrative tool."
Warning,6/2/2020 12:56:57 AM,Microsoft-Windows-DistributedCOM,10016,None,"The application-specific permission settings do not grant Local Activation permission for the COM Server application with CLSID 
{2593F8B9-4EAF-457C-B68A-50F6B8EA6B54}
 and APPID 
{15C20B67-12E7-4BB6-92BB-7AFF07997402}
 to the user DESKTOP-577B38M\PC SID (S-1-5-21-839496821-663164669-2267191325-1002) from address LocalHost (Using LRPC) running in the application container Unavailable SID (Unavailable). This security permission can be modified using the Component Services administrative tool."
Warning,6/2/2020 12:56:57 AM,Microsoft-Windows-DistributedCOM,10016,None,"The application-specific permission settings do not grant Local Activation permission for the COM Server application with CLSID 
{2593F8B9-4EAF-457C-B68A-50F6B8EA6B54}
 and APPID 
{15C20B67-12E7-4BB6-92BB-7AFF07997402}
 to the user DESKTOP-577B38M\PC SID (S-1-5-21-839496821-663164669-2267191325-1002) from address LocalHost (Using LRPC) running in the application container Unavailable SID (Unavailable). This security permission can be modified using the Component Services administrative tool."
Warning,6/2/2020 12:52:15 AM,Microsoft-Windows-DistributedCOM,10016,None,"The application-specific permission settings do not grant Local Activation permission for the COM Server application with CLSID 
{2593F8B9-4EAF-457C-B68A-50F6B8EA6B54}
 and APPID 
{15C20B67-12E7-4BB6-92BB-7AFF07997402}
 to the user DESKTOP-577B38M\PC SID (S-1-5-21-839496821-663164669-2267191325-1002) from address LocalHost (Using LRPC) running in the application container Unavailable SID (Unavailable). This security permission can be modified using the Component Services administrative tool."
Warning,6/2/2020 12:52:15 AM,Microsoft-Windows-DistributedCOM,10016,None,"The application-specific permission settings do not grant Local Activation permission for the COM Server application with CLSID 
{2593F8B9-4EAF-457C-B68A-50F6B8EA6B54}
 and APPID 
{15C20B67-12E7-4BB6-92BB-7AFF07997402}
 to the user DESKTOP-577B38M\PC SID (S-1-5-21-839496821-663164669-2267191325-1002) from address LocalHost (Using LRPC) running in the application container Unavailable SID (Unavailable). This security permission can be modified using the Component Services administrative tool."
Warning,6/2/2020 12:50:56 AM,Microsoft-Windows-DistributedCOM,10016,None,"The application-specific permission settings do not grant Local Activation permission for the COM Server application with CLSID 
{2593F8B9-4EAF-457C-B68A-50F6B8EA6B54}
 and APPID 
{15C20B67-12E7-4BB6-92BB-7AFF07997402}
 to the user DESKTOP-577B38M\PC SID (S-1-5-21-839496821-663164669-2267191325-1002) from address LocalHost (Using LRPC) running in the application container Unavailable SID (Unavailable). This security permission can be modified using the Component Services administrative tool."
Warning,6/2/2020 12:50:56 AM,Microsoft-Windows-DistributedCOM,10016,None,"The application-specific permission settings do not grant Local Activation permission for the COM Server application with CLSID 
{2593F8B9-4EAF-457C-B68A-50F6B8EA6B54}
 and APPID 
{15C20B67-12E7-4BB6-92BB-7AFF07997402}
 to the user DESKTOP-577B38M\PC SID (S-1-5-21-839496821-663164669-2267191325-1002) from address LocalHost (Using LRPC) running in the application container Unavailable SID (Unavailable). This security permission can be modified using the Component Services administrative tool."
Warning,6/2/2020 12:45:07 AM,Microsoft-Windows-DistributedCOM,10016,None,"The application-specific permission settings do not grant Local Activation permission for the COM Server application with CLSID 
{2593F8B9-4EAF-457C-B68A-50F6B8EA6B54}
 and APPID 
{15C20B67-12E7-4BB6-92BB-7AFF07997402}
 to the user DESKTOP-577B38M\PC SID (S-1-5-21-839496821-663164669-2267191325-1002) from address LocalHost (Using LRPC) running in the application container Unavailable SID (Unavailable). This security permission can be modified using the Component Services administrative tool."
Warning,6/2/2020 12:45:07 AM,Microsoft-Windows-DistributedCOM,10016,None,"The application-specific permission settings do not grant Local Activation permission for the COM Server application with CLSID 
{2593F8B9-4EAF-457C-B68A-50F6B8EA6B54}
 and APPID 
{15C20B67-12E7-4BB6-92BB-7AFF07997402}
 to the user DESKTOP-577B38M\PC SID (S-1-5-21-839496821-663164669-2267191325-1002) from address LocalHost (Using LRPC) running in the application container Unavailable SID (Unavailable). This security permission can be modified using the Component Services administrative tool."
