Information,5/22/2020 6:41:10 PM,Microsoft-Windows-Kernel-General,16,None,The access history in hive \??\C:\ProgramData\Microsoft\Windows\AppRepository\Packages\Microsoft.XboxGameOverlay_1.32.17005.0_x64__8wekyb3d8bbwe\ActivationStore.dat was cleared updating 0 keys and creating 0 modified pages.
Information,5/22/2020 6:41:08 PM,Microsoft-Windows-Kernel-General,16,None,The access history in hive \??\C:\ProgramData\Microsoft\Windows\AppRepository\Packages\Microsoft.XboxApp_48.48.7001.0_x64__8wekyb3d8bbwe\ActivationStore.dat was cleared updating 0 keys and creating 0 modified pages.
Information,5/22/2020 6:41:04 PM,Microsoft-Windows-Kernel-General,16,None,The access history in hive \??\C:\ProgramData\Microsoft\Windows\AppRepository\Packages\Microsoft.Xbox.TCUI_1.23.28002.0_x64__8wekyb3d8bbwe\ActivationStore.dat was cleared updating 0 keys and creating 0 modified pages.
Information,5/22/2020 6:41:03 PM,Microsoft-Windows-Kernel-General,16,None,The access history in hive \??\C:\ProgramData\Microsoft\Windows\AppRepository\Packages\Microsoft.WindowsStore_11811.1001.18.0_x64__8wekyb3d8bbwe\ActivationStore.dat was cleared updating 0 keys and creating 0 modified pages.
Information,5/22/2020 6:41:00 PM,Microsoft-Windows-Kernel-General,16,None,The access history in hive \??\C:\ProgramData\Microsoft\Windows\AppRepository\Packages\Microsoft.WindowsSoundRecorder_10.1812.10043.0_x64__8wekyb3d8bbwe\ActivationStore.dat was cleared updating 0 keys and creating 0 modified pages.
Information,5/22/2020 6:40:58 PM,Microsoft-Windows-Kernel-General,16,None,The access history in hive \??\C:\ProgramData\Microsoft\Windows\AppRepository\Packages\Microsoft.WindowsMaps_5.1812.10071.0_x64__8wekyb3d8bbwe\ActivationStore.dat was cleared updating 0 keys and creating 0 modified pages.
Information,5/22/2020 6:40:54 PM,Microsoft-Windows-Kernel-General,16,None,The access history in hive \??\C:\ProgramData\Microsoft\Windows\AppRepository\Packages\Microsoft.WindowsFeedbackHub_1.1811.10571.0_x64__8wekyb3d8bbwe\ActivationStore.dat was cleared updating 0 keys and creating 0 modified pages.
Information,5/22/2020 6:40:50 PM,Microsoft-Windows-Kernel-General,16,None,The access history in hive \??\C:\ProgramData\Microsoft\Windows\AppRepository\Packages\microsoft.windowscommunicationsapps_16005.11029.20108.0_x64__8wekyb3d8bbwe\ActivationStore.dat was cleared updating 0 keys and creating 0 modified pages.
Information,5/22/2020 6:40:38 PM,Microsoft-Windows-Kernel-General,16,None,The access history in hive \??\C:\ProgramData\Microsoft\Windows\AppRepository\Packages\Microsoft.WindowsCamera_2018.826.78.0_x64__8wekyb3d8bbwe\ActivationStore.dat was cleared updating 0 keys and creating 0 modified pages.
Information,5/22/2020 6:40:35 PM,Microsoft-Windows-Kernel-General,16,None,The access history in hive \??\C:\ProgramData\Microsoft\Windows\AppRepository\Packages\Microsoft.WindowsCalculator_10.1812.10048.0_x64__8wekyb3d8bbwe\ActivationStore.dat was cleared updating 0 keys and creating 0 modified pages.
Information,5/22/2020 6:40:33 PM,Microsoft-Windows-Kernel-General,16,None,The access history in hive \??\C:\ProgramData\Microsoft\Windows\AppRepository\Packages\Microsoft.WindowsAlarms_10.1812.10043.0_x64__8wekyb3d8bbwe\ActivationStore.dat was cleared updating 0 keys and creating 0 modified pages.
Information,5/22/2020 6:40:31 PM,Microsoft-Windows-Kernel-General,16,None,The access history in hive \??\C:\ProgramData\Microsoft\Windows\AppRepository\Packages\Microsoft.Windows.Photos_2019.18114.19418.0_x64__8wekyb3d8bbwe\ActivationStore.dat was cleared updating 0 keys and creating 0 modified pages.
Information,5/22/2020 6:40:21 PM,Microsoft-Windows-Kernel-General,16,None,The access history in hive \??\C:\ProgramData\Microsoft\Windows\AppRepository\Packages\Microsoft.WebpImageExtension_1.0.12821.0_x64__8wekyb3d8bbwe\ActivationStore.dat was cleared updating 0 keys and creating 0 modified pages.
Information,5/22/2020 6:40:19 PM,Microsoft-Windows-Kernel-General,16,None,The access history in hive \??\C:\ProgramData\Microsoft\Windows\AppRepository\Packages\Microsoft.WebMediaExtensions_1.0.13321.0_x64__8wekyb3d8bbwe\ActivationStore.dat was cleared updating 0 keys and creating 0 modified pages.
Error,5/22/2020 6:40:18 PM,Service Control Manager,7030,None,"The Printer Extensions and Notifications service is marked as an interactive service.  However, the system is configured to not allow interactive services.  This service may not function properly."
Information,5/22/2020 6:40:18 PM,Service Control Manager,7045,None,"A service was installed in the system.

Service Name:  Printer Extensions and Notifications
Service File Name:  %SystemRoot%\system32\svchost.exe -k print
Service Type:  user mode service
Service Start Type:  demand start
Service Account:  LocalSystem"
Information,5/22/2020 6:40:17 PM,Microsoft-Windows-Kernel-General,16,None,The access history in hive \??\C:\ProgramData\Microsoft\Windows\AppRepository\Packages\Microsoft.Wallet_2.4.18324.0_x64__8wekyb3d8bbwe\ActivationStore.dat was cleared updating 0 keys and creating 0 modified pages.
Information,5/22/2020 6:40:16 PM,Microsoft-Windows-Kernel-General,16,None,The access history in hive \??\C:\ProgramData\Microsoft\Windows\AppRepository\Packages\Microsoft.VP9VideoExtensions_1.0.13333.0_x64__8wekyb3d8bbwe\ActivationStore.dat was cleared updating 0 keys and creating 0 modified pages.
Information,5/22/2020 6:40:13 PM,Microsoft-Windows-Kernel-General,16,None,The access history in hive \??\C:\ProgramData\Microsoft\Windows\AppRepository\Packages\Microsoft.StorePurchaseApp_11811.1001.18.0_x64__8wekyb3d8bbwe\ActivationStore.dat was cleared updating 0 keys and creating 0 modified pages.
Information,5/22/2020 6:40:12 PM,Microsoft-Windows-Kernel-General,16,None,The access history in hive \??\C:\ProgramData\Microsoft\Windows\AppRepository\Packages\Microsoft.SkypeApp_14.35.152.0_x64__kzf8qxf38zg5c\ActivationStore.dat was cleared updating 0 keys and creating 0 modified pages.
Information,5/22/2020 6:40:08 PM,Microsoft-Windows-Kernel-General,16,None,The access history in hive \??\C:\ProgramData\Microsoft\Windows\AppRepository\Packages\Microsoft.Services.Store.Engagement_10.0.18101.0_x86__8wekyb3d8bbwe\ActivationStore.dat was cleared updating 0 keys and creating 0 modified pages.
Information,5/22/2020 6:40:08 PM,Microsoft-Windows-Kernel-General,16,None,The access history in hive \??\C:\ProgramData\Microsoft\Windows\AppRepository\Packages\Microsoft.Services.Store.Engagement_10.0.18101.0_x64__8wekyb3d8bbwe\ActivationStore.dat was cleared updating 0 keys and creating 0 modified pages.
Information,5/22/2020 6:40:07 PM,Microsoft-Windows-Kernel-General,16,None,The access history in hive \??\C:\ProgramData\Microsoft\Windows\AppRepository\Packages\Microsoft.ScreenSketch_10.1811.3471.0_x64__8wekyb3d8bbwe\ActivationStore.dat was cleared updating 0 keys and creating 0 modified pages.
Information,5/22/2020 6:40:06 PM,Microsoft-Windows-Kernel-General,16,None,The access history in hive \??\C:\ProgramData\Microsoft\Windows\AppRepository\Packages\Microsoft.Print3D_3.3.311.0_x64__8wekyb3d8bbwe\ActivationStore.dat was cleared updating 0 keys and creating 0 modified pages.
Information,5/22/2020 6:40:04 PM,Microsoft-Windows-Kernel-General,16,None,The access history in hive \??\C:\ProgramData\Microsoft\Windows\AppRepository\Packages\Microsoft.People_10.1812.10232.0_x64__8wekyb3d8bbwe\ActivationStore.dat was cleared updating 0 keys and creating 0 modified pages.
Information,5/22/2020 6:40:03 PM,Microsoft-Windows-Kernel-General,16,None,The access history in hive \??\C:\ProgramData\Microsoft\Windows\AppRepository\Packages\Microsoft.OneConnect_5.1902.361.0_x64__8wekyb3d8bbwe\ActivationStore.dat was cleared updating 0 keys and creating 0 modified pages.
Information,5/22/2020 6:40:01 PM,Microsoft-Windows-Kernel-General,16,None,The access history in hive \??\C:\ProgramData\Microsoft\Windows\AppRepository\Packages\Microsoft.Office.OneNote_16001.11126.20076.0_x64__8wekyb3d8bbwe\ActivationStore.dat was cleared updating 0 keys and creating 0 modified pages.
Information,5/22/2020 6:39:55 PM,Microsoft-Windows-Kernel-General,16,None,The access history in hive \??\C:\ProgramData\Microsoft\Windows\AppRepository\Packages\Microsoft.MSPaint_5.1902.13017.0_x64__8wekyb3d8bbwe\ActivationStore.dat was cleared updating 0 keys and creating 0 modified pages.
Information,5/22/2020 6:39:52 PM,Microsoft-Windows-Kernel-General,16,None,The access history in hive \??\C:\ProgramData\Microsoft\Windows\AppRepository\Packages\Microsoft.MixedReality.Portal_2000.19010.1151.0_x64__8wekyb3d8bbwe\ActivationStore.dat was cleared updating 0 keys and creating 0 modified pages.
Information,5/22/2020 6:39:51 PM,Microsoft-Windows-Kernel-General,16,None,The access history in hive \??\C:\ProgramData\Microsoft\Windows\AppRepository\Packages\Microsoft.MicrosoftStickyNotes_3.1.53.0_x64__8wekyb3d8bbwe\ActivationStore.dat was cleared updating 0 keys and creating 0 modified pages.
Information,5/22/2020 6:39:49 PM,Microsoft-Windows-Kernel-General,16,None,The access history in hive \??\C:\ProgramData\Microsoft\Windows\AppRepository\Packages\Microsoft.MicrosoftSolitaireCollection_4.2.11280.0_x86__8wekyb3d8bbwe\ActivationStore.dat was cleared updating 0 keys and creating 0 modified pages.
Information,5/22/2020 6:39:48 PM,Microsoft-Windows-Kernel-General,16,None,The access history in hive \??\C:\ProgramData\Microsoft\Windows\AppRepository\Packages\Microsoft.MicrosoftOfficeHub_18.1901.1141.0_x64__8wekyb3d8bbwe\ActivationStore.dat was cleared updating 0 keys and creating 0 modified pages.
Information,5/22/2020 6:39:46 PM,Microsoft-Windows-Kernel-General,16,None,The access history in hive \??\C:\ProgramData\Microsoft\Windows\AppRepository\Packages\Microsoft.Microsoft3DViewer_5.1902.20012.0_x64__8wekyb3d8bbwe\ActivationStore.dat was cleared updating 0 keys and creating 0 modified pages.
Information,5/22/2020 6:39:43 PM,Microsoft-Windows-Kernel-General,16,None,The access history in hive \??\C:\ProgramData\Microsoft\Windows\AppRepository\Packages\Microsoft.Messaging_4.1901.10241.0_x64__8wekyb3d8bbwe\ActivationStore.dat was cleared updating 0 keys and creating 0 modified pages.
Information,5/22/2020 6:39:40 PM,Microsoft-Windows-Kernel-General,16,None,The access history in hive \??\C:\ProgramData\Microsoft\Windows\AppRepository\Packages\Microsoft.HEIFImageExtension_1.0.13472.0_x64__8wekyb3d8bbwe\ActivationStore.dat was cleared updating 0 keys and creating 0 modified pages.
Information,5/22/2020 6:39:39 PM,Microsoft-Windows-Kernel-General,16,None,The access history in hive \??\C:\ProgramData\Microsoft\Windows\AppRepository\Packages\Microsoft.Getstarted_7.3.20251.0_x64__8wekyb3d8bbwe\ActivationStore.dat was cleared updating 0 keys and creating 0 modified pages.
Information,5/22/2020 6:39:38 PM,Microsoft-Windows-Kernel-General,16,None,The access history in hive \??\C:\ProgramData\Microsoft\Windows\AppRepository\Packages\Microsoft.GetHelp_10.1706.13331.0_x64__8wekyb3d8bbwe\ActivationStore.dat was cleared updating 0 keys and creating 0 modified pages.
Information,5/22/2020 6:39:36 PM,Microsoft-Windows-Kernel-General,16,None,The access history in hive \??\C:\ProgramData\Microsoft\Windows\AppRepository\Packages\Microsoft.DesktopAppInstaller_1.0.30251.0_x64__8wekyb3d8bbwe\ActivationStore.dat was cleared updating 0 keys and creating 0 modified pages.
Information,5/22/2020 6:39:34 PM,Microsoft-Windows-Kernel-General,16,None,The access history in hive \??\C:\ProgramData\Microsoft\Windows\AppRepository\Packages\Microsoft.BingWeather_4.25.20211.0_x64__8wekyb3d8bbwe\ActivationStore.dat was cleared updating 0 keys and creating 0 modified pages.
Information,5/22/2020 6:39:33 PM,Microsoft-Windows-Kernel-General,16,None,The access history in hive \??\C:\ProgramData\Microsoft\Windows\AppRepository\Packages\Microsoft.Advertising.Xaml_10.1808.3.0_x64__8wekyb3d8bbwe\ActivationStore.dat was cleared updating 0 keys and creating 0 modified pages.
Information,5/22/2020 6:39:32 PM,Microsoft-Windows-Kernel-General,16,None,The access history in hive \??\C:\ProgramData\Microsoft\Windows\AppRepository\Packages\Windows.PrintDialog_6.2.1.0_neutral_neutral_cw5n1h2txyewy\ActivationStore.dat was cleared updating 0 keys and creating 0 modified pages.
Information,5/22/2020 6:39:32 PM,Microsoft-Windows-Kernel-General,16,None,The access history in hive \??\C:\ProgramData\Microsoft\Windows\AppRepository\Packages\windows.immersivecontrolpanel_10.0.2.1000_neutral_neutral_cw5n1h2txyewy\ActivationStore.dat was cleared updating 0 keys and creating 0 modified pages.
Information,5/22/2020 6:39:31 PM,Microsoft-Windows-Kernel-General,16,None,The access history in hive \??\C:\ProgramData\Microsoft\Windows\AppRepository\Packages\Windows.CBSPreview_10.0.18362.449_neutral_neutral_cw5n1h2txyewy\ActivationStore.dat was cleared updating 0 keys and creating 0 modified pages.
Information,5/22/2020 6:39:31 PM,Microsoft-Windows-Kernel-General,16,None,The access history in hive \??\C:\ProgramData\Microsoft\Windows\AppRepository\Packages\Microsoft.XboxGameCallableUI_1000.18362.449.0_neutral_neutral_cw5n1h2txyewy\ActivationStore.dat was cleared updating 0 keys and creating 0 modified pages.
Information,5/22/2020 6:39:31 PM,Microsoft-Windows-Kernel-General,16,None,The access history in hive \??\C:\ProgramData\Microsoft\Windows\AppRepository\Packages\Microsoft.Windows.XGpuEjectDialog_10.0.18362.449_neutral_neutral_cw5n1h2txyewy\ActivationStore.dat was cleared updating 0 keys and creating 0 modified pages.
Information,5/22/2020 6:39:30 PM,Microsoft-Windows-Kernel-General,16,None,The access history in hive \??\C:\ProgramData\Microsoft\Windows\AppRepository\Packages\Microsoft.Windows.StartMenuExperienceHost_10.0.18362.449_neutral_neutral_cw5n1h2txyewy\ActivationStore.dat was cleared updating 0 keys and creating 0 modified pages.
Information,5/22/2020 6:39:30 PM,Microsoft-Windows-Kernel-General,16,None,The access history in hive \??\C:\ProgramData\Microsoft\Windows\AppRepository\Packages\Microsoft.Windows.ShellExperienceHost_10.0.18362.449_neutral_neutral_cw5n1h2txyewy\ActivationStore.dat was cleared updating 0 keys and creating 0 modified pages.
Information,5/22/2020 6:39:29 PM,Microsoft-Windows-Kernel-General,16,None,The access history in hive \??\C:\ProgramData\Microsoft\Windows\AppRepository\Packages\Microsoft.Windows.SecureAssessmentBrowser_10.0.18362.449_neutral_neutral_cw5n1h2txyewy\ActivationStore.dat was cleared updating 0 keys and creating 0 modified pages.
Information,5/22/2020 6:39:29 PM,Microsoft-Windows-Kernel-General,16,None,The access history in hive \??\C:\ProgramData\Microsoft\Windows\AppRepository\Packages\Microsoft.Windows.SecHealthUI_10.0.18362.449_neutral__cw5n1h2txyewy\ActivationStore.dat was cleared updating 0 keys and creating 0 modified pages.
Information,5/22/2020 6:39:28 PM,Microsoft-Windows-Kernel-General,16,None,The access history in hive \??\C:\ProgramData\Microsoft\Windows\AppRepository\Packages\Microsoft.Windows.PinningConfirmationDialog_1000.18362.449.0_neutral__cw5n1h2txyewy\ActivationStore.dat was cleared updating 0 keys and creating 0 modified pages.
Information,5/22/2020 6:39:28 PM,Microsoft-Windows-Kernel-General,16,None,The access history in hive \??\C:\ProgramData\Microsoft\Windows\AppRepository\Packages\Microsoft.Windows.PeopleExperienceHost_10.0.18362.449_neutral_neutral_cw5n1h2txyewy\ActivationStore.dat was cleared updating 0 keys and creating 0 modified pages.
Information,5/22/2020 6:39:27 PM,Microsoft-Windows-Kernel-General,16,None,The access history in hive \??\C:\ProgramData\Microsoft\Windows\AppRepository\Packages\Microsoft.Windows.ParentalControls_1000.18362.449.0_neutral_neutral_cw5n1h2txyewy\ActivationStore.dat was cleared updating 0 keys and creating 0 modified pages.
Information,5/22/2020 6:39:27 PM,Microsoft-Windows-Kernel-General,16,None,The access history in hive \??\C:\ProgramData\Microsoft\Windows\AppRepository\Packages\Microsoft.Windows.OOBENetworkConnectionFlow_10.0.18362.449_neutral__cw5n1h2txyewy\ActivationStore.dat was cleared updating 0 keys and creating 0 modified pages.
Information,5/22/2020 6:39:27 PM,Microsoft-Windows-Kernel-General,16,None,The access history in hive \??\C:\ProgramData\Microsoft\Windows\AppRepository\Packages\Microsoft.Windows.OOBENetworkCaptivePortal_10.0.18362.449_neutral__cw5n1h2txyewy\ActivationStore.dat was cleared updating 0 keys and creating 0 modified pages.
Information,5/22/2020 6:39:26 PM,Microsoft-Windows-Kernel-General,16,None,The access history in hive \??\C:\ProgramData\Microsoft\Windows\AppRepository\Packages\Microsoft.Windows.NarratorQuickStart_10.0.18362.449_neutral_neutral_8wekyb3d8bbwe\ActivationStore.dat was cleared updating 0 keys and creating 0 modified pages.
Information,5/22/2020 6:39:25 PM,Microsoft-Windows-Kernel-General,16,None,The access history in hive \??\C:\ProgramData\Microsoft\Windows\AppRepository\Packages\Microsoft.Windows.Cortana_1.13.0.18362_neutral_neutral_cw5n1h2txyewy\ActivationStore.dat was cleared updating 0 keys and creating 0 modified pages.
Information,5/22/2020 6:39:23 PM,Microsoft-Windows-Kernel-General,16,None,The access history in hive \??\C:\ProgramData\Microsoft\Windows\AppRepository\Packages\Microsoft.Windows.ContentDeliveryManager_10.0.18362.449_neutral_neutral_cw5n1h2txyewy\ActivationStore.dat was cleared updating 0 keys and creating 0 modified pages.
Information,5/22/2020 6:39:22 PM,Microsoft-Windows-Kernel-General,16,None,The access history in hive \??\C:\ProgramData\Microsoft\Windows\AppRepository\Packages\Microsoft.Windows.CloudExperienceHost_10.0.18362.449_neutral_neutral_cw5n1h2txyewy\ActivationStore.dat was cleared updating 0 keys and creating 0 modified pages.
Information,5/22/2020 6:39:21 PM,Microsoft-Windows-Kernel-General,16,None,The access history in hive \??\C:\ProgramData\Microsoft\Windows\AppRepository\Packages\Microsoft.Windows.CapturePicker_10.0.18362.449_neutral__cw5n1h2txyewy\ActivationStore.dat was cleared updating 0 keys and creating 0 modified pages.
Information,5/22/2020 6:39:21 PM,Microsoft-Windows-Kernel-General,16,None,The access history in hive \??\C:\ProgramData\Microsoft\Windows\AppRepository\Packages\Microsoft.Windows.CallingShellApp_1000.18362.449.0_neutral_neutral_cw5n1h2txyewy\ActivationStore.dat was cleared updating 0 keys and creating 0 modified pages.
Information,5/22/2020 6:39:21 PM,Microsoft-Windows-Kernel-General,16,None,The access history in hive \??\C:\ProgramData\Microsoft\Windows\AppRepository\Packages\Microsoft.Windows.AssignedAccessLockApp_1000.18362.449.0_neutral_neutral_cw5n1h2txyewy\ActivationStore.dat was cleared updating 0 keys and creating 0 modified pages.
Information,5/22/2020 6:39:20 PM,Microsoft-Windows-Kernel-General,16,None,The access history in hive \??\C:\ProgramData\Microsoft\Windows\AppRepository\Packages\Microsoft.Windows.Apprep.ChxApp_1000.18362.449.0_neutral_neutral_cw5n1h2txyewy\ActivationStore.dat was cleared updating 0 keys and creating 0 modified pages.
Information,5/22/2020 6:39:20 PM,Microsoft-Windows-Kernel-General,16,None,The access history in hive \??\C:\ProgramData\Microsoft\Windows\AppRepository\Packages\Microsoft.Win32WebViewHost_10.0.18362.449_neutral_neutral_cw5n1h2txyewy\ActivationStore.dat was cleared updating 0 keys and creating 0 modified pages.
Information,5/22/2020 6:39:19 PM,Microsoft-Windows-Kernel-General,16,None,The access history in hive \??\C:\ProgramData\Microsoft\Windows\AppRepository\Packages\Microsoft.PPIProjection_10.0.18362.449_neutral_neutral_cw5n1h2txyewy\ActivationStore.dat was cleared updating 0 keys and creating 0 modified pages.
Information,5/22/2020 6:39:19 PM,Microsoft-Windows-Kernel-General,16,None,The access history in hive \??\C:\ProgramData\Microsoft\Windows\AppRepository\Packages\Microsoft.MicrosoftEdge_44.18362.449.0_neutral__8wekyb3d8bbwe\ActivationStore.dat was cleared updating 0 keys and creating 0 modified pages.
Information,5/22/2020 6:39:18 PM,Microsoft-Windows-Kernel-General,16,None,The access history in hive \??\C:\ProgramData\Microsoft\Windows\AppRepository\Packages\Microsoft.MicrosoftEdgeDevToolsClient_1000.18362.449.0_neutral_neutral_8wekyb3d8bbwe\ActivationStore.dat was cleared updating 0 keys and creating 0 modified pages.
Information,5/22/2020 6:39:18 PM,Microsoft-Windows-Kernel-General,16,None,The access history in hive \??\C:\ProgramData\Microsoft\Windows\AppRepository\Packages\Microsoft.LockApp_10.0.18362.449_neutral__cw5n1h2txyewy\ActivationStore.dat was cleared updating 0 keys and creating 0 modified pages.
Information,5/22/2020 6:39:17 PM,Microsoft-Windows-Kernel-General,16,None,The access history in hive \??\C:\ProgramData\Microsoft\Windows\AppRepository\Packages\Microsoft.ECApp_10.0.18362.449_neutral__8wekyb3d8bbwe\ActivationStore.dat was cleared updating 0 keys and creating 0 modified pages.
Information,5/22/2020 6:39:17 PM,Microsoft-Windows-Kernel-General,16,None,The access history in hive \??\C:\ProgramData\Microsoft\Windows\AppRepository\Packages\Microsoft.CredDialogHost_10.0.18362.449_neutral__cw5n1h2txyewy\ActivationStore.dat was cleared updating 0 keys and creating 0 modified pages.
Information,5/22/2020 6:39:17 PM,Microsoft-Windows-Kernel-General,16,None,The access history in hive \??\C:\ProgramData\Microsoft\Windows\AppRepository\Packages\Microsoft.BioEnrollment_10.0.18362.449_neutral__cw5n1h2txyewy\ActivationStore.dat was cleared updating 0 keys and creating 0 modified pages.
Information,5/22/2020 6:39:16 PM,Microsoft-Windows-Kernel-General,16,None,The access history in hive \??\C:\ProgramData\Microsoft\Windows\AppRepository\Packages\Microsoft.AsyncTextService_10.0.18362.449_neutral__8wekyb3d8bbwe\ActivationStore.dat was cleared updating 0 keys and creating 0 modified pages.
Information,5/22/2020 6:39:16 PM,Microsoft-Windows-Kernel-General,16,None,The access history in hive \??\C:\ProgramData\Microsoft\Windows\AppRepository\Packages\Microsoft.AccountsControl_10.0.18362.449_neutral__cw5n1h2txyewy\ActivationStore.dat was cleared updating 0 keys and creating 0 modified pages.
Information,5/22/2020 6:39:16 PM,Microsoft-Windows-Kernel-General,16,None,The access history in hive \??\C:\ProgramData\Microsoft\Windows\AppRepository\Packages\Microsoft.AAD.BrokerPlugin_1000.18362.449.0_neutral_neutral_cw5n1h2txyewy\ActivationStore.dat was cleared updating 0 keys and creating 0 modified pages.
Information,5/22/2020 6:39:15 PM,Microsoft-Windows-Kernel-General,16,None,The access history in hive \??\C:\ProgramData\Microsoft\Windows\AppRepository\Packages\InputApp_1000.18362.449.0_neutral_neutral_cw5n1h2txyewy\ActivationStore.dat was cleared updating 0 keys and creating 0 modified pages.
Information,5/22/2020 6:39:15 PM,Microsoft-Windows-Kernel-General,16,None,The access history in hive \??\C:\ProgramData\Microsoft\Windows\AppRepository\Packages\F46D4000-FD22-4DB4-AC8E-4E1DDDE828FE_10.0.18362.449_neutral_neutral_cw5n1h2txyewy\ActivationStore.dat was cleared updating 0 keys and creating 0 modified pages.
Information,5/22/2020 6:39:14 PM,Microsoft-Windows-Kernel-General,16,None,The access history in hive \??\C:\ProgramData\Microsoft\Windows\AppRepository\Packages\E2A4F912-2574-4A75-9BB0-0D023378592B_10.0.18362.449_neutral_neutral_cw5n1h2txyewy\ActivationStore.dat was cleared updating 0 keys and creating 0 modified pages.
Information,5/22/2020 6:39:14 PM,Microsoft-Windows-Kernel-General,16,None,The access history in hive \??\C:\ProgramData\Microsoft\Windows\AppRepository\Packages\c5e2524a-ea46-4f67-841f-6a9465d9d515_10.0.18362.449_neutral_neutral_cw5n1h2txyewy\ActivationStore.dat was cleared updating 0 keys and creating 0 modified pages.
Information,5/22/2020 6:39:13 PM,Microsoft-Windows-Kernel-General,16,None,The access history in hive \??\C:\ProgramData\Microsoft\Windows\AppRepository\Packages\1527c705-839a-4832-9118-54d4Bd6a0c89_10.0.18362.449_neutral_neutral_cw5n1h2txyewy\ActivationStore.dat was cleared updating 0 keys and creating 0 modified pages.
Information,5/22/2020 6:39:11 PM,Service Control Manager,7040,None,The start type of the Remote Access IP ARP Driver service was changed from demand start to auto start.
Information,5/22/2020 6:39:08 PM,Microsoft-Windows-WLAN-AutoConfig,4000,None,"WLAN AutoConfig service has successfully started.
"
Information,5/22/2020 6:39:02 PM,Microsoft-Windows-WLAN-AutoConfig,4001,None,"WLAN AutoConfig service has successfully stopped.
"
Information,5/22/2020 6:38:29 PM,Service Control Manager,7040,None,The start type of the Distributed Transaction Coordinator service was changed from auto start to demand start.
Information,5/22/2020 6:38:29 PM,Service Control Manager,7040,None,The start type of the Distributed Transaction Coordinator service was changed from demand start to auto start.
Information,5/22/2020 6:38:17 PM,Service Control Manager,7040,None,The start type of the Intel(R) Content Protection HECI Service service was changed from auto start to demand start.
Information,5/22/2020 6:38:17 PM,Service Control Manager,7026,None,"The following boot-start or system-start driver(s) did not load: 
dam"
Information,5/22/2020 6:38:16 PM,Microsoft-Windows-WLAN-AutoConfig,4000,None,"WLAN AutoConfig service has successfully started.
"
Information,5/22/2020 6:38:15 PM,Microsoft-Windows-DHCPv6-Client,51046,Service State Event,DHCPv6 client service is started
Information,5/22/2020 6:38:15 PM,Microsoft-Windows-Dhcp-Client,50103,Service State Event,DHCPv4 client registered for shutdown notification
Information,5/22/2020 6:38:15 PM,Microsoft-Windows-Dhcp-Client,50036,Service State Event,DHCPv4 client service is started
Information,5/22/2020 6:38:15 PM,Microsoft-Windows-FilterManager,6,None,"File System Filter 'storqosflt' (10.0, ‎2084‎-‎07‎-‎23T22:29:44.000000000Z) has successfully loaded and registered with Filter Manager."
Information,5/22/2020 6:38:15 PM,Microsoft-Windows-FilterManager,6,None,"File System Filter 'CldFlt' (10.0, ‎2077‎-‎06‎-‎12T08:13:28.000000000Z) has successfully loaded and registered with Filter Manager."
Information,5/22/2020 6:38:15 PM,Microsoft-Windows-FilterManager,1,None,"File System Filter 'CldFlt' (Version 10.0, ‎2077‎-‎06‎-‎12T08:13:28.000000000Z) unloaded successfully."
Information,5/22/2020 6:38:15 PM,Microsoft-Windows-FilterManager,6,None,"File System Filter 'CldFlt' (10.0, ‎2077‎-‎06‎-‎12T08:13:28.000000000Z) has successfully loaded and registered with Filter Manager."
Information,5/22/2020 6:38:15 PM,Microsoft-Windows-FilterManager,6,None,"File System Filter 'luafv' (10.0, ‎1974‎-‎08‎-‎09T06:33:30.000000000Z) has successfully loaded and registered with Filter Manager."
Information,5/22/2020 6:38:15 PM,Microsoft-Windows-FilterManager,6,None,"File System Filter 'wcifs' (10.0, ‎2011‎-‎08‎-‎25T15:27:29.000000000Z) has successfully loaded and registered with Filter Manager."
Information,5/22/2020 6:38:06 PM,Microsoft-Windows-Directory-Services-SAM,16403,None,"The error ""The specified account already exists.
"" occurred when trying to create the well known account Device Owners. Please contact PSS to recover."
Information,5/22/2020 6:38:06 PM,Microsoft-Windows-Directory-Services-SAM,16962,None,"Remote calls to the SAM database are being restricted using the default security descriptor: O:SYG:SYD:(A;;RC;;;BA).
For more information please see http://go.microsoft.com/fwlink/?LinkId=787651."
Information,5/22/2020 6:38:06 PM,Microsoft-Windows-Wininit,14,None,"Credential Guard configuration: 0x0, 0"
Information,5/22/2020 6:38:03 PM,Microsoft-Windows-Ntfs,98,None,Volume \\?\Volume{1de56c92-7cab-4981-b572-50a171ad5c66} (\Device\HarddiskVolume6) is healthy.  No action is needed.
Information,5/22/2020 6:38:03 PM,Microsoft-Windows-Ntfs,98,None,Volume \\?\Volume{c3f65bb2-b295-4d90-861f-ae3ae826d34b} (\Device\HarddiskVolume2) is healthy.  No action is needed.
Information,5/22/2020 6:38:03 PM,Microsoft-Windows-Ntfs,98,None,Volume D: (\Device\HarddiskVolume1) is healthy.  No action is needed.
Information,5/22/2020 6:38:02 PM,Microsoft-Windows-Kernel-Power,172,(203),"Connectivity state in standby: Disconnected, Reason: NIC compliance"
Information,5/22/2020 6:38:02 PM,Microsoft-Windows-FilterManager,6,None,"File System Filter 'npsvctrig' (10.0, ‎1977‎-‎09‎-‎12T08:19:34.000000000Z) has successfully loaded and registered with Filter Manager."
Information,5/22/2020 6:37:59 PM,Microsoft-Windows-Kernel-Processor-Power,55,(47),"Processor 3 in group 0 exposes the following power management capabilities:

Idle state type: ACPI Idle (C) States (2 state(s))

Performance state type: ACPI Performance (P) / Throttle (T) States
Nominal Frequency (MHz): 1701
Maximum performance percentage: 100
Minimum performance percentage: 45
Minimum throttle percentage: 5"
Information,5/22/2020 6:37:59 PM,Microsoft-Windows-Kernel-Processor-Power,55,(47),"Processor 2 in group 0 exposes the following power management capabilities:

Idle state type: ACPI Idle (C) States (2 state(s))

Performance state type: ACPI Performance (P) / Throttle (T) States
Nominal Frequency (MHz): 1701
Maximum performance percentage: 100
Minimum performance percentage: 45
Minimum throttle percentage: 5"
Information,5/22/2020 6:37:59 PM,Microsoft-Windows-Kernel-Processor-Power,55,(47),"Processor 1 in group 0 exposes the following power management capabilities:

Idle state type: ACPI Idle (C) States (2 state(s))

Performance state type: ACPI Performance (P) / Throttle (T) States
Nominal Frequency (MHz): 1701
Maximum performance percentage: 100
Minimum performance percentage: 45
Minimum throttle percentage: 5"
Information,5/22/2020 6:37:59 PM,Microsoft-Windows-Kernel-Processor-Power,55,(47),"Processor 0 in group 0 exposes the following power management capabilities:

Idle state type: ACPI Idle (C) States (2 state(s))

Performance state type: ACPI Performance (P) / Throttle (T) States
Nominal Frequency (MHz): 1701
Maximum performance percentage: 100
Minimum performance percentage: 45
Minimum throttle percentage: 5"
Warning,5/22/2020 6:37:59 PM,BTHUSB,34,None,"The local adapter does not support an important Low Energy controller state to support peripheral mode.  The minimum required supported state mask is 0x2491f7fffff, got 0x1f7fffff.  Low Energy peripheral role functionality will not be available."
Information,5/22/2020 6:37:59 PM,BTHUSB,18,None,Windows cannot store Bluetooth authentication codes (link keys) on the local adapter. Bluetooth keyboards might not work in the system BIOS during startup.
Information,5/22/2020 6:37:59 PM,NETwNe64,7036,None,The \Device\NDMP2 service entered the Intel(R) Centrino(R) Wireless-N 2230 state.
Information,5/22/2020 6:37:59 PM,MEIx64,2,None,Intel(R) Management Engine Interface driver has started successfully.
Information,5/22/2020 6:37:57 PM,Microsoft-Windows-FilterManager,6,None,"File System Filter 'FileCrypt' (10.0, ‎2011‎-‎10‎-‎30T08:56:49.000000000Z) has successfully loaded and registered with Filter Manager."
Information,5/22/2020 6:37:57 PM,Microsoft-Windows-Ntfs,98,None,Volume C: (\Device\HarddiskVolume5) is healthy.  No action is needed.
Information,5/22/2020 6:37:56 PM,Microsoft-Windows-FilterManager,6,None,"File System Filter 'Wof' (10.0, ‎2096‎-‎10‎-‎27T06:24:16.000000000Z) has successfully loaded and registered with Filter Manager."
Information,5/22/2020 6:37:56 PM,Microsoft-Windows-FilterManager,6,None,"File System Filter 'FileInfo' (10.0, ‎1989‎-‎07‎-‎12T18:15:12.000000000Z) has successfully loaded and registered with Filter Manager."
Information,5/22/2020 6:37:55 PM,Microsoft-Windows-Kernel-General,20,(6),"The leap second configuration has been updated.
Reason: Leap second data initialized from registry during boot
Leap seconds enabled: true
New leap second count: 0
Old leap second count: 0"
Information,5/22/2020 6:37:55 PM,Microsoft-Windows-Kernel-Boot,30,(21),The firmware reported boot metrics.
Information,5/22/2020 6:37:55 PM,Microsoft-Windows-Kernel-Boot,27,(33),The boot type was 0x0.
Information,5/22/2020 6:37:55 PM,Microsoft-Windows-Kernel-Boot,25,(32),The boot menu policy was 0x1.
Information,5/22/2020 6:37:55 PM,Microsoft-Windows-Kernel-Boot,20,(31),The last shutdown's success status was true. The last boot's success status was true.
Information,5/22/2020 6:37:55 PM,Microsoft-Windows-Kernel-Boot,32,(58),The bootmgr spent 0 ms waiting for user input.
Information,5/22/2020 6:37:55 PM,Microsoft-Windows-Kernel-Boot,26,None,A one-time boot sequence was used during this boot.
Information,5/22/2020 6:37:55 PM,Microsoft-Windows-Kernel-Boot,153,(62),Virtualization-based security (policies: 0) is disabled.
Information,5/22/2020 6:37:55 PM,Microsoft-Windows-Kernel-General,12,(1),The operating system started at system time ‎2020‎-‎05‎-‎22T15:37:55.500000000Z.
Information,5/22/2020 6:37:46 PM,Microsoft-Windows-Kernel-General,13,(2),The operating system is shutting down at system time ‎2020‎-‎05‎-‎22T15:37:46.099949200Z.
Information,5/22/2020 6:37:45 PM,Microsoft-Windows-Kernel-Power,109,(103),"The kernel power manager has initiated a shutdown transition.

Shutdown Reason: Kernel API"
Information,5/22/2020 6:37:45 PM,Microsoft-Windows-WLAN-AutoConfig,4001,None,"WLAN AutoConfig service has successfully stopped.
"
Information,5/22/2020 6:37:45 PM,Microsoft-Windows-Dhcp-Client,50037,Service State Event,DHCPv4 client service is stopped. ShutDown Flag value is 1
Information,5/22/2020 6:37:45 PM,Microsoft-Windows-Dhcp-Client,50106,Service State Event,DHCPv4 is waiting on DHCPv6 service to stop
Information,5/22/2020 6:38:15 PM,EventLog,6013,None,The system uptime is 19 seconds.
Information,5/22/2020 6:38:15 PM,EventLog,6005,None,The Event log service was started.
Information,5/22/2020 6:38:15 PM,EventLog,6009,None,Microsoft (R) Windows (R) 10.00. 18362  Multiprocessor Free.
Information,5/22/2020 6:37:45 PM,Microsoft-Windows-DHCPv6-Client,51047,Service State Event,DHCPv6 client service is stopped. ShutDown Flag value is 1
Information,5/22/2020 6:37:45 PM,Microsoft-Windows-Dhcp-Client,50105,Service State Event,DHCPv4 client ProcessDHCPRequestForever received TERMINATE_EVENT
Information,5/22/2020 6:37:45 PM,Microsoft-Windows-Dhcp-Client,50104,Service State Event,DHCPv4 client received shutdown notification
Information,5/22/2020 6:37:45 PM,EventLog,6006,None,The Event log service was stopped.
Information,5/22/2020 6:37:40 PM,User32,1074,None,"The process C:\WINDOWS\system32\winlogon.exe (DESKTOP-577B38M) has initiated the restart of computer DESKTOP-577B38M on behalf of user NT AUTHORITY\SYSTEM for the following reason: Operating System: Upgrade (Planned)
 Reason Code: 0x80020003
 Shutdown Type: restart
 Comment: "
Information,5/22/2020 6:37:39 PM,Service Control Manager,7045,None,"A service was installed in the system.

Service Name:  HP Support Solutions Framework Service
Service File Name:  ""C:\Program Files (x86)\Hewlett-Packard\HP Support Solutions\HPSupportSolutionsFrameworkService.exe""
Service Type:  user mode service
Service Start Type:  auto start
Service Account:  LocalSystem"
Information,5/22/2020 6:37:39 PM,Service Control Manager,7045,None,"A service was installed in the system.

Service Name:  HP CASL Framework Service
Service File Name:  ""C:\Program Files (x86)\HP\Shared\hpqwmiex.exe""
Service Type:  user mode service
Service Start Type:  demand start
Service Account:  LocalSystem"
Information,5/22/2020 6:37:39 PM,Service Control Manager,7045,None,"A service was installed in the system.

Service Name:  Google Update Service (gupdatem)
Service File Name:  ""C:\Program Files (x86)\Google\Update\GoogleUpdate.exe"" /medsvc
Service Type:  user mode service
Service Start Type:  demand start
Service Account:  LocalSystem"
Information,5/22/2020 6:37:39 PM,Service Control Manager,7045,None,"A service was installed in the system.

Service Name:  Google Update Service (gupdate)
Service File Name:  ""C:\Program Files (x86)\Google\Update\GoogleUpdate.exe"" /svc
Service Type:  user mode service
Service Start Type:  auto start
Service Account:  LocalSystem"
Information,5/22/2020 6:37:39 PM,Service Control Manager,7045,None,"A service was installed in the system.

Service Name:  Google Chrome Elevation Service (GoogleChromeElevationService)
Service File Name:  ""C:\Program Files (x86)\Google\Chrome\Application\83.0.4103.61\elevation_service.exe""
Service Type:  user mode service
Service Start Type:  demand start
Service Account:  LocalSystem"
Information,5/22/2020 6:37:28 PM,Service Control Manager,7040,None,The start type of the Background Intelligent Transfer Service service was changed from demand start to auto start.
Information,5/22/2020 6:37:09 PM,Microsoft-Windows-Kernel-General,16,None,The access history in hive \??\C:\Windows.old\Windows\system32\config\userdiff was cleared updating 1 keys and creating 1 modified pages.
Information,5/22/2020 6:36:58 PM,Microsoft-Windows-Kernel-General,16,None,The access history in hive \??\C:\Users\Default\NTUSER.DAT was cleared updating 592 keys and creating 35 modified pages.
Information,5/22/2020 6:36:58 PM,Microsoft-Windows-Kernel-General,16,None,The access history in hive \??\C:\WINDOWS\system32\config\elam was cleared updating 1 keys and creating 1 modified pages.
Information,5/22/2020 6:36:58 PM,Microsoft-Windows-Kernel-General,15,None,Hive \??\C:\WINDOWS\System32\SMI\Store\Machine\SCHEMA.DAT was reorganized with a starting size of 12967936 bytes and an ending size of 11751424 bytes.
Information,5/22/2020 6:36:57 PM,Microsoft-Windows-Setup,2004,OS information,Successfully logged OS information
Information,5/22/2020 6:36:56 PM,Microsoft-Windows-Kernel-General,16,None,The access history in hive \??\C:\WINDOWS\System32\config\COMPONENTS was cleared updating 96614 keys and creating 8339 modified pages.
Information,5/22/2020 6:36:55 PM,Microsoft-Windows-UserPnp,20001,(7005),Driver Management concluded the process to install driver intelaud.inf_amd64_14fdd1001d6e53c6 for Device Instance ID {4D36E96C-E325-11CE-BFC1-08002BE10318}\*INTAUDWAVEEX\1&79F5D87&0&02 with the following status: 0x0.
Information,5/22/2020 6:36:55 PM,Service Control Manager,7045,None,"A service was installed in the system.

Service Name:  Intel WiDi Audio Device
Service File Name:  \SystemRoot\system32\drivers\intelaud.sys
Service Type:  kernel mode driver
Service Start Type:  demand start
Service Account:  "
Information,5/22/2020 6:36:54 PM,Microsoft-Windows-UserPnp,20001,(7005),Driver Management concluded the process to install driver bthpan.inf_amd64_b370978e36621e74 for Device Instance ID BTH\MS_BTHPAN\7&3707B530&0&2 with the following status: 0x0.
Information,5/22/2020 6:36:54 PM,Service Control Manager,7045,None,"A service was installed in the system.

Service Name:  Bluetooth Device (Personal Area Network)
Service File Name:  \SystemRoot\System32\drivers\bthpan.sys
Service Type:  kernel mode driver
Service Start Type:  demand start
Service Account:  "
Information,5/22/2020 6:36:54 PM,Microsoft-Windows-UserPnp,20001,(7005),Driver Management concluded the process to install driver tdibth.inf_amd64_f4dec30a735e1f32 for Device Instance ID BTH\MS_RFCOMM\7&3707B530&0&0 with the following status: 0x0.
Information,5/22/2020 6:36:53 PM,Microsoft-Windows-UserPnp,20001,(7005),Driver Management concluded the process to install driver usbvideo.inf_amd64_562f2630d9355017 for Device Instance ID USB\VID_064E&PID_C336&MI_00\7&339E702A&0&0000 with the following status: 0x0.
Information,5/22/2020 6:36:53 PM,Service Control Manager,7045,None,"A service was installed in the system.

Service Name:  USB Video Device (WDM)
Service File Name:  \SystemRoot\System32\Drivers\usbvideo.sys
Service Type:  kernel mode driver
Service Start Type:  demand start
Service Account:  "
Information,5/22/2020 6:36:53 PM,Microsoft-Windows-UserPnp,20001,(7005),Driver Management concluded the process to install driver synsmbdrv.inf_amd64_eb864305f99fa5ca for Device Instance ID PCI\VEN_8086&DEV_1E22&SUBSYS_1894103C&REV_04\3&11583659&0&FB with the following status: 0x0.
Information,5/22/2020 6:36:53 PM,Microsoft-Windows-UserPnp,20003,(7005),Driver Management has concluded the process to add Service SmbDrvI for Device Instance ID PCI\VEN_8086&DEV_1E22&SUBSYS_1894103C&REV_04\3&11583659&0&FB with the following status: 0.
Information,5/22/2020 6:36:53 PM,Microsoft-Windows-UserPnp,20001,(7005),Driver Management concluded the process to install driver netvwifimp.inf_amd64_cf701f574da7048c for Device Instance ID {5D624F94-8850-40C3-A3FA-A4FD2080BAF3}\VWIFIMP_WFD\5&21EA1A61&0&11 with the following status: 0x0.
Information,5/22/2020 6:36:52 PM,Service Control Manager,7045,None,"A service was installed in the system.

Service Name:  Virtual WiFi Miniport Service
Service File Name:  \SystemRoot\System32\drivers\vwifimp.sys
Service Type:  kernel mode driver
Service Start Type:  demand start
Service Account:  "
Information,5/22/2020 6:36:52 PM,Microsoft-Windows-UserPnp,20001,(7005),Driver Management concluded the process to install driver rt640x64.inf_amd64_74a38806dad22dfa for Device Instance ID PCI\VEN_10EC&DEV_8168&SUBSYS_1894103C&REV_0A\4&B17250C&0&02E0 with the following status: 0x0.
Information,5/22/2020 6:36:52 PM,Service Control Manager,7045,None,"A service was installed in the system.

Service Name:  Realtek RT640 NT Driver
Service File Name:  \SystemRoot\System32\drivers\rt640x64.sys
Service Type:  kernel mode driver
Service Start Type:  demand start
Service Account:  "
Information,5/22/2020 6:36:52 PM,Microsoft-Windows-UserPnp,20001,(7005),Driver Management concluded the process to install driver synsmbdrv.inf_amd64_eb864305f99fa5ca for Device Instance ID PCI\VEN_8086&DEV_1E22&SUBSYS_1894103C&REV_04\3&11583659&0&FB with the following status: 0x0.
Information,5/22/2020 6:36:52 PM,Microsoft-Windows-UserPnp,20003,(7005),Driver Management has concluded the process to add Service SmbDrvI for Device Instance ID PCI\VEN_8086&DEV_1E22&SUBSYS_1894103C&REV_04\3&11583659&0&FB with the following status: 0.
Information,5/22/2020 6:36:52 PM,Microsoft-Windows-UserPnp,20001,(7005),Driver Management concluded the process to install driver rtsbastorxsdo.inf_amd64_b85d4fec4dca5b0e for Device Instance ID PCI\VEN_10EC&DEV_5289&SUBSYS_1894103C&REV_01\4&B17250C&0&00E0 with the following status: 0x0.
Information,5/22/2020 6:36:52 PM,Microsoft-Windows-UserPnp,20003,(7005),Driver Management has concluded the process to add Service RSBASTOR for Device Instance ID PCI\VEN_10EC&DEV_5289&SUBSYS_1894103C&REV_01\4&B17250C&0&00E0 with the following status: 0.
Information,5/22/2020 6:36:52 PM,Service Control Manager,7045,None,"A service was installed in the system.

Service Name:  Realtek PCIE CardReader Driver - BA
Service File Name:  \SystemRoot\system32\DRIVERS\RtsBaStor.sys
Service Type:  kernel mode driver
Service Start Type:  demand start
Service Account:  "
Information,5/22/2020 6:36:51 PM,NETwNe64,7036,None,The \Device\NDMP1 service entered the Intel(R) Centrino(R) Wireless-N 2230 state.
Information,5/22/2020 6:36:51 PM,Microsoft-Windows-UserPnp,20001,(7005),Driver Management concluded the process to install driver netwew01.inf_amd64_153e01d761813df2 for Device Instance ID PCI\VEN_8086&DEV_0887&SUBSYS_40628086&REV_C4\4&4803B54&0&00E1 with the following status: 0x0.
Information,5/22/2020 6:36:51 PM,Service Control Manager,7045,None,"A service was installed in the system.

Service Name:  ___ Intel(R) Wireless WiFi Link 5000 Series Adapter Driver for Windows 8 - 64 Bit
Service File Name:  \SystemRoot\System32\drivers\NETwew01.sys
Service Type:  kernel mode driver
Service Start Type:  demand start
Service Account:  "
Information,5/22/2020 6:36:51 PM,Microsoft-Windows-UserPnp,20001,(7005),Driver Management concluded the process to install driver iwdbus.inf_amd64_2174cb4f0f69d5e4 for Device Instance ID ROOT\SYSTEM\0001 with the following status: 0x0.
Information,5/22/2020 6:36:51 PM,Microsoft-Windows-UserPnp,20001,(7005),Driver Management concluded the process to install driver synsmbdrv.inf_amd64_eb864305f99fa5ca for Device Instance ID PCI\VEN_8086&DEV_1E22&SUBSYS_1894103C&REV_04\3&11583659&0&FB with the following status: 0x0.
Information,5/22/2020 6:36:51 PM,Microsoft-Windows-UserPnp,20003,(7005),Driver Management has concluded the process to add Service SmbDrvI for Device Instance ID PCI\VEN_8086&DEV_1E22&SUBSYS_1894103C&REV_04\3&11583659&0&FB with the following status: 0.
Information,5/22/2020 6:36:51 PM,Service Control Manager,7045,None,"A service was installed in the system.

Service Name:  SmbDrvI
Service File Name:  \SystemRoot\system32\DRIVERS\Smb_driver_Intel.sys
Service Type:  kernel mode driver
Service Start Type:  demand start
Service Account:  "
Information,5/22/2020 6:36:50 PM,Microsoft-Windows-UserPnp,20001,(7005),Driver Management concluded the process to install driver isctd.inf_amd64_e60e68c6ccaab239 for Device Instance ID ACPI\INT33A0\0 with the following status: 0x0.
Information,5/22/2020 6:36:50 PM,Service Control Manager,7045,None,"A service was installed in the system.

Service Name:  Intel(R) Smart Connect Technology Device Driver
Service File Name:  \SystemRoot\System32\drivers\ISCTD64.sys
Service Type:  kernel mode driver
Service Start Type:  demand start
Service Account:  "
Information,5/22/2020 6:36:50 PM,Microsoft-Windows-UserPnp,20001,(7005),Driver Management concluded the process to install driver iwdbus.inf_amd64_2174cb4f0f69d5e4 for Device Instance ID ROOT\SYSTEM\0001 with the following status: 0x0.
Information,5/22/2020 6:36:50 PM,Service Control Manager,7045,None,"A service was installed in the system.

Service Name:  IWD Bus Enumerator
Service File Name:  \SystemRoot\System32\drivers\iwdbus.sys
Service Type:  kernel mode driver
Service Start Type:  demand start
Service Account:  "
Information,5/22/2020 6:36:50 PM,Microsoft-Windows-UserPnp,20001,(7005),Driver Management concluded the process to install driver synpd.inf_amd64_40f5ba95b8fedb06 for Device Instance ID ACPI\SYN1E7D\4&30C4382B&0 with the following status: 0x0.
Information,5/22/2020 6:36:50 PM,Service Control Manager,7045,None,"A service was installed in the system.

Service Name:  SynTPEnh Caller Service
Service File Name:  ""C:\Program Files\Synaptics\SynTP\SynTPEnhService.exe""
Service Type:  user mode service
Service Start Type:  auto start
Service Account:  LocalSystem"
Information,5/22/2020 6:36:50 PM,Microsoft-Windows-UserPnp,20003,(7005),Driver Management has concluded the process to add Service i8042prt for Device Instance ID ACPI\SYN1E7D\4&30C4382B&0 with the following status: 0.
Information,5/22/2020 6:36:50 PM,Microsoft-Windows-UserPnp,20003,(7005),Driver Management has concluded the process to add Service mouclass for Device Instance ID ACPI\SYN1E7D\4&30C4382B&0 with the following status: 0.
Information,5/22/2020 6:36:50 PM,Microsoft-Windows-UserPnp,20003,(7005),Driver Management has concluded the process to add Service SynTP for Device Instance ID ACPI\SYN1E7D\4&30C4382B&0 with the following status: 0.
Information,5/22/2020 6:36:50 PM,Service Control Manager,7045,None,"A service was installed in the system.

Service Name:  Synaptics TouchPad Driver
Service File Name:  \SystemRoot\system32\DRIVERS\SynTP.sys
Service Type:  kernel mode driver
Service Start Type:  demand start
Service Account:  "
Information,5/22/2020 6:36:44 PM,Microsoft-Windows-UserPnp,20001,(7005),Driver Management concluded the process to install driver heci.inf_amd64_7a37daa18a2c0756 for Device Instance ID PCI\VEN_8086&DEV_1E3A&SUBSYS_1894103C&REV_04\3&11583659&0&B0 with the following status: 0x0.
Information,5/22/2020 6:36:44 PM,MEIx64,2,None,Intel(R) Management Engine Interface driver has started successfully.
Information,5/22/2020 6:36:44 PM,Service Control Manager,7045,None,"A service was installed in the system.

Service Name:  Intel(R) Management Engine Interface 
Service File Name:  \SystemRoot\System32\drivers\TeeDriverW8x64.sys
Service Type:  kernel mode driver
Service Start Type:  demand start
Service Account:  "
Information,5/22/2020 6:36:44 PM,Microsoft-Windows-UserPnp,20001,(7005),Driver Management concluded the process to install driver igdlh64.inf_amd64_5f8dc4eab6fcd2f0 for Device Instance ID PCI\VEN_8086&DEV_0166&SUBSYS_1894103C&REV_09\3&11583659&0&10 with the following status: 0x0.
Information,5/22/2020 6:36:44 PM,Microsoft-Windows-UserPnp,20003,(7005),Driver Management has concluded the process to add Service igfxCUIService1.0.0.0 for Device Instance ID PCI\VEN_8086&DEV_0166&SUBSYS_1894103C&REV_09\3&11583659&0&10 with the following status: 0.
Information,5/22/2020 6:36:44 PM,Service Control Manager,7045,None,"A service was installed in the system.

Service Name:  Intel(R) HD Graphics Control Panel Service
Service File Name:  %SystemRoot%\system32\igfxCUIService.exe
Service Type:  user mode service
Service Start Type:  auto start
Service Account:  LocalSystem"
Information,5/22/2020 6:36:44 PM,Microsoft-Windows-UserPnp,20003,(7005),Driver Management has concluded the process to add Service cphs for Device Instance ID PCI\VEN_8086&DEV_0166&SUBSYS_1894103C&REV_09\3&11583659&0&10 with the following status: 0.
Information,5/22/2020 6:36:44 PM,Service Control Manager,7045,None,"A service was installed in the system.

Service Name:  Intel(R) Content Protection HECI Service
Service File Name:  %SystemRoot%\SysWow64\IntelCpHeciSvc.exe
Service Type:  user mode service
Service Start Type:  auto start
Service Account:  LocalSystem"
Information,5/22/2020 6:36:44 PM,Microsoft-Windows-UserPnp,20003,(7005),Driver Management has concluded the process to add Service igfx for Device Instance ID PCI\VEN_8086&DEV_0166&SUBSYS_1894103C&REV_09\3&11583659&0&10 with the following status: 0.
