Information,5/23/2020 10:27:14 PM,Service Control Manager,7040,None,The start type of the Background Intelligent Transfer Service service was changed from auto start to demand start.
Information,5/23/2020 10:25:10 PM,Service Control Manager,7040,None,The start type of the Background Intelligent Transfer Service service was changed from demand start to auto start.
Information,5/23/2020 10:23:50 PM,Service Control Manager,7045,None,"A service was installed in the system.

Service Name:  MpKslDrv
Service File Name:  C:\ProgramData\Microsoft\Windows Defender\Definition Updates\{9B66F322-B10B-418B-A2A2-F724FA3E06A2}\MpKslDrv.sys
Service Type:  kernel mode driver
Service Start Type:  system start
Service Account:  "
Warning,5/23/2020 10:17:13 PM,Microsoft-Windows-DistributedCOM,10016,None,"The machine-default permission settings do not grant Local Activation permission for the COM Server application with CLSID 
{C2F03A33-21F5-47FA-B4BB-156362A2F239}
 and APPID 
{316CDED5-E4AE-4B15-9113-7055D84DCC97}
 to the user DESKTOP-577B38M\PC SID (S-1-5-21-839496821-663164669-2267191325-1002) from address LocalHost (Using LRPC) running in the application container Microsoft.Windows.ShellExperienceHost_10.0.18362.449_neutral_neutral_cw5n1h2txyewy SID (S-1-15-2-155514346-2573954481-755741238-1654018636-1233331829-3075935687-2861478708). This security permission can be modified using the Component Services administrative tool."
Information,5/23/2020 10:13:43 PM,Service Control Manager,7040,None,The start type of the Windows Modules Installer service was changed from auto start to demand start.
Information,5/23/2020 10:13:41 PM,Service Control Manager,7040,None,The start type of the Windows Modules Installer service was changed from demand start to auto start.
Warning,5/23/2020 9:07:13 PM,Microsoft-Windows-DistributedCOM,10016,None,"The application-specific permission settings do not grant Local Activation permission for the COM Server application with CLSID 
{2593F8B9-4EAF-457C-B68A-50F6B8EA6B54}
 and APPID 
{15C20B67-12E7-4BB6-92BB-7AFF07997402}
 to the user DESKTOP-577B38M\PC SID (S-1-5-21-839496821-663164669-2267191325-1002) from address LocalHost (Using LRPC) running in the application container Unavailable SID (Unavailable). This security permission can be modified using the Component Services administrative tool."
Information,5/23/2020 8:56:17 PM,Microsoft-Windows-Kernel-General,1,(5),"The system time has changed to ‎2020‎-‎05‎-‎23T17:56:17.054327700Z from ‎2020‎-‎05‎-‎23T17:56:17.053849300Z.

Change Reason: An application or system component changed the time.
Process: '\Device\HarddiskVolume5\Windows\System32\svchost.exe' (PID 1104)."
Information,5/23/2020 8:56:17 PM,Microsoft-Windows-Time-Service,35,None,"The time service is now synchronizing the system time with the time source time.windows.com,0x9 (ntp.m|0x9|0.0.0.0:123->40.81.188.85:123) with reference id 1438404904. Current local stratum number is 4."
Information,5/23/2020 8:56:03 PM,Microsoft-Windows-Kernel-General,16,None,The access history in hive \??\C:\ProgramData\Microsoft\Provisioning\Microsoft-Desktop-Provisioning-Sequence.dat was cleared updating 0 keys and creating 0 modified pages.
Information,5/23/2020 8:56:02 PM,Microsoft-Windows-Time-Service,37,None,"The time provider NtpClient is currently receiving valid time data from time.windows.com,0x9 (ntp.m|0x9|0.0.0.0:123->40.81.188.85:123)."
Information,5/23/2020 8:56:01 PM,Microsoft-Windows-Time-Service,158,None,The time provider 'VMICTimeProvider' has indicated that the current hardware and operating environment is not supported and has stopped. This behavior is expected for VMICTimeProvider on non-HyperV-guest environments. This may be the expected behavior for the current provider in the current operating environment as well.
Information,5/23/2020 7:38:48 PM,Service Control Manager,7040,None,The start type of the Background Intelligent Transfer Service service was changed from auto start to demand start.
Information,5/23/2020 7:34:48 PM,Service Control Manager,7040,None,The start type of the Background Intelligent Transfer Service service was changed from demand start to auto start.
Warning,5/23/2020 7:33:48 PM,Microsoft-Windows-DistributedCOM,10016,None,"The application-specific permission settings do not grant Local Activation permission for the COM Server application with CLSID 
{2593F8B9-4EAF-457C-B68A-50F6B8EA6B54}
 and APPID 
{15C20B67-12E7-4BB6-92BB-7AFF07997402}
 to the user DESKTOP-577B38M\PC SID (S-1-5-21-839496821-663164669-2267191325-1002) from address LocalHost (Using LRPC) running in the application container Unavailable SID (Unavailable). This security permission can be modified using the Component Services administrative tool."
Information,5/23/2020 6:24:51 PM,Service Control Manager,7040,None,The start type of the Background Intelligent Transfer Service service was changed from auto start to demand start.
Information,5/23/2020 6:24:40 PM,Microsoft-Windows-WindowsUpdateClient,19,Windows Update Agent,Installation Successful: Windows successfully installed the following update: Security Intelligence Update for Microsoft Defender Antivirus - KB2267602 (Version 1.315.1277.0)
Information,5/23/2020 6:24:27 PM,Microsoft-Windows-WindowsUpdateClient,43,Windows Update Agent,Installation Started: Windows has started installing the following update: Security Intelligence Update for Microsoft Defender Antivirus - KB2267602 (Version 1.315.1277.0)
Information,5/23/2020 6:24:27 PM,Microsoft-Windows-WindowsUpdateClient,44,Windows Update Agent,Windows Update started downloading an update.
Warning,5/23/2020 6:21:47 PM,Microsoft-Windows-DistributedCOM,10016,None,"The machine-default permission settings do not grant Local Activation permission for the COM Server application with CLSID 
{C2F03A33-21F5-47FA-B4BB-156362A2F239}
 and APPID 
{316CDED5-E4AE-4B15-9113-7055D84DCC97}
 to the user DESKTOP-577B38M\PC SID (S-1-5-21-839496821-663164669-2267191325-1002) from address LocalHost (Using LRPC) running in the application container Microsoft.Windows.ShellExperienceHost_10.0.18362.449_neutral_neutral_cw5n1h2txyewy SID (S-1-15-2-155514346-2573954481-755741238-1654018636-1233331829-3075935687-2861478708). This security permission can be modified using the Component Services administrative tool."
Warning,5/23/2020 6:21:47 PM,Microsoft-Windows-DistributedCOM,10016,None,"The machine-default permission settings do not grant Local Activation permission for the COM Server application with CLSID 
{C2F03A33-21F5-47FA-B4BB-156362A2F239}
 and APPID 
{316CDED5-E4AE-4B15-9113-7055D84DCC97}
 to the user DESKTOP-577B38M\PC SID (S-1-5-21-839496821-663164669-2267191325-1002) from address LocalHost (Using LRPC) running in the application container Microsoft.Windows.ShellExperienceHost_10.0.18362.449_neutral_neutral_cw5n1h2txyewy SID (S-1-15-2-155514346-2573954481-755741238-1654018636-1233331829-3075935687-2861478708). This security permission can be modified using the Component Services administrative tool."
Warning,5/23/2020 6:21:38 PM,Microsoft-Windows-DistributedCOM,10016,None,"The application-specific permission settings do not grant Local Activation permission for the COM Server application with CLSID 
{2593F8B9-4EAF-457C-B68A-50F6B8EA6B54}
 and APPID 
{15C20B67-12E7-4BB6-92BB-7AFF07997402}
 to the user DESKTOP-577B38M\PC SID (S-1-5-21-839496821-663164669-2267191325-1002) from address LocalHost (Using LRPC) running in the application container Unavailable SID (Unavailable). This security permission can be modified using the Component Services administrative tool."
Information,5/23/2020 6:21:32 PM,Microsoft-Windows-WindowsUpdateClient,19,Windows Update Agent,Installation Successful: Windows successfully installed the following update: Security Intelligence Update for Microsoft Defender Antivirus - KB2267602 (Version 1.315.1269.0)
Information,5/23/2020 6:21:29 PM,Service Control Manager,7040,None,The start type of the Background Intelligent Transfer Service service was changed from demand start to auto start.
Warning,5/23/2020 6:21:16 PM,Microsoft-Windows-DistributedCOM,10016,None,"The application-specific permission settings do not grant Local Activation permission for the COM Server application with CLSID 
{6B3B8D23-FA8D-40B9-8DBD-B950333E2C52}
 and APPID 
{4839DDB7-58C2-48F5-8283-E1D1807D0D7D}
 to the user NT AUTHORITY\LOCAL SERVICE SID (S-1-5-19) from address LocalHost (Using LRPC) running in the application container Unavailable SID (Unavailable). This security permission can be modified using the Component Services administrative tool."
Warning,5/23/2020 6:21:16 PM,Microsoft-Windows-DistributedCOM,10016,None,"The application-specific permission settings do not grant Local Activation permission for the COM Server application with CLSID 
{6B3B8D23-FA8D-40B9-8DBD-B950333E2C52}
 and APPID 
{4839DDB7-58C2-48F5-8283-E1D1807D0D7D}
 to the user NT AUTHORITY\LOCAL SERVICE SID (S-1-5-19) from address LocalHost (Using LRPC) running in the application container Unavailable SID (Unavailable). This security permission can be modified using the Component Services administrative tool."
Information,5/23/2020 6:21:13 PM,Microsoft-Windows-Winlogon,7001,(1101),User Logon Notification for Customer Experience Improvement Program
Information,5/23/2020 6:21:13 PM,Microsoft-Windows-Power-Troubleshooter,1,None,"The system has returned from a low power state.

Sleep Time: ‎2020‎-‎05‎-‎23T11:43:13.115066700Z
Wake Time: ‎2020‎-‎05‎-‎23T15:21:11.079289000Z

Wake Source: Unknown"
Warning,5/23/2020 6:21:12 PM,BTHUSB,34,None,"The local adapter does not support an important Low Energy controller state to support peripheral mode.  The minimum required supported state mask is 0x2491f7fffff, got 0x1f7fffff.  Low Energy peripheral role functionality will not be available."
Information,5/23/2020 6:21:12 PM,BTHUSB,18,None,Windows cannot store Bluetooth authentication codes (link keys) on the local adapter. Bluetooth keyboards might not work in the system BIOS during startup.
Information,5/23/2020 6:21:11 PM,Microsoft-Windows-Kernel-Boot,27,(33),The boot type was 0x1.
Information,5/23/2020 6:21:11 PM,Microsoft-Windows-Kernel-Boot,25,(32),The boot menu policy was 0x1.
Information,5/23/2020 6:21:11 PM,Microsoft-Windows-Kernel-Boot,32,(58),The bootmgr spent 0 ms waiting for user input.
Information,5/23/2020 6:21:11 PM,Microsoft-Windows-Kernel-Boot,18,(57),There are 0x1 boot options on this system.
Information,5/23/2020 6:21:11 PM,Microsoft-Windows-Kernel-Boot,30,(21),The firmware reported boot metrics.
Information,5/23/2020 6:21:10 PM,Microsoft-Windows-Kernel-General,1,(5),"The system time has changed to ‎2020‎-‎05‎-‎23T15:21:10.500000000Z from ‎2020‎-‎05‎-‎23T11:43:15.458738100Z.

Change Reason: System time synchronized with the hardware clock.
Process: '' (PID 4)."
Information,5/23/2020 2:43:15 PM,Microsoft-Windows-Kernel-Power,107,(102),The system has resumed from sleep.
Information,5/23/2020 2:43:15 PM,Microsoft-Windows-WindowsUpdateClient,43,Windows Update Agent,Installation Started: Windows has started installing the following update: Security Intelligence Update for Microsoft Defender Antivirus - KB2267602 (Version 1.315.1269.0)
Information,5/23/2020 2:43:13 PM,Microsoft-Windows-Kernel-Power,42,(64),"The system is entering sleep.

Sleep Reason: Application API"
Information,5/23/2020 2:43:13 PM,Microsoft-Windows-Kernel-Power,187,(243),User-mode process attempted to change the system state by calling SetSuspendState or SetSystemPowerState APIs.
Information,5/23/2020 2:43:11 PM,Microsoft-Windows-Winlogon,7002,(1102),User Logoff Notification for Customer Experience Improvement Program
Error,5/23/2020 2:43:09 PM,Microsoft-Windows-DistributedCOM,10010,None,The server Microsoft.Windows.ContentDeliveryManager_10.0.18362.449_neutral_neutral_cw5n1h2txyewy!App.AppXwdz8g2fxr36xz0tdtagygnvemf85s7gg.mca did not register with DCOM within the required timeout.
Information,5/23/2020 2:43:09 PM,Microsoft-Windows-WindowsUpdateClient,44,Windows Update Agent,Windows Update started downloading an update.
Information,5/23/2020 2:39:45 PM,Microsoft-Windows-Kernel-General,16,None,The access history in hive \??\C:\ProgramData\Microsoft\Provisioning\Microsoft-Desktop-Provisioning-Sequence.dat was cleared updating 0 keys and creating 0 modified pages.
Warning,5/23/2020 2:26:24 PM,Microsoft-Windows-DistributedCOM,10016,None,"The machine-default permission settings do not grant Local Activation permission for the COM Server application with CLSID 
{C2F03A33-21F5-47FA-B4BB-156362A2F239}
 and APPID 
{316CDED5-E4AE-4B15-9113-7055D84DCC97}
 to the user DESKTOP-577B38M\PC SID (S-1-5-21-839496821-663164669-2267191325-1002) from address LocalHost (Using LRPC) running in the application container Microsoft.Windows.ShellExperienceHost_10.0.18362.449_neutral_neutral_cw5n1h2txyewy SID (S-1-15-2-155514346-2573954481-755741238-1654018636-1233331829-3075935687-2861478708). This security permission can be modified using the Component Services administrative tool."
Warning,5/23/2020 2:26:09 PM,Microsoft-Windows-DistributedCOM,10016,None,"The machine-default permission settings do not grant Local Activation permission for the COM Server application with CLSID 
{C2F03A33-21F5-47FA-B4BB-156362A2F239}
 and APPID 
{316CDED5-E4AE-4B15-9113-7055D84DCC97}
 to the user DESKTOP-577B38M\PC SID (S-1-5-21-839496821-663164669-2267191325-1002) from address LocalHost (Using LRPC) running in the application container Microsoft.Windows.ShellExperienceHost_10.0.18362.449_neutral_neutral_cw5n1h2txyewy SID (S-1-15-2-155514346-2573954481-755741238-1654018636-1233331829-3075935687-2861478708). This security permission can be modified using the Component Services administrative tool."
Information,5/23/2020 2:26:09 PM,Microsoft-Windows-UserPnp,20001,(7005),Driver Management concluded the process to install driver microsoft_bluetooth_hfp.inf_amd64_d652a11ee05a2f4a for Device Instance ID BTHHFENUM\BTHHFPAUDIO\9&1DB921D5&0&97 with the following status: 0x0.
Information,5/23/2020 2:26:08 PM,Service Control Manager,7045,None,"A service was installed in the system.

Service Name:  Microsoft Bluetooth Hands-Free Audio driver
Service File Name:  \SystemRoot\System32\drivers\BthHfAud.sys
Service Type:  kernel mode driver
Service Start Type:  demand start
Service Account:  "
Information,5/23/2020 2:26:07 PM,BTHUSB,8,None,The remote adapter (08:7a:4c:a3:fa:86) successfully paired with the local adapter.
Warning,5/23/2020 2:25:55 PM,Microsoft-Windows-DistributedCOM,10016,None,"The machine-default permission settings do not grant Local Activation permission for the COM Server application with CLSID 
{C2F03A33-21F5-47FA-B4BB-156362A2F239}
 and APPID 
{316CDED5-E4AE-4B15-9113-7055D84DCC97}
 to the user DESKTOP-577B38M\PC SID (S-1-5-21-839496821-663164669-2267191325-1002) from address LocalHost (Using LRPC) running in the application container Microsoft.Windows.ShellExperienceHost_10.0.18362.449_neutral_neutral_cw5n1h2txyewy SID (S-1-15-2-155514346-2573954481-755741238-1654018636-1233331829-3075935687-2861478708). This security permission can be modified using the Component Services administrative tool."
Warning,5/23/2020 2:24:01 PM,Microsoft-Windows-Kernel-Processor-Power,37,(7),The speed of processor 2 in group 0 is being limited by system firmware. The processor has been in this reduced performance state for 71 seconds since the last report.
Warning,5/23/2020 2:24:01 PM,Microsoft-Windows-Kernel-Processor-Power,37,(7),The speed of processor 1 in group 0 is being limited by system firmware. The processor has been in this reduced performance state for 71 seconds since the last report.
Warning,5/23/2020 2:24:01 PM,Microsoft-Windows-Kernel-Processor-Power,37,(7),The speed of processor 3 in group 0 is being limited by system firmware. The processor has been in this reduced performance state for 71 seconds since the last report.
Warning,5/23/2020 2:24:01 PM,Microsoft-Windows-Kernel-Processor-Power,37,(7),The speed of processor 0 in group 0 is being limited by system firmware. The processor has been in this reduced performance state for 71 seconds since the last report.
Warning,5/23/2020 2:22:53 PM,Microsoft-Windows-DistributedCOM,10016,None,"The application-specific permission settings do not grant Local Activation permission for the COM Server application with CLSID 
{6B3B8D23-FA8D-40B9-8DBD-B950333E2C52}
 and APPID 
{4839DDB7-58C2-48F5-8283-E1D1807D0D7D}
 to the user NT AUTHORITY\LOCAL SERVICE SID (S-1-5-19) from address LocalHost (Using LRPC) running in the application container Unavailable SID (Unavailable). This security permission can be modified using the Component Services administrative tool."
Warning,5/23/2020 2:22:53 PM,Microsoft-Windows-DistributedCOM,10016,None,"The application-specific permission settings do not grant Local Activation permission for the COM Server application with CLSID 
{6B3B8D23-FA8D-40B9-8DBD-B950333E2C52}
 and APPID 
{4839DDB7-58C2-48F5-8283-E1D1807D0D7D}
 to the user NT AUTHORITY\LOCAL SERVICE SID (S-1-5-19) from address LocalHost (Using LRPC) running in the application container Unavailable SID (Unavailable). This security permission can be modified using the Component Services administrative tool."
Information,5/23/2020 2:22:52 PM,Microsoft-Windows-Winlogon,7001,(1101),User Logon Notification for Customer Experience Improvement Program
Information,5/23/2020 2:22:51 PM,Microsoft-Windows-Power-Troubleshooter,1,None,"The system has returned from a low power state.

Sleep Time: ‎2020‎-‎05‎-‎23T11:18:12.482229100Z
Wake Time: ‎2020‎-‎05‎-‎23T11:22:50.182512000Z

Wake Source: Unknown"
Warning,5/23/2020 2:22:51 PM,BTHUSB,34,None,"The local adapter does not support an important Low Energy controller state to support peripheral mode.  The minimum required supported state mask is 0x2491f7fffff, got 0x1f7fffff.  Low Energy peripheral role functionality will not be available."
Information,5/23/2020 2:22:51 PM,BTHUSB,18,None,Windows cannot store Bluetooth authentication codes (link keys) on the local adapter. Bluetooth keyboards might not work in the system BIOS during startup.
Information,5/23/2020 2:22:50 PM,Microsoft-Windows-Kernel-Boot,27,(33),The boot type was 0x1.
Information,5/23/2020 2:22:50 PM,Microsoft-Windows-Kernel-Boot,25,(32),The boot menu policy was 0x1.
Information,5/23/2020 2:22:50 PM,Microsoft-Windows-Kernel-Boot,32,(58),The bootmgr spent 0 ms waiting for user input.
Information,5/23/2020 2:22:50 PM,Microsoft-Windows-Kernel-Boot,18,(57),There are 0x1 boot options on this system.
Information,5/23/2020 2:22:50 PM,Microsoft-Windows-Kernel-Boot,30,(21),The firmware reported boot metrics.
Information,5/23/2020 2:22:49 PM,Microsoft-Windows-Kernel-General,1,(5),"The system time has changed to ‎2020‎-‎05‎-‎23T11:22:49.500000000Z from ‎2020‎-‎05‎-‎23T11:18:14.608289400Z.

Change Reason: System time synchronized with the hardware clock.
Process: '' (PID 4)."
Information,5/23/2020 2:18:14 PM,Microsoft-Windows-Kernel-Power,107,(102),The system has resumed from sleep.
Information,5/23/2020 2:18:12 PM,Microsoft-Windows-Kernel-Power,42,(64),"The system is entering sleep.

Sleep Reason: Application API"
Information,5/23/2020 2:18:12 PM,Microsoft-Windows-Kernel-Power,187,(243),User-mode process attempted to change the system state by calling SetSuspendState or SetSystemPowerState APIs.
Information,5/23/2020 2:18:11 PM,Microsoft-Windows-Winlogon,7002,(1102),User Logoff Notification for Customer Experience Improvement Program
Information,5/23/2020 2:18:10 PM,User32,1074,None,"The process C:\Windows\System32\RuntimeBroker.exe (DESKTOP-577B38M) has initiated the power off of computer DESKTOP-577B38M on behalf of user DESKTOP-577B38M\PC for the following reason: Other (Unplanned)
 Reason Code: 0x0
 Shutdown Type: power off
 Comment: "
Warning,5/23/2020 2:15:42 PM,Microsoft-Windows-DistributedCOM,10016,None,"The application-specific permission settings do not grant Local Launch permission for the COM Server application with CLSID 
Windows.SecurityCenter.WscDataProtection
 and APPID 
Unavailable
 to the user NT AUTHORITY\SYSTEM SID (S-1-5-18) from address LocalHost (Using LRPC) running in the application container Unavailable SID (Unavailable). This security permission can be modified using the Component Services administrative tool."
Warning,5/23/2020 2:15:42 PM,Microsoft-Windows-DistributedCOM,10016,None,"The application-specific permission settings do not grant Local Launch permission for the COM Server application with CLSID 
Windows.SecurityCenter.WscBrokerManager
 and APPID 
Unavailable
 to the user NT AUTHORITY\SYSTEM SID (S-1-5-18) from address LocalHost (Using LRPC) running in the application container Unavailable SID (Unavailable). This security permission can be modified using the Component Services administrative tool."
Warning,5/23/2020 2:15:42 PM,Microsoft-Windows-DistributedCOM,10016,None,"The application-specific permission settings do not grant Local Launch permission for the COM Server application with CLSID 
Windows.SecurityCenter.SecurityAppBroker
 and APPID 
Unavailable
 to the user NT AUTHORITY\SYSTEM SID (S-1-5-18) from address LocalHost (Using LRPC) running in the application container Unavailable SID (Unavailable). This security permission can be modified using the Component Services administrative tool."
Warning,5/23/2020 2:14:09 PM,Microsoft-Windows-DistributedCOM,10016,None,"The machine-default permission settings do not grant Local Activation permission for the COM Server application with CLSID 
{C2F03A33-21F5-47FA-B4BB-156362A2F239}
 and APPID 
{316CDED5-E4AE-4B15-9113-7055D84DCC97}
 to the user DESKTOP-577B38M\PC SID (S-1-5-21-839496821-663164669-2267191325-1002) from address LocalHost (Using LRPC) running in the application container Microsoft.Windows.ShellExperienceHost_10.0.18362.449_neutral_neutral_cw5n1h2txyewy SID (S-1-15-2-155514346-2573954481-755741238-1654018636-1233331829-3075935687-2861478708). This security permission can be modified using the Component Services administrative tool."
Warning,5/23/2020 2:14:02 PM,Microsoft-Windows-DistributedCOM,10016,None,"The machine-default permission settings do not grant Local Activation permission for the COM Server application with CLSID 
{C2F03A33-21F5-47FA-B4BB-156362A2F239}
 and APPID 
{316CDED5-E4AE-4B15-9113-7055D84DCC97}
 to the user DESKTOP-577B38M\PC SID (S-1-5-21-839496821-663164669-2267191325-1002) from address LocalHost (Using LRPC) running in the application container Microsoft.Windows.ShellExperienceHost_10.0.18362.449_neutral_neutral_cw5n1h2txyewy SID (S-1-15-2-155514346-2573954481-755741238-1654018636-1233331829-3075935687-2861478708). This security permission can be modified using the Component Services administrative tool."
Information,5/23/2020 2:13:38 PM,Service Control Manager,7026,None,"The following boot-start or system-start driver(s) did not load: 
dam"
Warning,5/23/2020 2:13:36 PM,Microsoft-Windows-DistributedCOM,10016,None,"The application-specific permission settings do not grant Local Activation permission for the COM Server application with CLSID 
{6B3B8D23-FA8D-40B9-8DBD-B950333E2C52}
 and APPID 
{4839DDB7-58C2-48F5-8283-E1D1807D0D7D}
 to the user NT AUTHORITY\LOCAL SERVICE SID (S-1-5-19) from address LocalHost (Using LRPC) running in the application container Unavailable SID (Unavailable). This security permission can be modified using the Component Services administrative tool."
Warning,5/23/2020 2:13:36 PM,Microsoft-Windows-DistributedCOM,10016,None,"The application-specific permission settings do not grant Local Activation permission for the COM Server application with CLSID 
{6B3B8D23-FA8D-40B9-8DBD-B950333E2C52}
 and APPID 
{4839DDB7-58C2-48F5-8283-E1D1807D0D7D}
 to the user NT AUTHORITY\LOCAL SERVICE SID (S-1-5-19) from address LocalHost (Using LRPC) running in the application container Unavailable SID (Unavailable). This security permission can be modified using the Component Services administrative tool."
Information,5/23/2020 2:13:35 PM,Microsoft-Windows-WLAN-AutoConfig,4000,None,"WLAN AutoConfig service has successfully started.
"
Information,5/23/2020 2:13:35 PM,Microsoft-Windows-Winlogon,7001,(1101),User Logon Notification for Customer Experience Improvement Program
Information,5/23/2020 2:13:34 PM,Microsoft-Windows-DHCPv6-Client,51046,Service State Event,DHCPv6 client service is started
Information,5/23/2020 2:13:33 PM,Microsoft-Windows-FilterManager,6,None,"File System Filter 'storqosflt' (10.0, ‎2084‎-‎07‎-‎24T08:29:44.000000000Z) has successfully loaded and registered with Filter Manager."
Information,5/23/2020 2:13:33 PM,Microsoft-Windows-Dhcp-Client,50103,Service State Event,DHCPv4 client registered for shutdown notification
Information,5/23/2020 2:13:33 PM,Microsoft-Windows-Dhcp-Client,50036,Service State Event,DHCPv4 client service is started
Information,5/23/2020 2:13:33 PM,Microsoft-Windows-FilterManager,6,None,"File System Filter 'CldFlt' (10.0, ‎2077‎-‎06‎-‎12T18:13:28.000000000Z) has successfully loaded and registered with Filter Manager."
Information,5/23/2020 2:13:33 PM,Microsoft-Windows-FilterManager,1,None,"File System Filter 'CldFlt' (Version 10.0, ‎2077‎-‎06‎-‎12T18:13:28.000000000Z) unloaded successfully."
Information,5/23/2020 2:13:33 PM,Microsoft-Windows-FilterManager,6,None,"File System Filter 'CldFlt' (10.0, ‎2077‎-‎06‎-‎12T18:13:28.000000000Z) has successfully loaded and registered with Filter Manager."
Information,5/23/2020 2:13:33 PM,Microsoft-Windows-FilterManager,6,None,"File System Filter 'luafv' (10.0, ‎1974‎-‎08‎-‎09T16:33:30.000000000Z) has successfully loaded and registered with Filter Manager."
Information,5/23/2020 2:13:33 PM,Microsoft-Windows-FilterManager,6,None,"File System Filter 'wcifs' (10.0, ‎2011‎-‎08‎-‎26T01:27:29.000000000Z) has successfully loaded and registered with Filter Manager."
Information,5/23/2020 2:13:32 PM,Microsoft-Windows-Directory-Services-SAM,16962,None,"Remote calls to the SAM database are being restricted using the default security descriptor: O:SYG:SYD:(A;;RC;;;BA).
For more information please see http://go.microsoft.com/fwlink/?LinkId=787651."
Information,5/23/2020 2:13:32 PM,Microsoft-Windows-Wininit,14,None,"Credential Guard configuration: 0x0, 0"
Warning,5/23/2020 2:13:30 PM,BTHUSB,34,None,"The local adapter does not support an important Low Energy controller state to support peripheral mode.  The minimum required supported state mask is 0x2491f7fffff, got 0x1f7fffff.  Low Energy peripheral role functionality will not be available."
Information,5/23/2020 2:13:30 PM,BTHUSB,18,None,Windows cannot store Bluetooth authentication codes (link keys) on the local adapter. Bluetooth keyboards might not work in the system BIOS during startup.
Information,5/23/2020 2:13:29 PM,Microsoft-Windows-Ntfs,98,None,Volume \\?\Volume{1de56c92-7cab-4981-b572-50a171ad5c66} (\Device\HarddiskVolume6) is healthy.  No action is needed.
Information,5/23/2020 2:13:29 PM,Microsoft-Windows-Ntfs,98,None,Volume \\?\Volume{c3f65bb2-b295-4d90-861f-ae3ae826d34b} (\Device\HarddiskVolume2) is healthy.  No action is needed.
Information,5/23/2020 2:13:28 PM,Microsoft-Windows-Ntfs,98,None,Volume D: (\Device\HarddiskVolume1) is healthy.  No action is needed.
Information,5/23/2020 2:13:28 PM,Microsoft-Windows-Kernel-Power,172,(203),"Connectivity state in standby: Disconnected, Reason: NIC compliance"
Information,5/23/2020 2:13:28 PM,Microsoft-Windows-FilterManager,6,None,"File System Filter 'npsvctrig' (10.0, ‎1977‎-‎09‎-‎12T18:19:34.000000000Z) has successfully loaded and registered with Filter Manager."
Information,5/23/2020 2:13:24 PM,Microsoft-Windows-Kernel-Processor-Power,55,(47),"Processor 3 in group 0 exposes the following power management capabilities:

Idle state type: ACPI Idle (C) States (2 state(s))

Performance state type: ACPI Performance (P) / Throttle (T) States
Nominal Frequency (MHz): 1701
Maximum performance percentage: 100
Minimum performance percentage: 45
Minimum throttle percentage: 5"
Information,5/23/2020 2:13:24 PM,Microsoft-Windows-Kernel-Processor-Power,55,(47),"Processor 2 in group 0 exposes the following power management capabilities:

Idle state type: ACPI Idle (C) States (2 state(s))

Performance state type: ACPI Performance (P) / Throttle (T) States
Nominal Frequency (MHz): 1701
Maximum performance percentage: 100
Minimum performance percentage: 45
Minimum throttle percentage: 5"
Information,5/23/2020 2:13:24 PM,Microsoft-Windows-Kernel-Processor-Power,55,(47),"Processor 1 in group 0 exposes the following power management capabilities:

Idle state type: ACPI Idle (C) States (2 state(s))

Performance state type: ACPI Performance (P) / Throttle (T) States
Nominal Frequency (MHz): 1701
Maximum performance percentage: 100
Minimum performance percentage: 45
Minimum throttle percentage: 5"
Information,5/23/2020 2:13:24 PM,Microsoft-Windows-Kernel-Processor-Power,55,(47),"Processor 0 in group 0 exposes the following power management capabilities:

Idle state type: ACPI Idle (C) States (2 state(s))

Performance state type: ACPI Performance (P) / Throttle (T) States
Nominal Frequency (MHz): 1701
Maximum performance percentage: 100
Minimum performance percentage: 45
Minimum throttle percentage: 5"
Information,5/23/2020 2:13:24 PM,NETwNe64,7036,None,The \Device\NDMP2 service entered the Intel(R) Centrino(R) Wireless-N 2230 state.
Information,5/23/2020 2:13:24 PM,MEIx64,2,None,Intel(R) Management Engine Interface driver has started successfully.
Information,5/23/2020 2:13:23 PM,Microsoft-Windows-FilterManager,6,None,"File System Filter 'FileCrypt' (10.0, ‎2011‎-‎10‎-‎30T18:56:49.000000000Z) has successfully loaded and registered with Filter Manager."
Information,5/23/2020 2:13:23 PM,Microsoft-Windows-Ntfs,98,None,Volume C: (\Device\HarddiskVolume5) is healthy.  No action is needed.
Information,5/23/2020 2:13:22 PM,Microsoft-Windows-FilterManager,6,None,"File System Filter 'WdFilter' (10.0, ‎2040‎-‎12‎-‎27T02:32:17.000000000Z) has successfully loaded and registered with Filter Manager."
Information,5/23/2020 2:13:22 PM,Microsoft-Windows-FilterManager,6,None,"File System Filter 'Wof' (10.0, ‎2096‎-‎10‎-‎27T16:24:16.000000000Z) has successfully loaded and registered with Filter Manager."
Information,5/23/2020 2:13:22 PM,Microsoft-Windows-FilterManager,6,None,"File System Filter 'FileInfo' (10.0, ‎1989‎-‎07‎-‎13T04:15:12.000000000Z) has successfully loaded and registered with Filter Manager."
Information,5/23/2020 2:13:21 PM,Microsoft-Windows-Kernel-General,20,(6),"The leap second configuration has been updated.
Reason: Leap second data initialized from registry during boot
Leap seconds enabled: true
New leap second count: 0
Old leap second count: 0"
Information,5/23/2020 2:13:21 PM,Microsoft-Windows-Kernel-Boot,30,(21),The firmware reported boot metrics.
Information,5/23/2020 2:13:21 PM,Microsoft-Windows-Kernel-Boot,27,(33),The boot type was 0x0.
Information,5/23/2020 2:13:21 PM,Microsoft-Windows-Kernel-Boot,25,(32),The boot menu policy was 0x1.
Information,5/23/2020 2:13:21 PM,Microsoft-Windows-Kernel-Boot,20,(31),The last shutdown's success status was true. The last boot's success status was true.
Information,5/23/2020 2:13:21 PM,Microsoft-Windows-Kernel-Boot,32,(58),The bootmgr spent 0 ms waiting for user input.
Information,5/23/2020 2:13:21 PM,Microsoft-Windows-Kernel-Boot,18,(57),There are 0x1 boot options on this system.
Information,5/23/2020 2:13:21 PM,Microsoft-Windows-Kernel-Boot,153,(62),Virtualization-based security (policies: 0) is disabled.
Information,5/23/2020 2:13:21 PM,Microsoft-Windows-Kernel-General,12,(1),The operating system started at system time ‎2020‎-‎05‎-‎23T11:13:21.500000000Z.
Information,5/23/2020 2:13:12 PM,Microsoft-Windows-Kernel-General,13,(2),The operating system is shutting down at system time ‎2020‎-‎05‎-‎23T11:13:12.827919400Z.
Information,5/23/2020 2:13:12 PM,Microsoft-Windows-Kernel-Power,109,(103),"The kernel power manager has initiated a shutdown transition.

Shutdown Reason: Kernel API"
Information,5/23/2020 2:13:10 PM,Microsoft-Windows-WLAN-AutoConfig,4001,None,"WLAN AutoConfig service has successfully stopped.
"
Information,5/23/2020 2:13:10 PM,Microsoft-Windows-Dhcp-Client,50037,Service State Event,DHCPv4 client service is stopped. ShutDown Flag value is 1
Information,5/23/2020 2:13:33 PM,EventLog,6013,None,The system uptime is 12 seconds.
Information,5/23/2020 2:13:33 PM,EventLog,6005,None,The Event log service was started.
Information,5/23/2020 2:13:33 PM,EventLog,6009,None,Microsoft (R) Windows (R) 10.00. 18363  Multiprocessor Free.
Information,5/23/2020 2:13:10 PM,Microsoft-Windows-Dhcp-Client,50106,Service State Event,DHCPv4 is waiting on DHCPv6 service to stop
Information,5/23/2020 2:13:09 PM,Microsoft-Windows-DHCPv6-Client,51057,Service State Event,DHCPv6 client service stop is almost done.DHCP Context Ref count is 1
Information,5/23/2020 2:13:09 PM,Microsoft-Windows-DHCPv6-Client,51047,Service State Event,DHCPv6 client service is stopped. ShutDown Flag value is 1
Information,5/23/2020 2:13:09 PM,Microsoft-Windows-Dhcp-Client,50105,Service State Event,DHCPv4 client ProcessDHCPRequestForever received TERMINATE_EVENT
Information,5/23/2020 2:13:09 PM,Microsoft-Windows-Dhcp-Client,50104,Service State Event,DHCPv4 client received shutdown notification
Error,5/23/2020 2:13:09 PM,Service Control Manager,7000,None,"The User Energy Server Service queencreek service failed to start due to the following error: 
The service did not respond to the start or control request in a timely fashion."
Information,5/23/2020 2:13:09 PM,EventLog,6006,None,The Event log service was stopped.
Information,5/23/2020 2:13:04 PM,Microsoft-Windows-Winlogon,7002,(1102),User Logoff Notification for Customer Experience Improvement Program
Warning,5/23/2020 2:12:54 PM,Microsoft-Windows-DistributedCOM,10016,None,"The machine-default permission settings do not grant Local Activation permission for the COM Server application with CLSID 
{C2F03A33-21F5-47FA-B4BB-156362A2F239}
 and APPID 
{316CDED5-E4AE-4B15-9113-7055D84DCC97}
 to the user DESKTOP-577B38M\PC SID (S-1-5-21-839496821-663164669-2267191325-1002) from address LocalHost (Using LRPC) running in the application container Microsoft.Windows.ShellExperienceHost_10.0.18362.449_neutral_neutral_cw5n1h2txyewy SID (S-1-15-2-155514346-2573954481-755741238-1654018636-1233331829-3075935687-2861478708). This security permission can be modified using the Component Services administrative tool."
Warning,5/23/2020 2:12:41 PM,Microsoft-Windows-DistributedCOM,10016,None,"The machine-default permission settings do not grant Local Activation permission for the COM Server application with CLSID 
{C2F03A33-21F5-47FA-B4BB-156362A2F239}
 and APPID 
{316CDED5-E4AE-4B15-9113-7055D84DCC97}
 to the user DESKTOP-577B38M\PC SID (S-1-5-21-839496821-663164669-2267191325-1002) from address LocalHost (Using LRPC) running in the application container Microsoft.Windows.ShellExperienceHost_10.0.18362.449_neutral_neutral_cw5n1h2txyewy SID (S-1-15-2-155514346-2573954481-755741238-1654018636-1233331829-3075935687-2861478708). This security permission can be modified using the Component Services administrative tool."
Warning,5/23/2020 2:04:25 PM,Microsoft-Windows-DistributedCOM,10016,None,"The machine-default permission settings do not grant Local Activation permission for the COM Server application with CLSID 
{C2F03A33-21F5-47FA-B4BB-156362A2F239}
 and APPID 
{316CDED5-E4AE-4B15-9113-7055D84DCC97}
 to the user DESKTOP-577B38M\PC SID (S-1-5-21-839496821-663164669-2267191325-1002) from address LocalHost (Using LRPC) running in the application container Microsoft.Windows.ShellExperienceHost_10.0.18362.449_neutral_neutral_cw5n1h2txyewy SID (S-1-15-2-155514346-2573954481-755741238-1654018636-1233331829-3075935687-2861478708). This security permission can be modified using the Component Services administrative tool."
Information,5/23/2020 2:04:18 PM,Microsoft-Windows-UserPnp,20001,(7005),Driver Management concluded the process to install driver wpdfs.inf_amd64_e4ff8019ae5ba00c for Device Instance ID SWD\WPDBUSENUM\{783B8E1F-9C70-11EA-AEAE-806E6F6E6963}#00000001DE1F6800 with the following status: 0x0.
Information,5/23/2020 2:04:18 PM,Microsoft-Windows-WPDClassInstaller,24579,Driver Post-Install Configuration,Autoplay registration was skipped for device %1.
Information,5/23/2020 2:04:18 PM,Microsoft-Windows-WPDClassInstaller,24577,Driver Post-Install Configuration,"Media player and imaging program compatibility layers were successfully registered for device %1. Layer bits %2 were requested, layer bits %3 were registered."
Information,5/23/2020 2:04:18 PM,Microsoft-Windows-WPDClassInstaller,24576,Driver Installation,Drivers were successfully installed for device WPD Device.
Information,5/23/2020 2:04:18 PM,Microsoft-Windows-UserPnp,20003,(7005),Driver Management has concluded the process to add Service WUDFWpdFs for Device Instance ID SWD\WPDBUSENUM\{783B8E1F-9C70-11EA-AEAE-806E6F6E6963}#00000001DE1F6800 with the following status: 0.
Information,5/23/2020 2:04:18 PM,Microsoft-Windows-DriverFrameworks-UserMode,10100,Installation or update of device drivers.,The driver package installation has succeeded.
Information,5/23/2020 2:04:18 PM,Microsoft-Windows-DriverFrameworks-UserMode,10002,Installation or update of device drivers.,The UMDF service WpdFs (CLSID {112de495-ac4c-46f8-b663-6a4266c53313}) was upgraded.  It requires framework version 2.29.0 or higher.
Information,5/23/2020 2:04:18 PM,Microsoft-Windows-DriverFrameworks-UserMode,10000,Installation or update of device drivers.,A driver package which uses user-mode driver framework version 2.29.0 is being installed on device SWD\WPDBUSENUM\{783B8E1F-9C70-11EA-AEAE-806E6F6E6963}#00000001DE1F6800.
Warning,5/23/2020 2:04:18 PM,Microsoft-Windows-DistributedCOM,10016,None,"The machine-default permission settings do not grant Local Activation permission for the COM Server application with CLSID 
{C2F03A33-21F5-47FA-B4BB-156362A2F239}
 and APPID 
{316CDED5-E4AE-4B15-9113-7055D84DCC97}
 to the user DESKTOP-577B38M\PC SID (S-1-5-21-839496821-663164669-2267191325-1002) from address LocalHost (Using LRPC) running in the application container Microsoft.Windows.ShellExperienceHost_10.0.18362.449_neutral_neutral_cw5n1h2txyewy SID (S-1-15-2-155514346-2573954481-755741238-1654018636-1233331829-3075935687-2861478708). This security permission can be modified using the Component Services administrative tool."
Information,5/23/2020 2:04:17 PM,Microsoft-Windows-UserPnp,20001,(7005),Driver Management concluded the process to install driver wpdfs.inf_amd64_e4ff8019ae5ba00c for Device Instance ID SWD\WPDBUSENUM\{783B8E1F-9C70-11EA-AEAE-806E6F6E6963}#0000000000100000 with the following status: 0x0.
Information,5/23/2020 2:04:17 PM,Microsoft-Windows-UserPnp,20003,(7005),Driver Management has concluded the process to add Service WUDFWpdFs for Device Instance ID SWD\WPDBUSENUM\{783B8E1F-9C70-11EA-AEAE-806E6F6E6963}#0000000000100000 with the following status: 0.
Information,5/23/2020 2:04:17 PM,Service Control Manager,7045,None,"A service was installed in the system.

Service Name:  WPD File System driver
Service File Name:  \SystemRoot\system32\DRIVERS\WUDFRd.sys
Service Type:  kernel mode driver
Service Start Type:  demand start
Service Account:  "
Information,5/23/2020 2:04:17 PM,Microsoft-Windows-DriverFrameworks-UserMode,10100,Installation or update of device drivers.,The driver package installation has succeeded.
Information,5/23/2020 2:04:17 PM,Microsoft-Windows-DriverFrameworks-UserMode,10001,Installation or update of device drivers.,The UMDF service WpdFs (CLSID {112de495-ac4c-46f8-b663-6a4266c53313}) was installed.  It requires framework version 2.29.0 or higher.
Information,5/23/2020 2:04:17 PM,Microsoft-Windows-DriverFrameworks-UserMode,10000,Installation or update of device drivers.,A driver package which uses user-mode driver framework version 2.29.0 is being installed on device SWD\WPDBUSENUM\{783B8E1F-9C70-11EA-AEAE-806E6F6E6963}#0000000000100000.
Information,5/23/2020 2:04:17 PM,Microsoft-Windows-WPDClassInstaller,24579,Driver Post-Install Configuration,Autoplay registration was skipped for device %1.
Information,5/23/2020 2:04:17 PM,Microsoft-Windows-WPDClassInstaller,24577,Driver Post-Install Configuration,"Media player and imaging program compatibility layers were successfully registered for device %1. Layer bits %2 were requested, layer bits %3 were registered."
Information,5/23/2020 2:04:17 PM,Microsoft-Windows-WPDClassInstaller,24576,Driver Installation,Drivers were successfully installed for device WPD Device.
Information,5/23/2020 1:53:05 PM,Microsoft-Windows-UserPnp,20001,(7005),Driver Management concluded the process to install driver usbstor.inf_amd64_c04619397269cc4c for Device Instance ID USB\VID_0781&PID_5567\4C532000050823110531 with the following status: 0x0.
Warning,5/23/2020 1:47:55 PM,Microsoft-Windows-DistributedCOM,10016,None,"The application-specific permission settings do not grant Local Activation permission for the COM Server application with CLSID 
{2593F8B9-4EAF-457C-B68A-50F6B8EA6B54}
 and APPID 
{15C20B67-12E7-4BB6-92BB-7AFF07997402}
 to the user DESKTOP-577B38M\PC SID (S-1-5-21-839496821-663164669-2267191325-1002) from address LocalHost (Using LRPC) running in the application container Unavailable SID (Unavailable). This security permission can be modified using the Component Services administrative tool."
Information,5/23/2020 1:46:33 PM,Service Control Manager,7040,None,The start type of the Background Intelligent Transfer Service service was changed from auto start to demand start.
Warning,5/23/2020 1:42:20 PM,Microsoft-Windows-DistributedCOM,10016,None,"The machine-default permission settings do not grant Local Activation permission for the COM Server application with CLSID 
{C2F03A33-21F5-47FA-B4BB-156362A2F239}
 and APPID 
{316CDED5-E4AE-4B15-9113-7055D84DCC97}
 to the user DESKTOP-577B38M\PC SID (S-1-5-21-839496821-663164669-2267191325-1002) from address LocalHost (Using LRPC) running in the application container Microsoft.Windows.ShellExperienceHost_10.0.18362.449_neutral_neutral_cw5n1h2txyewy SID (S-1-15-2-155514346-2573954481-755741238-1654018636-1233331829-3075935687-2861478708). This security permission can be modified using the Component Services administrative tool."
Warning,5/23/2020 1:42:20 PM,Microsoft-Windows-DistributedCOM,10016,None,"The machine-default permission settings do not grant Local Activation permission for the COM Server application with CLSID 
{C2F03A33-21F5-47FA-B4BB-156362A2F239}
 and APPID 
{316CDED5-E4AE-4B15-9113-7055D84DCC97}
 to the user DESKTOP-577B38M\PC SID (S-1-5-21-839496821-663164669-2267191325-1002) from address LocalHost (Using LRPC) running in the application container Microsoft.Windows.ShellExperienceHost_10.0.18362.449_neutral_neutral_cw5n1h2txyewy SID (S-1-15-2-155514346-2573954481-755741238-1654018636-1233331829-3075935687-2861478708). This security permission can be modified using the Component Services administrative tool."
Warning,5/23/2020 1:42:14 PM,Microsoft-Windows-DistributedCOM,10016,None,"The machine-default permission settings do not grant Local Activation permission for the COM Server application with CLSID 
{C2F03A33-21F5-47FA-B4BB-156362A2F239}
 and APPID 
{316CDED5-E4AE-4B15-9113-7055D84DCC97}
 to the user DESKTOP-577B38M\PC SID (S-1-5-21-839496821-663164669-2267191325-1002) from address LocalHost (Using LRPC) running in the application container Microsoft.Windows.ShellExperienceHost_10.0.18362.449_neutral_neutral_cw5n1h2txyewy SID (S-1-15-2-155514346-2573954481-755741238-1654018636-1233331829-3075935687-2861478708). This security permission can be modified using the Component Services administrative tool."
Warning,5/23/2020 1:34:55 PM,Microsoft-Windows-DistributedCOM,10016,None,"The machine-default permission settings do not grant Local Activation permission for the COM Server application with CLSID 
{C2F03A33-21F5-47FA-B4BB-156362A2F239}
 and APPID 
{316CDED5-E4AE-4B15-9113-7055D84DCC97}
 to the user DESKTOP-577B38M\PC SID (S-1-5-21-839496821-663164669-2267191325-1002) from address LocalHost (Using LRPC) running in the application container Microsoft.Windows.ShellExperienceHost_10.0.18362.449_neutral_neutral_cw5n1h2txyewy SID (S-1-15-2-155514346-2573954481-755741238-1654018636-1233331829-3075935687-2861478708). This security permission can be modified using the Component Services administrative tool."
Warning,5/23/2020 1:34:48 PM,Microsoft-Windows-DistributedCOM,10016,None,"The application-specific permission settings do not grant Local Activation permission for the COM Server application with CLSID 
{2593F8B9-4EAF-457C-B68A-50F6B8EA6B54}
 and APPID 
{15C20B67-12E7-4BB6-92BB-7AFF07997402}
 to the user DESKTOP-577B38M\PC SID (S-1-5-21-839496821-663164669-2267191325-1002) from address LocalHost (Using LRPC) running in the application container Unavailable SID (Unavailable). This security permission can be modified using the Component Services administrative tool."
Warning,5/23/2020 1:34:31 PM,Microsoft-Windows-DistributedCOM,10016,None,"The application-specific permission settings do not grant Local Activation permission for the COM Server application with CLSID 
{6B3B8D23-FA8D-40B9-8DBD-B950333E2C52}
 and APPID 
{4839DDB7-58C2-48F5-8283-E1D1807D0D7D}
 to the user NT AUTHORITY\LOCAL SERVICE SID (S-1-5-19) from address LocalHost (Using LRPC) running in the application container Unavailable SID (Unavailable). This security permission can be modified using the Component Services administrative tool."
Warning,5/23/2020 1:34:31 PM,Microsoft-Windows-DistributedCOM,10016,None,"The application-specific permission settings do not grant Local Activation permission for the COM Server application with CLSID 
{6B3B8D23-FA8D-40B9-8DBD-B950333E2C52}
 and APPID 
{4839DDB7-58C2-48F5-8283-E1D1807D0D7D}
 to the user NT AUTHORITY\LOCAL SERVICE SID (S-1-5-19) from address LocalHost (Using LRPC) running in the application container Unavailable SID (Unavailable). This security permission can be modified using the Component Services administrative tool."
Information,5/23/2020 1:34:28 PM,Microsoft-Windows-Power-Troubleshooter,1,None,"The system has returned from a low power state.

Sleep Time: ‎2020‎-‎05‎-‎23T00:37:33.175327500Z
Wake Time: ‎2020‎-‎05‎-‎23T10:34:26.919358400Z

Wake Source: Unknown"
Information,5/23/2020 1:34:28 PM,Microsoft-Windows-Winlogon,7001,(1101),User Logon Notification for Customer Experience Improvement Program
Warning,5/23/2020 1:34:28 PM,BTHUSB,34,None,"The local adapter does not support an important Low Energy controller state to support peripheral mode.  The minimum required supported state mask is 0x2491f7fffff, got 0x1f7fffff.  Low Energy peripheral role functionality will not be available."
Information,5/23/2020 1:34:28 PM,BTHUSB,18,None,Windows cannot store Bluetooth authentication codes (link keys) on the local adapter. Bluetooth keyboards might not work in the system BIOS during startup.
Information,5/23/2020 1:34:26 PM,Microsoft-Windows-Kernel-Boot,27,(33),The boot type was 0x1.
Information,5/23/2020 1:34:26 PM,Microsoft-Windows-Kernel-Boot,25,(32),The boot menu policy was 0x1.
Information,5/23/2020 1:34:26 PM,Microsoft-Windows-Kernel-Boot,32,(58),The bootmgr spent 0 ms waiting for user input.
Information,5/23/2020 1:34:26 PM,Microsoft-Windows-Kernel-Boot,18,(57),There are 0x1 boot options on this system.
Information,5/23/2020 1:34:26 PM,Microsoft-Windows-Kernel-Boot,30,(21),The firmware reported boot metrics.
Information,5/23/2020 1:34:25 PM,Microsoft-Windows-Kernel-General,1,(5),"The system time has changed to ‎2020‎-‎05‎-‎23T10:34:25.500000000Z from ‎2020‎-‎05‎-‎23T00:37:35.989542600Z.

Change Reason: System time synchronized with the hardware clock.
Process: '' (PID 4)."
Information,5/23/2020 1:34:26 PM,EventLog,6013,None,The system uptime is 44659 seconds.
Information,5/23/2020 3:37:35 AM,Microsoft-Windows-Kernel-Power,107,(102),The system has resumed from sleep.
Information,5/23/2020 3:37:34 AM,Service Control Manager,7040,None,The start type of the Background Intelligent Transfer Service service was changed from demand start to auto start.
Information,5/23/2020 3:37:34 AM,Microsoft-Windows-Kernel-Power,42,(64),"The system is entering sleep.

Sleep Reason: Application API"
Information,5/23/2020 3:37:33 AM,Microsoft-Windows-Kernel-Power,187,(243),User-mode process attempted to change the system state by calling SetSuspendState or SetSystemPowerState APIs.
Information,5/23/2020 3:37:31 AM,Microsoft-Windows-Winlogon,7002,(1102),User Logoff Notification for Customer Experience Improvement Program
Information,5/23/2020 3:37:30 AM,User32,1074,None,"The process C:\Windows\System32\RuntimeBroker.exe (DESKTOP-577B38M) has initiated the power off of computer DESKTOP-577B38M on behalf of user DESKTOP-577B38M\PC for the following reason: Other (Unplanned)
 Reason Code: 0x0
 Shutdown Type: power off
 Comment: "
Information,5/23/2020 3:37:11 AM,Service Control Manager,7040,None,The start type of the Background Intelligent Transfer Service service was changed from auto start to demand start.
