Information,5/22/2020 7:53:12 PM,Microsoft-Windows-Kernel-General,16,None,The access history in hive \??\C:\PROGRAMDATA\MALWAREBYTES\MBAMSERVICE\S-1-5-21-839496821-663164669-2267191325-1002-05222020095312427-ntuser.dat was cleared updating 0 keys and creating 0 modified pages.
Information,5/22/2020 7:53:12 PM,Microsoft-Windows-Kernel-General,16,None,The access history in hive \??\C:\PROGRAMDATA\MALWAREBYTES\MBAMSERVICE\S-1-5-20-05222020095312372-ntuser.dat was cleared updating 0 keys and creating 0 modified pages.
Information,5/22/2020 7:53:12 PM,Microsoft-Windows-Kernel-General,16,None,The access history in hive \??\C:\PROGRAMDATA\MALWAREBYTES\MBAMSERVICE\S-1-5-19-05222020095312314-ntuser.dat was cleared updating 0 keys and creating 0 modified pages.
Information,5/22/2020 7:53:12 PM,Microsoft-Windows-Kernel-General,16,None,The access history in hive \??\C:\PROGRAMDATA\MALWAREBYTES\MBAMSERVICE\S-1-5-18-05222020095312210-ntuser.dat was cleared updating 0 keys and creating 0 modified pages.
Warning,5/22/2020 7:52:53 PM,Microsoft-Windows-DistributedCOM,10016,None,"The application-specific permission settings do not grant Local Activation permission for the COM Server application with CLSID 
{2593F8B9-4EAF-457C-B68A-50F6B8EA6B54}
 and APPID 
{15C20B67-12E7-4BB6-92BB-7AFF07997402}
 to the user DESKTOP-577B38M\PC SID (S-1-5-21-839496821-663164669-2267191325-1002) from address LocalHost (Using LRPC) running in the application container Unavailable SID (Unavailable). This security permission can be modified using the Component Services administrative tool."
Information,5/22/2020 7:52:41 PM,Microsoft-Windows-Kernel-General,16,None,The access history in hive \??\C:\PROGRAMDATA\MALWAREBYTES\MBAMSERVICE\S-1-5-21-839496821-663164669-2267191325-1002-05222020095241532-UsrClass.dat was cleared updating 0 keys and creating 0 modified pages.
Information,5/22/2020 7:52:41 PM,Microsoft-Windows-Kernel-General,16,None,The access history in hive \??\C:\PROGRAMDATA\MALWAREBYTES\MBAMSERVICE\S-1-5-21-839496821-663164669-2267191325-1002-05222020095241532-ntuser.dat was cleared updating 0 keys and creating 0 modified pages.
Information,5/22/2020 7:52:41 PM,Microsoft-Windows-Kernel-General,16,None,The access history in hive \??\C:\PROGRAMDATA\MALWAREBYTES\MBAMSERVICE\S-1-5-20-05222020095241486-ntuser.dat was cleared updating 0 keys and creating 0 modified pages.
Information,5/22/2020 7:52:41 PM,Microsoft-Windows-Kernel-General,16,None,The access history in hive \??\C:\PROGRAMDATA\MALWAREBYTES\MBAMSERVICE\S-1-5-19-05222020095241450-ntuser.dat was cleared updating 0 keys and creating 0 modified pages.
Information,5/22/2020 7:52:41 PM,Microsoft-Windows-Kernel-General,16,None,The access history in hive \??\C:\PROGRAMDATA\MALWAREBYTES\MBAMSERVICE\S-1-5-18-05222020095241381-ntuser.dat was cleared updating 0 keys and creating 0 modified pages.
Information,5/22/2020 7:52:39 PM,Service Control Manager,7045,None,"A service was installed in the system.

Service Name:  IconMan_R
Service File Name:  ""C:\Program Files (x86)\Realtek\Realtek PCIE Card Reader\RIconMan.exe""
Service Type:  user mode service
Service Start Type:  auto start
Service Account:  LocalSystem"
Information,5/22/2020 7:52:33 PM,Microsoft-Windows-UserPnp,20001,(7005),Driver Management concluded the process to install driver rtsbastormsi.inf_amd64_e2c208066f022a00 for Device Instance ID PCI\VEN_10EC&DEV_5289&SUBSYS_1894103C&REV_01\4&B17250C&0&00E0 with the following status: 0x0.
Information,5/22/2020 7:52:33 PM,Microsoft-Windows-UserPnp,20003,(7005),Driver Management has concluded the process to add Service RSBASTOR for Device Instance ID PCI\VEN_10EC&DEV_5289&SUBSYS_1894103C&REV_01\4&B17250C&0&00E0 with the following status: 0.
Information,5/22/2020 7:52:14 PM,Microsoft-Windows-Kernel-General,16,None,The access history in hive \??\C:\PROGRAMDATA\MALWAREBYTES\MBAMSERVICE\S-1-5-21-839496821-663164669-2267191325-1002-05222020095214099-UsrClass.dat was cleared updating 0 keys and creating 0 modified pages.
Information,5/22/2020 7:52:14 PM,Microsoft-Windows-Kernel-General,16,None,The access history in hive \??\C:\PROGRAMDATA\MALWAREBYTES\MBAMSERVICE\S-1-5-21-839496821-663164669-2267191325-1002-05222020095214099-ntuser.dat was cleared updating 0 keys and creating 0 modified pages.
Information,5/22/2020 7:52:14 PM,Microsoft-Windows-Kernel-General,16,None,The access history in hive \??\C:\PROGRAMDATA\MALWAREBYTES\MBAMSERVICE\S-1-5-20-05222020095214053-ntuser.dat was cleared updating 0 keys and creating 0 modified pages.
Information,5/22/2020 7:52:14 PM,Microsoft-Windows-Kernel-General,16,None,The access history in hive \??\C:\PROGRAMDATA\MALWAREBYTES\MBAMSERVICE\S-1-5-19-05222020095214005-ntuser.dat was cleared updating 0 keys and creating 0 modified pages.
Information,5/22/2020 7:52:13 PM,Microsoft-Windows-Kernel-General,16,None,The access history in hive \??\C:\PROGRAMDATA\MALWAREBYTES\MBAMSERVICE\S-1-5-18-05222020095213923-ntuser.dat was cleared updating 0 keys and creating 0 modified pages.
Warning,5/22/2020 7:51:52 PM,Microsoft-Windows-DistributedCOM,10016,None,"The application-specific permission settings do not grant Local Activation permission for the COM Server application with CLSID 
{2593F8B9-4EAF-457C-B68A-50F6B8EA6B54}
 and APPID 
{15C20B67-12E7-4BB6-92BB-7AFF07997402}
 to the user DESKTOP-577B38M\PC SID (S-1-5-21-839496821-663164669-2267191325-1002) from address LocalHost (Using LRPC) running in the application container Unavailable SID (Unavailable). This security permission can be modified using the Component Services administrative tool."
Information,5/22/2020 7:51:39 PM,Microsoft-Windows-Kernel-General,16,None,The access history in hive \??\C:\PROGRAMDATA\MALWAREBYTES\MBAMSERVICE\S-1-5-21-839496821-663164669-2267191325-1002-05222020095139300-UsrClass.dat was cleared updating 0 keys and creating 0 modified pages.
Information,5/22/2020 7:51:39 PM,Microsoft-Windows-Kernel-General,16,None,The access history in hive \??\C:\PROGRAMDATA\MALWAREBYTES\MBAMSERVICE\S-1-5-21-839496821-663164669-2267191325-1002-05222020095139300-ntuser.dat was cleared updating 0 keys and creating 0 modified pages.
Information,5/22/2020 7:51:39 PM,Microsoft-Windows-Kernel-General,16,None,The access history in hive \??\C:\PROGRAMDATA\MALWAREBYTES\MBAMSERVICE\S-1-5-20-05222020095139258-ntuser.dat was cleared updating 0 keys and creating 0 modified pages.
Information,5/22/2020 7:51:39 PM,Microsoft-Windows-Kernel-General,16,None,The access history in hive \??\C:\PROGRAMDATA\MALWAREBYTES\MBAMSERVICE\S-1-5-19-05222020095139218-ntuser.dat was cleared updating 0 keys and creating 0 modified pages.
Information,5/22/2020 7:51:39 PM,Microsoft-Windows-Kernel-General,16,None,The access history in hive \??\C:\PROGRAMDATA\MALWAREBYTES\MBAMSERVICE\S-1-5-18-05222020095139146-ntuser.dat was cleared updating 0 keys and creating 0 modified pages.
Information,5/22/2020 7:51:20 PM,Service Control Manager,7040,None,The start type of the Background Intelligent Transfer Service service was changed from auto start to demand start.
Information,5/22/2020 7:50:03 PM,Microsoft-Windows-Kernel-General,16,None,The access history in hive \??\C:\PROGRAMDATA\MALWAREBYTES\MBAMSERVICE\S-1-5-21-839496821-663164669-2267191325-1002-05222020095003305-UsrClass.dat was cleared updating 0 keys and creating 0 modified pages.
Information,5/22/2020 7:50:03 PM,Microsoft-Windows-Kernel-General,16,None,The access history in hive \??\C:\PROGRAMDATA\MALWAREBYTES\MBAMSERVICE\S-1-5-21-839496821-663164669-2267191325-1002-05222020095003305-ntuser.dat was cleared updating 0 keys and creating 0 modified pages.
Information,5/22/2020 7:50:03 PM,Microsoft-Windows-Kernel-General,16,None,The access history in hive \??\C:\PROGRAMDATA\MALWAREBYTES\MBAMSERVICE\S-1-5-20-05222020095003255-ntuser.dat was cleared updating 0 keys and creating 0 modified pages.
Information,5/22/2020 7:50:03 PM,Microsoft-Windows-Kernel-General,16,None,The access history in hive \??\C:\PROGRAMDATA\MALWAREBYTES\MBAMSERVICE\S-1-5-19-05222020095003198-ntuser.dat was cleared updating 0 keys and creating 0 modified pages.
Information,5/22/2020 7:50:03 PM,Microsoft-Windows-Kernel-General,16,None,The access history in hive \??\C:\PROGRAMDATA\MALWAREBYTES\MBAMSERVICE\S-1-5-18-05222020095003126-ntuser.dat was cleared updating 0 keys and creating 0 modified pages.
Information,5/22/2020 7:49:37 PM,Microsoft-Windows-Kernel-General,16,None,The access history in hive \??\C:\PROGRAMDATA\MALWAREBYTES\MBAMSERVICE\S-1-5-21-839496821-663164669-2267191325-1002-05222020094937401-UsrClass.dat was cleared updating 0 keys and creating 0 modified pages.
Information,5/22/2020 7:49:37 PM,Microsoft-Windows-Kernel-General,16,None,The access history in hive \??\C:\PROGRAMDATA\MALWAREBYTES\MBAMSERVICE\S-1-5-21-839496821-663164669-2267191325-1002-05222020094937401-ntuser.dat was cleared updating 0 keys and creating 0 modified pages.
Information,5/22/2020 7:49:37 PM,Microsoft-Windows-Kernel-General,16,None,The access history in hive \??\C:\PROGRAMDATA\MALWAREBYTES\MBAMSERVICE\S-1-5-20-05222020094937352-ntuser.dat was cleared updating 0 keys and creating 0 modified pages.
Information,5/22/2020 7:49:37 PM,Microsoft-Windows-Kernel-General,16,None,The access history in hive \??\C:\PROGRAMDATA\MALWAREBYTES\MBAMSERVICE\S-1-5-19-05222020094937312-ntuser.dat was cleared updating 0 keys and creating 0 modified pages.
Information,5/22/2020 7:49:37 PM,Microsoft-Windows-Kernel-General,16,None,The access history in hive \??\C:\PROGRAMDATA\MALWAREBYTES\MBAMSERVICE\S-1-5-18-05222020094937243-ntuser.dat was cleared updating 0 keys and creating 0 modified pages.
Information,5/22/2020 7:49:30 PM,Service Control Manager,7040,None,The start type of the Windows Defender Antivirus Mini-Filter Driver service was changed from boot start to demand start.
Information,5/22/2020 7:49:30 PM,Microsoft-Windows-FilterManager,1,None,"File System Filter 'WdFilter' (Version 10.0, ‎2040‎-‎12‎-‎26T16:32:17.000000000Z) unloaded successfully."
Information,5/22/2020 7:49:30 PM,Service Control Manager,7040,None,The start type of the Windows Defender Antivirus Boot Driver service was changed from boot start to demand start.
Information,5/22/2020 7:49:28 PM,Service Control Manager,7040,None,The start type of the Windows Defender Antivirus Service service was changed from auto start to demand start.
Information,5/22/2020 7:49:19 PM,Microsoft-Windows-FilterManager,6,None,"File System Filter 'MBAMProtection' (10.0, ‎2020‎-‎04‎-‎17T06:32:29.000000000Z) has successfully loaded and registered with Filter Manager."
Information,5/22/2020 7:49:17 PM,Service Control Manager,7045,None,"A service was installed in the system.

Service Name:  MBAMProtection
Service File Name:  C:\WINDOWS\system32\DRIVERS\mbam.sys
Service Type:  kernel mode driver
Service Start Type:  demand start
Service Account:  "
Information,5/22/2020 7:49:15 PM,Microsoft-Windows-FilterManager,6,None,"File System Filter 'MBAMFarflt' (10.0, ‎2020‎-‎02‎-‎04T11:43:23.000000000Z) has successfully loaded and registered with Filter Manager."
Information,5/22/2020 7:49:14 PM,Service Control Manager,7040,None,The start type of the Background Intelligent Transfer Service service was changed from demand start to auto start.
Information,5/22/2020 7:49:11 PM,Service Control Manager,7045,None,"A service was installed in the system.

Service Name:  Malwarebytes Anti-Exploit
Service File Name:  C:\WINDOWS\system32\drivers\mbae64.sys
Service Type:  kernel mode driver
Service Start Type:  system start
Service Account:  "
Information,5/22/2020 7:49:10 PM,Microsoft-Windows-Kernel-General,16,None,The access history in hive \??\C:\PROGRAMDATA\MALWAREBYTES\MBAMSERVICE\S-1-5-21-839496821-663164669-2267191325-1002-05222020094910441-UsrClass.dat was cleared updating 0 keys and creating 0 modified pages.
Information,5/22/2020 7:49:10 PM,Microsoft-Windows-Kernel-General,16,None,The access history in hive \??\C:\PROGRAMDATA\MALWAREBYTES\MBAMSERVICE\S-1-5-21-839496821-663164669-2267191325-1002-05222020094910441-ntuser.dat was cleared updating 0 keys and creating 0 modified pages.
Information,5/22/2020 7:49:10 PM,Microsoft-Windows-Kernel-General,16,None,The access history in hive \??\C:\PROGRAMDATA\MALWAREBYTES\MBAMSERVICE\S-1-5-20-05222020094910375-ntuser.dat was cleared updating 0 keys and creating 0 modified pages.
Information,5/22/2020 7:49:10 PM,Microsoft-Windows-Kernel-General,16,None,The access history in hive \??\C:\PROGRAMDATA\MALWAREBYTES\MBAMSERVICE\S-1-5-19-05222020094910331-ntuser.dat was cleared updating 0 keys and creating 0 modified pages.
Information,5/22/2020 7:49:10 PM,Microsoft-Windows-Kernel-General,16,None,The access history in hive \??\C:\PROGRAMDATA\MALWAREBYTES\MBAMSERVICE\S-1-5-18-05222020094910286-ntuser.dat was cleared updating 0 keys and creating 0 modified pages.
Information,5/22/2020 7:49:09 PM,Service Control Manager,7045,None,"A service was installed in the system.

Service Name:  MBAMFarflt
Service File Name:  system32\DRIVERS\farflt.sys
Service Type:  kernel mode driver
Service Start Type:  demand start
Service Account:  "
Information,5/22/2020 7:49:09 PM,Service Control Manager,7045,None,"A service was installed in the system.

Service Name:  MBAMWebProtection
Service File Name:  \SystemRoot\system32\DRIVERS\mwac.sys
Service Type:  kernel mode driver
Service Start Type:  demand start
Service Account:  "
Information,5/22/2020 7:48:56 PM,Service Control Manager,7045,None,"A service was installed in the system.

Service Name:  IconMan_R
Service File Name:  ""C:\Program Files (x86)\Realtek\Realtek PCIE Card Reader\RIconMan.exe""
Service Type:  user mode service
Service Start Type:  auto start
Service Account:  LocalSystem"
Information,5/22/2020 7:48:52 PM,Microsoft-Windows-UserPnp,20001,(7005),Driver Management concluded the process to install driver rtsbastormsi.inf_amd64_e2c208066f022a00 for Device Instance ID PCI\VEN_10EC&DEV_5289&SUBSYS_1894103C&REV_01\4&B17250C&0&00E0 with the following status: 0x0.
Information,5/22/2020 7:48:52 PM,Microsoft-Windows-UserPnp,20003,(7005),Driver Management has concluded the process to add Service RSBASTOR for Device Instance ID PCI\VEN_10EC&DEV_5289&SUBSYS_1894103C&REV_01\4&B17250C&0&00E0 with the following status: 0.
Information,5/22/2020 7:48:08 PM,Microsoft-Windows-Kernel-General,16,None,The access history in hive \??\C:\PROGRAMDATA\MALWAREBYTES\MBAMSERVICE\S-1-5-21-839496821-663164669-2267191325-1002-05222020094807938-UsrClass.dat was cleared updating 0 keys and creating 0 modified pages.
Information,5/22/2020 7:48:08 PM,Microsoft-Windows-Kernel-General,16,None,The access history in hive \??\C:\PROGRAMDATA\MALWAREBYTES\MBAMSERVICE\S-1-5-21-839496821-663164669-2267191325-1002-05222020094807938-ntuser.dat was cleared updating 0 keys and creating 0 modified pages.
Information,5/22/2020 7:48:07 PM,Microsoft-Windows-Kernel-General,16,None,The access history in hive \??\C:\PROGRAMDATA\MALWAREBYTES\MBAMSERVICE\S-1-5-20-05222020094807899-ntuser.dat was cleared updating 0 keys and creating 0 modified pages.
Information,5/22/2020 7:48:07 PM,Microsoft-Windows-Kernel-General,16,None,The access history in hive \??\C:\PROGRAMDATA\MALWAREBYTES\MBAMSERVICE\S-1-5-19-05222020094807857-ntuser.dat was cleared updating 0 keys and creating 0 modified pages.
Information,5/22/2020 7:48:07 PM,Microsoft-Windows-Kernel-General,16,None,The access history in hive \??\C:\PROGRAMDATA\MALWAREBYTES\MBAMSERVICE\S-1-5-18-05222020094807802-ntuser.dat was cleared updating 0 keys and creating 0 modified pages.
Information,5/22/2020 7:48:07 PM,Microsoft-Windows-FilterManager,6,None,"File System Filter 'MBAMChameleon' (10.0, ‎2020‎-‎03‎-‎30T07:51:49.000000000Z) has successfully loaded and registered with Filter Manager."
Information,5/22/2020 7:48:07 PM,Service Control Manager,7045,None,"A service was installed in the system.

Service Name:  MBAMChameleon
Service File Name:  system32\DRIVERS\MbamChameleon.sys
Service Type:  kernel mode driver
Service Start Type:  auto start
Service Account:  "
Information,5/22/2020 7:48:07 PM,Microsoft-Windows-Kernel-General,16,None,The access history in hive \??\C:\PROGRAMDATA\MALWAREBYTES\MBAMSERVICE\S-1-5-21-839496821-663164669-2267191325-1002-05222020094806735-UsrClass.dat was cleared updating 0 keys and creating 0 modified pages.
Information,5/22/2020 7:48:07 PM,Microsoft-Windows-Kernel-General,16,None,The access history in hive \??\C:\PROGRAMDATA\MALWAREBYTES\MBAMSERVICE\S-1-5-21-839496821-663164669-2267191325-1002-05222020094806735-ntuser.dat was cleared updating 0 keys and creating 0 modified pages.
Information,5/22/2020 7:48:06 PM,Microsoft-Windows-Kernel-General,16,None,The access history in hive \??\C:\PROGRAMDATA\MALWAREBYTES\MBAMSERVICE\S-1-5-20-05222020094806683-ntuser.dat was cleared updating 0 keys and creating 0 modified pages.
Information,5/22/2020 7:48:06 PM,Microsoft-Windows-Kernel-General,16,None,The access history in hive \??\C:\PROGRAMDATA\MALWAREBYTES\MBAMSERVICE\S-1-5-19-05222020094806627-ntuser.dat was cleared updating 0 keys and creating 0 modified pages.
Information,5/22/2020 7:48:06 PM,Microsoft-Windows-Kernel-General,16,None,The access history in hive \??\C:\PROGRAMDATA\MALWAREBYTES\MBAMSERVICE\S-1-5-18-05222020094806577-ntuser.dat was cleared updating 0 keys and creating 0 modified pages.
Information,5/22/2020 7:48:06 PM,Service Control Manager,7045,None,"A service was installed in the system.

Service Name:  MBAMSwissArmy
Service File Name:  \SystemRoot\system32\DRIVERS\mbamswissarmy.sys
Service Type:  kernel mode driver
Service Start Type:  demand start
Service Account:  "
Information,5/22/2020 7:48:01 PM,Service Control Manager,7045,None,"A service was installed in the system.

Service Name:  Malwarebytes Service
Service File Name:  ""C:\Program Files\Malwarebytes\Anti-Malware\MBAMService.exe""
Service Type:  user mode service
Service Start Type:  auto start
Service Account:  LocalSystem"
Information,5/22/2020 7:48:01 PM,Service Control Manager,7045,None,"A service was installed in the system.

Service Name:  MbamElam
Service File Name:  C:\WINDOWS\system32\DRIVERS\MbamElam.sys
Service Type:  kernel mode driver
Service Start Type:  boot start
Service Account:  "
Information,5/22/2020 7:45:03 PM,Service Control Manager,7045,None,"A service was installed in the system.

Service Name:  Malwarebytes Installer Service
Service File Name:  C:\Program Files\Malwarebytes\Anti-Malware\MBAMInstallerService.exe
Service Type:  user mode service
Service Start Type:  auto start
Service Account:  LocalSystem"
Information,5/22/2020 7:38:14 PM,Service Control Manager,7040,None,The start type of the Background Intelligent Transfer Service service was changed from auto start to demand start.
Information,5/22/2020 7:36:09 PM,Service Control Manager,7040,None,The start type of the Background Intelligent Transfer Service service was changed from demand start to auto start.
Warning,5/22/2020 7:32:13 PM,Microsoft-Windows-DistributedCOM,10016,None,"The application-specific permission settings do not grant Local Activation permission for the COM Server application with CLSID 
{2593F8B9-4EAF-457C-B68A-50F6B8EA6B54}
 and APPID 
{15C20B67-12E7-4BB6-92BB-7AFF07997402}
 to the user DESKTOP-577B38M\PC SID (S-1-5-21-839496821-663164669-2267191325-1002) from address LocalHost (Using LRPC) running in the application container Unavailable SID (Unavailable). This security permission can be modified using the Component Services administrative tool."
Information,5/22/2020 7:32:10 PM,Service Control Manager,7040,None,The start type of the Background Intelligent Transfer Service service was changed from auto start to demand start.
Information,5/22/2020 7:30:06 PM,Service Control Manager,7040,None,The start type of the Background Intelligent Transfer Service service was changed from demand start to auto start.
Information,5/22/2020 7:29:15 PM,Service Control Manager,7040,None,The start type of the Windows Search service was changed from auto start to disabled.
Warning,5/22/2020 7:24:23 PM,Microsoft-Windows-DistributedCOM,10016,None,"The machine-default permission settings do not grant Local Activation permission for the COM Server application with CLSID 
{C2F03A33-21F5-47FA-B4BB-156362A2F239}
 and APPID 
{316CDED5-E4AE-4B15-9113-7055D84DCC97}
 to the user DESKTOP-577B38M\PC SID (S-1-5-21-839496821-663164669-2267191325-1002) from address LocalHost (Using LRPC) running in the application container Microsoft.Windows.ShellExperienceHost_10.0.18362.449_neutral_neutral_cw5n1h2txyewy SID (S-1-15-2-155514346-2573954481-755741238-1654018636-1233331829-3075935687-2861478708). This security permission can be modified using the Component Services administrative tool."
Information,5/22/2020 7:13:32 PM,Service Control Manager,7040,None,The start type of the Background Intelligent Transfer Service service was changed from auto start to demand start.
Information,5/22/2020 7:11:25 PM,Service Control Manager,7040,None,The start type of the Background Intelligent Transfer Service service was changed from demand start to auto start.
Information,5/22/2020 7:11:21 PM,Microsoft-Windows-FilterManager,6,None,"File System Filter 'bindflt' (10.0, ‎2046‎-‎02‎-‎23T14:19:04.000000000Z) has successfully loaded and registered with Filter Manager."
Information,5/22/2020 7:09:08 PM,Service Control Manager,7040,None,The start type of the Background Intelligent Transfer Service service was changed from auto start to demand start.
Warning,5/22/2020 7:07:07 PM,Microsoft-Windows-DistributedCOM,10016,None,"The application-specific permission settings do not grant Local Launch permission for the COM Server application with CLSID 
Windows.SecurityCenter.WscBrokerManager
 and APPID 
Unavailable
 to the user NT AUTHORITY\SYSTEM SID (S-1-5-18) from address LocalHost (Using LRPC) running in the application container Unavailable SID (Unavailable). This security permission can be modified using the Component Services administrative tool."
Warning,5/22/2020 7:07:07 PM,Microsoft-Windows-DistributedCOM,10016,None,"The application-specific permission settings do not grant Local Launch permission for the COM Server application with CLSID 
Windows.SecurityCenter.SecurityAppBroker
 and APPID 
Unavailable
 to the user NT AUTHORITY\SYSTEM SID (S-1-5-18) from address LocalHost (Using LRPC) running in the application container Unavailable SID (Unavailable). This security permission can be modified using the Component Services administrative tool."
Warning,5/22/2020 7:07:07 PM,Microsoft-Windows-DistributedCOM,10016,None,"The application-specific permission settings do not grant Local Launch permission for the COM Server application with CLSID 
Windows.SecurityCenter.WscDataProtection
 and APPID 
Unavailable
 to the user NT AUTHORITY\SYSTEM SID (S-1-5-18) from address LocalHost (Using LRPC) running in the application container Unavailable SID (Unavailable). This security permission can be modified using the Component Services administrative tool."
Warning,5/22/2020 7:05:32 PM,Microsoft-Windows-DistributedCOM,10016,None,"The application-specific permission settings do not grant Local Activation permission for the COM Server application with CLSID 
{2593F8B9-4EAF-457C-B68A-50F6B8EA6B54}
 and APPID 
{15C20B67-12E7-4BB6-92BB-7AFF07997402}
 to the user DESKTOP-577B38M\PC SID (S-1-5-21-839496821-663164669-2267191325-1002) from address LocalHost (Using LRPC) running in the application container Unavailable SID (Unavailable). This security permission can be modified using the Component Services administrative tool."
Warning,5/22/2020 7:05:06 PM,Microsoft-Windows-DistributedCOM,10016,None,"The application-specific permission settings do not grant Local Activation permission for the COM Server application with CLSID 
{6B3B8D23-FA8D-40B9-8DBD-B950333E2C52}
 and APPID 
{4839DDB7-58C2-48F5-8283-E1D1807D0D7D}
 to the user NT AUTHORITY\LOCAL SERVICE SID (S-1-5-19) from address LocalHost (Using LRPC) running in the application container Unavailable SID (Unavailable). This security permission can be modified using the Component Services administrative tool."
Warning,5/22/2020 7:05:05 PM,Microsoft-Windows-DistributedCOM,10016,None,"The application-specific permission settings do not grant Local Activation permission for the COM Server application with CLSID 
{6B3B8D23-FA8D-40B9-8DBD-B950333E2C52}
 and APPID 
{4839DDB7-58C2-48F5-8283-E1D1807D0D7D}
 to the user NT AUTHORITY\LOCAL SERVICE SID (S-1-5-19) from address LocalHost (Using LRPC) running in the application container Unavailable SID (Unavailable). This security permission can be modified using the Component Services administrative tool."
Information,5/22/2020 7:05:04 PM,Service Control Manager,7026,None,"The following boot-start or system-start driver(s) did not load: 
dam"
Information,5/22/2020 7:05:03 PM,Microsoft-Windows-WLAN-AutoConfig,4000,None,"WLAN AutoConfig service has successfully started.
"
Information,5/22/2020 7:05:02 PM,Microsoft-Windows-Winlogon,7001,(1101),User Logon Notification for Customer Experience Improvement Program
Information,5/22/2020 7:05:00 PM,Microsoft-Windows-FilterManager,6,None,"File System Filter 'storqosflt' (10.0, ‎2084‎-‎07‎-‎23T22:29:44.000000000Z) has successfully loaded and registered with Filter Manager."
Information,5/22/2020 7:05:00 PM,Microsoft-Windows-FilterManager,6,None,"File System Filter 'CldFlt' (10.0, ‎2077‎-‎06‎-‎12T08:13:28.000000000Z) has successfully loaded and registered with Filter Manager."
Information,5/22/2020 7:05:00 PM,Microsoft-Windows-FilterManager,1,None,"File System Filter 'CldFlt' (Version 10.0, ‎2077‎-‎06‎-‎12T08:13:28.000000000Z) unloaded successfully."
Information,5/22/2020 7:05:00 PM,Microsoft-Windows-FilterManager,6,None,"File System Filter 'CldFlt' (10.0, ‎2077‎-‎06‎-‎12T08:13:28.000000000Z) has successfully loaded and registered with Filter Manager."
Information,5/22/2020 7:05:00 PM,Microsoft-Windows-DHCPv6-Client,51046,Service State Event,DHCPv6 client service is started
Information,5/22/2020 7:05:00 PM,Microsoft-Windows-FilterManager,6,None,"File System Filter 'luafv' (10.0, ‎1974‎-‎08‎-‎09T06:33:30.000000000Z) has successfully loaded and registered with Filter Manager."
Information,5/22/2020 7:05:00 PM,Microsoft-Windows-FilterManager,6,None,"File System Filter 'wcifs' (10.0, ‎2011‎-‎08‎-‎25T15:27:29.000000000Z) has successfully loaded and registered with Filter Manager."
Information,5/22/2020 7:05:00 PM,Microsoft-Windows-Dhcp-Client,50103,Service State Event,DHCPv4 client registered for shutdown notification
Information,5/22/2020 7:05:00 PM,Microsoft-Windows-Dhcp-Client,50036,Service State Event,DHCPv4 client service is started
Information,5/22/2020 7:04:59 PM,Microsoft-Windows-Directory-Services-SAM,16962,None,"Remote calls to the SAM database are being restricted using the default security descriptor: O:SYG:SYD:(A;;RC;;;BA).
For more information please see http://go.microsoft.com/fwlink/?LinkId=787651."
Information,5/22/2020 7:04:59 PM,Microsoft-Windows-Wininit,14,None,"Credential Guard configuration: 0x0, 0"
Information,5/22/2020 7:04:56 PM,Microsoft-Windows-Ntfs,98,None,Volume \\?\Volume{1de56c92-7cab-4981-b572-50a171ad5c66} (\Device\HarddiskVolume6) is healthy.  No action is needed.
Information,5/22/2020 7:04:56 PM,Microsoft-Windows-Ntfs,98,None,Volume \\?\Volume{c3f65bb2-b295-4d90-861f-ae3ae826d34b} (\Device\HarddiskVolume2) is healthy.  No action is needed.
Information,5/22/2020 7:04:56 PM,Microsoft-Windows-Ntfs,98,None,Volume D: (\Device\HarddiskVolume1) is healthy.  No action is needed.
Information,5/22/2020 7:04:55 PM,Microsoft-Windows-Kernel-Power,172,(203),"Connectivity state in standby: Disconnected, Reason: NIC compliance"
Information,5/22/2020 7:04:55 PM,Microsoft-Windows-FilterManager,6,None,"File System Filter 'npsvctrig' (10.0, ‎1977‎-‎09‎-‎12T08:19:34.000000000Z) has successfully loaded and registered with Filter Manager."
Warning,5/22/2020 7:04:52 PM,BTHUSB,34,None,"The local adapter does not support an important Low Energy controller state to support peripheral mode.  The minimum required supported state mask is 0x2491f7fffff, got 0x1f7fffff.  Low Energy peripheral role functionality will not be available."
Information,5/22/2020 7:04:52 PM,BTHUSB,18,None,Windows cannot store Bluetooth authentication codes (link keys) on the local adapter. Bluetooth keyboards might not work in the system BIOS during startup.
Information,5/22/2020 7:04:52 PM,Microsoft-Windows-Kernel-Processor-Power,55,(47),"Processor 3 in group 0 exposes the following power management capabilities:

Idle state type: ACPI Idle (C) States (2 state(s))

Performance state type: ACPI Performance (P) / Throttle (T) States
Nominal Frequency (MHz): 1701
Maximum performance percentage: 100
Minimum performance percentage: 45
Minimum throttle percentage: 5"
Information,5/22/2020 7:04:52 PM,Microsoft-Windows-Kernel-Processor-Power,55,(47),"Processor 2 in group 0 exposes the following power management capabilities:

Idle state type: ACPI Idle (C) States (2 state(s))

Performance state type: ACPI Performance (P) / Throttle (T) States
Nominal Frequency (MHz): 1701
Maximum performance percentage: 100
Minimum performance percentage: 45
Minimum throttle percentage: 5"
Information,5/22/2020 7:04:52 PM,Microsoft-Windows-Kernel-Processor-Power,55,(47),"Processor 1 in group 0 exposes the following power management capabilities:

Idle state type: ACPI Idle (C) States (2 state(s))

Performance state type: ACPI Performance (P) / Throttle (T) States
Nominal Frequency (MHz): 1701
Maximum performance percentage: 100
Minimum performance percentage: 45
Minimum throttle percentage: 5"
Information,5/22/2020 7:04:52 PM,Microsoft-Windows-Kernel-Processor-Power,55,(47),"Processor 0 in group 0 exposes the following power management capabilities:

Idle state type: ACPI Idle (C) States (2 state(s))

Performance state type: ACPI Performance (P) / Throttle (T) States
Nominal Frequency (MHz): 1701
Maximum performance percentage: 100
Minimum performance percentage: 45
Minimum throttle percentage: 5"
Information,5/22/2020 7:04:51 PM,NETwNe64,7036,None,The \Device\NDMP2 service entered the Intel(R) Centrino(R) Wireless-N 2230 state.
Information,5/22/2020 7:04:51 PM,MEIx64,2,None,Intel(R) Management Engine Interface driver has started successfully.
Information,5/22/2020 7:04:50 PM,Microsoft-Windows-FilterManager,6,None,"File System Filter 'FileCrypt' (10.0, ‎2011‎-‎10‎-‎30T08:56:49.000000000Z) has successfully loaded and registered with Filter Manager."
Information,5/22/2020 7:04:50 PM,Microsoft-Windows-Ntfs,98,None,Volume C: (\Device\HarddiskVolume5) is healthy.  No action is needed.
Information,5/22/2020 7:04:49 PM,Microsoft-Windows-FilterManager,6,None,"File System Filter 'WdFilter' (10.0, ‎2040‎-‎12‎-‎26T16:32:17.000000000Z) has successfully loaded and registered with Filter Manager."
Information,5/22/2020 7:04:49 PM,Microsoft-Windows-FilterManager,6,None,"File System Filter 'Wof' (10.0, ‎2096‎-‎10‎-‎27T06:24:16.000000000Z) has successfully loaded and registered with Filter Manager."
Information,5/22/2020 7:04:49 PM,Microsoft-Windows-FilterManager,6,None,"File System Filter 'FileInfo' (10.0, ‎1989‎-‎07‎-‎12T18:15:12.000000000Z) has successfully loaded and registered with Filter Manager."
Information,5/22/2020 7:04:48 PM,Microsoft-Windows-Kernel-General,20,(6),"The leap second configuration has been updated.
Reason: Leap second data initialized from registry during boot
Leap seconds enabled: true
New leap second count: 0
Old leap second count: 0"
Information,5/22/2020 7:04:48 PM,Microsoft-Windows-Kernel-Boot,30,(21),The firmware reported boot metrics.
Information,5/22/2020 7:04:48 PM,Microsoft-Windows-Kernel-Boot,27,(33),The boot type was 0x0.
Information,5/22/2020 7:04:48 PM,Microsoft-Windows-Kernel-Boot,25,(32),The boot menu policy was 0x1.
Information,5/22/2020 7:04:48 PM,Microsoft-Windows-Kernel-Boot,20,(31),The last shutdown's success status was true. The last boot's success status was true.
Information,5/22/2020 7:04:48 PM,Microsoft-Windows-Kernel-Boot,32,(58),The bootmgr spent 0 ms waiting for user input.
Information,5/22/2020 7:04:48 PM,Microsoft-Windows-Kernel-Boot,18,(57),There are 0x1 boot options on this system.
Information,5/22/2020 7:04:48 PM,Microsoft-Windows-Kernel-Boot,153,(62),Virtualization-based security (policies: 0) is disabled.
Information,5/22/2020 7:04:48 PM,Microsoft-Windows-Kernel-General,12,(1),The operating system started at system time ‎2020‎-‎05‎-‎22T16:04:48.500000000Z.
Information,5/22/2020 7:04:39 PM,Microsoft-Windows-Kernel-General,13,(2),The operating system is shutting down at system time ‎2020‎-‎05‎-‎22T16:04:39.289367400Z.
Information,5/22/2020 7:04:38 PM,Microsoft-Windows-Kernel-Power,109,(103),"The kernel power manager has initiated a shutdown transition.

Shutdown Reason: Kernel API"
Information,5/22/2020 7:04:37 PM,Microsoft-Windows-WLAN-AutoConfig,4001,None,"WLAN AutoConfig service has successfully stopped.
"
Information,5/22/2020 7:04:37 PM,Microsoft-Windows-Dhcp-Client,50037,Service State Event,DHCPv4 client service is stopped. ShutDown Flag value is 1
Information,5/22/2020 7:05:00 PM,EventLog,6013,None,The system uptime is 11 seconds.
Information,5/22/2020 7:05:00 PM,EventLog,6005,None,The Event log service was started.
Information,5/22/2020 7:05:00 PM,EventLog,6009,None,Microsoft (R) Windows (R) 10.00. 18363  Multiprocessor Free.
Information,5/22/2020 7:04:37 PM,Microsoft-Windows-DHCPv6-Client,51057,Service State Event,DHCPv6 client service stop is almost done.DHCP Context Ref count is 1
Information,5/22/2020 7:04:37 PM,Microsoft-Windows-DHCPv6-Client,51047,Service State Event,DHCPv6 client service is stopped. ShutDown Flag value is 1
Information,5/22/2020 7:04:37 PM,Microsoft-Windows-Dhcp-Client,50106,Service State Event,DHCPv4 is waiting on DHCPv6 service to stop
Information,5/22/2020 7:04:37 PM,Microsoft-Windows-Dhcp-Client,50105,Service State Event,DHCPv4 client ProcessDHCPRequestForever received TERMINATE_EVENT
Information,5/22/2020 7:04:37 PM,Microsoft-Windows-Dhcp-Client,50104,Service State Event,DHCPv4 client received shutdown notification
Information,5/22/2020 7:04:37 PM,EventLog,6006,None,The Event log service was stopped.
Information,5/22/2020 7:04:35 PM,Microsoft-Windows-Winlogon,7002,(1102),User Logoff Notification for Customer Experience Improvement Program
Information,5/22/2020 7:04:34 PM,User32,1074,None,"The process C:\Windows\System32\RuntimeBroker.exe (DESKTOP-577B38M) has initiated the restart of computer DESKTOP-577B38M on behalf of user DESKTOP-577B38M\PC for the following reason: Other (Unplanned)
 Reason Code: 0x0
 Shutdown Type: restart
 Comment: "
Warning,5/22/2020 7:04:29 PM,Microsoft-Windows-DistributedCOM,10016,None,"The machine-default permission settings do not grant Local Activation permission for the COM Server application with CLSID 
{C2F03A33-21F5-47FA-B4BB-156362A2F239}
 and APPID 
{316CDED5-E4AE-4B15-9113-7055D84DCC97}
 to the user DESKTOP-577B38M\PC SID (S-1-5-21-839496821-663164669-2267191325-1002) from address LocalHost (Using LRPC) running in the application container Microsoft.Windows.ShellExperienceHost_10.0.18362.449_neutral_neutral_cw5n1h2txyewy SID (S-1-15-2-155514346-2573954481-755741238-1654018636-1233331829-3075935687-2861478708). This security permission can be modified using the Component Services administrative tool."
Information,5/22/2020 7:04:25 PM,Microsoft-Windows-UserPnp,20001,(7005),Driver Management concluded the process to install driver stwrt64.inf_amd64_292b656f303dd6b2 for Device Instance ID HDAUDIO\FUNC_01&VEN_111D&DEV_76E0&SUBSYS_103C1894&REV_1001\4&262FDE66&0&0001 with the following status: 0x0.
Information,5/22/2020 7:04:24 PM,Service Control Manager,7045,None,"A service was installed in the system.

Service Name:  Audio Service
Service File Name:  C:\Program Files\IDT\WDM\STacSV64.exe
Service Type:  user mode service
Service Start Type:  auto start
Service Account:  LocalSystem"
Warning,5/22/2020 7:04:24 PM,Microsoft-Windows-Kernel-PnP,225,(223),The application \Device\HarddiskVolume5\Windows\System32\audiodg.exe with process id 2704 stopped the removal or ejection for the device HDAUDIO\FUNC_01&VEN_111D&DEV_76E0&SUBSYS_103C1894&REV_1001\4&262fde66&0&0001.
Information,5/22/2020 7:04:23 PM,Microsoft-Windows-UserPnp,20003,(7005),Driver Management has concluded the process to add Service STHDA for Device Instance ID HDAUDIO\FUNC_01&VEN_111D&DEV_76E0&SUBSYS_103C1894&REV_1001\4&262FDE66&0&0001 with the following status: 0.
Information,5/22/2020 7:04:23 PM,Service Control Manager,7045,None,"A service was installed in the system.

Service Name:  IDT High Definition Audio CODEC
Service File Name:  \SystemRoot\system32\DRIVERS\stwrt64.sys
Service Type:  kernel mode driver
Service Start Type:  demand start
Service Account:  "
Information,5/22/2020 7:04:08 PM,Service Control Manager,7040,None,The start type of the Background Intelligent Transfer Service service was changed from demand start to auto start.
Information,5/22/2020 7:03:41 PM,Service Control Manager,7040,None,The start type of the Background Intelligent Transfer Service service was changed from auto start to demand start.
Warning,5/22/2020 7:03:32 PM,Microsoft-Windows-DistributedCOM,10016,None,"The machine-default permission settings do not grant Local Activation permission for the COM Server application with CLSID 
{C2F03A33-21F5-47FA-B4BB-156362A2F239}
 and APPID 
{316CDED5-E4AE-4B15-9113-7055D84DCC97}
 to the user DESKTOP-577B38M\PC SID (S-1-5-21-839496821-663164669-2267191325-1002) from address LocalHost (Using LRPC) running in the application container Microsoft.Windows.ShellExperienceHost_10.0.18362.449_neutral_neutral_cw5n1h2txyewy SID (S-1-15-2-155514346-2573954481-755741238-1654018636-1233331829-3075935687-2861478708). This security permission can be modified using the Component Services administrative tool."
Warning,5/22/2020 7:03:25 PM,Microsoft-Windows-DistributedCOM,10016,None,"The machine-default permission settings do not grant Local Activation permission for the COM Server application with CLSID 
{C2F03A33-21F5-47FA-B4BB-156362A2F239}
 and APPID 
{316CDED5-E4AE-4B15-9113-7055D84DCC97}
 to the user DESKTOP-577B38M\PC SID (S-1-5-21-839496821-663164669-2267191325-1002) from address LocalHost (Using LRPC) running in the application container Microsoft.Windows.ShellExperienceHost_10.0.18362.449_neutral_neutral_cw5n1h2txyewy SID (S-1-15-2-155514346-2573954481-755741238-1654018636-1233331829-3075935687-2861478708). This security permission can be modified using the Component Services administrative tool."
Warning,5/22/2020 7:00:39 PM,Microsoft-Windows-DistributedCOM,10016,None,"The machine-default permission settings do not grant Local Activation permission for the COM Server application with CLSID 
{C2F03A33-21F5-47FA-B4BB-156362A2F239}
 and APPID 
{316CDED5-E4AE-4B15-9113-7055D84DCC97}
 to the user DESKTOP-577B38M\PC SID (S-1-5-21-839496821-663164669-2267191325-1002) from address LocalHost (Using LRPC) running in the application container Microsoft.Windows.ShellExperienceHost_10.0.18362.449_neutral_neutral_cw5n1h2txyewy SID (S-1-15-2-155514346-2573954481-755741238-1654018636-1233331829-3075935687-2861478708). This security permission can be modified using the Component Services administrative tool."
Information,5/22/2020 7:00:38 PM,Service Control Manager,7040,None,The start type of the Background Intelligent Transfer Service service was changed from demand start to auto start.
Information,5/22/2020 7:00:24 PM,Service Control Manager,7040,None,The start type of the Background Intelligent Transfer Service service was changed from auto start to demand start.
Information,5/22/2020 6:59:32 PM,Microsoft-Windows-FilterManager,6,None,"File System Filter 'bindflt' (10.0, ‎2046‎-‎02‎-‎23T14:19:04.000000000Z) has successfully loaded and registered with Filter Manager."
Warning,5/22/2020 6:58:25 PM,Microsoft-Windows-DistributedCOM,10016,None,"The application-specific permission settings do not grant Local Activation permission for the COM Server application with CLSID 
{2593F8B9-4EAF-457C-B68A-50F6B8EA6B54}
 and APPID 
{15C20B67-12E7-4BB6-92BB-7AFF07997402}
 to the user DESKTOP-577B38M\PC SID (S-1-5-21-839496821-663164669-2267191325-1002) from address LocalHost (Using LRPC) running in the application container Unavailable SID (Unavailable). This security permission can be modified using the Component Services administrative tool."
Information,5/22/2020 6:58:16 PM,Service Control Manager,7040,None,The start type of the Background Intelligent Transfer Service service was changed from demand start to auto start.
Information,5/22/2020 6:58:10 PM,Service Control Manager,7040,None,The start type of the Background Intelligent Transfer Service service was changed from auto start to demand start.
Warning,5/22/2020 6:56:10 PM,Microsoft-Windows-DistributedCOM,10016,None,"The application-specific permission settings do not grant Local Launch permission for the COM Server application with CLSID 
Windows.SecurityCenter.WscBrokerManager
 and APPID 
Unavailable
 to the user NT AUTHORITY\SYSTEM SID (S-1-5-18) from address LocalHost (Using LRPC) running in the application container Unavailable SID (Unavailable). This security permission can be modified using the Component Services administrative tool."
Warning,5/22/2020 6:56:10 PM,Microsoft-Windows-DistributedCOM,10016,None,"The application-specific permission settings do not grant Local Launch permission for the COM Server application with CLSID 
Windows.SecurityCenter.SecurityAppBroker
 and APPID 
Unavailable
 to the user NT AUTHORITY\SYSTEM SID (S-1-5-18) from address LocalHost (Using LRPC) running in the application container Unavailable SID (Unavailable). This security permission can be modified using the Component Services administrative tool."
Warning,5/22/2020 6:56:10 PM,Microsoft-Windows-DistributedCOM,10016,None,"The application-specific permission settings do not grant Local Launch permission for the COM Server application with CLSID 
Windows.SecurityCenter.WscDataProtection
 and APPID 
Unavailable
 to the user NT AUTHORITY\SYSTEM SID (S-1-5-18) from address LocalHost (Using LRPC) running in the application container Unavailable SID (Unavailable). This security permission can be modified using the Component Services administrative tool."
Information,5/22/2020 6:54:25 PM,Microsoft-Windows-WindowsUpdateClient,19,Windows Update Agent,"Installation Successful: Windows successfully installed the following update: Feature update to Windows 10, version 1909"
Warning,5/22/2020 6:54:09 PM,Microsoft-Windows-DistributedCOM,10016,None,"The application-specific permission settings do not grant Local Activation permission for the COM Server application with CLSID 
{6B3B8D23-FA8D-40B9-8DBD-B950333E2C52}
 and APPID 
{4839DDB7-58C2-48F5-8283-E1D1807D0D7D}
 to the user NT AUTHORITY\LOCAL SERVICE SID (S-1-5-19) from address LocalHost (Using LRPC) running in the application container Unavailable SID (Unavailable). This security permission can be modified using the Component Services administrative tool."
Warning,5/22/2020 6:54:09 PM,Microsoft-Windows-DistributedCOM,10016,None,"The application-specific permission settings do not grant Local Activation permission for the COM Server application with CLSID 
{6B3B8D23-FA8D-40B9-8DBD-B950333E2C52}
 and APPID 
{4839DDB7-58C2-48F5-8283-E1D1807D0D7D}
 to the user NT AUTHORITY\LOCAL SERVICE SID (S-1-5-19) from address LocalHost (Using LRPC) running in the application container Unavailable SID (Unavailable). This security permission can be modified using the Component Services administrative tool."
Information,5/22/2020 6:54:07 PM,Microsoft-Windows-Winlogon,7001,(1101),User Logon Notification for Customer Experience Improvement Program
Information,5/22/2020 6:54:06 PM,Service Control Manager,7040,None,The start type of the Windows Modules Installer service was changed from auto start to demand start.
Information,5/22/2020 6:54:06 PM,Service Control Manager,7026,None,"The following boot-start or system-start driver(s) did not load: 
dam"
Information,5/22/2020 6:54:05 PM,Microsoft-Windows-WLAN-AutoConfig,4000,None,"WLAN AutoConfig service has successfully started.
"
Information,5/22/2020 6:54:03 PM,Microsoft-Windows-DHCPv6-Client,51046,Service State Event,DHCPv6 client service is started
Information,5/22/2020 6:54:03 PM,Microsoft-Windows-Dhcp-Client,50103,Service State Event,DHCPv4 client registered for shutdown notification
Information,5/22/2020 6:54:03 PM,Microsoft-Windows-Dhcp-Client,50036,Service State Event,DHCPv4 client service is started
Information,5/22/2020 6:54:03 PM,Microsoft-Windows-FilterManager,6,None,"File System Filter 'storqosflt' (10.0, ‎2084‎-‎07‎-‎23T22:29:44.000000000Z) has successfully loaded and registered with Filter Manager."
Information,5/22/2020 6:54:03 PM,Microsoft-Windows-FilterManager,6,None,"File System Filter 'CldFlt' (10.0, ‎2077‎-‎06‎-‎12T08:13:28.000000000Z) has successfully loaded and registered with Filter Manager."
Information,5/22/2020 6:54:03 PM,Microsoft-Windows-FilterManager,1,None,"File System Filter 'CldFlt' (Version 10.0, ‎2077‎-‎06‎-‎12T08:13:28.000000000Z) unloaded successfully."
Information,5/22/2020 6:54:03 PM,Microsoft-Windows-FilterManager,6,None,"File System Filter 'CldFlt' (10.0, ‎2077‎-‎06‎-‎12T08:13:28.000000000Z) has successfully loaded and registered with Filter Manager."
Information,5/22/2020 6:54:03 PM,Microsoft-Windows-FilterManager,6,None,"File System Filter 'luafv' (10.0, ‎1974‎-‎08‎-‎09T06:33:30.000000000Z) has successfully loaded and registered with Filter Manager."
Information,5/22/2020 6:54:03 PM,Microsoft-Windows-FilterManager,6,None,"File System Filter 'wcifs' (10.0, ‎2011‎-‎08‎-‎25T15:27:29.000000000Z) has successfully loaded and registered with Filter Manager."
Information,5/22/2020 6:54:02 PM,Microsoft-Windows-Directory-Services-SAM,16962,None,"Remote calls to the SAM database are being restricted using the default security descriptor: O:SYG:SYD:(A;;RC;;;BA).
For more information please see http://go.microsoft.com/fwlink/?LinkId=787651."
Information,5/22/2020 6:54:02 PM,Microsoft-Windows-Wininit,14,None,"Credential Guard configuration: 0x0, 0"
Information,5/22/2020 6:53:59 PM,Microsoft-Windows-Ntfs,98,None,Volume \\?\Volume{1de56c92-7cab-4981-b572-50a171ad5c66} (\Device\HarddiskVolume6) is healthy.  No action is needed.
Information,5/22/2020 6:53:59 PM,Microsoft-Windows-Ntfs,98,None,Volume \\?\Volume{c3f65bb2-b295-4d90-861f-ae3ae826d34b} (\Device\HarddiskVolume2) is healthy.  No action is needed.
Information,5/22/2020 6:53:59 PM,Microsoft-Windows-Ntfs,98,None,Volume D: (\Device\HarddiskVolume1) is healthy.  No action is needed.
Information,5/22/2020 6:53:58 PM,Microsoft-Windows-Kernel-Power,172,(203),"Connectivity state in standby: Disconnected, Reason: NIC compliance"
Information,5/22/2020 6:53:58 PM,Microsoft-Windows-FilterManager,6,None,"File System Filter 'npsvctrig' (10.0, ‎1977‎-‎09‎-‎12T08:19:34.000000000Z) has successfully loaded and registered with Filter Manager."
Information,5/22/2020 6:53:55 PM,Microsoft-Windows-Kernel-Processor-Power,55,(47),"Processor 3 in group 0 exposes the following power management capabilities:

Idle state type: ACPI Idle (C) States (2 state(s))

Performance state type: ACPI Performance (P) / Throttle (T) States
Nominal Frequency (MHz): 1701
Maximum performance percentage: 100
Minimum performance percentage: 45
Minimum throttle percentage: 5"
Information,5/22/2020 6:53:55 PM,Microsoft-Windows-Kernel-Processor-Power,55,(47),"Processor 2 in group 0 exposes the following power management capabilities:

Idle state type: ACPI Idle (C) States (2 state(s))

Performance state type: ACPI Performance (P) / Throttle (T) States
Nominal Frequency (MHz): 1701
Maximum performance percentage: 100
Minimum performance percentage: 45
Minimum throttle percentage: 5"
Information,5/22/2020 6:53:55 PM,Microsoft-Windows-Kernel-Processor-Power,55,(47),"Processor 1 in group 0 exposes the following power management capabilities:

Idle state type: ACPI Idle (C) States (2 state(s))

Performance state type: ACPI Performance (P) / Throttle (T) States
Nominal Frequency (MHz): 1701
Maximum performance percentage: 100
Minimum performance percentage: 45
Minimum throttle percentage: 5"
Information,5/22/2020 6:53:55 PM,Microsoft-Windows-Kernel-Processor-Power,55,(47),"Processor 0 in group 0 exposes the following power management capabilities:

Idle state type: ACPI Idle (C) States (2 state(s))

Performance state type: ACPI Performance (P) / Throttle (T) States
Nominal Frequency (MHz): 1701
Maximum performance percentage: 100
Minimum performance percentage: 45
Minimum throttle percentage: 5"
Warning,5/22/2020 6:53:55 PM,BTHUSB,34,None,"The local adapter does not support an important Low Energy controller state to support peripheral mode.  The minimum required supported state mask is 0x2491f7fffff, got 0x1f7fffff.  Low Energy peripheral role functionality will not be available."
Information,5/22/2020 6:53:55 PM,BTHUSB,18,None,Windows cannot store Bluetooth authentication codes (link keys) on the local adapter. Bluetooth keyboards might not work in the system BIOS during startup.
Information,5/22/2020 6:53:55 PM,NETwNe64,7036,None,The \Device\NDMP2 service entered the Intel(R) Centrino(R) Wireless-N 2230 state.
Information,5/22/2020 6:53:55 PM,MEIx64,2,None,Intel(R) Management Engine Interface driver has started successfully.
