Warning,6/26/2020 5:20:41 PM,Microsoft-Windows-DNS-Client,1014,(1014),Name resolution for the name www.intel.com timed out after none of the configured DNS servers responded.
Warning,6/26/2020 5:20:30 PM,Microsoft-Windows-DNS-Client,1014,(1014),Name resolution for the name www.intel.com timed out after none of the configured DNS servers responded.
Warning,6/26/2020 5:19:00 PM,Microsoft-Windows-DNS-Client,1014,(1014),Name resolution for the name www.intel.com timed out after none of the configured DNS servers responded.
Warning,6/26/2020 5:18:49 PM,Microsoft-Windows-DNS-Client,1014,(1014),Name resolution for the name www.intel.com timed out after none of the configured DNS servers responded.
Warning,6/26/2020 4:50:47 PM,Microsoft-Windows-DNS-Client,1014,(1014),Name resolution for the name www.intel.com timed out after none of the configured DNS servers responded.
Warning,6/26/2020 4:20:39 PM,Microsoft-Windows-DNS-Client,1014,(1014),Name resolution for the name www.intel.com timed out after none of the configured DNS servers responded.
Warning,6/26/2020 3:50:46 PM,Microsoft-Windows-DNS-Client,1014,(1014),Name resolution for the name www.intel.com timed out after none of the configured DNS servers responded.
Warning,6/26/2020 3:20:39 PM,Microsoft-Windows-DNS-Client,1014,(1014),Name resolution for the name www.intel.com timed out after none of the configured DNS servers responded.
Warning,6/26/2020 2:50:46 PM,Microsoft-Windows-DNS-Client,1014,(1014),Name resolution for the name www.intel.com timed out after none of the configured DNS servers responded.
Warning,6/26/2020 2:20:39 PM,Microsoft-Windows-DNS-Client,1014,(1014),Name resolution for the name www.intel.com timed out after none of the configured DNS servers responded.
Warning,6/26/2020 1:50:46 PM,Microsoft-Windows-DNS-Client,1014,(1014),Name resolution for the name www.intel.com timed out after none of the configured DNS servers responded.
Warning,6/26/2020 1:20:38 PM,Microsoft-Windows-DNS-Client,1014,(1014),Name resolution for the name www.intel.com timed out after none of the configured DNS servers responded.
Warning,6/26/2020 12:53:19 PM,Microsoft-Windows-DNS-Client,1014,(1014),Name resolution for the name array616.prod.do.dsp.mp.microsoft.com timed out after none of the configured DNS servers responded.
Warning,6/26/2020 12:31:31 PM,Microsoft-Windows-DNS-Client,1014,(1014),Name resolution for the name client.wns.windows.com timed out after none of the configured DNS servers responded.
Information,6/26/2020 12:00:00 PM,EventLog,6013,None,The system uptime is 125757 seconds.
Information,6/26/2020 6:47:29 AM,Service Control Manager,7040,None,The start type of the Background Intelligent Transfer Service service was changed from auto start to demand start.
Information,6/26/2020 6:45:25 AM,Service Control Manager,7040,None,The start type of the Background Intelligent Transfer Service service was changed from demand start to auto start.
Information,6/26/2020 3:58:52 AM,Service Control Manager,7040,None,The start type of the Background Intelligent Transfer Service service was changed from auto start to demand start.
Information,6/26/2020 3:56:46 AM,Service Control Manager,7040,None,The start type of the Background Intelligent Transfer Service service was changed from demand start to auto start.
Information,6/26/2020 3:04:42 AM,Microsoft-Windows-Kernel-General,1,(5),"The system time has changed to ‎2020‎-‎06‎-‎26T00:04:42.893967600Z from ‎2020‎-‎06‎-‎26T00:04:42.892243300Z.

Change Reason: An application or system component changed the time.
Process: '\Device\HarddiskVolume5\Windows\System32\svchost.exe' (PID 10432)."
Information,6/26/2020 3:04:42 AM,Microsoft-Windows-Kernel-General,1,(5),"The system time has changed to ‎2020‎-‎06‎-‎26T00:04:42.892243300Z from ‎2020‎-‎06‎-‎26T00:04:42.889923400Z.

Change Reason: An application or system component changed the time.
Process: '\Device\HarddiskVolume5\Windows\System32\svchost.exe' (PID 10432)."
Information,6/26/2020 3:04:42 AM,Microsoft-Windows-Time-Service,35,None,"The time service is now synchronizing the system time with the time source time.windows.com,0x9 (ntp.m|0x9|0.0.0.0:123->40.81.94.65:123) with reference id 1096700200. Current local stratum number is 4."
Information,6/26/2020 3:04:42 AM,Microsoft-Windows-Kernel-General,1,(5),"The system time has changed to ‎2020‎-‎06‎-‎26T00:04:42.889923400Z from ‎2020‎-‎06‎-‎26T00:04:44.744793900Z.

Change Reason: An application or system component changed the time.
Process: '\Device\HarddiskVolume5\Windows\System32\svchost.exe' (PID 10432)."
Information,6/26/2020 3:04:30 AM,Microsoft-Windows-Time-Service,37,None,"The time provider NtpClient is currently receiving valid time data from time.windows.com,0x9 (ntp.m|0x9|0.0.0.0:123->40.81.94.65:123)."
Information,6/26/2020 3:04:28 AM,Microsoft-Windows-Time-Service,158,None,The time provider 'VMICTimeProvider' has indicated that the current hardware and operating environment is not supported and has stopped. This behavior is expected for VMICTimeProvider on non-HyperV-guest environments. This may be the expected behavior for the current provider in the current operating environment as well.
Information,6/26/2020 1:58:42 AM,Service Control Manager,7040,None,The start type of the Background Intelligent Transfer Service service was changed from auto start to demand start.
Information,6/26/2020 1:56:38 AM,Service Control Manager,7040,None,The start type of the Background Intelligent Transfer Service service was changed from demand start to auto start.
Information,6/26/2020 1:15:31 AM,Microsoft-Windows-WindowsUpdateClient,19,Windows Update Agent,Installation Successful: Windows successfully installed the following update: Security Intelligence Update for Microsoft Defender Antivirus - KB2267602 (Version 1.319.192.0)
Information,6/26/2020 1:15:11 AM,Microsoft-Windows-WindowsUpdateClient,43,Windows Update Agent,Installation Started: Windows has started installing the following update: Security Intelligence Update for Microsoft Defender Antivirus - KB2267602 (Version 1.319.192.0)
Information,6/26/2020 1:15:11 AM,Microsoft-Windows-WindowsUpdateClient,44,Windows Update Agent,Windows Update started downloading an update.
Information,6/26/2020 1:15:09 AM,Service Control Manager,7045,None,"A service was installed in the system.

Service Name:  Intel(R) Driver & Support Assistant Updater
Service File Name:  ""C:\Program Files (x86)\Intel\Driver and Support Assistant\DSAUpdateService.exe""
Service Type:  user mode service
Service Start Type:  demand start
Service Account:  LocalSystem"
Information,6/26/2020 1:15:09 AM,Service Control Manager,7045,None,"A service was installed in the system.

Service Name:  Intel(R) Driver & Support Assistant
Service File Name:  ""C:\Program Files (x86)\Intel\Driver and Support Assistant\DSAService.exe""
Service Type:  user mode service
Service Start Type:  auto start
Service Account:  LocalSystem"
Warning,6/26/2020 1:05:23 AM,Microsoft-Windows-Kernel-Processor-Power,37,(7),The speed of processor 3 in group 0 is being limited by system firmware. The processor has been in this reduced performance state for 86399 seconds since the last report.
Warning,6/26/2020 1:05:23 AM,Microsoft-Windows-Kernel-Processor-Power,37,(7),The speed of processor 2 in group 0 is being limited by system firmware. The processor has been in this reduced performance state for 86400 seconds since the last report.
Warning,6/26/2020 1:05:23 AM,Microsoft-Windows-Kernel-Processor-Power,37,(7),The speed of processor 1 in group 0 is being limited by system firmware. The processor has been in this reduced performance state for 86399 seconds since the last report.
Warning,6/26/2020 1:05:23 AM,Microsoft-Windows-Kernel-Processor-Power,37,(7),The speed of processor 0 in group 0 is being limited by system firmware. The processor has been in this reduced performance state for 86399 seconds since the last report.
Information,6/25/2020 11:43:53 PM,Service Control Manager,7040,None,The start type of the Background Intelligent Transfer Service service was changed from auto start to demand start.
Information,6/25/2020 11:41:14 PM,Service Control Manager,7040,None,The start type of the Background Intelligent Transfer Service service was changed from demand start to auto start.
Warning,6/25/2020 11:40:35 PM,Microsoft-Windows-DistributedCOM,10016,None,"The machine-default permission settings do not grant Local Activation permission for the COM Server application with CLSID 
{C2F03A33-21F5-47FA-B4BB-156362A2F239}
 and APPID 
{316CDED5-E4AE-4B15-9113-7055D84DCC97}
 to the user DESKTOP-577B38M\PC SID (S-1-5-21-839496821-663164669-2267191325-1002) from address LocalHost (Using LRPC) running in the application container Microsoft.Windows.ShellExperienceHost_10.0.18362.449_neutral_neutral_cw5n1h2txyewy SID (S-1-15-2-155514346-2573954481-755741238-1654018636-1233331829-3075935687-2861478708). This security permission can be modified using the Component Services administrative tool."
Warning,6/25/2020 11:40:27 PM,Microsoft-Windows-DistributedCOM,10016,None,"The machine-default permission settings do not grant Local Activation permission for the COM Server application with CLSID 
{C2F03A33-21F5-47FA-B4BB-156362A2F239}
 and APPID 
{316CDED5-E4AE-4B15-9113-7055D84DCC97}
 to the user DESKTOP-577B38M\PC SID (S-1-5-21-839496821-663164669-2267191325-1002) from address LocalHost (Using LRPC) running in the application container Microsoft.Windows.ShellExperienceHost_10.0.18362.449_neutral_neutral_cw5n1h2txyewy SID (S-1-15-2-155514346-2573954481-755741238-1654018636-1233331829-3075935687-2861478708). This security permission can be modified using the Component Services administrative tool."
Warning,6/25/2020 11:40:27 PM,Microsoft-Windows-DistributedCOM,10016,None,"The machine-default permission settings do not grant Local Activation permission for the COM Server application with CLSID 
{C2F03A33-21F5-47FA-B4BB-156362A2F239}
 and APPID 
{316CDED5-E4AE-4B15-9113-7055D84DCC97}
 to the user DESKTOP-577B38M\PC SID (S-1-5-21-839496821-663164669-2267191325-1002) from address LocalHost (Using LRPC) running in the application container Microsoft.Windows.ShellExperienceHost_10.0.18362.449_neutral_neutral_cw5n1h2txyewy SID (S-1-15-2-155514346-2573954481-755741238-1654018636-1233331829-3075935687-2861478708). This security permission can be modified using the Component Services administrative tool."
Warning,6/25/2020 11:40:13 PM,Microsoft-Windows-DistributedCOM,10016,None,"The application-specific permission settings do not grant Local Activation permission for the COM Server application with CLSID 
{2593F8B9-4EAF-457C-B68A-50F6B8EA6B54}
 and APPID 
{15C20B67-12E7-4BB6-92BB-7AFF07997402}
 to the user DESKTOP-577B38M\PC SID (S-1-5-21-839496821-663164669-2267191325-1002) from address LocalHost (Using LRPC) running in the application container Unavailable SID (Unavailable). This security permission can be modified using the Component Services administrative tool."
Warning,6/25/2020 8:17:55 PM,Microsoft-Windows-DistributedCOM,10016,None,"The machine-default permission settings do not grant Local Activation permission for the COM Server application with CLSID 
{C2F03A33-21F5-47FA-B4BB-156362A2F239}
 and APPID 
{316CDED5-E4AE-4B15-9113-7055D84DCC97}
 to the user DESKTOP-577B38M\PC SID (S-1-5-21-839496821-663164669-2267191325-1002) from address LocalHost (Using LRPC) running in the application container Microsoft.Windows.ShellExperienceHost_10.0.18362.449_neutral_neutral_cw5n1h2txyewy SID (S-1-15-2-155514346-2573954481-755741238-1654018636-1233331829-3075935687-2861478708). This security permission can be modified using the Component Services administrative tool."
Warning,6/25/2020 8:17:48 PM,Microsoft-Windows-DistributedCOM,10016,None,"The machine-default permission settings do not grant Local Activation permission for the COM Server application with CLSID 
{C2F03A33-21F5-47FA-B4BB-156362A2F239}
 and APPID 
{316CDED5-E4AE-4B15-9113-7055D84DCC97}
 to the user DESKTOP-577B38M\PC SID (S-1-5-21-839496821-663164669-2267191325-1002) from address LocalHost (Using LRPC) running in the application container Microsoft.Windows.ShellExperienceHost_10.0.18362.449_neutral_neutral_cw5n1h2txyewy SID (S-1-15-2-155514346-2573954481-755741238-1654018636-1233331829-3075935687-2861478708). This security permission can be modified using the Component Services administrative tool."
Information,6/25/2020 7:38:43 PM,Service Control Manager,7040,None,The start type of the Background Intelligent Transfer Service service was changed from auto start to demand start.
Information,6/25/2020 7:36:30 PM,Service Control Manager,7040,None,The start type of the Background Intelligent Transfer Service service was changed from demand start to auto start.
Warning,6/25/2020 7:35:29 PM,Microsoft-Windows-DistributedCOM,10016,None,"The application-specific permission settings do not grant Local Activation permission for the COM Server application with CLSID 
{2593F8B9-4EAF-457C-B68A-50F6B8EA6B54}
 and APPID 
{15C20B67-12E7-4BB6-92BB-7AFF07997402}
 to the user DESKTOP-577B38M\PC SID (S-1-5-21-839496821-663164669-2267191325-1002) from address LocalHost (Using LRPC) running in the application container Unavailable SID (Unavailable). This security permission can be modified using the Component Services administrative tool."
Warning,6/25/2020 5:59:36 PM,Microsoft-Windows-DistributedCOM,10016,None,"The application-specific permission settings do not grant Local Activation permission for the COM Server application with CLSID 
{2593F8B9-4EAF-457C-B68A-50F6B8EA6B54}
 and APPID 
{15C20B67-12E7-4BB6-92BB-7AFF07997402}
 to the user DESKTOP-577B38M\PC SID (S-1-5-21-839496821-663164669-2267191325-1002) from address LocalHost (Using LRPC) running in the application container Unavailable SID (Unavailable). This security permission can be modified using the Component Services administrative tool."
Warning,6/25/2020 5:18:48 PM,Microsoft-Windows-DistributedCOM,10016,None,"The application-specific permission settings do not grant Local Activation permission for the COM Server application with CLSID 
{2593F8B9-4EAF-457C-B68A-50F6B8EA6B54}
 and APPID 
{15C20B67-12E7-4BB6-92BB-7AFF07997402}
 to the user DESKTOP-577B38M\PC SID (S-1-5-21-839496821-663164669-2267191325-1002) from address LocalHost (Using LRPC) running in the application container Unavailable SID (Unavailable). This security permission can be modified using the Component Services administrative tool."
Information,6/25/2020 4:29:27 PM,Service Control Manager,7040,None,The start type of the Background Intelligent Transfer Service service was changed from auto start to demand start.
Information,6/25/2020 4:26:59 PM,Service Control Manager,7040,None,The start type of the Background Intelligent Transfer Service service was changed from demand start to auto start.
Warning,6/25/2020 4:26:16 PM,Microsoft-Windows-DistributedCOM,10016,None,"The machine-default permission settings do not grant Local Activation permission for the COM Server application with CLSID 
{C2F03A33-21F5-47FA-B4BB-156362A2F239}
 and APPID 
{316CDED5-E4AE-4B15-9113-7055D84DCC97}
 to the user DESKTOP-577B38M\PC SID (S-1-5-21-839496821-663164669-2267191325-1002) from address LocalHost (Using LRPC) running in the application container Microsoft.Windows.ShellExperienceHost_10.0.18362.449_neutral_neutral_cw5n1h2txyewy SID (S-1-15-2-155514346-2573954481-755741238-1654018636-1233331829-3075935687-2861478708). This security permission can be modified using the Component Services administrative tool."
Warning,6/25/2020 4:26:13 PM,Microsoft-Windows-DistributedCOM,10016,None,"The machine-default permission settings do not grant Local Activation permission for the COM Server application with CLSID 
{C2F03A33-21F5-47FA-B4BB-156362A2F239}
 and APPID 
{316CDED5-E4AE-4B15-9113-7055D84DCC97}
 to the user DESKTOP-577B38M\PC SID (S-1-5-21-839496821-663164669-2267191325-1002) from address LocalHost (Using LRPC) running in the application container Microsoft.Windows.ShellExperienceHost_10.0.18362.449_neutral_neutral_cw5n1h2txyewy SID (S-1-15-2-155514346-2573954481-755741238-1654018636-1233331829-3075935687-2861478708). This security permission can be modified using the Component Services administrative tool."
Warning,6/25/2020 4:26:11 PM,Microsoft-Windows-DistributedCOM,10016,None,"The machine-default permission settings do not grant Local Activation permission for the COM Server application with CLSID 
{C2F03A33-21F5-47FA-B4BB-156362A2F239}
 and APPID 
{316CDED5-E4AE-4B15-9113-7055D84DCC97}
 to the user DESKTOP-577B38M\PC SID (S-1-5-21-839496821-663164669-2267191325-1002) from address LocalHost (Using LRPC) running in the application container Microsoft.Windows.ShellExperienceHost_10.0.18362.449_neutral_neutral_cw5n1h2txyewy SID (S-1-15-2-155514346-2573954481-755741238-1654018636-1233331829-3075935687-2861478708). This security permission can be modified using the Component Services administrative tool."
Warning,6/25/2020 4:26:09 PM,Microsoft-Windows-DistributedCOM,10016,None,"The machine-default permission settings do not grant Local Activation permission for the COM Server application with CLSID 
{C2F03A33-21F5-47FA-B4BB-156362A2F239}
 and APPID 
{316CDED5-E4AE-4B15-9113-7055D84DCC97}
 to the user DESKTOP-577B38M\PC SID (S-1-5-21-839496821-663164669-2267191325-1002) from address LocalHost (Using LRPC) running in the application container Microsoft.Windows.ShellExperienceHost_10.0.18362.449_neutral_neutral_cw5n1h2txyewy SID (S-1-15-2-155514346-2573954481-755741238-1654018636-1233331829-3075935687-2861478708). This security permission can be modified using the Component Services administrative tool."
Warning,6/25/2020 4:25:58 PM,Microsoft-Windows-DistributedCOM,10016,None,"The application-specific permission settings do not grant Local Activation permission for the COM Server application with CLSID 
{2593F8B9-4EAF-457C-B68A-50F6B8EA6B54}
 and APPID 
{15C20B67-12E7-4BB6-92BB-7AFF07997402}
 to the user DESKTOP-577B38M\PC SID (S-1-5-21-839496821-663164669-2267191325-1002) from address LocalHost (Using LRPC) running in the application container Unavailable SID (Unavailable). This security permission can be modified using the Component Services administrative tool."
Warning,6/25/2020 2:52:42 PM,Microsoft-Windows-DistributedCOM,10016,None,"The application-specific permission settings do not grant Local Activation permission for the COM Server application with CLSID 
{2593F8B9-4EAF-457C-B68A-50F6B8EA6B54}
 and APPID 
{15C20B67-12E7-4BB6-92BB-7AFF07997402}
 to the user DESKTOP-577B38M\PC SID (S-1-5-21-839496821-663164669-2267191325-1002) from address LocalHost (Using LRPC) running in the application container Unavailable SID (Unavailable). This security permission can be modified using the Component Services administrative tool."
Warning,6/25/2020 2:52:42 PM,Microsoft-Windows-DistributedCOM,10016,None,"The application-specific permission settings do not grant Local Activation permission for the COM Server application with CLSID 
{2593F8B9-4EAF-457C-B68A-50F6B8EA6B54}
 and APPID 
{15C20B67-12E7-4BB6-92BB-7AFF07997402}
 to the user DESKTOP-577B38M\PC SID (S-1-5-21-839496821-663164669-2267191325-1002) from address LocalHost (Using LRPC) running in the application container Unavailable SID (Unavailable). This security permission can be modified using the Component Services administrative tool."
Information,6/25/2020 12:00:00 PM,EventLog,6013,None,The system uptime is 39355 seconds.
Information,6/25/2020 1:42:06 AM,Service Control Manager,7040,None,The start type of the Background Intelligent Transfer Service service was changed from auto start to demand start.
Information,6/25/2020 1:40:01 AM,Service Control Manager,7040,None,The start type of the Background Intelligent Transfer Service service was changed from demand start to auto start.
Information,6/25/2020 1:39:50 AM,Service Control Manager,7040,None,The start type of the Background Intelligent Transfer Service service was changed from auto start to demand start.
Information,6/25/2020 1:38:42 AM,Service Control Manager,7045,None,"A service was installed in the system.

Service Name:  MpKslDrv
Service File Name:  C:\ProgramData\Microsoft\Windows Defender\Definition Updates\{67545E42-A23E-4FF1-B554-943F74857B19}\MpKslDrv.sys
Service Type:  kernel mode driver
Service Start Type:  system start
Service Account:  "
Information,6/25/2020 1:38:09 AM,Microsoft-Windows-Kernel-General,16,None,The access history in hive \??\C:\ProgramData\Microsoft\Provisioning\Microsoft-Desktop-Provisioning-Sequence.dat was cleared updating 0 keys and creating 0 modified pages.
Information,6/25/2020 1:38:01 AM,Microsoft-Windows-Kernel-General,1,(5),"The system time has changed to ‎2020‎-‎06‎-‎24T22:38:01.857001600Z from ‎2020‎-‎06‎-‎24T22:38:01.855480200Z.

Change Reason: An application or system component changed the time.
Process: '\Device\HarddiskVolume5\Windows\System32\svchost.exe' (PID 9372)."
Information,6/25/2020 1:38:01 AM,Microsoft-Windows-Time-Service,35,None,"The time service is now synchronizing the system time with the time source time.windows.com,0x9 (ntp.m|0x9|0.0.0.0:123->20.189.79.72:123) with reference id 1213185300. Current local stratum number is 4."
Information,6/25/2020 1:37:50 AM,Microsoft-Windows-Kernel-General,16,None,The access history in hive \??\C:\Users\PC\AppData\Local\Packages\microsoft.zunevideo_8wekyb3d8bbwe\Settings\settings.dat was cleared updating 7 keys and creating 1 modified pages.
Information,6/25/2020 1:37:50 AM,Microsoft-Windows-Kernel-General,16,None,The access history in hive \??\C:\Users\PC\AppData\Local\Packages\microsoft.zunemusic_8wekyb3d8bbwe\Settings\settings.dat was cleared updating 2 keys and creating 1 modified pages.
Information,6/25/2020 1:37:50 AM,Microsoft-Windows-Kernel-General,16,None,The access history in hive \??\C:\Users\PC\AppData\Local\Packages\microsoft.xboxapp_8wekyb3d8bbwe\Settings\settings.dat was cleared updating 2 keys and creating 1 modified pages.
Information,6/25/2020 1:37:50 AM,Microsoft-Windows-Kernel-General,16,None,The access history in hive \??\C:\Users\PC\AppData\Local\Packages\microsoft.windowssoundrecorder_8wekyb3d8bbwe\Settings\settings.dat was cleared updating 2 keys and creating 1 modified pages.
Information,6/25/2020 1:37:49 AM,Microsoft-Windows-Kernel-General,16,None,The access history in hive \??\C:\Users\PC\AppData\Local\Packages\microsoft.windowsmaps_8wekyb3d8bbwe\Settings\settings.dat was cleared updating 2 keys and creating 1 modified pages.
Information,6/25/2020 1:37:49 AM,Microsoft-Windows-Kernel-General,16,None,The access history in hive \??\C:\Users\PC\AppData\Local\Packages\microsoft.windowsfeedbackhub_8wekyb3d8bbwe\Settings\settings.dat was cleared updating 2 keys and creating 1 modified pages.
Information,6/25/2020 1:37:49 AM,Microsoft-Windows-Kernel-General,16,None,The access history in hive \??\C:\Users\PC\AppData\Local\Packages\microsoft.windowscalculator_8wekyb3d8bbwe\Settings\settings.dat was cleared updating 2 keys and creating 1 modified pages.
Information,6/25/2020 1:37:49 AM,Microsoft-Windows-Kernel-General,16,None,The access history in hive \??\C:\Users\PC\AppData\Local\Packages\microsoft.windowsalarms_8wekyb3d8bbwe\Settings\settings.dat was cleared updating 2 keys and creating 1 modified pages.
Information,6/25/2020 1:37:49 AM,Microsoft-Windows-Kernel-General,16,None,The access history in hive \??\C:\Users\PC\AppData\Local\Packages\microsoft.webmediaextensions_8wekyb3d8bbwe\Settings\settings.dat was cleared updating 2 keys and creating 1 modified pages.
Information,6/25/2020 1:37:49 AM,Microsoft-Windows-Kernel-General,16,None,The access history in hive \??\C:\Users\PC\AppData\Local\Packages\microsoft.storepurchaseapp_8wekyb3d8bbwe\Settings\settings.dat was cleared updating 2 keys and creating 1 modified pages.
Information,6/25/2020 1:37:49 AM,Microsoft-Windows-Kernel-General,16,None,The access history in hive \??\C:\Users\PC\AppData\Local\Packages\microsoft.screensketch_8wekyb3d8bbwe\Settings\settings.dat was cleared updating 2 keys and creating 1 modified pages.
Information,6/25/2020 1:37:49 AM,Microsoft-Windows-Kernel-General,16,None,The access history in hive \??\C:\Users\PC\AppData\Local\Packages\microsoft.people_8wekyb3d8bbwe\Settings\settings.dat was cleared updating 2 keys and creating 1 modified pages.
Information,6/25/2020 1:37:49 AM,Microsoft-Windows-Kernel-General,16,None,The access history in hive \??\C:\Users\PC\AppData\Local\Packages\microsoft.microsoftstickynotes_8wekyb3d8bbwe\Settings\settings.dat was cleared updating 2 keys and creating 1 modified pages.
Information,6/25/2020 1:37:49 AM,Microsoft-Windows-Kernel-General,16,None,The access history in hive \??\C:\Users\PC\AppData\Local\Packages\microsoft.microsoftedge_8wekyb3d8bbwe\Settings\settings.dat was cleared updating 2 keys and creating 1 modified pages.
Information,6/25/2020 1:37:49 AM,Microsoft-Windows-Kernel-General,16,None,The access history in hive \??\C:\Users\PC\AppData\Local\Packages\microsoft.messaging_8wekyb3d8bbwe\Settings\settings.dat was cleared updating 2 keys and creating 1 modified pages.
Information,6/25/2020 1:37:48 AM,Microsoft-Windows-Kernel-General,16,None,The access history in hive \??\C:\Users\PC\AppData\Local\Packages\microsoft.gethelp_8wekyb3d8bbwe\Settings\settings.dat was cleared updating 2 keys and creating 1 modified pages.
Information,6/25/2020 1:37:48 AM,Microsoft-Windows-Kernel-General,16,None,The access history in hive \??\C:\Users\PC\AppData\Local\Packages\microsoft.desktopappinstaller_8wekyb3d8bbwe\Settings\settings.dat was cleared updating 2 keys and creating 1 modified pages.
Information,6/25/2020 1:37:48 AM,Microsoft-Windows-Kernel-General,16,None,The access history in hive \??\C:\Users\PC\AppData\Local\Packages\inputapp_cw5n1h2txyewy\Settings\settings.dat was cleared updating 3 keys and creating 1 modified pages.
Information,6/25/2020 1:37:47 AM,Microsoft-Windows-Time-Service,37,None,"The time provider NtpClient is currently receiving valid time data from time.windows.com,0x9 (ntp.m|0x9|0.0.0.0:123->20.189.79.72:123)."
Information,6/25/2020 1:37:45 AM,Microsoft-Windows-Time-Service,158,None,The time provider 'VMICTimeProvider' has indicated that the current hardware and operating environment is not supported and has stopped. This behavior is expected for VMICTimeProvider on non-HyperV-guest environments. This may be the expected behavior for the current provider in the current operating environment as well.
Information,6/25/2020 1:37:43 AM,Service Control Manager,7040,None,The start type of the Background Intelligent Transfer Service service was changed from demand start to auto start.
Information,6/25/2020 1:19:23 AM,Service Control Manager,7040,None,The start type of the Background Intelligent Transfer Service service was changed from auto start to demand start.
Warning,6/25/2020 1:15:57 AM,Microsoft-Windows-DistributedCOM,10016,None,"The application-specific permission settings do not grant Local Activation permission for the COM Server application with CLSID 
{2593F8B9-4EAF-457C-B68A-50F6B8EA6B54}
 and APPID 
{15C20B67-12E7-4BB6-92BB-7AFF07997402}
 to the user DESKTOP-577B38M\PC SID (S-1-5-21-839496821-663164669-2267191325-1002) from address LocalHost (Using LRPC) running in the application container Unavailable SID (Unavailable). This security permission can be modified using the Component Services administrative tool."
Warning,6/25/2020 1:15:57 AM,Microsoft-Windows-DistributedCOM,10016,None,"The application-specific permission settings do not grant Local Activation permission for the COM Server application with CLSID 
{2593F8B9-4EAF-457C-B68A-50F6B8EA6B54}
 and APPID 
{15C20B67-12E7-4BB6-92BB-7AFF07997402}
 to the user DESKTOP-577B38M\PC SID (S-1-5-21-839496821-663164669-2267191325-1002) from address LocalHost (Using LRPC) running in the application container Unavailable SID (Unavailable). This security permission can be modified using the Component Services administrative tool."
Information,6/25/2020 1:14:44 AM,Microsoft-Windows-WindowsUpdateClient,19,Windows Update Agent,Installation Successful: Windows successfully installed the following update: 9NMPJ99VJBWV-Microsoft.YourPhone
Information,6/25/2020 1:14:38 AM,Microsoft-Windows-WindowsUpdateClient,43,Windows Update Agent,Installation Started: Windows has started installing the following update: 9NMPJ99VJBWV-Microsoft.YourPhone
Information,6/25/2020 1:14:30 AM,Microsoft-Windows-Kernel-General,16,None,The access history in hive \??\C:\ProgramData\Microsoft\Windows\AppRepository\Packages\Microsoft.YourPhone_1.20061.106.0_x64__8wekyb3d8bbwe\ActivationStore.dat was cleared updating 0 keys and creating 0 modified pages.
Information,6/25/2020 1:14:28 AM,Microsoft-Windows-WindowsUpdateClient,19,Windows Update Agent,Installation Successful: Windows successfully installed the following update: 9WZDNCRFJBBG-MICROSOFT.WINDOWSCAMERA
Information,6/25/2020 1:14:22 AM,Microsoft-Windows-WindowsUpdateClient,43,Windows Update Agent,Installation Started: Windows has started installing the following update: 9WZDNCRFJBBG-MICROSOFT.WINDOWSCAMERA
Information,6/25/2020 1:14:21 AM,Microsoft-Windows-Kernel-General,16,None,The access history in hive \??\C:\Users\PC\AppData\Local\Packages\Microsoft.WindowsCamera_8wekyb3d8bbwe\Settings\settings.dat was cleared updating 2 keys and creating 1 modified pages.
Information,6/25/2020 1:14:16 AM,Microsoft-Windows-Kernel-General,16,None,The access history in hive \??\C:\ProgramData\Microsoft\Windows\AppRepository\Packages\Microsoft.WindowsCamera_2020.504.40.0_x64__8wekyb3d8bbwe\ActivationStore.dat was cleared updating 0 keys and creating 0 modified pages.
Information,6/25/2020 1:14:06 AM,Microsoft-Windows-WindowsUpdateClient,44,Windows Update Agent,Windows Update started downloading an update.
Information,6/25/2020 1:14:06 AM,Microsoft-Windows-WindowsUpdateClient,44,Windows Update Agent,Windows Update started downloading an update.
Warning,6/25/2020 1:11:39 AM,Microsoft-Windows-DistributedCOM,10016,None,"The application-specific permission settings do not grant Local Activation permission for the COM Server application with CLSID 
{2593F8B9-4EAF-457C-B68A-50F6B8EA6B54}
 and APPID 
{15C20B67-12E7-4BB6-92BB-7AFF07997402}
 to the user DESKTOP-577B38M\PC SID (S-1-5-21-839496821-663164669-2267191325-1002) from address LocalHost (Using LRPC) running in the application container Unavailable SID (Unavailable). This security permission can be modified using the Component Services administrative tool."
Warning,6/25/2020 1:11:39 AM,Microsoft-Windows-DistributedCOM,10016,None,"The application-specific permission settings do not grant Local Activation permission for the COM Server application with CLSID 
{2593F8B9-4EAF-457C-B68A-50F6B8EA6B54}
 and APPID 
{15C20B67-12E7-4BB6-92BB-7AFF07997402}
 to the user DESKTOP-577B38M\PC SID (S-1-5-21-839496821-663164669-2267191325-1002) from address LocalHost (Using LRPC) running in the application container Unavailable SID (Unavailable). This security permission can be modified using the Component Services administrative tool."
Warning,6/25/2020 1:11:33 AM,Microsoft-Windows-DistributedCOM,10016,None,"The application-specific permission settings do not grant Local Activation permission for the COM Server application with CLSID 
{2593F8B9-4EAF-457C-B68A-50F6B8EA6B54}
 and APPID 
{15C20B67-12E7-4BB6-92BB-7AFF07997402}
 to the user DESKTOP-577B38M\PC SID (S-1-5-21-839496821-663164669-2267191325-1002) from address LocalHost (Using LRPC) running in the application container Unavailable SID (Unavailable). This security permission can be modified using the Component Services administrative tool."
Warning,6/25/2020 1:11:33 AM,Microsoft-Windows-DistributedCOM,10016,None,"The application-specific permission settings do not grant Local Activation permission for the COM Server application with CLSID 
{2593F8B9-4EAF-457C-B68A-50F6B8EA6B54}
 and APPID 
{15C20B67-12E7-4BB6-92BB-7AFF07997402}
 to the user DESKTOP-577B38M\PC SID (S-1-5-21-839496821-663164669-2267191325-1002) from address LocalHost (Using LRPC) running in the application container Unavailable SID (Unavailable). This security permission can be modified using the Component Services administrative tool."
Warning,6/25/2020 1:11:27 AM,Microsoft-Windows-DistributedCOM,10016,None,"The application-specific permission settings do not grant Local Activation permission for the COM Server application with CLSID 
{2593F8B9-4EAF-457C-B68A-50F6B8EA6B54}
 and APPID 
{15C20B67-12E7-4BB6-92BB-7AFF07997402}
 to the user DESKTOP-577B38M\PC SID (S-1-5-21-839496821-663164669-2267191325-1002) from address LocalHost (Using LRPC) running in the application container Unavailable SID (Unavailable). This security permission can be modified using the Component Services administrative tool."
Warning,6/25/2020 1:11:27 AM,Microsoft-Windows-DistributedCOM,10016,None,"The application-specific permission settings do not grant Local Activation permission for the COM Server application with CLSID 
{2593F8B9-4EAF-457C-B68A-50F6B8EA6B54}
 and APPID 
{15C20B67-12E7-4BB6-92BB-7AFF07997402}
 to the user DESKTOP-577B38M\PC SID (S-1-5-21-839496821-663164669-2267191325-1002) from address LocalHost (Using LRPC) running in the application container Unavailable SID (Unavailable). This security permission can be modified using the Component Services administrative tool."
Warning,6/25/2020 1:10:10 AM,Microsoft-Windows-DistributedCOM,10016,None,"The application-specific permission settings do not grant Local Activation permission for the COM Server application with CLSID 
{2593F8B9-4EAF-457C-B68A-50F6B8EA6B54}
 and APPID 
{15C20B67-12E7-4BB6-92BB-7AFF07997402}
 to the user DESKTOP-577B38M\PC SID (S-1-5-21-839496821-663164669-2267191325-1002) from address LocalHost (Using LRPC) running in the application container Unavailable SID (Unavailable). This security permission can be modified using the Component Services administrative tool."
Warning,6/25/2020 1:10:10 AM,Microsoft-Windows-DistributedCOM,10016,None,"The application-specific permission settings do not grant Local Activation permission for the COM Server application with CLSID 
{2593F8B9-4EAF-457C-B68A-50F6B8EA6B54}
 and APPID 
{15C20B67-12E7-4BB6-92BB-7AFF07997402}
 to the user DESKTOP-577B38M\PC SID (S-1-5-21-839496821-663164669-2267191325-1002) from address LocalHost (Using LRPC) running in the application container Unavailable SID (Unavailable). This security permission can be modified using the Component Services administrative tool."
Information,6/25/2020 1:09:46 AM,Microsoft-Windows-WindowsUpdateClient,19,Windows Update Agent,Installation Successful: Windows successfully installed the following update: Security Intelligence Update for Microsoft Defender Antivirus - KB2267602 (Version 1.319.128.0)
Information,6/25/2020 1:09:24 AM,Microsoft-Windows-WindowsUpdateClient,43,Windows Update Agent,Installation Started: Windows has started installing the following update: Security Intelligence Update for Microsoft Defender Antivirus - KB2267602 (Version 1.319.128.0)
Information,6/25/2020 1:09:19 AM,Microsoft-Windows-WindowsUpdateClient,44,Windows Update Agent,Windows Update started downloading an update.
Information,6/25/2020 1:08:37 AM,Microsoft-Windows-Kernel-General,16,None,The access history in hive \??\C:\ProgramData\Packages\Microsoft.XboxGamingOverlay_8wekyb3d8bbwe\S-1-5-21-839496821-663164669-2267191325-1002\SystemAppData\Helium\Cache\9505bf75aff28eaf_COM15.dat was cleared updating 1 keys and creating 1 modified pages.
Information,6/25/2020 1:08:37 AM,Microsoft-Windows-Kernel-General,16,None,The access history in hive \??\C:\ProgramData\Packages\Microsoft.XboxGamingOverlay_8wekyb3d8bbwe\S-1-5-21-839496821-663164669-2267191325-1002\SystemAppData\Helium\UserClasses.dat was cleared updating 1 keys and creating 1 modified pages.
Information,6/25/2020 1:08:37 AM,Microsoft-Windows-Kernel-General,16,None,The access history in hive \??\C:\ProgramData\Packages\Microsoft.XboxGamingOverlay_8wekyb3d8bbwe\S-1-5-21-839496821-663164669-2267191325-1002\SystemAppData\Helium\User.dat was cleared updating 1 keys and creating 1 modified pages.
Information,6/25/2020 1:08:36 AM,Microsoft-Windows-Kernel-General,16,None,The access history in hive \??\C:\Users\PC\AppData\Local\Packages\Microsoft.XboxGamingOverlay_8wekyb3d8bbwe\Settings\settings.dat was cleared updating 6 keys and creating 1 modified pages.
Information,6/25/2020 1:08:30 AM,Service Control Manager,7040,None,The start type of the Background Intelligent Transfer Service service was changed from demand start to auto start.
Warning,6/25/2020 1:07:37 AM,Microsoft-Windows-DistributedCOM,10016,None,"The application-specific permission settings do not grant Local Activation permission for the COM Server application with CLSID 
{2593F8B9-4EAF-457C-B68A-50F6B8EA6B54}
 and APPID 
{15C20B67-12E7-4BB6-92BB-7AFF07997402}
 to the user DESKTOP-577B38M\PC SID (S-1-5-21-839496821-663164669-2267191325-1002) from address LocalHost (Using LRPC) running in the application container Unavailable SID (Unavailable). This security permission can be modified using the Component Services administrative tool."
Warning,6/25/2020 1:07:37 AM,Microsoft-Windows-DistributedCOM,10016,None,"The application-specific permission settings do not grant Local Activation permission for the COM Server application with CLSID 
{2593F8B9-4EAF-457C-B68A-50F6B8EA6B54}
 and APPID 
{15C20B67-12E7-4BB6-92BB-7AFF07997402}
 to the user DESKTOP-577B38M\PC SID (S-1-5-21-839496821-663164669-2267191325-1002) from address LocalHost (Using LRPC) running in the application container Unavailable SID (Unavailable). This security permission can be modified using the Component Services administrative tool."
Information,6/25/2020 1:07:12 AM,Service Control Manager,7040,None,The start type of the Background Intelligent Transfer Service service was changed from auto start to demand start.
Warning,6/25/2020 1:06:44 AM,Microsoft-Windows-DistributedCOM,10016,None,"The application-specific permission settings do not grant Local Activation permission for the COM Server application with CLSID 
{2593F8B9-4EAF-457C-B68A-50F6B8EA6B54}
 and APPID 
{15C20B67-12E7-4BB6-92BB-7AFF07997402}
 to the user DESKTOP-577B38M\PC SID (S-1-5-21-839496821-663164669-2267191325-1002) from address LocalHost (Using LRPC) running in the application container Unavailable SID (Unavailable). This security permission can be modified using the Component Services administrative tool."
Warning,6/25/2020 1:06:44 AM,Microsoft-Windows-DistributedCOM,10016,None,"The application-specific permission settings do not grant Local Activation permission for the COM Server application with CLSID 
{2593F8B9-4EAF-457C-B68A-50F6B8EA6B54}
 and APPID 
{15C20B67-12E7-4BB6-92BB-7AFF07997402}
 to the user DESKTOP-577B38M\PC SID (S-1-5-21-839496821-663164669-2267191325-1002) from address LocalHost (Using LRPC) running in the application container Unavailable SID (Unavailable). This security permission can be modified using the Component Services administrative tool."
Warning,6/25/2020 1:06:43 AM,Microsoft-Windows-DistributedCOM,10016,None,"The application-specific permission settings do not grant Local Launch permission for the COM Server application with CLSID 
Windows.SecurityCenter.WscBrokerManager
 and APPID 
Unavailable
 to the user NT AUTHORITY\SYSTEM SID (S-1-5-18) from address LocalHost (Using LRPC) running in the application container Unavailable SID (Unavailable). This security permission can be modified using the Component Services administrative tool."
Warning,6/25/2020 1:06:43 AM,Microsoft-Windows-DistributedCOM,10016,None,"The application-specific permission settings do not grant Local Launch permission for the COM Server application with CLSID 
Windows.SecurityCenter.SecurityAppBroker
 and APPID 
Unavailable
 to the user NT AUTHORITY\SYSTEM SID (S-1-5-18) from address LocalHost (Using LRPC) running in the application container Unavailable SID (Unavailable). This security permission can be modified using the Component Services administrative tool."
Warning,6/25/2020 1:06:43 AM,Microsoft-Windows-DistributedCOM,10016,None,"The application-specific permission settings do not grant Local Launch permission for the COM Server application with CLSID 
Windows.SecurityCenter.WscDataProtection
 and APPID 
Unavailable
 to the user NT AUTHORITY\SYSTEM SID (S-1-5-18) from address LocalHost (Using LRPC) running in the application container Unavailable SID (Unavailable). This security permission can be modified using the Component Services administrative tool."
Warning,6/25/2020 1:06:27 AM,Microsoft-Windows-DistributedCOM,10016,None,"The application-specific permission settings do not grant Local Activation permission for the COM Server application with CLSID 
{2593F8B9-4EAF-457C-B68A-50F6B8EA6B54}
 and APPID 
{15C20B67-12E7-4BB6-92BB-7AFF07997402}
 to the user DESKTOP-577B38M\PC SID (S-1-5-21-839496821-663164669-2267191325-1002) from address LocalHost (Using LRPC) running in the application container Unavailable SID (Unavailable). This security permission can be modified using the Component Services administrative tool."
Warning,6/25/2020 1:06:27 AM,Microsoft-Windows-DistributedCOM,10016,None,"The application-specific permission settings do not grant Local Activation permission for the COM Server application with CLSID 
{2593F8B9-4EAF-457C-B68A-50F6B8EA6B54}
 and APPID 
{15C20B67-12E7-4BB6-92BB-7AFF07997402}
 to the user DESKTOP-577B38M\PC SID (S-1-5-21-839496821-663164669-2267191325-1002) from address LocalHost (Using LRPC) running in the application container Unavailable SID (Unavailable). This security permission can be modified using the Component Services administrative tool."
Information,6/25/2020 1:06:21 AM,Microsoft-Windows-Kernel-General,16,None,The access history in hive \??\C:\Users\PC\AppData\Local\Packages\Microsoft.XboxIdentityProvider_8wekyb3d8bbwe\Settings\settings.dat was cleared updating 3 keys and creating 1 modified pages.
Information,6/25/2020 1:06:20 AM,Microsoft-Windows-Kernel-General,16,None,The access history in hive \??\C:\Users\PC\AppData\Local\Packages\Microsoft.WindowsStore_8wekyb3d8bbwe\Settings\settings.dat was cleared updating 17 keys and creating 3 modified pages.
Information,6/25/2020 1:05:32 AM,Microsoft-Windows-FilterManager,6,None,"File System Filter 'bindflt' (10.0, ‎2046‎-‎02‎-‎24T00:19:04.000000000Z) has successfully loaded and registered with Filter Manager."
Information,6/25/2020 1:05:32 AM,Microsoft-Windows-Kernel-General,16,None,The access history in hive \??\C:\ProgramData\Packages\AppleInc.iTunes_nzyj5cx40ttqa\S-1-5-21-839496821-663164669-2267191325-1002\SystemAppData\Helium\Cache\497bcc39cfdee01b_COM15.dat was cleared updating 1 keys and creating 1 modified pages.
Information,6/25/2020 1:05:32 AM,Microsoft-Windows-Kernel-General,16,None,The access history in hive \??\C:\ProgramData\Packages\AppleInc.iTunes_nzyj5cx40ttqa\S-1-5-21-839496821-663164669-2267191325-1002\SystemAppData\Helium\UserClasses.dat was cleared updating 1 keys and creating 1 modified pages.
Information,6/25/2020 1:05:32 AM,Microsoft-Windows-Kernel-General,16,None,The access history in hive \??\C:\ProgramData\Packages\AppleInc.iTunes_nzyj5cx40ttqa\S-1-5-21-839496821-663164669-2267191325-1002\SystemAppData\Helium\User.dat was cleared updating 32 keys and creating 2 modified pages.
Information,6/25/2020 1:05:26 AM,Microsoft-Windows-Kernel-General,16,None,The access history in hive \??\C:\Users\PC\AppData\Local\Packages\Microsoft.Windows.ShellExperienceHost_cw5n1h2txyewy\Settings\settings.dat was cleared updating 4 keys and creating 2 modified pages.
Warning,6/25/2020 1:05:26 AM,Microsoft-Windows-DistributedCOM,10016,None,"The machine-default permission settings do not grant Local Activation permission for the COM Server application with CLSID 
{C2F03A33-21F5-47FA-B4BB-156362A2F239}
 and APPID 
{316CDED5-E4AE-4B15-9113-7055D84DCC97}
 to the user DESKTOP-577B38M\PC SID (S-1-5-21-839496821-663164669-2267191325-1002) from address LocalHost (Using LRPC) running in the application container Microsoft.Windows.ShellExperienceHost_10.0.18362.449_neutral_neutral_cw5n1h2txyewy SID (S-1-15-2-155514346-2573954481-755741238-1654018636-1233331829-3075935687-2861478708). This security permission can be modified using the Component Services administrative tool."
Warning,6/25/2020 1:05:23 AM,Microsoft-Windows-Kernel-Processor-Power,37,(7),The speed of processor 3 in group 0 is being limited by system firmware. The processor has been in this reduced performance state for 71 seconds since the last report.
Warning,6/25/2020 1:05:23 AM,Microsoft-Windows-DistributedCOM,10016,None,"The machine-default permission settings do not grant Local Activation permission for the COM Server application with CLSID 
{C2F03A33-21F5-47FA-B4BB-156362A2F239}
 and APPID 
{316CDED5-E4AE-4B15-9113-7055D84DCC97}
 to the user DESKTOP-577B38M\PC SID (S-1-5-21-839496821-663164669-2267191325-1002) from address LocalHost (Using LRPC) running in the application container Microsoft.Windows.ShellExperienceHost_10.0.18362.449_neutral_neutral_cw5n1h2txyewy SID (S-1-15-2-155514346-2573954481-755741238-1654018636-1233331829-3075935687-2861478708). This security permission can be modified using the Component Services administrative tool."
Warning,6/25/2020 1:05:23 AM,Microsoft-Windows-Kernel-Processor-Power,37,(7),The speed of processor 2 in group 0 is being limited by system firmware. The processor has been in this reduced performance state for 71 seconds since the last report.
Warning,6/25/2020 1:05:23 AM,Microsoft-Windows-Kernel-Processor-Power,37,(7),The speed of processor 1 in group 0 is being limited by system firmware. The processor has been in this reduced performance state for 71 seconds since the last report.
Warning,6/25/2020 1:05:23 AM,Microsoft-Windows-Kernel-Processor-Power,37,(7),The speed of processor 0 in group 0 is being limited by system firmware. The processor has been in this reduced performance state for 71 seconds since the last report.
Warning,6/25/2020 1:05:22 AM,Microsoft-Windows-DistributedCOM,10016,None,"The machine-default permission settings do not grant Local Activation permission for the COM Server application with CLSID 
{C2F03A33-21F5-47FA-B4BB-156362A2F239}
 and APPID 
{316CDED5-E4AE-4B15-9113-7055D84DCC97}
 to the user DESKTOP-577B38M\PC SID (S-1-5-21-839496821-663164669-2267191325-1002) from address LocalHost (Using LRPC) running in the application container Microsoft.Windows.ShellExperienceHost_10.0.18362.449_neutral_neutral_cw5n1h2txyewy SID (S-1-15-2-155514346-2573954481-755741238-1654018636-1233331829-3075935687-2861478708). This security permission can be modified using the Component Services administrative tool."
Information,6/25/2020 1:05:07 AM,Service Control Manager,7040,None,The start type of the Background Intelligent Transfer Service service was changed from demand start to auto start.
Information,6/25/2020 1:04:42 AM,Microsoft-Windows-Kernel-General,16,None,The access history in hive \??\C:\Users\PC\AppData\Local\Packages\Microsoft.Windows.Cortana_cw5n1h2txyewy\Settings\settings.dat was cleared updating 36 keys and creating 8 modified pages.
Information,6/25/2020 1:04:40 AM,Microsoft-Windows-Kernel-General,16,None,The access history in hive \??\C:\Users\PC\AppData\Local\Packages\Microsoft.Windows.StartMenuExperienceHost_cw5n1h2txyewy\Settings\settings.dat was cleared updating 4 keys and creating 1 modified pages.
Information,6/25/2020 1:04:38 AM,Microsoft-Windows-Kernel-General,16,None,The access history in hive \??\C:\WINDOWS\AppCompat\Programs\Amcache.hve was cleared updating 1294 keys and creating 524 modified pages.
Warning,6/25/2020 1:04:34 AM,Microsoft-Windows-DistributedCOM,10016,None,"The application-specific permission settings do not grant Local Activation permission for the COM Server application with CLSID 
{6B3B8D23-FA8D-40B9-8DBD-B950333E2C52}
 and APPID 
{4839DDB7-58C2-48F5-8283-E1D1807D0D7D}
 to the user NT AUTHORITY\LOCAL SERVICE SID (S-1-5-19) from address LocalHost (Using LRPC) running in the application container Unavailable SID (Unavailable). This security permission can be modified using the Component Services administrative tool."
Warning,6/25/2020 1:04:34 AM,Microsoft-Windows-DistributedCOM,10016,None,"The application-specific permission settings do not grant Local Activation permission for the COM Server application with CLSID 
{6B3B8D23-FA8D-40B9-8DBD-B950333E2C52}
 and APPID 
{4839DDB7-58C2-48F5-8283-E1D1807D0D7D}
 to the user NT AUTHORITY\LOCAL SERVICE SID (S-1-5-19) from address LocalHost (Using LRPC) running in the application container Unavailable SID (Unavailable). This security permission can be modified using the Component Services administrative tool."
Information,6/25/2020 1:04:32 AM,Service Control Manager,7026,None,"The following boot-start or system-start driver(s) did not load: 
dam"
Information,6/25/2020 1:04:30 AM,Microsoft-Windows-Kernel-General,16,None,The access history in hive \??\C:\Users\PC\AppData\Local\Microsoft\Windows\UsrClass.dat was cleared updating 3224 keys and creating 629 modified pages.
Information,6/25/2020 1:04:30 AM,Microsoft-Windows-Kernel-General,16,None,The access history in hive \??\C:\Users\PC\ntuser.dat was cleared updating 2207 keys and creating 291 modified pages.
Information,6/25/2020 1:04:30 AM,Microsoft-Windows-Winlogon,7001,(1101),User Logon Notification for Customer Experience Improvement Program
Information,6/25/2020 1:04:28 AM,Microsoft-Windows-WLAN-AutoConfig,4000,None,"WLAN AutoConfig service has successfully started.
"
