Information,7/4/2020 6:58:42 PM,Microsoft-Windows-FilterManager,6,None,"File System Filter 'luafv' (10.0, ‎1974‎-‎08‎-‎09T16:33:30.000000000Z) has successfully loaded and registered with Filter Manager."
Information,7/4/2020 6:58:42 PM,Microsoft-Windows-FilterManager,6,None,"File System Filter 'wcifs' (10.0, ‎2011‎-‎08‎-‎26T01:27:29.000000000Z) has successfully loaded and registered with Filter Manager."
Information,7/4/2020 6:58:41 PM,Microsoft-Windows-Directory-Services-SAM,16962,None,"Remote calls to the SAM database are being restricted using the default security descriptor: O:SYG:SYD:(A;;RC;;;BA).
For more information please see http://go.microsoft.com/fwlink/?LinkId=787651."
Information,7/4/2020 6:58:40 PM,Microsoft-Windows-Wininit,14,None,"Credential Guard configuration: 0x0, 0"
Information,7/4/2020 6:58:39 PM,Microsoft-Windows-Ntfs,98,None,Volume \\?\Volume{1de56c92-7cab-4981-b572-50a171ad5c66} (\Device\HarddiskVolume9) is healthy.  No action is needed.
Information,7/4/2020 6:58:38 PM,Microsoft-Windows-Ntfs,98,None,Volume D: (\Device\HarddiskVolume1) is healthy.  No action is needed.
Information,7/4/2020 6:58:38 PM,Microsoft-Windows-Kernel-Power,172,(203),"Connectivity state in standby: Disconnected, Reason: NIC compliance"
Critical,7/4/2020 6:58:38 PM,Microsoft-Windows-Kernel-Power,142,(173),The system has rebooted without cleanly shutting down first. This error is caused because the system stopped responding and the hardware watchdog triggered a system reset.
Information,7/4/2020 6:58:38 PM,Microsoft-Windows-Ntfs,98,None,Volume \\?\Volume{c3f65bb2-b295-4d90-861f-ae3ae826d34b} (\Device\HarddiskVolume5) is healthy.  No action is needed.
Information,7/4/2020 6:58:38 PM,Microsoft-Windows-FilterManager,6,None,"File System Filter 'npsvctrig' (10.0, ‎1977‎-‎09‎-‎12T18:19:34.000000000Z) has successfully loaded and registered with Filter Manager."
Warning,7/4/2020 6:58:35 PM,BTHUSB,34,None,"The local adapter does not support an important Low Energy controller state to support peripheral mode.  The minimum required supported state mask is 0x2491f7fffff, got 0x1f7fffff.  Low Energy peripheral role functionality will not be available."
Information,7/4/2020 6:58:35 PM,BTHUSB,18,None,Windows cannot store Bluetooth authentication codes (link keys) on the local adapter. Bluetooth keyboards might not work in the system BIOS during startup.
Information,7/4/2020 6:58:34 PM,Microsoft-Windows-Kernel-Processor-Power,55,(47),"Processor 3 in group 0 exposes the following power management capabilities:

Idle state type: ACPI Idle (C) States (2 state(s))

Performance state type: ACPI Performance (P) / Throttle (T) States
Nominal Frequency (MHz): 1701
Maximum performance percentage: 100
Minimum performance percentage: 45
Minimum throttle percentage: 5"
Information,7/4/2020 6:58:34 PM,Microsoft-Windows-Kernel-Processor-Power,55,(47),"Processor 2 in group 0 exposes the following power management capabilities:

Idle state type: ACPI Idle (C) States (2 state(s))

Performance state type: ACPI Performance (P) / Throttle (T) States
Nominal Frequency (MHz): 1701
Maximum performance percentage: 100
Minimum performance percentage: 45
Minimum throttle percentage: 5"
Information,7/4/2020 6:58:34 PM,Microsoft-Windows-Kernel-Processor-Power,55,(47),"Processor 1 in group 0 exposes the following power management capabilities:

Idle state type: ACPI Idle (C) States (2 state(s))

Performance state type: ACPI Performance (P) / Throttle (T) States
Nominal Frequency (MHz): 1701
Maximum performance percentage: 100
Minimum performance percentage: 45
Minimum throttle percentage: 5"
Information,7/4/2020 6:58:34 PM,Microsoft-Windows-Kernel-Processor-Power,55,(47),"Processor 0 in group 0 exposes the following power management capabilities:

Idle state type: ACPI Idle (C) States (2 state(s))

Performance state type: ACPI Performance (P) / Throttle (T) States
Nominal Frequency (MHz): 1701
Maximum performance percentage: 100
Minimum performance percentage: 45
Minimum throttle percentage: 5"
Information,7/4/2020 6:58:34 PM,NETwNe64,7036,None,The \Device\NDMP2 service entered the Intel(R) Centrino(R) Wireless-N 2230 state.
Information,7/4/2020 6:58:33 PM,MEIx64,2,None,Intel(R) Management Engine Interface driver has started successfully.
Information,7/4/2020 6:58:33 PM,Microsoft-Windows-FilterManager,6,None,"File System Filter 'FileCrypt' (10.0, ‎2011‎-‎10‎-‎30T18:56:49.000000000Z) has successfully loaded and registered with Filter Manager."
Error,7/4/2020 6:58:33 PM,Microsoft-Windows-HAL,13,None,The system watchdog timer was triggered.
Information,7/4/2020 6:58:33 PM,Microsoft-Windows-Ntfs,98,None,Volume C: (\Device\HarddiskVolume8) is healthy.  No action is needed.
Information,7/4/2020 6:58:32 PM,Microsoft-Windows-FilterManager,6,None,"File System Filter 'WdFilter' (10.0, ‎2024‎-‎05‎-‎21T18:05:18.000000000Z) has successfully loaded and registered with Filter Manager."
Information,7/4/2020 6:58:32 PM,Microsoft-Windows-FilterManager,6,None,"File System Filter 'Wof' (10.0, ‎2096‎-‎10‎-‎27T16:24:16.000000000Z) has successfully loaded and registered with Filter Manager."
Information,7/4/2020 6:58:32 PM,Microsoft-Windows-FilterManager,6,None,"File System Filter 'FileInfo' (10.0, ‎1989‎-‎07‎-‎13T04:15:12.000000000Z) has successfully loaded and registered with Filter Manager."
Information,7/4/2020 6:58:30 PM,Microsoft-Windows-Kernel-General,20,(6),"The leap second configuration has been updated.
Reason: Leap second data initialized from registry during boot
Leap seconds enabled: true
New leap second count: 0
Old leap second count: 0"
Information,7/4/2020 6:58:30 PM,Microsoft-Windows-Kernel-Boot,30,(21),The firmware reported boot metrics.
Information,7/4/2020 6:58:30 PM,Microsoft-Windows-Kernel-Boot,27,(33),The boot type was 0x0.
Information,7/4/2020 6:58:30 PM,Microsoft-Windows-Kernel-Boot,25,(32),The boot menu policy was 0x1.
Information,7/4/2020 6:58:30 PM,Microsoft-Windows-Kernel-Boot,20,(31),The last shutdown's success status was false. The last boot's success status was false.
Information,7/4/2020 6:58:30 PM,Microsoft-Windows-Kernel-Boot,32,(58),The bootmgr spent 0 ms waiting for user input.
Information,7/4/2020 6:58:30 PM,Microsoft-Windows-Kernel-Boot,18,(57),There are 0x1 boot options on this system.
Information,7/4/2020 6:58:30 PM,Microsoft-Windows-Kernel-Boot,153,(62),Virtualization-based security (policies: 0) is disabled.
Information,7/4/2020 6:58:30 PM,Microsoft-Windows-Kernel-General,12,(1),The operating system started at system time ‎2020‎-‎07‎-‎04T15:58:30.500000000Z.
Information,7/4/2020 6:56:46 PM,Microsoft-Windows-Kernel-General,13,(2),The operating system is shutting down at system time ‎2020‎-‎07‎-‎04T15:56:46.489711700Z.
Information,7/4/2020 6:56:45 PM,Microsoft-Windows-Kernel-Power,109,(103),"The kernel power manager has initiated a shutdown transition.

Shutdown Reason: Kernel API"
Information,7/4/2020 6:56:44 PM,Microsoft-Windows-WLAN-AutoConfig,4001,None,"WLAN AutoConfig service has successfully stopped.
"
Information,7/4/2020 6:58:42 PM,EventLog,6013,None,The system uptime is 11 seconds.
Information,7/4/2020 6:58:42 PM,EventLog,6005,None,The Event log service was started.
Information,7/4/2020 6:58:42 PM,EventLog,6009,None,Microsoft (R) Windows (R) 10.00. 18363  Multiprocessor Free.
Information,7/4/2020 6:56:43 PM,Microsoft-Windows-Dhcp-Client,50037,Service State Event,DHCPv4 client service is stopped. ShutDown Flag value is 1
Information,7/4/2020 6:56:43 PM,Microsoft-Windows-Dhcp-Client,50106,Service State Event,DHCPv4 is waiting on DHCPv6 service to stop
Information,7/4/2020 6:56:43 PM,Microsoft-Windows-DHCPv6-Client,51057,Service State Event,DHCPv6 client service stop is almost done.DHCP Context Ref count is 1
Information,7/4/2020 6:56:43 PM,Microsoft-Windows-DHCPv6-Client,51047,Service State Event,DHCPv6 client service is stopped. ShutDown Flag value is 1
Information,7/4/2020 6:56:43 PM,Microsoft-Windows-Dhcp-Client,50105,Service State Event,DHCPv4 client ProcessDHCPRequestForever received TERMINATE_EVENT
Information,7/4/2020 6:56:43 PM,Microsoft-Windows-Dhcp-Client,50104,Service State Event,DHCPv4 client received shutdown notification
Information,7/4/2020 6:56:43 PM,EventLog,6006,None,The Event log service was stopped.
Information,7/4/2020 6:56:42 PM,Microsoft-Windows-Winlogon,7002,(1102),User Logoff Notification for Customer Experience Improvement Program
Information,7/4/2020 6:56:41 PM,User32,1074,None,"The process C:\Windows\System32\RuntimeBroker.exe (DESKTOP-577B38M) has initiated the restart of computer DESKTOP-577B38M on behalf of user DESKTOP-577B38M\PC for the following reason: Other (Unplanned)
 Reason Code: 0x0
 Shutdown Type: restart
 Comment: "
Information,7/4/2020 6:56:28 PM,Microsoft-Windows-FilterManager,6,None,"File System Filter 'bindflt' (10.0, ‎2046‎-‎02‎-‎24T00:19:04.000000000Z) has successfully loaded and registered with Filter Manager."
Warning,7/4/2020 6:56:05 PM,Microsoft-Windows-DistributedCOM,10016,None,"The application-specific permission settings do not grant Local Activation permission for the COM Server application with CLSID 
{6B3B8D23-FA8D-40B9-8DBD-B950333E2C52}
 and APPID 
{4839DDB7-58C2-48F5-8283-E1D1807D0D7D}
 to the user NT AUTHORITY\LOCAL SERVICE SID (S-1-5-19) from address LocalHost (Using LRPC) running in the application container Unavailable SID (Unavailable). This security permission can be modified using the Component Services administrative tool."
Warning,7/4/2020 6:56:05 PM,Microsoft-Windows-DistributedCOM,10016,None,"The application-specific permission settings do not grant Local Activation permission for the COM Server application with CLSID 
{6B3B8D23-FA8D-40B9-8DBD-B950333E2C52}
 and APPID 
{4839DDB7-58C2-48F5-8283-E1D1807D0D7D}
 to the user NT AUTHORITY\LOCAL SERVICE SID (S-1-5-19) from address LocalHost (Using LRPC) running in the application container Unavailable SID (Unavailable). This security permission can be modified using the Component Services administrative tool."
Information,7/4/2020 6:56:05 PM,Service Control Manager,7026,None,"The following boot-start or system-start driver(s) did not load: 
dam"
Information,7/4/2020 6:56:04 PM,Microsoft-Windows-WLAN-AutoConfig,4000,None,"WLAN AutoConfig service has successfully started.
"
Information,7/4/2020 6:56:02 PM,Microsoft-Windows-Winlogon,7001,(1101),User Logon Notification for Customer Experience Improvement Program
Information,7/4/2020 6:56:01 PM,Microsoft-Windows-DHCPv6-Client,51046,Service State Event,DHCPv6 client service is started
Information,7/4/2020 6:56:01 PM,Microsoft-Windows-Dhcp-Client,50103,Service State Event,DHCPv4 client registered for shutdown notification
Information,7/4/2020 6:56:01 PM,Microsoft-Windows-Dhcp-Client,50036,Service State Event,DHCPv4 client service is started
Information,7/4/2020 6:56:01 PM,Microsoft-Windows-FilterManager,6,None,"File System Filter 'storqosflt' (10.0, ‎2084‎-‎07‎-‎24T08:29:44.000000000Z) has successfully loaded and registered with Filter Manager."
Information,7/4/2020 6:56:01 PM,Microsoft-Windows-FilterManager,6,None,"File System Filter 'CldFlt' (10.0, ‎2077‎-‎06‎-‎12T18:13:28.000000000Z) has successfully loaded and registered with Filter Manager."
Information,7/4/2020 6:56:01 PM,Microsoft-Windows-FilterManager,1,None,"File System Filter 'CldFlt' (Version 10.0, ‎2077‎-‎06‎-‎12T18:13:28.000000000Z) unloaded successfully."
Information,7/4/2020 6:56:01 PM,Microsoft-Windows-FilterManager,6,None,"File System Filter 'CldFlt' (10.0, ‎2077‎-‎06‎-‎12T18:13:28.000000000Z) has successfully loaded and registered with Filter Manager."
Information,7/4/2020 6:56:01 PM,Microsoft-Windows-FilterManager,6,None,"File System Filter 'luafv' (10.0, ‎1974‎-‎08‎-‎09T16:33:30.000000000Z) has successfully loaded and registered with Filter Manager."
Information,7/4/2020 6:56:01 PM,Microsoft-Windows-FilterManager,6,None,"File System Filter 'wcifs' (10.0, ‎2011‎-‎08‎-‎26T01:27:29.000000000Z) has successfully loaded and registered with Filter Manager."
Information,7/4/2020 6:55:59 PM,Microsoft-Windows-Directory-Services-SAM,16962,None,"Remote calls to the SAM database are being restricted using the default security descriptor: O:SYG:SYD:(A;;RC;;;BA).
For more information please see http://go.microsoft.com/fwlink/?LinkId=787651."
Information,7/4/2020 6:55:59 PM,Microsoft-Windows-Wininit,14,None,"Credential Guard configuration: 0x0, 0"
Information,7/4/2020 6:55:58 PM,Microsoft-Windows-Ntfs,98,None,Volume \\?\Volume{1de56c92-7cab-4981-b572-50a171ad5c66} (\Device\HarddiskVolume9) is healthy.  No action is needed.
Information,7/4/2020 6:55:58 PM,Microsoft-Windows-Ntfs,98,None,Volume D: (\Device\HarddiskVolume1) is healthy.  No action is needed.
Information,7/4/2020 6:55:57 PM,Microsoft-Windows-Kernel-Power,172,(203),"Connectivity state in standby: Disconnected, Reason: NIC compliance"
Information,7/4/2020 6:55:57 PM,Microsoft-Windows-Ntfs,98,None,Volume \\?\Volume{c3f65bb2-b295-4d90-861f-ae3ae826d34b} (\Device\HarddiskVolume5) is healthy.  No action is needed.
Information,7/4/2020 6:55:57 PM,Microsoft-Windows-FilterManager,6,None,"File System Filter 'npsvctrig' (10.0, ‎1977‎-‎09‎-‎12T18:19:34.000000000Z) has successfully loaded and registered with Filter Manager."
Warning,7/4/2020 6:55:55 PM,BTHUSB,34,None,"The local adapter does not support an important Low Energy controller state to support peripheral mode.  The minimum required supported state mask is 0x2491f7fffff, got 0x1f7fffff.  Low Energy peripheral role functionality will not be available."
Information,7/4/2020 6:55:55 PM,BTHUSB,18,None,Windows cannot store Bluetooth authentication codes (link keys) on the local adapter. Bluetooth keyboards might not work in the system BIOS during startup.
Information,7/4/2020 6:55:54 PM,Microsoft-Windows-Kernel-Processor-Power,55,(47),"Processor 3 in group 0 exposes the following power management capabilities:

Idle state type: ACPI Idle (C) States (2 state(s))

Performance state type: ACPI Performance (P) / Throttle (T) States
Nominal Frequency (MHz): 1701
Maximum performance percentage: 100
Minimum performance percentage: 45
Minimum throttle percentage: 5"
Information,7/4/2020 6:55:54 PM,Microsoft-Windows-Kernel-Processor-Power,55,(47),"Processor 2 in group 0 exposes the following power management capabilities:

Idle state type: ACPI Idle (C) States (2 state(s))

Performance state type: ACPI Performance (P) / Throttle (T) States
Nominal Frequency (MHz): 1701
Maximum performance percentage: 100
Minimum performance percentage: 45
Minimum throttle percentage: 5"
Information,7/4/2020 6:55:54 PM,Microsoft-Windows-Kernel-Processor-Power,55,(47),"Processor 1 in group 0 exposes the following power management capabilities:

Idle state type: ACPI Idle (C) States (2 state(s))

Performance state type: ACPI Performance (P) / Throttle (T) States
Nominal Frequency (MHz): 1701
Maximum performance percentage: 100
Minimum performance percentage: 45
Minimum throttle percentage: 5"
Information,7/4/2020 6:55:54 PM,Microsoft-Windows-Kernel-Processor-Power,55,(47),"Processor 0 in group 0 exposes the following power management capabilities:

Idle state type: ACPI Idle (C) States (2 state(s))

Performance state type: ACPI Performance (P) / Throttle (T) States
Nominal Frequency (MHz): 1701
Maximum performance percentage: 100
Minimum performance percentage: 45
Minimum throttle percentage: 5"
Information,7/4/2020 6:55:53 PM,NETwNe64,7036,None,The \Device\NDMP2 service entered the Intel(R) Centrino(R) Wireless-N 2230 state.
Information,7/4/2020 6:55:53 PM,MEIx64,2,None,Intel(R) Management Engine Interface driver has started successfully.
Information,7/4/2020 6:55:52 PM,Microsoft-Windows-FilterManager,6,None,"File System Filter 'FileCrypt' (10.0, ‎2011‎-‎10‎-‎30T18:56:49.000000000Z) has successfully loaded and registered with Filter Manager."
Information,7/4/2020 6:55:52 PM,Microsoft-Windows-Ntfs,98,None,Volume C: (\Device\HarddiskVolume8) is healthy.  No action is needed.
Information,7/4/2020 6:55:51 PM,Microsoft-Windows-FilterManager,6,None,"File System Filter 'WdFilter' (10.0, ‎2024‎-‎05‎-‎21T18:05:18.000000000Z) has successfully loaded and registered with Filter Manager."
Information,7/4/2020 6:55:51 PM,Microsoft-Windows-FilterManager,6,None,"File System Filter 'Wof' (10.0, ‎2096‎-‎10‎-‎27T16:24:16.000000000Z) has successfully loaded and registered with Filter Manager."
Information,7/4/2020 6:55:51 PM,Microsoft-Windows-FilterManager,6,None,"File System Filter 'FileInfo' (10.0, ‎1989‎-‎07‎-‎13T04:15:12.000000000Z) has successfully loaded and registered with Filter Manager."
Information,7/4/2020 6:55:50 PM,Microsoft-Windows-Kernel-General,20,(6),"The leap second configuration has been updated.
Reason: Leap second data initialized from registry during boot
Leap seconds enabled: true
New leap second count: 0
Old leap second count: 0"
Information,7/4/2020 6:55:50 PM,Microsoft-Windows-Kernel-Boot,30,(21),The firmware reported boot metrics.
Information,7/4/2020 6:55:50 PM,Microsoft-Windows-Kernel-Boot,27,(33),The boot type was 0x0.
Information,7/4/2020 6:55:50 PM,Microsoft-Windows-Kernel-Boot,25,(32),The boot menu policy was 0x1.
Information,7/4/2020 6:55:50 PM,Microsoft-Windows-Kernel-Boot,20,(31),The last shutdown's success status was true. The last boot's success status was true.
Information,7/4/2020 6:55:50 PM,Microsoft-Windows-Kernel-Boot,32,(58),The bootmgr spent 0 ms waiting for user input.
Information,7/4/2020 6:55:50 PM,Microsoft-Windows-Kernel-Boot,18,(57),There are 0x1 boot options on this system.
Information,7/4/2020 6:55:50 PM,Microsoft-Windows-Kernel-Boot,153,(62),Virtualization-based security (policies: 0) is disabled.
Information,7/4/2020 6:55:50 PM,Microsoft-Windows-Kernel-General,12,(1),The operating system started at system time ‎2020‎-‎07‎-‎04T15:55:50.500000000Z.
Information,7/4/2020 6:33:56 PM,Microsoft-Windows-Kernel-General,13,(2),The operating system is shutting down at system time ‎2020‎-‎07‎-‎04T15:33:56.010500200Z.
Information,7/4/2020 6:33:55 PM,Microsoft-Windows-Kernel-Power,109,(103),"The kernel power manager has initiated a shutdown transition.

Shutdown Reason: Kernel API"
Information,7/4/2020 6:33:54 PM,Microsoft-Windows-WLAN-AutoConfig,4001,None,"WLAN AutoConfig service has successfully stopped.
"
Information,7/4/2020 6:56:00 PM,EventLog,6013,None,The system uptime is 10 seconds.
Information,7/4/2020 6:56:00 PM,EventLog,6005,None,The Event log service was started.
Information,7/4/2020 6:56:00 PM,EventLog,6009,None,Microsoft (R) Windows (R) 10.00. 18363  Multiprocessor Free.
Information,7/4/2020 6:33:53 PM,Microsoft-Windows-Dhcp-Client,50037,Service State Event,DHCPv4 client service is stopped. ShutDown Flag value is 1
Information,7/4/2020 6:33:53 PM,Microsoft-Windows-DHCPv6-Client,51057,Service State Event,DHCPv6 client service stop is almost done.DHCP Context Ref count is 1
Information,7/4/2020 6:33:53 PM,Microsoft-Windows-DHCPv6-Client,51047,Service State Event,DHCPv6 client service is stopped. ShutDown Flag value is 1
Information,7/4/2020 6:33:53 PM,Microsoft-Windows-Dhcp-Client,50106,Service State Event,DHCPv4 is waiting on DHCPv6 service to stop
Information,7/4/2020 6:33:53 PM,Microsoft-Windows-Dhcp-Client,50105,Service State Event,DHCPv4 client ProcessDHCPRequestForever received TERMINATE_EVENT
Information,7/4/2020 6:33:53 PM,Microsoft-Windows-Dhcp-Client,50104,Service State Event,DHCPv4 client received shutdown notification
Information,7/4/2020 6:33:53 PM,EventLog,6006,None,The Event log service was stopped.
Error,7/4/2020 6:33:50 PM,Microsoft-Windows-DistributedCOM,10005,None,"DCOM got error ""1115"" attempting to start the service SecurityHealthService with arguments ""Unavailable"" in order to run the server:
{8C9C0DB7-2CBA-40F1-AFE0-C55740DD91A0}"
Warning,7/4/2020 6:33:48 PM,Microsoft-Windows-DistributedCOM,10016,None,"The application-specific permission settings do not grant Local Launch permission for the COM Server application with CLSID 
Windows.SecurityCenter.WscDataProtection
 and APPID 
Unavailable
 to the user NT AUTHORITY\SYSTEM SID (S-1-5-18) from address LocalHost (Using LRPC) running in the application container Unavailable SID (Unavailable). This security permission can be modified using the Component Services administrative tool."
Information,7/4/2020 6:33:48 PM,Microsoft-Windows-Winlogon,7002,(1102),User Logoff Notification for Customer Experience Improvement Program
Information,7/4/2020 6:33:47 PM,User32,1074,None,"The process C:\Windows\System32\RuntimeBroker.exe (DESKTOP-577B38M) has initiated the restart of computer DESKTOP-577B38M on behalf of user DESKTOP-577B38M\PC for the following reason: Other (Unplanned)
 Reason Code: 0x0
 Shutdown Type: restart
 Comment: "
Information,7/4/2020 6:33:21 PM,Service Control Manager,7040,None,The start type of the Background Intelligent Transfer Service service was changed from demand start to auto start.
Warning,7/4/2020 6:32:20 PM,Microsoft-Windows-DistributedCOM,10016,None,"The application-specific permission settings do not grant Local Activation permission for the COM Server application with CLSID 
{2593F8B9-4EAF-457C-B68A-50F6B8EA6B54}
 and APPID 
{15C20B67-12E7-4BB6-92BB-7AFF07997402}
 to the user DESKTOP-577B38M\PC SID (S-1-5-21-839496821-663164669-2267191325-1002) from address LocalHost (Using LRPC) running in the application container Unavailable SID (Unavailable). This security permission can be modified using the Component Services administrative tool."
Information,7/4/2020 6:32:09 PM,Microsoft-Windows-FilterManager,6,None,"File System Filter 'bindflt' (10.0, ‎2046‎-‎02‎-‎24T00:19:04.000000000Z) has successfully loaded and registered with Filter Manager."
Information,7/4/2020 6:31:45 PM,Service Control Manager,7026,None,"The following boot-start or system-start driver(s) did not load: 
dam"
Warning,7/4/2020 6:31:44 PM,Microsoft-Windows-DistributedCOM,10016,None,"The application-specific permission settings do not grant Local Activation permission for the COM Server application with CLSID 
{6B3B8D23-FA8D-40B9-8DBD-B950333E2C52}
 and APPID 
{4839DDB7-58C2-48F5-8283-E1D1807D0D7D}
 to the user NT AUTHORITY\LOCAL SERVICE SID (S-1-5-19) from address LocalHost (Using LRPC) running in the application container Unavailable SID (Unavailable). This security permission can be modified using the Component Services administrative tool."
Warning,7/4/2020 6:31:44 PM,Microsoft-Windows-DistributedCOM,10016,None,"The application-specific permission settings do not grant Local Activation permission for the COM Server application with CLSID 
{6B3B8D23-FA8D-40B9-8DBD-B950333E2C52}
 and APPID 
{4839DDB7-58C2-48F5-8283-E1D1807D0D7D}
 to the user NT AUTHORITY\LOCAL SERVICE SID (S-1-5-19) from address LocalHost (Using LRPC) running in the application container Unavailable SID (Unavailable). This security permission can be modified using the Component Services administrative tool."
Information,7/4/2020 6:31:42 PM,Microsoft-Windows-WLAN-AutoConfig,4000,None,"WLAN AutoConfig service has successfully started.
"
Information,7/4/2020 6:31:41 PM,Microsoft-Windows-Winlogon,7001,(1101),User Logon Notification for Customer Experience Improvement Program
Information,7/4/2020 6:31:40 PM,Microsoft-Windows-FilterManager,6,None,"File System Filter 'storqosflt' (10.0, ‎2084‎-‎07‎-‎24T08:29:44.000000000Z) has successfully loaded and registered with Filter Manager."
Information,7/4/2020 6:31:40 PM,Microsoft-Windows-FilterManager,6,None,"File System Filter 'CldFlt' (10.0, ‎2077‎-‎06‎-‎12T18:13:28.000000000Z) has successfully loaded and registered with Filter Manager."
Information,7/4/2020 6:31:40 PM,Microsoft-Windows-FilterManager,1,None,"File System Filter 'CldFlt' (Version 10.0, ‎2077‎-‎06‎-‎12T18:13:28.000000000Z) unloaded successfully."
Information,7/4/2020 6:31:40 PM,Microsoft-Windows-FilterManager,6,None,"File System Filter 'CldFlt' (10.0, ‎2077‎-‎06‎-‎12T18:13:28.000000000Z) has successfully loaded and registered with Filter Manager."
Information,7/4/2020 6:31:40 PM,Microsoft-Windows-FilterManager,6,None,"File System Filter 'wcifs' (10.0, ‎2011‎-‎08‎-‎26T01:27:29.000000000Z) has successfully loaded and registered with Filter Manager."
Information,7/4/2020 6:31:40 PM,Microsoft-Windows-FilterManager,6,None,"File System Filter 'luafv' (10.0, ‎1974‎-‎08‎-‎09T16:33:30.000000000Z) has successfully loaded and registered with Filter Manager."
Information,7/4/2020 6:31:40 PM,Microsoft-Windows-DHCPv6-Client,51046,Service State Event,DHCPv6 client service is started
Information,7/4/2020 6:31:40 PM,Microsoft-Windows-Dhcp-Client,50103,Service State Event,DHCPv4 client registered for shutdown notification
Information,7/4/2020 6:31:40 PM,Microsoft-Windows-Dhcp-Client,50036,Service State Event,DHCPv4 client service is started
Information,7/4/2020 6:31:39 PM,Microsoft-Windows-Directory-Services-SAM,16962,None,"Remote calls to the SAM database are being restricted using the default security descriptor: O:SYG:SYD:(A;;RC;;;BA).
For more information please see http://go.microsoft.com/fwlink/?LinkId=787651."
Information,7/4/2020 6:31:38 PM,Microsoft-Windows-Wininit,14,None,"Credential Guard configuration: 0x0, 0"
Information,7/4/2020 6:31:37 PM,Microsoft-Windows-Kernel-Power,521,(220),Active battery count change.
Information,7/4/2020 6:31:37 PM,Microsoft-Windows-Kernel-Processor-Power,55,(47),"Processor 3 in group 0 exposes the following power management capabilities:

Idle state type: ACPI Idle (C) States (2 state(s))

Performance state type: ACPI Performance (P) / Throttle (T) States
Nominal Frequency (MHz): 1701
Maximum performance percentage: 100
Minimum performance percentage: 45
Minimum throttle percentage: 5"
Information,7/4/2020 6:31:37 PM,Microsoft-Windows-Kernel-Processor-Power,55,(47),"Processor 2 in group 0 exposes the following power management capabilities:

Idle state type: ACPI Idle (C) States (2 state(s))

Performance state type: ACPI Performance (P) / Throttle (T) States
Nominal Frequency (MHz): 1701
Maximum performance percentage: 100
Minimum performance percentage: 45
Minimum throttle percentage: 5"
Information,7/4/2020 6:31:37 PM,Microsoft-Windows-Kernel-Processor-Power,55,(47),"Processor 1 in group 0 exposes the following power management capabilities:

Idle state type: ACPI Idle (C) States (2 state(s))

Performance state type: ACPI Performance (P) / Throttle (T) States
Nominal Frequency (MHz): 1701
Maximum performance percentage: 100
Minimum performance percentage: 45
Minimum throttle percentage: 5"
Information,7/4/2020 6:31:37 PM,Microsoft-Windows-Kernel-Processor-Power,55,(47),"Processor 0 in group 0 exposes the following power management capabilities:

Idle state type: ACPI Idle (C) States (2 state(s))

Performance state type: ACPI Performance (P) / Throttle (T) States
Nominal Frequency (MHz): 1701
Maximum performance percentage: 100
Minimum performance percentage: 45
Minimum throttle percentage: 5"
Warning,7/4/2020 6:31:37 PM,BTHUSB,34,None,"The local adapter does not support an important Low Energy controller state to support peripheral mode.  The minimum required supported state mask is 0x2491f7fffff, got 0x1f7fffff.  Low Energy peripheral role functionality will not be available."
Information,7/4/2020 6:31:37 PM,Microsoft-Windows-Ntfs,98,None,Volume \\?\Volume{1de56c92-7cab-4981-b572-50a171ad5c66} (\Device\HarddiskVolume9) is healthy.  No action is needed.
Information,7/4/2020 6:31:36 PM,BTHUSB,18,None,Windows cannot store Bluetooth authentication codes (link keys) on the local adapter. Bluetooth keyboards might not work in the system BIOS during startup.
Information,7/4/2020 6:31:36 PM,NETwNe64,7036,None,The \Device\NDMP2 service entered the Intel(R) Centrino(R) Wireless-N 2230 state.
Information,7/4/2020 6:31:36 PM,Microsoft-Windows-Ntfs,98,None,Volume D: (\Device\HarddiskVolume1) is healthy.  No action is needed.
Information,7/4/2020 6:31:36 PM,MEIx64,2,None,Intel(R) Management Engine Interface driver has started successfully.
Information,7/4/2020 6:31:36 PM,Microsoft-Windows-Kernel-Power,172,(203),"Connectivity state in standby: Disconnected, Reason: NIC compliance"
Information,7/4/2020 6:31:36 PM,Microsoft-Windows-Ntfs,98,None,Volume \\?\Volume{c3f65bb2-b295-4d90-861f-ae3ae826d34b} (\Device\HarddiskVolume5) is healthy.  No action is needed.
Information,7/4/2020 6:31:36 PM,Microsoft-Windows-FilterManager,6,None,"File System Filter 'npsvctrig' (10.0, ‎1977‎-‎09‎-‎12T18:19:34.000000000Z) has successfully loaded and registered with Filter Manager."
Information,7/4/2020 6:31:35 PM,Microsoft-Windows-FilterManager,6,None,"File System Filter 'FileCrypt' (10.0, ‎2011‎-‎10‎-‎30T18:56:49.000000000Z) has successfully loaded and registered with Filter Manager."
Information,7/4/2020 6:31:34 PM,Microsoft-Windows-Ntfs,98,None,Volume C: (\Device\HarddiskVolume8) is healthy.  No action is needed.
Information,7/4/2020 6:31:33 PM,Microsoft-Windows-FilterManager,6,None,"File System Filter 'WdFilter' (10.0, ‎2024‎-‎05‎-‎21T18:05:18.000000000Z) has successfully loaded and registered with Filter Manager."
Information,7/4/2020 6:31:33 PM,Microsoft-Windows-FilterManager,6,None,"File System Filter 'Wof' (10.0, ‎2096‎-‎10‎-‎27T16:24:16.000000000Z) has successfully loaded and registered with Filter Manager."
Information,7/4/2020 6:31:33 PM,Microsoft-Windows-FilterManager,6,None,"File System Filter 'FileInfo' (10.0, ‎1989‎-‎07‎-‎13T04:15:12.000000000Z) has successfully loaded and registered with Filter Manager."
Information,7/4/2020 6:31:32 PM,Microsoft-Windows-Kernel-General,20,(6),"The leap second configuration has been updated.
Reason: Leap second data initialized from registry during boot
Leap seconds enabled: true
New leap second count: 0
Old leap second count: 0"
Information,7/4/2020 6:31:32 PM,Microsoft-Windows-Kernel-Boot,30,(21),The firmware reported boot metrics.
Information,7/4/2020 6:31:32 PM,Microsoft-Windows-Kernel-Boot,27,(33),The boot type was 0x0.
Information,7/4/2020 6:31:32 PM,Microsoft-Windows-Kernel-Boot,25,(32),The boot menu policy was 0x1.
Information,7/4/2020 6:31:32 PM,Microsoft-Windows-Kernel-Boot,20,(31),The last shutdown's success status was true. The last boot's success status was true.
Information,7/4/2020 6:31:32 PM,Microsoft-Windows-Kernel-Boot,32,(58),The bootmgr spent 0 ms waiting for user input.
Information,7/4/2020 6:31:32 PM,Microsoft-Windows-Kernel-Boot,18,(57),There are 0x1 boot options on this system.
Information,7/4/2020 6:31:32 PM,Microsoft-Windows-Kernel-Boot,153,(62),Virtualization-based security (policies: 0) is disabled.
Information,7/4/2020 6:31:32 PM,Microsoft-Windows-Kernel-General,12,(1),The operating system started at system time ‎2020‎-‎07‎-‎04T15:31:32.500000000Z.
Information,7/4/2020 6:02:04 PM,Microsoft-Windows-Kernel-General,13,(2),The operating system is shutting down at system time ‎2020‎-‎07‎-‎04T15:02:04.929981500Z.
Information,7/4/2020 6:02:04 PM,Microsoft-Windows-Kernel-Power,109,(103),"The kernel power manager has initiated a shutdown transition.

Shutdown Reason: Kernel API"
Information,7/4/2020 6:02:03 PM,Microsoft-Windows-WLAN-AutoConfig,4001,None,"WLAN AutoConfig service has successfully stopped.
"
Information,7/4/2020 6:31:39 PM,EventLog,6013,None,The system uptime is 7 seconds.
Information,7/4/2020 6:31:39 PM,EventLog,6005,None,The Event log service was started.
Information,7/4/2020 6:31:39 PM,EventLog,6009,None,Microsoft (R) Windows (R) 10.00. 18363  Multiprocessor Free.
Information,7/4/2020 6:02:02 PM,Microsoft-Windows-Dhcp-Client,50037,Service State Event,DHCPv4 client service is stopped. ShutDown Flag value is 1
Information,7/4/2020 6:02:02 PM,Microsoft-Windows-Dhcp-Client,50106,Service State Event,DHCPv4 is waiting on DHCPv6 service to stop
Information,7/4/2020 6:02:02 PM,Microsoft-Windows-DHCPv6-Client,51057,Service State Event,DHCPv6 client service stop is almost done.DHCP Context Ref count is 1
Information,7/4/2020 6:02:02 PM,Microsoft-Windows-DHCPv6-Client,51047,Service State Event,DHCPv6 client service is stopped. ShutDown Flag value is 1
Information,7/4/2020 6:02:02 PM,Microsoft-Windows-Dhcp-Client,50105,Service State Event,DHCPv4 client ProcessDHCPRequestForever received TERMINATE_EVENT
Information,7/4/2020 6:02:02 PM,Microsoft-Windows-Dhcp-Client,50104,Service State Event,DHCPv4 client received shutdown notification
Information,7/4/2020 6:02:02 PM,EventLog,6006,None,The Event log service was stopped.
Error,7/4/2020 6:02:00 PM,Microsoft-Windows-DistributedCOM,10005,None,"DCOM got error ""1115"" attempting to start the service SecurityHealthService with arguments ""Unavailable"" in order to run the server:
{8C9C0DB7-2CBA-40F1-AFE0-C55740DD91A0}"
Information,7/4/2020 6:02:00 PM,Microsoft-Windows-Winlogon,7002,(1102),User Logoff Notification for Customer Experience Improvement Program
Information,7/4/2020 6:01:59 PM,User32,1074,None,"The process C:\Windows\System32\RuntimeBroker.exe (DESKTOP-577B38M) has initiated the restart of computer DESKTOP-577B38M on behalf of user DESKTOP-577B38M\PC for the following reason: Other (Unplanned)
 Reason Code: 0x0
 Shutdown Type: restart
 Comment: "
Information,7/4/2020 6:01:56 PM,Virtual Disk Service,4,None,Service stopped.
Information,7/4/2020 6:01:36 PM,Virtual Disk Service,3,None,Service started.
Information,7/4/2020 6:00:41 PM,Microsoft-Windows-FilterManager,6,None,"File System Filter 'bindflt' (10.0, ‎2046‎-‎02‎-‎24T00:19:04.000000000Z) has successfully loaded and registered with Filter Manager."
Information,7/4/2020 6:00:15 PM,Microsoft-Windows-Time-Service,158,None,The time provider 'VMICTimeProvider' has indicated that the current hardware and operating environment is not supported and has stopped. This behavior is expected for VMICTimeProvider on non-HyperV-guest environments. This may be the expected behavior for the current provider in the current operating environment as well.
Information,7/4/2020 6:00:09 PM,Service Control Manager,7026,None,"The following boot-start or system-start driver(s) did not load: 
dam
EhStorClass"
Warning,7/4/2020 6:00:06 PM,Microsoft-Windows-DistributedCOM,10016,None,"The application-specific permission settings do not grant Local Activation permission for the COM Server application with CLSID 
{6B3B8D23-FA8D-40B9-8DBD-B950333E2C52}
 and APPID 
{4839DDB7-58C2-48F5-8283-E1D1807D0D7D}
 to the user NT AUTHORITY\LOCAL SERVICE SID (S-1-5-19) from address LocalHost (Using LRPC) running in the application container Unavailable SID (Unavailable). This security permission can be modified using the Component Services administrative tool."
Warning,7/4/2020 6:00:06 PM,Microsoft-Windows-DistributedCOM,10016,None,"The application-specific permission settings do not grant Local Activation permission for the COM Server application with CLSID 
{6B3B8D23-FA8D-40B9-8DBD-B950333E2C52}
 and APPID 
{4839DDB7-58C2-48F5-8283-E1D1807D0D7D}
 to the user NT AUTHORITY\LOCAL SERVICE SID (S-1-5-19) from address LocalHost (Using LRPC) running in the application container Unavailable SID (Unavailable). This security permission can be modified using the Component Services administrative tool."
Information,7/4/2020 6:00:04 PM,Microsoft-Windows-WLAN-AutoConfig,4000,None,"WLAN AutoConfig service has successfully started.
"
Information,7/4/2020 6:00:03 PM,Microsoft-Windows-Winlogon,7001,(1101),User Logon Notification for Customer Experience Improvement Program
Information,7/4/2020 6:00:01 PM,Microsoft-Windows-DHCPv6-Client,51046,Service State Event,DHCPv6 client service is started
Information,7/4/2020 6:00:01 PM,Microsoft-Windows-Dhcp-Client,50103,Service State Event,DHCPv4 client registered for shutdown notification
Information,7/4/2020 6:00:01 PM,Microsoft-Windows-Dhcp-Client,50036,Service State Event,DHCPv4 client service is started
Information,7/4/2020 6:00:01 PM,Microsoft-Windows-FilterManager,6,None,"File System Filter 'storqosflt' (10.0, ‎2084‎-‎07‎-‎24T08:29:44.000000000Z) has successfully loaded and registered with Filter Manager."
Information,7/4/2020 6:00:01 PM,Microsoft-Windows-FilterManager,6,None,"File System Filter 'CldFlt' (10.0, ‎2077‎-‎06‎-‎12T18:13:28.000000000Z) has successfully loaded and registered with Filter Manager."
Information,7/4/2020 6:00:01 PM,Microsoft-Windows-FilterManager,1,None,"File System Filter 'CldFlt' (Version 10.0, ‎2077‎-‎06‎-‎12T18:13:28.000000000Z) unloaded successfully."
Information,7/4/2020 6:00:01 PM,Microsoft-Windows-FilterManager,6,None,"File System Filter 'CldFlt' (10.0, ‎2077‎-‎06‎-‎12T18:13:28.000000000Z) has successfully loaded and registered with Filter Manager."
Information,7/4/2020 6:00:00 PM,Microsoft-Windows-FilterManager,6,None,"File System Filter 'luafv' (10.0, ‎1974‎-‎08‎-‎09T16:33:30.000000000Z) has successfully loaded and registered with Filter Manager."
Information,7/4/2020 6:00:00 PM,Microsoft-Windows-FilterManager,6,None,"File System Filter 'wcifs' (10.0, ‎2011‎-‎08‎-‎26T01:27:29.000000000Z) has successfully loaded and registered with Filter Manager."
Information,7/4/2020 5:59:59 PM,Microsoft-Windows-Directory-Services-SAM,16962,None,"Remote calls to the SAM database are being restricted using the default security descriptor: O:SYG:SYD:(A;;RC;;;BA).
For more information please see http://go.microsoft.com/fwlink/?LinkId=787651."
Information,7/4/2020 5:59:59 PM,Microsoft-Windows-Wininit,14,None,"Credential Guard configuration: 0x0, 0"
Information,7/4/2020 5:59:57 PM,Microsoft-Windows-Ntfs,98,None,Volume \\?\Volume{1de56c92-7cab-4981-b572-50a171ad5c66} (\Device\HarddiskVolume7) is healthy.  No action is needed.
Information,7/4/2020 5:59:57 PM,Microsoft-Windows-Ntfs,98,None,Volume \\?\Volume{c3f65bb2-b295-4d90-861f-ae3ae826d34b} (\Device\HarddiskVolume3) is healthy.  No action is needed.
Information,7/4/2020 5:59:56 PM,Microsoft-Windows-Ntfs,98,None,Volume D: (\Device\HarddiskVolume1) is healthy.  No action is needed.
Information,7/4/2020 5:59:55 PM,Microsoft-Windows-Kernel-Power,172,(203),"Connectivity state in standby: Disconnected, Reason: NIC compliance"
Critical,7/4/2020 5:59:55 PM,Microsoft-Windows-Kernel-Power,142,(173),The system has rebooted without cleanly shutting down first. This error is caused because the system stopped responding and the hardware watchdog triggered a system reset.
Information,7/4/2020 5:59:55 PM,Microsoft-Windows-FilterManager,6,None,"File System Filter 'npsvctrig' (10.0, ‎1977‎-‎09‎-‎12T18:19:34.000000000Z) has successfully loaded and registered with Filter Manager."
Warning,7/4/2020 5:59:53 PM,BTHUSB,34,None,"The local adapter does not support an important Low Energy controller state to support peripheral mode.  The minimum required supported state mask is 0x2491f7fffff, got 0x1f7fffff.  Low Energy peripheral role functionality will not be available."
Information,7/4/2020 5:59:53 PM,BTHUSB,18,None,Windows cannot store Bluetooth authentication codes (link keys) on the local adapter. Bluetooth keyboards might not work in the system BIOS during startup.
Information,7/4/2020 5:59:52 PM,Microsoft-Windows-Kernel-Processor-Power,55,(47),"Processor 3 in group 0 exposes the following power management capabilities:

Idle state type: ACPI Idle (C) States (2 state(s))

Performance state type: ACPI Performance (P) / Throttle (T) States
Nominal Frequency (MHz): 1701
Maximum performance percentage: 100
Minimum performance percentage: 45
Minimum throttle percentage: 5"
Information,7/4/2020 5:59:52 PM,Microsoft-Windows-Kernel-Processor-Power,55,(47),"Processor 2 in group 0 exposes the following power management capabilities:

Idle state type: ACPI Idle (C) States (2 state(s))

Performance state type: ACPI Performance (P) / Throttle (T) States
Nominal Frequency (MHz): 1701
Maximum performance percentage: 100
Minimum performance percentage: 45
Minimum throttle percentage: 5"
Information,7/4/2020 5:59:52 PM,Microsoft-Windows-Kernel-Processor-Power,55,(47),"Processor 1 in group 0 exposes the following power management capabilities:

Idle state type: ACPI Idle (C) States (2 state(s))

Performance state type: ACPI Performance (P) / Throttle (T) States
Nominal Frequency (MHz): 1701
Maximum performance percentage: 100
Minimum performance percentage: 45
Minimum throttle percentage: 5"
Information,7/4/2020 5:59:52 PM,Microsoft-Windows-Kernel-Processor-Power,55,(47),"Processor 0 in group 0 exposes the following power management capabilities:

Idle state type: ACPI Idle (C) States (2 state(s))

Performance state type: ACPI Performance (P) / Throttle (T) States
Nominal Frequency (MHz): 1701
Maximum performance percentage: 100
Minimum performance percentage: 45
Minimum throttle percentage: 5"
Information,7/4/2020 5:59:52 PM,NETwNe64,7036,None,The \Device\NDMP2 service entered the Intel(R) Centrino(R) Wireless-N 2230 state.
Information,7/4/2020 5:59:52 PM,MEIx64,2,None,Intel(R) Management Engine Interface driver has started successfully.
Information,7/4/2020 5:59:51 PM,Microsoft-Windows-FilterManager,6,None,"File System Filter 'FileCrypt' (10.0, ‎2011‎-‎10‎-‎30T18:56:49.000000000Z) has successfully loaded and registered with Filter Manager."
Error,7/4/2020 5:59:51 PM,Microsoft-Windows-HAL,13,None,The system watchdog timer was triggered.
Information,7/4/2020 5:59:51 PM,Microsoft-Windows-Ntfs,98,None,Volume C: (\Device\HarddiskVolume6) is healthy.  No action is needed.
Information,7/4/2020 5:59:49 PM,Microsoft-Windows-FilterManager,6,None,"File System Filter 'WdFilter' (10.0, ‎2024‎-‎05‎-‎21T18:05:18.000000000Z) has successfully loaded and registered with Filter Manager."
Information,7/4/2020 5:59:49 PM,Microsoft-Windows-FilterManager,6,None,"File System Filter 'Wof' (10.0, ‎2096‎-‎10‎-‎27T16:24:16.000000000Z) has successfully loaded and registered with Filter Manager."
Information,7/4/2020 5:59:49 PM,Microsoft-Windows-FilterManager,6,None,"File System Filter 'FileInfo' (10.0, ‎1989‎-‎07‎-‎13T04:15:12.000000000Z) has successfully loaded and registered with Filter Manager."
Information,7/4/2020 5:59:48 PM,Microsoft-Windows-Kernel-General,20,(6),"The leap second configuration has been updated.
Reason: Leap second data initialized from registry during boot
Leap seconds enabled: true
New leap second count: 0
Old leap second count: 0"
Information,7/4/2020 5:59:48 PM,Microsoft-Windows-Kernel-Boot,30,(21),The firmware reported boot metrics.
Information,7/4/2020 5:59:48 PM,Microsoft-Windows-Kernel-Boot,27,(33),The boot type was 0x0.
Information,7/4/2020 5:59:48 PM,Microsoft-Windows-Kernel-Boot,25,(32),The boot menu policy was 0x1.
Information,7/4/2020 5:59:48 PM,Microsoft-Windows-Kernel-Boot,20,(31),The last shutdown's success status was true. The last boot's success status was false.
Information,7/4/2020 5:59:48 PM,Microsoft-Windows-Kernel-Boot,32,(58),The bootmgr spent 0 ms waiting for user input.
Information,7/4/2020 5:59:48 PM,Microsoft-Windows-Kernel-Boot,18,(57),There are 0x1 boot options on this system.
Information,7/4/2020 5:59:48 PM,Microsoft-Windows-Kernel-Boot,153,(62),Virtualization-based security (policies: 0) is disabled.
Information,7/4/2020 5:59:48 PM,Microsoft-Windows-Kernel-General,12,(1),The operating system started at system time ‎2020‎-‎07‎-‎04T14:59:48.500000000Z.
Information,7/4/2020 5:56:35 PM,Microsoft-Windows-Kernel-General,13,(2),The operating system is shutting down at system time ‎2020‎-‎07‎-‎04T14:56:35.665510600Z.
Information,7/4/2020 5:56:34 PM,Microsoft-Windows-Kernel-Power,109,(103),"The kernel power manager has initiated a shutdown transition.

Shutdown Reason: Kernel API"
Information,7/4/2020 5:56:32 PM,Microsoft-Windows-WLAN-AutoConfig,4001,None,"WLAN AutoConfig service has successfully stopped.
"
Information,7/4/2020 6:00:00 PM,EventLog,6013,None,The system uptime is 12 seconds.
Information,7/4/2020 6:00:00 PM,EventLog,6005,None,The Event log service was started.
Information,7/4/2020 6:00:00 PM,EventLog,6009,None,Microsoft (R) Windows (R) 10.00. 18363  Multiprocessor Free.
Information,7/4/2020 5:56:32 PM,Microsoft-Windows-Dhcp-Client,50037,Service State Event,DHCPv4 client service is stopped. ShutDown Flag value is 1
Information,7/4/2020 5:56:32 PM,Microsoft-Windows-Dhcp-Client,50106,Service State Event,DHCPv4 is waiting on DHCPv6 service to stop
Information,7/4/2020 5:56:32 PM,Microsoft-Windows-DHCPv6-Client,51057,Service State Event,DHCPv6 client service stop is almost done.DHCP Context Ref count is 1
Information,7/4/2020 5:56:32 PM,Microsoft-Windows-DHCPv6-Client,51047,Service State Event,DHCPv6 client service is stopped. ShutDown Flag value is 1
Information,7/4/2020 5:56:31 PM,Microsoft-Windows-Dhcp-Client,50105,Service State Event,DHCPv4 client ProcessDHCPRequestForever received TERMINATE_EVENT
Information,7/4/2020 5:56:31 PM,Microsoft-Windows-Dhcp-Client,50104,Service State Event,DHCPv4 client received shutdown notification
Information,7/4/2020 5:56:32 PM,EventLog,6006,None,The Event log service was stopped.
Information,7/4/2020 5:56:30 PM,Microsoft-Windows-Winlogon,7002,(1102),User Logoff Notification for Customer Experience Improvement Program
Information,7/4/2020 5:56:28 PM,User32,1074,None,"The process C:\Windows\System32\RuntimeBroker.exe (DESKTOP-577B38M) has initiated the restart of computer DESKTOP-577B38M on behalf of user DESKTOP-577B38M\PC for the following reason: Other (Unplanned)
 Reason Code: 0x0
 Shutdown Type: restart
 Comment: "
Information,7/4/2020 5:49:01 PM,Microsoft-Windows-Time-Service,158,None,The time provider 'VMICTimeProvider' has indicated that the current hardware and operating environment is not supported and has stopped. This behavior is expected for VMICTimeProvider on non-HyperV-guest environments. This may be the expected behavior for the current provider in the current operating environment as well.
Warning,7/4/2020 5:44:47 PM,Microsoft-Windows-DistributedCOM,10016,None,"The application-specific permission settings do not grant Local Activation permission for the COM Server application with CLSID 
{2593F8B9-4EAF-457C-B68A-50F6B8EA6B54}
 and APPID 
{15C20B67-12E7-4BB6-92BB-7AFF07997402}
 to the user DESKTOP-577B38M\PC SID (S-1-5-21-839496821-663164669-2267191325-1002) from address LocalHost (Using LRPC) running in the application container Unavailable SID (Unavailable). This security permission can be modified using the Component Services administrative tool."
Information,7/4/2020 5:44:37 PM,Virtual Disk Service,4,None,Service stopped.
Warning,7/4/2020 5:43:13 PM,Microsoft-Windows-DistributedCOM,10016,None,"The machine-default permission settings do not grant Local Activation permission for the COM Server application with CLSID 
{C2F03A33-21F5-47FA-B4BB-156362A2F239}
 and APPID 
{316CDED5-E4AE-4B15-9113-7055D84DCC97}
 to the user DESKTOP-577B38M\PC SID (S-1-5-21-839496821-663164669-2267191325-1002) from address LocalHost (Using LRPC) running in the application container Microsoft.Windows.ShellExperienceHost_10.0.18362.449_neutral_neutral_cw5n1h2txyewy SID (S-1-15-2-155514346-2573954481-755741238-1654018636-1233331829-3075935687-2861478708). This security permission can be modified using the Component Services administrative tool."
Information,7/4/2020 5:43:12 PM,Microsoft-Windows-Ntfs,98,None,Volume \\?\Volume{35a6630d-7fb1-40c8-9a16-d4a1c5c3043f} (\Device\HarddiskVolume11) is healthy.  No action is needed.
Information,7/4/2020 5:42:50 PM,Service Control Manager,7040,None,The start type of the Background Intelligent Transfer Service service was changed from auto start to demand start.
Information,7/4/2020 5:40:34 PM,Service Control Manager,7040,None,The start type of the Background Intelligent Transfer Service service was changed from demand start to auto start.
Information,7/4/2020 5:39:47 PM,Virtual Disk Service,3,None,Service started.
Warning,7/4/2020 5:39:33 PM,Microsoft-Windows-DistributedCOM,10016,None,"The application-specific permission settings do not grant Local Activation permission for the COM Server application with CLSID 
{2593F8B9-4EAF-457C-B68A-50F6B8EA6B54}
 and APPID 
{15C20B67-12E7-4BB6-92BB-7AFF07997402}
 to the user DESKTOP-577B38M\PC SID (S-1-5-21-839496821-663164669-2267191325-1002) from address LocalHost (Using LRPC) running in the application container Unavailable SID (Unavailable). This security permission can be modified using the Component Services administrative tool."
Information,7/4/2020 5:31:57 PM,Microsoft-Windows-Time-Service,158,None,The time provider 'VMICTimeProvider' has indicated that the current hardware and operating environment is not supported and has stopped. This behavior is expected for VMICTimeProvider on non-HyperV-guest environments. This may be the expected behavior for the current provider in the current operating environment as well.
Information,7/4/2020 5:14:53 PM,Microsoft-Windows-Time-Service,158,None,The time provider 'VMICTimeProvider' has indicated that the current hardware and operating environment is not supported and has stopped. This behavior is expected for VMICTimeProvider on non-HyperV-guest environments. This may be the expected behavior for the current provider in the current operating environment as well.
Information,7/4/2020 4:57:49 PM,Microsoft-Windows-Time-Service,158,None,The time provider 'VMICTimeProvider' has indicated that the current hardware and operating environment is not supported and has stopped. This behavior is expected for VMICTimeProvider on non-HyperV-guest environments. This may be the expected behavior for the current provider in the current operating environment as well.
Information,7/4/2020 4:50:26 PM,Microsoft-Windows-Kernel-General,16,None,The access history in hive \??\C:\ProgramData\Microsoft\Provisioning\Microsoft-Desktop-Provisioning-Sequence.dat was cleared updating 0 keys and creating 0 modified pages.
