Information,5/22/2020 8:14:59 PM,Microsoft-Windows-Kernel-Processor-Power,55,(47),"Processor 0 in group 0 exposes the following power management capabilities:

Idle state type: ACPI Idle (C) States (2 state(s))

Performance state type: ACPI Performance (P) / Throttle (T) States
Nominal Frequency (MHz): 1701
Maximum performance percentage: 100
Minimum performance percentage: 45
Minimum throttle percentage: 5"
Information,5/22/2020 8:14:58 PM,NETwNe64,7036,None,The \Device\NDMP2 service entered the Intel(R) Centrino(R) Wireless-N 2230 state.
Information,5/22/2020 8:14:58 PM,MEIx64,2,None,Intel(R) Management Engine Interface driver has started successfully.
Information,5/22/2020 8:14:57 PM,Microsoft-Windows-FilterManager,6,None,"File System Filter 'FileCrypt' (10.0, ‎2011‎-‎10‎-‎30T08:56:49.000000000Z) has successfully loaded and registered with Filter Manager."
Information,5/22/2020 8:14:57 PM,Microsoft-Windows-Ntfs,98,None,Volume C: (\Device\HarddiskVolume5) is healthy.  No action is needed.
Information,5/22/2020 8:14:56 PM,Microsoft-Windows-FilterManager,6,None,"File System Filter 'WdFilter' (10.0, ‎2040‎-‎12‎-‎26T16:32:17.000000000Z) has successfully loaded and registered with Filter Manager."
Information,5/22/2020 8:14:56 PM,Microsoft-Windows-FilterManager,6,None,"File System Filter 'Wof' (10.0, ‎2096‎-‎10‎-‎27T06:24:16.000000000Z) has successfully loaded and registered with Filter Manager."
Information,5/22/2020 8:14:56 PM,Microsoft-Windows-FilterManager,6,None,"File System Filter 'FileInfo' (10.0, ‎1989‎-‎07‎-‎12T18:15:12.000000000Z) has successfully loaded and registered with Filter Manager."
Information,5/22/2020 8:14:55 PM,Microsoft-Windows-Kernel-General,20,(6),"The leap second configuration has been updated.
Reason: Leap second data initialized from registry during boot
Leap seconds enabled: true
New leap second count: 0
Old leap second count: 0"
Information,5/22/2020 8:14:55 PM,Microsoft-Windows-Kernel-Boot,30,(21),The firmware reported boot metrics.
Information,5/22/2020 8:14:55 PM,Microsoft-Windows-Kernel-Boot,27,(33),The boot type was 0x0.
Information,5/22/2020 8:14:55 PM,Microsoft-Windows-Kernel-Boot,25,(32),The boot menu policy was 0x1.
Information,5/22/2020 8:14:55 PM,Microsoft-Windows-Kernel-Boot,20,(31),The last shutdown's success status was true. The last boot's success status was true.
Information,5/22/2020 8:14:55 PM,Microsoft-Windows-Kernel-Boot,32,(58),The bootmgr spent 0 ms waiting for user input.
Information,5/22/2020 8:14:55 PM,Microsoft-Windows-Kernel-Boot,18,(57),There are 0x1 boot options on this system.
Information,5/22/2020 8:14:55 PM,Microsoft-Windows-Kernel-Boot,153,(62),Virtualization-based security (policies: 0) is disabled.
Information,5/22/2020 8:14:55 PM,Microsoft-Windows-Kernel-General,12,(1),The operating system started at system time ‎2020‎-‎05‎-‎22T17:14:55.500000000Z.
Information,5/22/2020 8:14:45 PM,Microsoft-Windows-Kernel-General,13,(2),The operating system is shutting down at system time ‎2020‎-‎05‎-‎22T17:14:45.938335400Z.
Information,5/22/2020 8:14:45 PM,Microsoft-Windows-Kernel-Power,109,(103),"The kernel power manager has initiated a shutdown transition.

Shutdown Reason: Kernel API"
Information,5/22/2020 8:14:44 PM,Microsoft-Windows-WLAN-AutoConfig,4001,None,"WLAN AutoConfig service has successfully stopped.
"
Information,5/22/2020 8:15:07 PM,EventLog,6013,None,The system uptime is 12 seconds.
Information,5/22/2020 8:15:07 PM,EventLog,6005,None,The Event log service was started.
Information,5/22/2020 8:15:07 PM,EventLog,6009,None,Microsoft (R) Windows (R) 10.00. 18363  Multiprocessor Free.
Information,5/22/2020 8:14:43 PM,Microsoft-Windows-Dhcp-Client,50037,Service State Event,DHCPv4 client service is stopped. ShutDown Flag value is 1
Information,5/22/2020 8:14:43 PM,Microsoft-Windows-DHCPv6-Client,51057,Service State Event,DHCPv6 client service stop is almost done.DHCP Context Ref count is 1
Information,5/22/2020 8:14:43 PM,Microsoft-Windows-DHCPv6-Client,51047,Service State Event,DHCPv6 client service is stopped. ShutDown Flag value is 1
Information,5/22/2020 8:14:43 PM,Microsoft-Windows-Dhcp-Client,50106,Service State Event,DHCPv4 is waiting on DHCPv6 service to stop
Information,5/22/2020 8:14:43 PM,Microsoft-Windows-Dhcp-Client,50105,Service State Event,DHCPv4 client ProcessDHCPRequestForever received TERMINATE_EVENT
Information,5/22/2020 8:14:43 PM,Microsoft-Windows-Dhcp-Client,50104,Service State Event,DHCPv4 client received shutdown notification
Information,5/22/2020 8:14:43 PM,EventLog,6006,None,The Event log service was stopped.
Information,5/22/2020 8:14:41 PM,Microsoft-Windows-Winlogon,7002,(1102),User Logoff Notification for Customer Experience Improvement Program
Information,5/22/2020 8:14:41 PM,User32,1074,None,"The process C:\WINDOWS\system32\winlogon.exe (DESKTOP-577B38M) has initiated the restart of computer DESKTOP-577B38M on behalf of user NT AUTHORITY\SYSTEM for the following reason: No title for this reason could be found
 Reason Code: 0x500ff
 Shutdown Type: restart
 Comment: "
Information,5/22/2020 8:14:29 PM,Service Control Manager,7045,None,"A service was installed in the system.

Service Name:  ICCS
Service File Name:  ""C:\Program Files (x86)\Intel\Intel(R) Integrated Clock Controller Service\ICCProxy.exe""
Service Type:  user mode service
Service Start Type:  demand start
Service Account:  LocalSystem"
Information,5/22/2020 8:14:24 PM,Microsoft-Windows-UserPnp,20001,(7005),Driver Management concluded the process to install driver intcdaud.inf_amd64_e094d70d4df6855c for Device Instance ID HDAUDIO\FUNC_01&VEN_8086&DEV_2806&SUBSYS_80860101&REV_1000\4&262FDE66&0&0301 with the following status: 0x0.
Information,5/22/2020 8:14:23 PM,Microsoft-Windows-UserPnp,20001,(7005),Driver Management concluded the process to install driver igdlh64.inf_amd64_756c8daeea5a4d7d for Device Instance ID PCI\VEN_8086&DEV_0166&SUBSYS_1894103C&REV_09\3&11583659&0&10 with the following status: 0x0.
Information,5/22/2020 8:14:21 PM,Microsoft-Windows-UserPnp,20003,(7005),Driver Management has concluded the process to add Service igfxCUIService1.0.0.0 for Device Instance ID PCI\VEN_8086&DEV_0166&SUBSYS_1894103C&REV_09\3&11583659&0&10 with the following status: 0.
Information,5/22/2020 8:14:21 PM,Microsoft-Windows-UserPnp,20003,(7005),Driver Management has concluded the process to add Service cphs for Device Instance ID PCI\VEN_8086&DEV_0166&SUBSYS_1894103C&REV_09\3&11583659&0&10 with the following status: 0.
Information,5/22/2020 8:14:21 PM,Service Control Manager,7040,None,The start type of the Intel(R) Content Protection HECI Service service was changed from demand start to auto start.
Information,5/22/2020 8:14:21 PM,Microsoft-Windows-UserPnp,20003,(7005),Driver Management has concluded the process to add Service igfx for Device Instance ID PCI\VEN_8086&DEV_0166&SUBSYS_1894103C&REV_09\3&11583659&0&10 with the following status: 0.
Information,5/22/2020 8:14:06 PM,Microsoft-Windows-UserPnp,20001,(7005),Driver Management concluded the process to install driver intcdaud.inf_amd64_e094d70d4df6855c for Device Instance ID HDAUDIO\FUNC_01&VEN_8086&DEV_2806&SUBSYS_80860101&REV_1000\4&262FDE66&0&0301 with the following status: 0x0.
Warning,5/22/2020 8:09:46 PM,Microsoft-Windows-DistributedCOM,10016,None,"The application-specific permission settings do not grant Local Launch permission for the COM Server application with CLSID 
Windows.SecurityCenter.WscDataProtection
 and APPID 
Unavailable
 to the user NT AUTHORITY\SYSTEM SID (S-1-5-18) from address LocalHost (Using LRPC) running in the application container Unavailable SID (Unavailable). This security permission can be modified using the Component Services administrative tool."
Warning,5/22/2020 8:09:46 PM,Microsoft-Windows-DistributedCOM,10016,None,"The application-specific permission settings do not grant Local Launch permission for the COM Server application with CLSID 
Windows.SecurityCenter.SecurityAppBroker
 and APPID 
Unavailable
 to the user NT AUTHORITY\SYSTEM SID (S-1-5-18) from address LocalHost (Using LRPC) running in the application container Unavailable SID (Unavailable). This security permission can be modified using the Component Services administrative tool."
Warning,5/22/2020 8:09:46 PM,Microsoft-Windows-DistributedCOM,10016,None,"The application-specific permission settings do not grant Local Launch permission for the COM Server application with CLSID 
Windows.SecurityCenter.WscBrokerManager
 and APPID 
Unavailable
 to the user NT AUTHORITY\SYSTEM SID (S-1-5-18) from address LocalHost (Using LRPC) running in the application container Unavailable SID (Unavailable). This security permission can be modified using the Component Services administrative tool."
Information,5/22/2020 8:07:39 PM,Service Control Manager,7026,None,"The following boot-start or system-start driver(s) did not load: 
dam"
Information,5/22/2020 8:07:37 PM,Service Control Manager,7040,None,The start type of the cphs service was changed from auto start to demand start.
Warning,5/22/2020 8:07:35 PM,Microsoft-Windows-DistributedCOM,10016,None,"The application-specific permission settings do not grant Local Activation permission for the COM Server application with CLSID 
{6B3B8D23-FA8D-40B9-8DBD-B950333E2C52}
 and APPID 
{4839DDB7-58C2-48F5-8283-E1D1807D0D7D}
 to the user NT AUTHORITY\LOCAL SERVICE SID (S-1-5-19) from address LocalHost (Using LRPC) running in the application container Unavailable SID (Unavailable). This security permission can be modified using the Component Services administrative tool."
Warning,5/22/2020 8:07:35 PM,Microsoft-Windows-DistributedCOM,10016,None,"The application-specific permission settings do not grant Local Activation permission for the COM Server application with CLSID 
{6B3B8D23-FA8D-40B9-8DBD-B950333E2C52}
 and APPID 
{4839DDB7-58C2-48F5-8283-E1D1807D0D7D}
 to the user NT AUTHORITY\LOCAL SERVICE SID (S-1-5-19) from address LocalHost (Using LRPC) running in the application container Unavailable SID (Unavailable). This security permission can be modified using the Component Services administrative tool."
Information,5/22/2020 8:07:34 PM,Microsoft-Windows-WLAN-AutoConfig,4000,None,"WLAN AutoConfig service has successfully started.
"
Information,5/22/2020 8:07:34 PM,Microsoft-Windows-Winlogon,7001,(1101),User Logon Notification for Customer Experience Improvement Program
Information,5/22/2020 8:07:32 PM,Microsoft-Windows-DHCPv6-Client,51046,Service State Event,DHCPv6 client service is started
Information,5/22/2020 8:07:32 PM,Microsoft-Windows-FilterManager,6,None,"File System Filter 'storqosflt' (10.0, ‎2084‎-‎07‎-‎23T22:29:44.000000000Z) has successfully loaded and registered with Filter Manager."
Information,5/22/2020 8:07:32 PM,Microsoft-Windows-FilterManager,6,None,"File System Filter 'CldFlt' (10.0, ‎2077‎-‎06‎-‎12T08:13:28.000000000Z) has successfully loaded and registered with Filter Manager."
Information,5/22/2020 8:07:32 PM,Microsoft-Windows-FilterManager,1,None,"File System Filter 'CldFlt' (Version 10.0, ‎2077‎-‎06‎-‎12T08:13:28.000000000Z) unloaded successfully."
Information,5/22/2020 8:07:32 PM,Microsoft-Windows-FilterManager,6,None,"File System Filter 'CldFlt' (10.0, ‎2077‎-‎06‎-‎12T08:13:28.000000000Z) has successfully loaded and registered with Filter Manager."
Information,5/22/2020 8:07:32 PM,Microsoft-Windows-Dhcp-Client,50103,Service State Event,DHCPv4 client registered for shutdown notification
Information,5/22/2020 8:07:32 PM,Microsoft-Windows-Dhcp-Client,50036,Service State Event,DHCPv4 client service is started
Information,5/22/2020 8:07:32 PM,Microsoft-Windows-FilterManager,6,None,"File System Filter 'luafv' (10.0, ‎1974‎-‎08‎-‎09T06:33:30.000000000Z) has successfully loaded and registered with Filter Manager."
Information,5/22/2020 8:07:32 PM,Microsoft-Windows-FilterManager,6,None,"File System Filter 'wcifs' (10.0, ‎2011‎-‎08‎-‎25T15:27:29.000000000Z) has successfully loaded and registered with Filter Manager."
Information,5/22/2020 8:07:31 PM,Microsoft-Windows-Directory-Services-SAM,16962,None,"Remote calls to the SAM database are being restricted using the default security descriptor: O:SYG:SYD:(A;;RC;;;BA).
For more information please see http://go.microsoft.com/fwlink/?LinkId=787651."
Information,5/22/2020 8:07:31 PM,Microsoft-Windows-Wininit,14,None,"Credential Guard configuration: 0x0, 0"
Information,5/22/2020 8:07:28 PM,Microsoft-Windows-Ntfs,98,None,Volume \\?\Volume{1de56c92-7cab-4981-b572-50a171ad5c66} (\Device\HarddiskVolume6) is healthy.  No action is needed.
Information,5/22/2020 8:07:28 PM,Microsoft-Windows-Ntfs,98,None,Volume \\?\Volume{c3f65bb2-b295-4d90-861f-ae3ae826d34b} (\Device\HarddiskVolume2) is healthy.  No action is needed.
Information,5/22/2020 8:07:27 PM,Microsoft-Windows-Ntfs,98,None,Volume D: (\Device\HarddiskVolume1) is healthy.  No action is needed.
Information,5/22/2020 8:07:27 PM,Microsoft-Windows-Kernel-Power,172,(203),"Connectivity state in standby: Disconnected, Reason: NIC compliance"
Information,5/22/2020 8:07:27 PM,Microsoft-Windows-FilterManager,6,None,"File System Filter 'npsvctrig' (10.0, ‎1977‎-‎09‎-‎12T08:19:34.000000000Z) has successfully loaded and registered with Filter Manager."
Warning,5/22/2020 8:07:24 PM,BTHUSB,34,None,"The local adapter does not support an important Low Energy controller state to support peripheral mode.  The minimum required supported state mask is 0x2491f7fffff, got 0x1f7fffff.  Low Energy peripheral role functionality will not be available."
Information,5/22/2020 8:07:24 PM,BTHUSB,18,None,Windows cannot store Bluetooth authentication codes (link keys) on the local adapter. Bluetooth keyboards might not work in the system BIOS during startup.
Information,5/22/2020 8:07:24 PM,Microsoft-Windows-Kernel-Processor-Power,55,(47),"Processor 3 in group 0 exposes the following power management capabilities:

Idle state type: ACPI Idle (C) States (2 state(s))

Performance state type: ACPI Performance (P) / Throttle (T) States
Nominal Frequency (MHz): 1701
Maximum performance percentage: 100
Minimum performance percentage: 45
Minimum throttle percentage: 5"
Information,5/22/2020 8:07:23 PM,Microsoft-Windows-Kernel-Processor-Power,55,(47),"Processor 2 in group 0 exposes the following power management capabilities:

Idle state type: ACPI Idle (C) States (2 state(s))

Performance state type: ACPI Performance (P) / Throttle (T) States
Nominal Frequency (MHz): 1701
Maximum performance percentage: 100
Minimum performance percentage: 45
Minimum throttle percentage: 5"
Information,5/22/2020 8:07:23 PM,Microsoft-Windows-Kernel-Processor-Power,55,(47),"Processor 1 in group 0 exposes the following power management capabilities:

Idle state type: ACPI Idle (C) States (2 state(s))

Performance state type: ACPI Performance (P) / Throttle (T) States
Nominal Frequency (MHz): 1701
Maximum performance percentage: 100
Minimum performance percentage: 45
Minimum throttle percentage: 5"
Information,5/22/2020 8:07:23 PM,Microsoft-Windows-Kernel-Processor-Power,55,(47),"Processor 0 in group 0 exposes the following power management capabilities:

Idle state type: ACPI Idle (C) States (2 state(s))

Performance state type: ACPI Performance (P) / Throttle (T) States
Nominal Frequency (MHz): 1701
Maximum performance percentage: 100
Minimum performance percentage: 45
Minimum throttle percentage: 5"
Information,5/22/2020 8:07:23 PM,NETwNe64,7036,None,The \Device\NDMP2 service entered the Intel(R) Centrino(R) Wireless-N 2230 state.
Information,5/22/2020 8:07:23 PM,MEIx64,2,None,Intel(R) Management Engine Interface driver has started successfully.
Information,5/22/2020 8:07:22 PM,Microsoft-Windows-FilterManager,6,None,"File System Filter 'FileCrypt' (10.0, ‎2011‎-‎10‎-‎30T08:56:49.000000000Z) has successfully loaded and registered with Filter Manager."
Information,5/22/2020 8:07:22 PM,Microsoft-Windows-Ntfs,98,None,Volume C: (\Device\HarddiskVolume5) is healthy.  No action is needed.
Information,5/22/2020 8:07:21 PM,Microsoft-Windows-FilterManager,6,None,"File System Filter 'WdFilter' (10.0, ‎2040‎-‎12‎-‎26T16:32:17.000000000Z) has successfully loaded and registered with Filter Manager."
Information,5/22/2020 8:07:21 PM,Microsoft-Windows-FilterManager,6,None,"File System Filter 'Wof' (10.0, ‎2096‎-‎10‎-‎27T06:24:16.000000000Z) has successfully loaded and registered with Filter Manager."
Information,5/22/2020 8:07:21 PM,Microsoft-Windows-FilterManager,6,None,"File System Filter 'FileInfo' (10.0, ‎1989‎-‎07‎-‎12T18:15:12.000000000Z) has successfully loaded and registered with Filter Manager."
Information,5/22/2020 8:07:20 PM,Microsoft-Windows-Kernel-General,20,(6),"The leap second configuration has been updated.
Reason: Leap second data initialized from registry during boot
Leap seconds enabled: true
New leap second count: 0
Old leap second count: 0"
Information,5/22/2020 8:07:20 PM,Microsoft-Windows-Kernel-Boot,30,(21),The firmware reported boot metrics.
Information,5/22/2020 8:07:20 PM,Microsoft-Windows-Kernel-Boot,27,(33),The boot type was 0x0.
Information,5/22/2020 8:07:20 PM,Microsoft-Windows-Kernel-Boot,25,(32),The boot menu policy was 0x1.
Information,5/22/2020 8:07:20 PM,Microsoft-Windows-Kernel-Boot,20,(31),The last shutdown's success status was true. The last boot's success status was true.
Information,5/22/2020 8:07:20 PM,Microsoft-Windows-Kernel-Boot,32,(58),The bootmgr spent 0 ms waiting for user input.
Information,5/22/2020 8:07:20 PM,Microsoft-Windows-Kernel-Boot,18,(57),There are 0x1 boot options on this system.
Information,5/22/2020 8:07:20 PM,Microsoft-Windows-Kernel-Boot,153,(62),Virtualization-based security (policies: 0) is disabled.
Information,5/22/2020 8:07:20 PM,Microsoft-Windows-Kernel-General,12,(1),The operating system started at system time ‎2020‎-‎05‎-‎22T17:07:20.500000000Z.
Information,5/22/2020 8:07:11 PM,Microsoft-Windows-Kernel-General,13,(2),The operating system is shutting down at system time ‎2020‎-‎05‎-‎22T17:07:11.076120400Z.
Information,5/22/2020 8:07:10 PM,Microsoft-Windows-Kernel-Power,109,(103),"The kernel power manager has initiated a shutdown transition.

Shutdown Reason: Kernel API"
Information,5/22/2020 8:07:08 PM,Microsoft-Windows-WLAN-AutoConfig,4001,None,"WLAN AutoConfig service has successfully stopped.
"
Information,5/22/2020 8:07:32 PM,EventLog,6013,None,The system uptime is 11 seconds.
Information,5/22/2020 8:07:32 PM,EventLog,6005,None,The Event log service was started.
Information,5/22/2020 8:07:32 PM,EventLog,6009,None,Microsoft (R) Windows (R) 10.00. 18363  Multiprocessor Free.
Information,5/22/2020 8:07:07 PM,Microsoft-Windows-Dhcp-Client,50037,Service State Event,DHCPv4 client service is stopped. ShutDown Flag value is 1
Information,5/22/2020 8:07:07 PM,Microsoft-Windows-Dhcp-Client,50106,Service State Event,DHCPv4 is waiting on DHCPv6 service to stop
Information,5/22/2020 8:07:07 PM,Microsoft-Windows-DHCPv6-Client,51057,Service State Event,DHCPv6 client service stop is almost done.DHCP Context Ref count is 1
Information,5/22/2020 8:07:07 PM,Microsoft-Windows-DHCPv6-Client,51047,Service State Event,DHCPv6 client service is stopped. ShutDown Flag value is 1
Information,5/22/2020 8:07:07 PM,Microsoft-Windows-Dhcp-Client,50105,Service State Event,DHCPv4 client ProcessDHCPRequestForever received TERMINATE_EVENT
Information,5/22/2020 8:07:07 PM,Microsoft-Windows-Dhcp-Client,50104,Service State Event,DHCPv4 client received shutdown notification
Information,5/22/2020 8:07:07 PM,EventLog,6006,None,The Event log service was stopped.
Information,5/22/2020 8:07:06 PM,Microsoft-Windows-Winlogon,7002,(1102),User Logoff Notification for Customer Experience Improvement Program
Information,5/22/2020 8:07:06 PM,User32,1074,None,"The process C:\WINDOWS\system32\winlogon.exe (DESKTOP-577B38M) has initiated the restart of computer DESKTOP-577B38M on behalf of user NT AUTHORITY\SYSTEM for the following reason: No title for this reason could be found
 Reason Code: 0x500ff
 Shutdown Type: restart
 Comment: "
Information,5/22/2020 8:06:50 PM,Service Control Manager,7045,None,"A service was installed in the system.

Service Name:  ICCS
Service File Name:  ""C:\Program Files (x86)\Intel\Intel(R) Integrated Clock Controller Service\ICCProxy.exe""
Service Type:  user mode service
Service Start Type:  demand start
Service Account:  LocalSystem"
Warning,5/22/2020 8:06:43 PM,Microsoft-Windows-DistributedCOM,10016,None,"The application-specific permission settings do not grant Local Activation permission for the COM Server application with CLSID 
{2593F8B9-4EAF-457C-B68A-50F6B8EA6B54}
 and APPID 
{15C20B67-12E7-4BB6-92BB-7AFF07997402}
 to the user DESKTOP-577B38M\PC SID (S-1-5-21-839496821-663164669-2267191325-1002) from address LocalHost (Using LRPC) running in the application container Unavailable SID (Unavailable). This security permission can be modified using the Component Services administrative tool."
Information,5/22/2020 8:06:43 PM,Microsoft-Windows-UserPnp,20001,(7005),Driver Management concluded the process to install driver intcdaud.inf_amd64_e094d70d4df6855c for Device Instance ID HDAUDIO\FUNC_01&VEN_8086&DEV_2806&SUBSYS_80860101&REV_1000\4&262FDE66&0&0301 with the following status: 0x0.
Information,5/22/2020 8:06:42 PM,Microsoft-Windows-UserPnp,20001,(7005),Driver Management concluded the process to install driver igdlh64.inf_amd64_756c8daeea5a4d7d for Device Instance ID PCI\VEN_8086&DEV_0166&SUBSYS_1894103C&REV_09\3&11583659&0&10 with the following status: 0x0.
Information,5/22/2020 8:06:40 PM,Microsoft-Windows-UserPnp,20003,(7005),Driver Management has concluded the process to add Service igfxCUIService1.0.0.0 for Device Instance ID PCI\VEN_8086&DEV_0166&SUBSYS_1894103C&REV_09\3&11583659&0&10 with the following status: 0.
Information,5/22/2020 8:06:40 PM,Microsoft-Windows-UserPnp,20003,(7005),Driver Management has concluded the process to add Service cphs for Device Instance ID PCI\VEN_8086&DEV_0166&SUBSYS_1894103C&REV_09\3&11583659&0&10 with the following status: 0.
Information,5/22/2020 8:06:40 PM,Service Control Manager,7040,None,The start type of the Intel(R) Content Protection HECI Service service was changed from demand start to auto start.
Information,5/22/2020 8:06:40 PM,Microsoft-Windows-UserPnp,20003,(7005),Driver Management has concluded the process to add Service igfx for Device Instance ID PCI\VEN_8086&DEV_0166&SUBSYS_1894103C&REV_09\3&11583659&0&10 with the following status: 0.
Information,5/22/2020 8:06:07 PM,Service Control Manager,7040,None,The start type of the Background Intelligent Transfer Service service was changed from auto start to demand start.
Information,5/22/2020 8:05:51 PM,Microsoft-Windows-UserPnp,20001,(7005),Driver Management concluded the process to install driver intcdaud.inf_amd64_e094d70d4df6855c for Device Instance ID HDAUDIO\FUNC_01&VEN_8086&DEV_2806&SUBSYS_80860101&REV_1000\4&262FDE66&0&0301 with the following status: 0x0.
Information,5/22/2020 8:05:50 PM,Service Control Manager,7045,None,"A service was installed in the system.

Service Name:  Intel(R) Display Audio
Service File Name:  \SystemRoot\System32\drivers\IntcDAud.sys
Service Type:  kernel mode driver
Service Start Type:  demand start
Service Account:  "
Warning,5/22/2020 8:04:10 PM,Microsoft-Windows-DistributedCOM,10016,None,"The application-specific permission settings do not grant Local Launch permission for the COM Server application with CLSID 
Windows.SecurityCenter.WscDataProtection
 and APPID 
Unavailable
 to the user NT AUTHORITY\SYSTEM SID (S-1-5-18) from address LocalHost (Using LRPC) running in the application container Unavailable SID (Unavailable). This security permission can be modified using the Component Services administrative tool."
Warning,5/22/2020 8:04:10 PM,Microsoft-Windows-DistributedCOM,10016,None,"The application-specific permission settings do not grant Local Launch permission for the COM Server application with CLSID 
Windows.SecurityCenter.SecurityAppBroker
 and APPID 
Unavailable
 to the user NT AUTHORITY\SYSTEM SID (S-1-5-18) from address LocalHost (Using LRPC) running in the application container Unavailable SID (Unavailable). This security permission can be modified using the Component Services administrative tool."
Warning,5/22/2020 8:04:10 PM,Microsoft-Windows-DistributedCOM,10016,None,"The application-specific permission settings do not grant Local Launch permission for the COM Server application with CLSID 
Windows.SecurityCenter.WscBrokerManager
 and APPID 
Unavailable
 to the user NT AUTHORITY\SYSTEM SID (S-1-5-18) from address LocalHost (Using LRPC) running in the application container Unavailable SID (Unavailable). This security permission can be modified using the Component Services administrative tool."
Warning,5/22/2020 8:02:42 PM,Microsoft-Windows-DistributedCOM,10016,None,"The application-specific permission settings do not grant Local Activation permission for the COM Server application with CLSID 
{2593F8B9-4EAF-457C-B68A-50F6B8EA6B54}
 and APPID 
{15C20B67-12E7-4BB6-92BB-7AFF07997402}
 to the user DESKTOP-577B38M\PC SID (S-1-5-21-839496821-663164669-2267191325-1002) from address LocalHost (Using LRPC) running in the application container Unavailable SID (Unavailable). This security permission can be modified using the Component Services administrative tool."
Warning,5/22/2020 8:02:35 PM,Microsoft-Windows-DistributedCOM,10016,None,"The machine-default permission settings do not grant Local Activation permission for the COM Server application with CLSID 
{C2F03A33-21F5-47FA-B4BB-156362A2F239}
 and APPID 
{316CDED5-E4AE-4B15-9113-7055D84DCC97}
 to the user DESKTOP-577B38M\PC SID (S-1-5-21-839496821-663164669-2267191325-1002) from address LocalHost (Using LRPC) running in the application container Microsoft.Windows.ShellExperienceHost_10.0.18362.449_neutral_neutral_cw5n1h2txyewy SID (S-1-15-2-155514346-2573954481-755741238-1654018636-1233331829-3075935687-2861478708). This security permission can be modified using the Component Services administrative tool."
Information,5/22/2020 8:02:02 PM,Service Control Manager,7026,None,"The following boot-start or system-start driver(s) did not load: 
dam"
Warning,5/22/2020 8:01:59 PM,Microsoft-Windows-DistributedCOM,10016,None,"The application-specific permission settings do not grant Local Activation permission for the COM Server application with CLSID 
{6B3B8D23-FA8D-40B9-8DBD-B950333E2C52}
 and APPID 
{4839DDB7-58C2-48F5-8283-E1D1807D0D7D}
 to the user NT AUTHORITY\LOCAL SERVICE SID (S-1-5-19) from address LocalHost (Using LRPC) running in the application container Unavailable SID (Unavailable). This security permission can be modified using the Component Services administrative tool."
Warning,5/22/2020 8:01:59 PM,Microsoft-Windows-DistributedCOM,10016,None,"The application-specific permission settings do not grant Local Activation permission for the COM Server application with CLSID 
{6B3B8D23-FA8D-40B9-8DBD-B950333E2C52}
 and APPID 
{4839DDB7-58C2-48F5-8283-E1D1807D0D7D}
 to the user NT AUTHORITY\LOCAL SERVICE SID (S-1-5-19) from address LocalHost (Using LRPC) running in the application container Unavailable SID (Unavailable). This security permission can be modified using the Component Services administrative tool."
Information,5/22/2020 8:01:58 PM,Microsoft-Windows-WLAN-AutoConfig,4000,None,"WLAN AutoConfig service has successfully started.
"
Information,5/22/2020 8:01:57 PM,Microsoft-Windows-Winlogon,7001,(1101),User Logon Notification for Customer Experience Improvement Program
Information,5/22/2020 8:01:56 PM,Microsoft-Windows-DHCPv6-Client,51046,Service State Event,DHCPv6 client service is started
Information,5/22/2020 8:01:56 PM,Microsoft-Windows-Dhcp-Client,50103,Service State Event,DHCPv4 client registered for shutdown notification
Information,5/22/2020 8:01:56 PM,Microsoft-Windows-Dhcp-Client,50036,Service State Event,DHCPv4 client service is started
Information,5/22/2020 8:01:56 PM,Microsoft-Windows-FilterManager,6,None,"File System Filter 'storqosflt' (10.0, ‎2084‎-‎07‎-‎23T22:29:44.000000000Z) has successfully loaded and registered with Filter Manager."
Information,5/22/2020 8:01:56 PM,Microsoft-Windows-FilterManager,6,None,"File System Filter 'CldFlt' (10.0, ‎2077‎-‎06‎-‎12T08:13:28.000000000Z) has successfully loaded and registered with Filter Manager."
Information,5/22/2020 8:01:56 PM,Microsoft-Windows-FilterManager,1,None,"File System Filter 'CldFlt' (Version 10.0, ‎2077‎-‎06‎-‎12T08:13:28.000000000Z) unloaded successfully."
Information,5/22/2020 8:01:56 PM,Microsoft-Windows-FilterManager,6,None,"File System Filter 'CldFlt' (10.0, ‎2077‎-‎06‎-‎12T08:13:28.000000000Z) has successfully loaded and registered with Filter Manager."
Information,5/22/2020 8:01:55 PM,Microsoft-Windows-FilterManager,6,None,"File System Filter 'luafv' (10.0, ‎1974‎-‎08‎-‎09T06:33:30.000000000Z) has successfully loaded and registered with Filter Manager."
Information,5/22/2020 8:01:55 PM,Microsoft-Windows-FilterManager,6,None,"File System Filter 'wcifs' (10.0, ‎2011‎-‎08‎-‎25T15:27:29.000000000Z) has successfully loaded and registered with Filter Manager."
Information,5/22/2020 8:01:54 PM,Microsoft-Windows-Directory-Services-SAM,16962,None,"Remote calls to the SAM database are being restricted using the default security descriptor: O:SYG:SYD:(A;;RC;;;BA).
For more information please see http://go.microsoft.com/fwlink/?LinkId=787651."
Information,5/22/2020 8:01:54 PM,Microsoft-Windows-Wininit,14,None,"Credential Guard configuration: 0x0, 0"
Information,5/22/2020 8:01:51 PM,Microsoft-Windows-Ntfs,98,None,Volume \\?\Volume{1de56c92-7cab-4981-b572-50a171ad5c66} (\Device\HarddiskVolume6) is healthy.  No action is needed.
Information,5/22/2020 8:01:51 PM,Microsoft-Windows-Ntfs,98,None,Volume \\?\Volume{c3f65bb2-b295-4d90-861f-ae3ae826d34b} (\Device\HarddiskVolume2) is healthy.  No action is needed.
Information,5/22/2020 8:01:51 PM,Microsoft-Windows-Ntfs,98,None,Volume D: (\Device\HarddiskVolume1) is healthy.  No action is needed.
Information,5/22/2020 8:01:50 PM,Microsoft-Windows-Kernel-Power,172,(203),"Connectivity state in standby: Disconnected, Reason: NIC compliance"
Information,5/22/2020 8:01:50 PM,Microsoft-Windows-FilterManager,6,None,"File System Filter 'npsvctrig' (10.0, ‎1977‎-‎09‎-‎12T08:19:34.000000000Z) has successfully loaded and registered with Filter Manager."
Information,5/22/2020 8:01:47 PM,Microsoft-Windows-Kernel-Processor-Power,55,(47),"Processor 3 in group 0 exposes the following power management capabilities:

Idle state type: ACPI Idle (C) States (2 state(s))

Performance state type: ACPI Performance (P) / Throttle (T) States
Nominal Frequency (MHz): 1701
Maximum performance percentage: 100
Minimum performance percentage: 45
Minimum throttle percentage: 5"
Information,5/22/2020 8:01:47 PM,Microsoft-Windows-Kernel-Processor-Power,55,(47),"Processor 2 in group 0 exposes the following power management capabilities:

Idle state type: ACPI Idle (C) States (2 state(s))

Performance state type: ACPI Performance (P) / Throttle (T) States
Nominal Frequency (MHz): 1701
Maximum performance percentage: 100
Minimum performance percentage: 45
Minimum throttle percentage: 5"
Information,5/22/2020 8:01:47 PM,Microsoft-Windows-Kernel-Processor-Power,55,(47),"Processor 1 in group 0 exposes the following power management capabilities:

Idle state type: ACPI Idle (C) States (2 state(s))

Performance state type: ACPI Performance (P) / Throttle (T) States
Nominal Frequency (MHz): 1701
Maximum performance percentage: 100
Minimum performance percentage: 45
Minimum throttle percentage: 5"
Information,5/22/2020 8:01:47 PM,Microsoft-Windows-Kernel-Processor-Power,55,(47),"Processor 0 in group 0 exposes the following power management capabilities:

Idle state type: ACPI Idle (C) States (2 state(s))

Performance state type: ACPI Performance (P) / Throttle (T) States
Nominal Frequency (MHz): 1701
Maximum performance percentage: 100
Minimum performance percentage: 45
Minimum throttle percentage: 5"
Warning,5/22/2020 8:01:47 PM,BTHUSB,34,None,"The local adapter does not support an important Low Energy controller state to support peripheral mode.  The minimum required supported state mask is 0x2491f7fffff, got 0x1f7fffff.  Low Energy peripheral role functionality will not be available."
Information,5/22/2020 8:01:47 PM,BTHUSB,18,None,Windows cannot store Bluetooth authentication codes (link keys) on the local adapter. Bluetooth keyboards might not work in the system BIOS during startup.
Information,5/22/2020 8:01:47 PM,NETwNe64,7036,None,The \Device\NDMP2 service entered the Intel(R) Centrino(R) Wireless-N 2230 state.
Information,5/22/2020 8:01:47 PM,MEIx64,2,None,Intel(R) Management Engine Interface driver has started successfully.
Information,5/22/2020 8:01:45 PM,Microsoft-Windows-FilterManager,6,None,"File System Filter 'FileCrypt' (10.0, ‎2011‎-‎10‎-‎30T08:56:49.000000000Z) has successfully loaded and registered with Filter Manager."
Information,5/22/2020 8:01:45 PM,Microsoft-Windows-Ntfs,98,None,Volume C: (\Device\HarddiskVolume5) is healthy.  No action is needed.
Information,5/22/2020 8:01:44 PM,Microsoft-Windows-FilterManager,6,None,"File System Filter 'WdFilter' (10.0, ‎2040‎-‎12‎-‎26T16:32:17.000000000Z) has successfully loaded and registered with Filter Manager."
Information,5/22/2020 8:01:44 PM,Microsoft-Windows-FilterManager,6,None,"File System Filter 'Wof' (10.0, ‎2096‎-‎10‎-‎27T06:24:16.000000000Z) has successfully loaded and registered with Filter Manager."
Information,5/22/2020 8:01:44 PM,Microsoft-Windows-FilterManager,6,None,"File System Filter 'FileInfo' (10.0, ‎1989‎-‎07‎-‎12T18:15:12.000000000Z) has successfully loaded and registered with Filter Manager."
Information,5/22/2020 8:01:43 PM,Microsoft-Windows-Kernel-General,20,(6),"The leap second configuration has been updated.
Reason: Leap second data initialized from registry during boot
Leap seconds enabled: true
New leap second count: 0
Old leap second count: 0"
Information,5/22/2020 8:01:43 PM,Microsoft-Windows-Kernel-Boot,30,(21),The firmware reported boot metrics.
Information,5/22/2020 8:01:43 PM,Microsoft-Windows-Kernel-Boot,27,(33),The boot type was 0x0.
Information,5/22/2020 8:01:43 PM,Microsoft-Windows-Kernel-Boot,25,(32),The boot menu policy was 0x1.
Information,5/22/2020 8:01:43 PM,Microsoft-Windows-Kernel-Boot,20,(31),The last shutdown's success status was true. The last boot's success status was true.
Information,5/22/2020 8:01:43 PM,Microsoft-Windows-Kernel-Boot,32,(58),The bootmgr spent 0 ms waiting for user input.
Information,5/22/2020 8:01:43 PM,Microsoft-Windows-Kernel-Boot,18,(57),There are 0x1 boot options on this system.
Information,5/22/2020 8:01:43 PM,Microsoft-Windows-Kernel-Boot,153,(62),Virtualization-based security (policies: 0) is disabled.
Information,5/22/2020 8:01:43 PM,Microsoft-Windows-Kernel-General,12,(1),The operating system started at system time ‎2020‎-‎05‎-‎22T17:01:43.500000000Z.
Information,5/22/2020 8:01:34 PM,Microsoft-Windows-Kernel-General,13,(2),The operating system is shutting down at system time ‎2020‎-‎05‎-‎22T17:01:34.161902500Z.
Information,5/22/2020 8:01:33 PM,Microsoft-Windows-Kernel-Power,109,(103),"The kernel power manager has initiated a shutdown transition.

Shutdown Reason: Kernel API"
Information,5/22/2020 8:01:32 PM,Microsoft-Windows-WLAN-AutoConfig,4001,None,"WLAN AutoConfig service has successfully stopped.
"
Information,5/22/2020 8:01:55 PM,EventLog,6013,None,The system uptime is 12 seconds.
Information,5/22/2020 8:01:55 PM,EventLog,6005,None,The Event log service was started.
Information,5/22/2020 8:01:55 PM,EventLog,6009,None,Microsoft (R) Windows (R) 10.00. 18363  Multiprocessor Free.
Information,5/22/2020 8:01:31 PM,Microsoft-Windows-Dhcp-Client,50037,Service State Event,DHCPv4 client service is stopped. ShutDown Flag value is 1
Information,5/22/2020 8:01:31 PM,Microsoft-Windows-DHCPv6-Client,51057,Service State Event,DHCPv6 client service stop is almost done.DHCP Context Ref count is 1
Information,5/22/2020 8:01:31 PM,Microsoft-Windows-DHCPv6-Client,51047,Service State Event,DHCPv6 client service is stopped. ShutDown Flag value is 1
Information,5/22/2020 8:01:31 PM,Microsoft-Windows-Dhcp-Client,50106,Service State Event,DHCPv4 is waiting on DHCPv6 service to stop
Information,5/22/2020 8:01:31 PM,Microsoft-Windows-Dhcp-Client,50105,Service State Event,DHCPv4 client ProcessDHCPRequestForever received TERMINATE_EVENT
Information,5/22/2020 8:01:31 PM,Microsoft-Windows-Dhcp-Client,50104,Service State Event,DHCPv4 client received shutdown notification
Information,5/22/2020 8:01:31 PM,EventLog,6006,None,The Event log service was stopped.
Information,5/22/2020 8:01:27 PM,Microsoft-Windows-Winlogon,7002,(1102),User Logoff Notification for Customer Experience Improvement Program
Information,5/22/2020 8:01:20 PM,User32,1074,None,"The process msiexec.exe has initiated the restart of computer DESKTOP-577B38M on behalf of user NT AUTHORITY\SYSTEM for the following reason: No title for this reason could be found
 Reason Code: 0x80030002
 Shutdown Type: restart
 Comment: The Windows Installer initiated a system restart to complete or continue the configuration of 'HP 3D DriveGuard'."
Warning,5/22/2020 8:01:18 PM,Microsoft-Windows-DistributedCOM,10016,None,"The machine-default permission settings do not grant Local Activation permission for the COM Server application with CLSID 
{C2F03A33-21F5-47FA-B4BB-156362A2F239}
 and APPID 
{316CDED5-E4AE-4B15-9113-7055D84DCC97}
 to the user DESKTOP-577B38M\PC SID (S-1-5-21-839496821-663164669-2267191325-1002) from address LocalHost (Using LRPC) running in the application container Microsoft.Windows.ShellExperienceHost_10.0.18362.449_neutral_neutral_cw5n1h2txyewy SID (S-1-15-2-155514346-2573954481-755741238-1654018636-1233331829-3075935687-2861478708). This security permission can be modified using the Component Services administrative tool."
Information,5/22/2020 8:01:15 PM,Microsoft-Windows-UserPnp,20001,(7005),Driver Management concluded the process to install driver accelerometer.inf_amd64_25d7c1d09a3860dd for Device Instance ID ACPI\HPQ0004\3&11583659&0 with the following status: 0x0.
Information,5/22/2020 8:01:15 PM,Microsoft-Windows-UserPnp,20003,(7005),Driver Management has concluded the process to add Service hpsrv for Device Instance ID ACPI\HPQ0004\3&11583659&0 with the following status: 0.
Information,5/22/2020 8:01:15 PM,Service Control Manager,7045,None,"A service was installed in the system.

Service Name:  HP Service
Service File Name:  %SystemRoot%\system32\Hpservice.exe
Service Type:  user mode service
Service Start Type:  auto start
Service Account:  LocalSystem"
Information,5/22/2020 8:01:15 PM,Microsoft-Windows-UserPnp,20003,(7005),Driver Management has concluded the process to add Service hpdskflt for Device Instance ID ACPI\HPQ0004\3&11583659&0 with the following status: 0.
Information,5/22/2020 8:01:15 PM,Service Control Manager,7045,None,"A service was installed in the system.

Service Name:  HP Filter
Service File Name:  system32\DRIVERS\hpdskflt.sys
Service Type:  kernel mode driver
Service Start Type:  boot start
Service Account:  "
Information,5/22/2020 8:01:15 PM,Microsoft-Windows-UserPnp,20003,(7005),Driver Management has concluded the process to add Service Accelerometer for Device Instance ID ACPI\HPQ0004\3&11583659&0 with the following status: 0.
Information,5/22/2020 8:01:15 PM,Service Control Manager,7045,None,"A service was installed in the system.

Service Name:  HP Mobile Data Protection Sensor
Service File Name:  \SystemRoot\system32\DRIVERS\Accelerometer.sys
Service Type:  kernel mode driver
Service Start Type:  demand start
Service Account:  "
Information,5/22/2020 8:01:07 PM,Service Control Manager,7045,None,"A service was installed in the system.

Service Name:  HP Software Framework Service
Service File Name:  ""C:\Users\PC\AppData\Roaming\Hewlett-Packard\hpqwmiex.exe""
Service Type:  user mode service
Service Start Type:  demand start
Service Account:  LocalSystem"
Information,5/22/2020 8:00:44 PM,Service Control Manager,7040,None,The start type of the Windows Modules Installer service was changed from auto start to demand start.
Information,5/22/2020 8:00:19 PM,Service Control Manager,7040,None,The start type of the Background Intelligent Transfer Service service was changed from demand start to auto start.
Information,5/22/2020 8:00:16 PM,Service Control Manager,7045,None,"A service was installed in the system.

Service Name:  semav6msr64
Service File Name:  C:\WINDOWS\system32\drivers\semav6msr64.sys
Service Type:  kernel mode driver
Service Start Type:  demand start
Service Account:  "
Information,5/22/2020 8:00:12 PM,Service Control Manager,7040,None,The start type of the Energy Server Service queencreek service was changed from demand start to auto start.
Warning,5/22/2020 8:00:10 PM,Microsoft-Windows-DistributedCOM,10016,None,"The machine-default permission settings do not grant Local Activation permission for the COM Server application with CLSID 
{C2F03A33-21F5-47FA-B4BB-156362A2F239}
 and APPID 
{316CDED5-E4AE-4B15-9113-7055D84DCC97}
 to the user DESKTOP-577B38M\PC SID (S-1-5-21-839496821-663164669-2267191325-1002) from address LocalHost (Using LRPC) running in the application container Microsoft.Windows.ShellExperienceHost_10.0.18362.449_neutral_neutral_cw5n1h2txyewy SID (S-1-15-2-155514346-2573954481-755741238-1654018636-1233331829-3075935687-2861478708). This security permission can be modified using the Component Services administrative tool."
Information,5/22/2020 8:00:04 PM,Service Control Manager,7040,None,The start type of the Energy Server Service queencreek service was changed from auto start to demand start.
Information,5/22/2020 8:00:02 PM,Service Control Manager,7045,None,"A service was installed in the system.

Service Name:  User Energy Server Service queencreek
Service File Name:  ""C:\Program Files\Intel\SUR\QUEENCREEK\x64\esrv_svc.exe"" ""--run_as_user_process"" 
Service Type:  user mode service
Service Start Type:  demand start
Service Account:  LocalSystem"
Information,5/22/2020 8:00:02 PM,Service Control Manager,7045,None,"A service was installed in the system.

Service Name:  Energy Server Service queencreek
Service File Name:  .
Service Type:  user mode service
Service Start Type:  auto start
Service Account:  LocalSystem"
Information,5/22/2020 7:59:58 PM,Service Control Manager,7045,None,"A service was installed in the system.

Service Name:  Intel(R) System Usage Report Service SystemUsageReportSvc_QUEENCREEK
Service File Name:  ""C:\Program Files\Intel\SUR\QUEENCREEK\SurSvc.exe""
Service Type:  user mode service
Service Start Type:  auto start
Service Account:  LocalSystem"
Information,5/22/2020 7:59:56 PM,Service Control Manager,7045,None,"A service was installed in the system.

Service Name:  Intel(R) SUR QC Software Asset Manager
Service File Name:  ""C:\Program Files\Intel\SUR\QUEENCREEK\Updater\bin\IntelSoftwareAssetManagerService.exe""
Service Type:  user mode service
Service Start Type:  demand start
Service Account:  LocalSystem"
Information,5/22/2020 7:59:35 PM,Service Control Manager,7045,None,"A service was installed in the system.

Service Name:  Intel(R) Driver & Support Assistant Updater
Service File Name:  ""C:\Program Files (x86)\Intel\Driver and Support Assistant\DSAUpdateService.exe""
Service Type:  user mode service
Service Start Type:  demand start
Service Account:  LocalSystem"
Information,5/22/2020 7:59:35 PM,Service Control Manager,7045,None,"A service was installed in the system.

Service Name:  Intel(R) Driver & Support Assistant
Service File Name:  ""C:\Program Files (x86)\Intel\Driver and Support Assistant\DSAService.exe""
Service Type:  user mode service
Service Start Type:  auto start
Service Account:  LocalSystem"
Information,5/22/2020 7:59:02 PM,Microsoft-Windows-FilterManager,1,None,"File System Filter 'MBAMChameleon' (Version 10.0, ‎2020‎-‎03‎-‎30T07:51:49.000000000Z) unloaded successfully."
Information,5/22/2020 7:58:59 PM,Microsoft-Windows-FilterManager,1,None,"File System Filter 'MBAMProtection' (Version 10.0, ‎2020‎-‎04‎-‎17T06:32:29.000000000Z) unloaded successfully."
Information,5/22/2020 7:58:59 PM,Microsoft-Windows-FilterManager,1,None,"File System Filter 'MBAMFarflt' (Version 10.0, ‎2020‎-‎02‎-‎04T11:43:23.000000000Z) unloaded successfully."
Information,5/22/2020 7:58:52 PM,Service Control Manager,7040,None,The start type of the Windows Defender Antivirus Boot Driver service was changed from demand start to boot start.
Information,5/22/2020 7:58:52 PM,Service Control Manager,7040,None,The start type of the Windows Defender Antivirus Mini-Filter Driver service was changed from demand start to boot start.
Information,5/22/2020 7:58:52 PM,Microsoft-Windows-FilterManager,6,None,"File System Filter 'WdFilter' (10.0, ‎2040‎-‎12‎-‎26T16:32:17.000000000Z) has successfully loaded and registered with Filter Manager."
Information,5/22/2020 7:58:52 PM,Service Control Manager,7040,None,The start type of the Windows Defender Antivirus Service service was changed from demand start to auto start.
Warning,5/22/2020 7:58:51 PM,Microsoft-Windows-DistributedCOM,10016,None,"The machine-default permission settings do not grant Local Activation permission for the COM Server application with CLSID 
{C2F03A33-21F5-47FA-B4BB-156362A2F239}
 and APPID 
{316CDED5-E4AE-4B15-9113-7055D84DCC97}
 to the user DESKTOP-577B38M\PC SID (S-1-5-21-839496821-663164669-2267191325-1002) from address LocalHost (Using LRPC) running in the application container Microsoft.Windows.ShellExperienceHost_10.0.18362.449_neutral_neutral_cw5n1h2txyewy SID (S-1-15-2-155514346-2573954481-755741238-1654018636-1233331829-3075935687-2861478708). This security permission can be modified using the Component Services administrative tool."
Information,5/22/2020 7:58:50 PM,Service Control Manager,7045,None,"A service was installed in the system.

Service Name:  Malwarebytes Installer Service
Service File Name:  C:\Program Files\Malwarebytes\Anti-Malware\MBAMInstallerService.exe
Service Type:  user mode service
Service Start Type:  auto start
Service Account:  LocalSystem"
Information,5/22/2020 7:57:49 PM,Microsoft-Windows-WindowsUpdateClient,44,Windows Update Agent,Windows Update started downloading an update.
Information,5/22/2020 7:57:34 PM,Service Control Manager,7040,None,The start type of the Windows Modules Installer service was changed from demand start to auto start.
Warning,5/22/2020 7:54:56 PM,Microsoft-Windows-DistributedCOM,10016,None,"The application-specific permission settings do not grant Local Activation permission for the COM Server application with CLSID 
{2593F8B9-4EAF-457C-B68A-50F6B8EA6B54}
 and APPID 
{15C20B67-12E7-4BB6-92BB-7AFF07997402}
 to the user DESKTOP-577B38M\PC SID (S-1-5-21-839496821-663164669-2267191325-1002) from address LocalHost (Using LRPC) running in the application container Unavailable SID (Unavailable). This security permission can be modified using the Component Services administrative tool."
Information,5/22/2020 7:53:46 PM,Microsoft-Windows-Kernel-General,16,None,The access history in hive \??\C:\PROGRAMDATA\MALWAREBYTES\MBAMSERVICE\S-1-5-21-839496821-663164669-2267191325-1002-05222020095346347-UsrClass.dat was cleared updating 0 keys and creating 0 modified pages.
Information,5/22/2020 7:53:46 PM,Microsoft-Windows-Kernel-General,16,None,The access history in hive \??\C:\PROGRAMDATA\MALWAREBYTES\MBAMSERVICE\S-1-5-21-839496821-663164669-2267191325-1002-05222020095346347-ntuser.dat was cleared updating 0 keys and creating 0 modified pages.
Information,5/22/2020 7:53:46 PM,Microsoft-Windows-Kernel-General,16,None,The access history in hive \??\C:\PROGRAMDATA\MALWAREBYTES\MBAMSERVICE\S-1-5-20-05222020095346310-ntuser.dat was cleared updating 0 keys and creating 0 modified pages.
Information,5/22/2020 7:53:46 PM,Microsoft-Windows-Kernel-General,16,None,The access history in hive \??\C:\PROGRAMDATA\MALWAREBYTES\MBAMSERVICE\S-1-5-19-05222020095346267-ntuser.dat was cleared updating 0 keys and creating 0 modified pages.
Information,5/22/2020 7:53:46 PM,Microsoft-Windows-Kernel-General,16,None,The access history in hive \??\C:\PROGRAMDATA\MALWAREBYTES\MBAMSERVICE\S-1-5-18-05222020095346194-ntuser.dat was cleared updating 0 keys and creating 0 modified pages.
Warning,5/22/2020 7:53:22 PM,Microsoft-Windows-DistributedCOM,10016,None,"The machine-default permission settings do not grant Local Activation permission for the COM Server application with CLSID 
{C2F03A33-21F5-47FA-B4BB-156362A2F239}
 and APPID 
{316CDED5-E4AE-4B15-9113-7055D84DCC97}
 to the user DESKTOP-577B38M\PC SID (S-1-5-21-839496821-663164669-2267191325-1002) from address LocalHost (Using LRPC) running in the application container Microsoft.Windows.ShellExperienceHost_10.0.18362.449_neutral_neutral_cw5n1h2txyewy SID (S-1-15-2-155514346-2573954481-755741238-1654018636-1233331829-3075935687-2861478708). This security permission can be modified using the Component Services administrative tool."
Information,5/22/2020 7:53:12 PM,Microsoft-Windows-Kernel-General,16,None,The access history in hive \??\C:\PROGRAMDATA\MALWAREBYTES\MBAMSERVICE\S-1-5-21-839496821-663164669-2267191325-1002-05222020095312427-UsrClass.dat was cleared updating 0 keys and creating 0 modified pages.
